<?xml version="1.0" encoding="UTF-8"?>
<testsuites name="jest tests" tests="991" failures="0" errors="0" time="35.082">
  <testsuite name="PerplexitySecure Service - Advanced" errors="0" failures="0" skipped="0" timestamp="2025-10-01T20:59:21" time="2.597" tests="10">
    <testcase classname="PerplexitySecure Service - Advanced question caching should cache questions and return cached responses" name="PerplexitySecure Service - Advanced question caching should cache questions and return cached responses" time="0.01">
    </testcase>
    <testcase classname="PerplexitySecure Service - Advanced question caching should not cache when caching is disabled" name="PerplexitySecure Service - Advanced question caching should not cache when caching is disabled" time="0.002">
    </testcase>
    <testcase classname="PerplexitySecure Service - Advanced question caching should handle cache file read errors gracefully" name="PerplexitySecure Service - Advanced question caching should handle cache file read errors gracefully" time="0.002">
    </testcase>
    <testcase classname="PerplexitySecure Service - Advanced question caching should handle cache file write errors gracefully" name="PerplexitySecure Service - Advanced question caching should handle cache file write errors gracefully" time="0.001">
    </testcase>
    <testcase classname="PerplexitySecure Service - Advanced question caching should handle corrupted cache data" name="PerplexitySecure Service - Advanced question caching should handle corrupted cache data" time="0.002">
    </testcase>
    <testcase classname="PerplexitySecure Service - Advanced file permission security should handle file permission errors gracefully" name="PerplexitySecure Service - Advanced file permission security should handle file permission errors gracefully" time="0.004">
    </testcase>
    <testcase classname="PerplexitySecure Service - Advanced file permission security should create cache directory with proper permissions" name="PerplexitySecure Service - Advanced file permission security should create cache directory with proper permissions" time="0.083">
    </testcase>
    <testcase classname="PerplexitySecure Service - Advanced retry mechanism should retry on temporary failures" name="PerplexitySecure Service - Advanced retry mechanism should retry on temporary failures" time="1.046">
    </testcase>
    <testcase classname="PerplexitySecure Service - Advanced retry mechanism should not retry on permanent failures" name="PerplexitySecure Service - Advanced retry mechanism should not retry on permanent failures" time="0.022">
    </testcase>
    <testcase classname="PerplexitySecure Service - Advanced retry mechanism should handle timeout errors" name="PerplexitySecure Service - Advanced retry mechanism should handle timeout errors" time="1.036">
    </testcase>
  </testsuite>
  <testsuite name="Dashboard Command" errors="0" failures="0" skipped="0" timestamp="2025-10-01T20:59:23" time="0.863" tests="3">
    <testcase classname="Dashboard Command should handle dashboard command successfully" name="Dashboard Command should handle dashboard command successfully" time="0.003">
    </testcase>
    <testcase classname="Dashboard Command should handle dashboard command error" name="Dashboard Command should handle dashboard command error" time="0.002">
    </testcase>
    <testcase classname="Dashboard Command should handle dashboard with degraded performance" name="Dashboard Command should handle dashboard with degraded performance" time="0.002">
    </testcase>
  </testsuite>
  <testsuite name="DiscordAnalytics - trackServerActivity" errors="0" failures="0" skipped="0" timestamp="2025-10-01T20:59:24" time="0.128" tests="10">
    <testcase classname="DiscordAnalytics - trackServerActivity should track server activity correctly" name="DiscordAnalytics - trackServerActivity should track server activity correctly" time="0.001">
    </testcase>
    <testcase classname="DiscordAnalytics - trackServerActivity should handle missing serverId" name="DiscordAnalytics - trackServerActivity should handle missing serverId" time="0.001">
    </testcase>
    <testcase classname="DiscordAnalytics - trackServerActivity should handle missing action" name="DiscordAnalytics - trackServerActivity should handle missing action" time="0.001">
    </testcase>
    <testcase classname="DiscordAnalytics - trackServerActivity should include metadata when provided" name="DiscordAnalytics - trackServerActivity should include metadata when provided" time="0.002">
    </testcase>
    <testcase classname="DiscordAnalytics - analyzeUsagePatterns should analyze usage patterns correctly" name="DiscordAnalytics - analyzeUsagePatterns should analyze usage patterns correctly" time="0.002">
    </testcase>
    <testcase classname="DiscordAnalytics - analyzeUsagePatterns should identify command popularity correctly" name="DiscordAnalytics - analyzeUsagePatterns should identify command popularity correctly" time="0.003">
    </testcase>
    <testcase classname="DiscordAnalytics - analyzeUsagePatterns should handle empty activity history" name="DiscordAnalytics - analyzeUsagePatterns should handle empty activity history" time="0.001">
    </testcase>
    <testcase classname="DiscordAnalytics - generateDailyReport should generate comprehensive daily report" name="DiscordAnalytics - generateDailyReport should generate comprehensive daily report" time="0.001">
    </testcase>
    <testcase classname="DiscordAnalytics - generateDailyReport should calculate summary statistics correctly" name="DiscordAnalytics - generateDailyReport should calculate summary statistics correctly" time="0.001">
    </testcase>
    <testcase classname="DiscordAnalytics - generateDailyReport should handle empty activity history gracefully" name="DiscordAnalytics - generateDailyReport should handle empty activity history gracefully" time="0.001">
    </testcase>
  </testsuite>
  <testsuite name="Performance Monitor - Functions" errors="0" failures="0" skipped="0" timestamp="2025-10-01T20:59:24" time="0.571" tests="6">
    <testcase classname="Performance Monitor - Functions throttle functions should throttle function calls based on interval" name="Performance Monitor - Functions throttle functions should throttle function calls based on interval" time="0.166">
    </testcase>
    <testcase classname="Performance Monitor - Functions throttle functions should allow function calls after throttle interval" name="Performance Monitor - Functions throttle functions should allow function calls after throttle interval" time="0.106">
    </testcase>
    <testcase classname="Performance Monitor - Functions throttle functions should debounce function calls" name="Performance Monitor - Functions throttle functions should debounce function calls" time="0.155">
    </testcase>
    <testcase classname="Performance Monitor - Functions _getCpuInfo should return CPU information" name="Performance Monitor - Functions _getCpuInfo should return CPU information" time="0.002">
    </testcase>
    <testcase classname="Performance Monitor - Functions _checkPerformance should log performance metrics" name="Performance Monitor - Functions _checkPerformance should log performance metrics" time="0.014">
    </testcase>
    <testcase classname="Performance Monitor - Functions _checkPerformance should handle errors gracefully" name="Performance Monitor - Functions _checkPerformance should handle errors gracefully" time="0.004">
    </testcase>
  </testsuite>
  <testsuite name="Bot Initialization" errors="0" failures="0" skipped="0" timestamp="2025-10-01T20:59:25" time="0.223" tests="2">
    <testcase classname="Bot Initialization should create a Discord client and log in" name="Bot Initialization should create a Discord client and log in" time="0.078">
    </testcase>
    <testcase classname="Bot Initialization should register event handlers" name="Bot Initialization should register event handlers" time="0.006">
    </testcase>
  </testsuite>
  <testsuite name="Commands - Text Command Handler" errors="0" failures="0" skipped="0" timestamp="2025-10-01T20:59:25" time="0.698" tests="18">
    <testcase classname="Commands - Text Command Handler handleTextCommand should handle !help command" name="Commands - Text Command Handler handleTextCommand should handle !help command" time="0.002">
    </testcase>
    <testcase classname="Commands - Text Command Handler handleTextCommand should handle !clearhistory command" name="Commands - Text Command Handler handleTextCommand should handle !clearhistory command" time="0.002">
    </testcase>
    <testcase classname="Commands - Text Command Handler handleTextCommand should handle !summary command with history" name="Commands - Text Command Handler handleTextCommand should handle !summary command with history" time="0.003">
    </testcase>
    <testcase classname="Commands - Text Command Handler handleTextCommand should handle !summary command with no history" name="Commands - Text Command Handler handleTextCommand should handle !summary command with no history" time="0.002">
    </testcase>
    <testcase classname="Commands - Text Command Handler handleTextCommand should handle !summary command with only assistant messages in history" name="Commands - Text Command Handler handleTextCommand should handle !summary command with only assistant messages in history" time="0.001">
    </testcase>
    <testcase classname="Commands - Text Command Handler handleTextCommand should handle errors during text command execution" name="Commands - Text Command Handler handleTextCommand should handle errors during text command execution" time="0.007">
    </testcase>
    <testcase classname="Commands - Text Command Handler handleTextCommand should handle !summary command API error" name="Commands - Text Command Handler handleTextCommand should handle !summary command API error" time="0.001">
    </testcase>
    <testcase classname="Commands - Text Command Handler handleTextCommand should handle !stats command" name="Commands - Text Command Handler handleTextCommand should handle !stats command" time="0.002">
    </testcase>
    <testcase classname="Commands - Text Command Handler handleTextCommand should handle !summarise command with text" name="Commands - Text Command Handler handleTextCommand should handle !summarise command with text" time="0.003">
    </testcase>
    <testcase classname="Commands - Text Command Handler handleTextCommand should handle !summerise command with text (alternative spelling)" name="Commands - Text Command Handler handleTextCommand should handle !summerise command with text (alternative spelling)" time="0.002">
    </testcase>
    <testcase classname="Commands - Text Command Handler handleTextCommand should handle !summarise command without text" name="Commands - Text Command Handler handleTextCommand should handle !summarise command without text" time="0.001">
    </testcase>
    <testcase classname="Commands - Text Command Handler handleTextCommand should handle !summarise command with empty text" name="Commands - Text Command Handler handleTextCommand should handle !summarise command with empty text" time="0.001">
    </testcase>
    <testcase classname="Commands - Text Command Handler handleTextCommand should handle !summarise command with invalid text" name="Commands - Text Command Handler handleTextCommand should handle !summarise command with invalid text" time="0.001">
    </testcase>
    <testcase classname="Commands - Text Command Handler handleTextCommand should handle !summarise command API error" name="Commands - Text Command Handler handleTextCommand should handle !summarise command API error" time="0.001">
    </testcase>
    <testcase classname="Commands - Text Command Handler handleTextCommand should handle text command with invalid user ID" name="Commands - Text Command Handler handleTextCommand should handle text command with invalid user ID" time="0.002">
    </testcase>
    <testcase classname="Commands - Text Command Handler handleTextCommand should handle text command parsing for summarise" name="Commands - Text Command Handler handleTextCommand should handle text command parsing for summarise" time="0.001">
    </testcase>
    <testcase classname="Commands - Text Command Handler handleTextCommand should handle text command parsing for summerise (alternative spelling)" name="Commands - Text Command Handler handleTextCommand should handle text command parsing for summerise (alternative spelling)" time="0.002">
    </testcase>
    <testcase classname="Commands - Text Command Handler handleTextCommand should return null for unknown command" name="Commands - Text Command Handler handleTextCommand should return null for unknown command" time="0.001">
    </testcase>
  </testsuite>
  <testsuite name="Resources Command" errors="0" failures="0" skipped="0" timestamp="2025-10-01T20:59:26" time="0.394" tests="3">
    <testcase classname="Resources Command should handle resources command successfully" name="Resources Command should handle resources command successfully" time="0.003">
    </testcase>
    <testcase classname="Resources Command should handle resources command error" name="Resources Command should handle resources command error" time="0.002">
    </testcase>
    <testcase classname="Resources Command should handle resources with warning status" name="Resources Command should handle resources with warning status" time="0.002">
    </testcase>
  </testsuite>
  <testsuite name="index.js - Event Handler Branch Coverage" errors="0" failures="0" skipped="0" timestamp="2025-10-01T20:59:26" time="0.434" tests="5">
    <testcase classname="index.js - Event Handler Branch Coverage Discord client event handlers should handle error events" name="index.js - Event Handler Branch Coverage Discord client event handlers should handle error events" time="0.045">
    </testcase>
    <testcase classname="index.js - Event Handler Branch Coverage Discord client event handlers should handle warning events" name="index.js - Event Handler Branch Coverage Discord client event handlers should handle warning events" time="0.04">
    </testcase>
    <testcase classname="index.js - Event Handler Branch Coverage Discord client event handlers should handle non-command interactions" name="index.js - Event Handler Branch Coverage Discord client event handlers should handle non-command interactions" time="0.039">
    </testcase>
    <testcase classname="index.js - Event Handler Branch Coverage Discord client event handlers should handle command interactions" name="index.js - Event Handler Branch Coverage Discord client event handlers should handle command interactions" time="0.04">
    </testcase>
    <testcase classname="index.js - Event Handler Branch Coverage Login process should handle login failure in production mode" name="index.js - Event Handler Branch Coverage Login process should handle login failure in production mode" time="0.121">
    </testcase>
  </testsuite>
  <testsuite name="Commands - Slash Command Handler" errors="0" failures="0" skipped="0" timestamp="2025-10-01T20:59:27" time="0.448" tests="18">
    <testcase classname="Commands - Slash Command Handler handleSlashCommand should handle /help command" name="Commands - Slash Command Handler handleSlashCommand should handle /help command" time="0.002">
    </testcase>
    <testcase classname="Commands - Slash Command Handler handleSlashCommand should handle /clearhistory command" name="Commands - Slash Command Handler handleSlashCommand should handle /clearhistory command" time="0.002">
    </testcase>
    <testcase classname="Commands - Slash Command Handler handleSlashCommand should handle /summary command with history" name="Commands - Slash Command Handler handleSlashCommand should handle /summary command with history" time="0.002">
    </testcase>
    <testcase classname="Commands - Slash Command Handler handleSlashCommand should handle /summary command API error" name="Commands - Slash Command Handler handleSlashCommand should handle /summary command API error" time="0.009">
    </testcase>
    <testcase classname="Commands - Slash Command Handler handleSlashCommand should handle /summary command with only assistant messages in history" name="Commands - Slash Command Handler handleSlashCommand should handle /summary command with only assistant messages in history" time="0.002">
    </testcase>
    <testcase classname="Commands - Slash Command Handler handleSlashCommand should handle /summary command with no history" name="Commands - Slash Command Handler handleSlashCommand should handle /summary command with no history" time="0.001">
    </testcase>
    <testcase classname="Commands - Slash Command Handler handleSlashCommand should handle /stats command" name="Commands - Slash Command Handler handleSlashCommand should handle /stats command" time="0.002">
    </testcase>
    <testcase classname="Commands - Slash Command Handler handleSlashCommand should handle /summarise command with text" name="Commands - Slash Command Handler handleSlashCommand should handle /summarise command with text" time="0.002">
    </testcase>
    <testcase classname="Commands - Slash Command Handler handleSlashCommand should handle /summarise command without text" name="Commands - Slash Command Handler handleSlashCommand should handle /summarise command without text" time="0.001">
    </testcase>
    <testcase classname="Commands - Slash Command Handler handleSlashCommand should handle /summarise command with empty text" name="Commands - Slash Command Handler handleSlashCommand should handle /summarise command with empty text" time="0.001">
    </testcase>
    <testcase classname="Commands - Slash Command Handler handleSlashCommand should handle /summarise command with invalid text" name="Commands - Slash Command Handler handleSlashCommand should handle /summarise command with invalid text" time="0.001">
    </testcase>
    <testcase classname="Commands - Slash Command Handler handleSlashCommand should handle /summarise command API error" name="Commands - Slash Command Handler handleSlashCommand should handle /summarise command API error" time="0.001">
    </testcase>
    <testcase classname="Commands - Slash Command Handler handleSlashCommand should handle command execution error when not deferred" name="Commands - Slash Command Handler handleSlashCommand should handle command execution error when not deferred" time="0.002">
    </testcase>
    <testcase classname="Commands - Slash Command Handler handleSlashCommand should handle unknown command" name="Commands - Slash Command Handler handleSlashCommand should handle unknown command" time="0.001">
    </testcase>
    <testcase classname="Commands - Slash Command Handler handleSlashCommand should handle command execution error" name="Commands - Slash Command Handler handleSlashCommand should handle command execution error" time="0.003">
    </testcase>
    <testcase classname="Commands - Slash Command Handler handleSlashCommand should handle slash command with invalid user ID" name="Commands - Slash Command Handler handleSlashCommand should handle slash command with invalid user ID" time="0.002">
    </testcase>
    <testcase classname="Commands - Slash Command Handler handleSlashCommand should handle slash command when already replied" name="Commands - Slash Command Handler handleSlashCommand should handle slash command when already replied" time="0.001">
    </testcase>
    <testcase classname="Commands - Slash Command Handler handleSlashCommand should handle slash command when already deferred and replied" name="Commands - Slash Command Handler handleSlashCommand should handle slash command when already deferred and replied" time="0.001">
    </testcase>
  </testsuite>
  <testsuite name="PerplexitySecure Service - Comprehensive Coverage" errors="0" failures="0" skipped="0" timestamp="2025-10-01T20:59:27" time="0.394" tests="72">
    <testcase classname="PerplexitySecure Service - Comprehensive Coverage _safeGetHeader method should return empty string for null headers" name="PerplexitySecure Service - Comprehensive Coverage _safeGetHeader method should return empty string for null headers" time="0.002">
    </testcase>
    <testcase classname="PerplexitySecure Service - Comprehensive Coverage _safeGetHeader method should return empty string for undefined headers" name="PerplexitySecure Service - Comprehensive Coverage _safeGetHeader method should return empty string for undefined headers" time="0.002">
    </testcase>
    <testcase classname="PerplexitySecure Service - Comprehensive Coverage _safeGetHeader method should return empty string for null key" name="PerplexitySecure Service - Comprehensive Coverage _safeGetHeader method should return empty string for null key" time="0.001">
    </testcase>
    <testcase classname="PerplexitySecure Service - Comprehensive Coverage _safeGetHeader method should get header using Headers.get() method" name="PerplexitySecure Service - Comprehensive Coverage _safeGetHeader method should get header using Headers.get() method" time="0.001">
    </testcase>
    <testcase classname="PerplexitySecure Service - Comprehensive Coverage _safeGetHeader method should fall back to object property access" name="PerplexitySecure Service - Comprehensive Coverage _safeGetHeader method should fall back to object property access" time="0.001">
    </testcase>
    <testcase classname="PerplexitySecure Service - Comprehensive Coverage _safeGetHeader method should check lowercase header names" name="PerplexitySecure Service - Comprehensive Coverage _safeGetHeader method should check lowercase header names" time="0.001">
    </testcase>
    <testcase classname="PerplexitySecure Service - Comprehensive Coverage _safeGetHeader method should check uppercase header names" name="PerplexitySecure Service - Comprehensive Coverage _safeGetHeader method should check uppercase header names" time="0.001">
    </testcase>
    <testcase classname="PerplexitySecure Service - Comprehensive Coverage _safeGetHeader method should handle Headers.get() throwing error" name="PerplexitySecure Service - Comprehensive Coverage _safeGetHeader method should handle Headers.get() throwing error" time="0.002">
    </testcase>
    <testcase classname="PerplexitySecure Service - Comprehensive Coverage _safeGetHeader method should handle non-object headers" name="PerplexitySecure Service - Comprehensive Coverage _safeGetHeader method should handle non-object headers" time="0.001">
    </testcase>
    <testcase classname="PerplexitySecure Service - Comprehensive Coverage _safeGetHeader method should handle function headers" name="PerplexitySecure Service - Comprehensive Coverage _safeGetHeader method should handle function headers" time="0.001">
    </testcase>
    <testcase classname="PerplexitySecure Service - Comprehensive Coverage _shouldUseCache method should return false when caching is explicitly disabled" name="PerplexitySecure Service - Comprehensive Coverage _shouldUseCache method should return false when caching is explicitly disabled" time="0">
    </testcase>
    <testcase classname="PerplexitySecure Service - Comprehensive Coverage _shouldUseCache method should return true when in test environment" name="PerplexitySecure Service - Comprehensive Coverage _shouldUseCache method should return true when in test environment" time="0.001">
    </testcase>
    <testcase classname="PerplexitySecure Service - Comprehensive Coverage _shouldUseCache method should return true when cache is enabled and caching not disabled" name="PerplexitySecure Service - Comprehensive Coverage _shouldUseCache method should return true when cache is enabled and caching not disabled" time="0.001">
    </testcase>
    <testcase classname="PerplexitySecure Service - Comprehensive Coverage _buildRequestPayload method should build basic request payload with defaults" name="PerplexitySecure Service - Comprehensive Coverage _buildRequestPayload method should build basic request payload with defaults" time="0.001">
    </testcase>
    <testcase classname="PerplexitySecure Service - Comprehensive Coverage _buildRequestPayload method should use custom options when provided" name="PerplexitySecure Service - Comprehensive Coverage _buildRequestPayload method should use custom options when provided" time="0.001">
    </testcase>
    <testcase classname="PerplexitySecure Service - Comprehensive Coverage _buildRequestPayload method should handle streaming when PI optimizations enabled" name="PerplexitySecure Service - Comprehensive Coverage _buildRequestPayload method should handle streaming when PI optimizations enabled" time="0.004">
    </testcase>
    <testcase classname="PerplexitySecure Service - Comprehensive Coverage _buildRequestPayload method should not enable streaming in low CPU mode" name="PerplexitySecure Service - Comprehensive Coverage _buildRequestPayload method should not enable streaming in low CPU mode" time="0.001">
    </testcase>
    <testcase classname="PerplexitySecure Service - Comprehensive Coverage _getPiOptimizationSettings method should return default settings when PI_OPTIMIZATIONS is not configured" name="PerplexitySecure Service - Comprehensive Coverage _getPiOptimizationSettings method should return default settings when PI_OPTIMIZATIONS is not configured" time="0.003">
    </testcase>
    <testcase classname="PerplexitySecure Service - Comprehensive Coverage _getPiOptimizationSettings method should return settings from config when available" name="PerplexitySecure Service - Comprehensive Coverage _getPiOptimizationSettings method should return settings from config when available" time="0.001">
    </testcase>
    <testcase classname="PerplexitySecure Service - Comprehensive Coverage _getPiOptimizationSettings method should handle config access errors gracefully" name="PerplexitySecure Service - Comprehensive Coverage _getPiOptimizationSettings method should handle config access errors gracefully" time="0.002">
    </testcase>
    <testcase classname="PerplexitySecure Service - Comprehensive Coverage _handleApiResponse method should throw error for null response" name="PerplexitySecure Service - Comprehensive Coverage _handleApiResponse method should throw error for null response" time="0.03">
    </testcase>
    <testcase classname="PerplexitySecure Service - Comprehensive Coverage _handleApiResponse method should throw error for undefined response" name="PerplexitySecure Service - Comprehensive Coverage _handleApiResponse method should throw error for undefined response" time="0.001">
    </testcase>
    <testcase classname="PerplexitySecure Service - Comprehensive Coverage _handleApiResponse method should handle error status codes" name="PerplexitySecure Service - Comprehensive Coverage _handleApiResponse method should handle error status codes" time="0.002">
    </testcase>
    <testcase classname="PerplexitySecure Service - Comprehensive Coverage _handleApiResponse method should handle response without body" name="PerplexitySecure Service - Comprehensive Coverage _handleApiResponse method should handle response without body" time="0.001">
    </testcase>
    <testcase classname="PerplexitySecure Service - Comprehensive Coverage _handleApiResponse method should handle body without json method" name="PerplexitySecure Service - Comprehensive Coverage _handleApiResponse method should handle body without json method" time="0.001">
    </testcase>
    <testcase classname="PerplexitySecure Service - Comprehensive Coverage _handleApiResponse method should handle JSON parsing errors" name="PerplexitySecure Service - Comprehensive Coverage _handleApiResponse method should handle JSON parsing errors" time="0.001">
    </testcase>
    <testcase classname="PerplexitySecure Service - Comprehensive Coverage _handleApiResponse method should handle invalid response object" name="PerplexitySecure Service - Comprehensive Coverage _handleApiResponse method should handle invalid response object" time="0.003">
    </testcase>
    <testcase classname="PerplexitySecure Service - Comprehensive Coverage _handleApiResponse method should handle missing choices array" name="PerplexitySecure Service - Comprehensive Coverage _handleApiResponse method should handle missing choices array" time="0.001">
    </testcase>
    <testcase classname="PerplexitySecure Service - Comprehensive Coverage _handleApiResponse method should handle invalid choice structure" name="PerplexitySecure Service - Comprehensive Coverage _handleApiResponse method should handle invalid choice structure" time="0.001">
    </testcase>
    <testcase classname="PerplexitySecure Service - Comprehensive Coverage _handleApiResponse method should handle missing message field" name="PerplexitySecure Service - Comprehensive Coverage _handleApiResponse method should handle missing message field" time="0.001">
    </testcase>
    <testcase classname="PerplexitySecure Service - Comprehensive Coverage _handleApiResponse method should return valid response data" name="PerplexitySecure Service - Comprehensive Coverage _handleApiResponse method should return valid response data" time="0.001">
    </testcase>
    <testcase classname="PerplexitySecure Service - Comprehensive Coverage _handleErrorResponse method should handle error response with text body" name="PerplexitySecure Service - Comprehensive Coverage _handleErrorResponse method should handle error response with text body" time="0.001">
    </testcase>
    <testcase classname="PerplexitySecure Service - Comprehensive Coverage _handleErrorResponse method should handle error response without body" name="PerplexitySecure Service - Comprehensive Coverage _handleErrorResponse method should handle error response without body" time="0.001">
    </testcase>
    <testcase classname="PerplexitySecure Service - Comprehensive Coverage _handleErrorResponse method should handle body text error" name="PerplexitySecure Service - Comprehensive Coverage _handleErrorResponse method should handle body text error" time="0.001">
    </testcase>
    <testcase classname="PerplexitySecure Service - Comprehensive Coverage _handleErrorResponse method should truncate long error messages" name="PerplexitySecure Service - Comprehensive Coverage _handleErrorResponse method should truncate long error messages" time="0.002">
    </testcase>
    <testcase classname="PerplexitySecure Service - Comprehensive Coverage _extractResponseContent method should extract content from message.content" name="PerplexitySecure Service - Comprehensive Coverage _extractResponseContent method should extract content from message.content" time="0.001">
    </testcase>
    <testcase classname="PerplexitySecure Service - Comprehensive Coverage _extractResponseContent method should extract content from choice.content" name="PerplexitySecure Service - Comprehensive Coverage _extractResponseContent method should extract content from choice.content" time="0.001">
    </testcase>
    <testcase classname="PerplexitySecure Service - Comprehensive Coverage _extractResponseContent method should handle empty response" name="PerplexitySecure Service - Comprehensive Coverage _extractResponseContent method should handle empty response" time="0.032">
    </testcase>
    <testcase classname="PerplexitySecure Service - Comprehensive Coverage _extractResponseContent method should handle empty choices" name="PerplexitySecure Service - Comprehensive Coverage _extractResponseContent method should handle empty choices" time="0.01">
    </testcase>
    <testcase classname="PerplexitySecure Service - Comprehensive Coverage _extractResponseContent method should return default message for invalid structure" name="PerplexitySecure Service - Comprehensive Coverage _extractResponseContent method should return default message for invalid structure" time="0.001">
    </testcase>
    <testcase classname="PerplexitySecure Service - Comprehensive Coverage _generateErrorMessage method should return rate limit message for 429 status" name="PerplexitySecure Service - Comprehensive Coverage _generateErrorMessage method should return rate limit message for 429 status" time="0.001">
    </testcase>
    <testcase classname="PerplexitySecure Service - Comprehensive Coverage _generateErrorMessage method should return service unavailable message for 5xx status" name="PerplexitySecure Service - Comprehensive Coverage _generateErrorMessage method should return service unavailable message for 5xx status" time="0.001">
    </testcase>
    <testcase classname="PerplexitySecure Service - Comprehensive Coverage _generateErrorMessage method should return network error message for network errors" name="PerplexitySecure Service - Comprehensive Coverage _generateErrorMessage method should return network error message for network errors" time="0.001">
    </testcase>
    <testcase classname="PerplexitySecure Service - Comprehensive Coverage _generateErrorMessage method should return empty response message for empty response errors" name="PerplexitySecure Service - Comprehensive Coverage _generateErrorMessage method should return empty response message for empty response errors" time="0.001">
    </testcase>
    <testcase classname="PerplexitySecure Service - Comprehensive Coverage _generateErrorMessage method should return unexpected format message for invalid errors" name="PerplexitySecure Service - Comprehensive Coverage _generateErrorMessage method should return unexpected format message for invalid errors" time="0.002">
    </testcase>
    <testcase classname="PerplexitySecure Service - Comprehensive Coverage _generateErrorMessage method should return original error message for unknown errors" name="PerplexitySecure Service - Comprehensive Coverage _generateErrorMessage method should return original error message for unknown errors" time="0.001">
    </testcase>
    <testcase classname="PerplexitySecure Service - Comprehensive Coverage _isRetryableError method should return false for null error" name="PerplexitySecure Service - Comprehensive Coverage _isRetryableError method should return false for null error" time="0.001">
    </testcase>
    <testcase classname="PerplexitySecure Service - Comprehensive Coverage _isRetryableError method should return false for error without message" name="PerplexitySecure Service - Comprehensive Coverage _isRetryableError method should return false for error without message" time="0.001">
    </testcase>
    <testcase classname="PerplexitySecure Service - Comprehensive Coverage _isRetryableError method should return true for temporary errors" name="PerplexitySecure Service - Comprehensive Coverage _isRetryableError method should return true for temporary errors" time="0.003">
    </testcase>
    <testcase classname="PerplexitySecure Service - Comprehensive Coverage _isRetryableError method should return true for network errors" name="PerplexitySecure Service - Comprehensive Coverage _isRetryableError method should return true for network errors" time="0.001">
    </testcase>
    <testcase classname="PerplexitySecure Service - Comprehensive Coverage _isRetryableError method should return true for 429 errors" name="PerplexitySecure Service - Comprehensive Coverage _isRetryableError method should return true for 429 errors" time="0.001">
    </testcase>
    <testcase classname="PerplexitySecure Service - Comprehensive Coverage _isRetryableError method should return false for permanent errors" name="PerplexitySecure Service - Comprehensive Coverage _isRetryableError method should return false for permanent errors" time="0.001">
    </testcase>
    <testcase classname="PerplexitySecure Service - Comprehensive Coverage _isRetryableError method should return false for invalid errors" name="PerplexitySecure Service - Comprehensive Coverage _isRetryableError method should return false for invalid errors" time="0.001">
    </testcase>
    <testcase classname="PerplexitySecure Service - Comprehensive Coverage _isRetryableError method should return false for unauthorized errors" name="PerplexitySecure Service - Comprehensive Coverage _isRetryableError method should return false for unauthorized errors" time="0.001">
    </testcase>
    <testcase classname="PerplexitySecure Service - Comprehensive Coverage _isRetryableError method should return false for forbidden errors" name="PerplexitySecure Service - Comprehensive Coverage _isRetryableError method should return false for forbidden errors" time="0.001">
    </testcase>
    <testcase classname="PerplexitySecure Service - Comprehensive Coverage _isRetryableError method should return false for unknown errors by default" name="PerplexitySecure Service - Comprehensive Coverage _isRetryableError method should return false for unknown errors by default" time="0.001">
    </testcase>
    <testcase classname="PerplexitySecure Service - Comprehensive Coverage _getCacheConfiguration method should return default config when PI_OPTIMIZATIONS not configured" name="PerplexitySecure Service - Comprehensive Coverage _getCacheConfiguration method should return default config when PI_OPTIMIZATIONS not configured" time="0.002">
    </testcase>
    <testcase classname="PerplexitySecure Service - Comprehensive Coverage _getCacheConfiguration method should return cache config when PI optimizations enabled" name="PerplexitySecure Service - Comprehensive Coverage _getCacheConfiguration method should return cache config when PI optimizations enabled" time="0.001">
    </testcase>
    <testcase classname="PerplexitySecure Service - Comprehensive Coverage _getCacheConfiguration method should handle config access errors" name="PerplexitySecure Service - Comprehensive Coverage _getCacheConfiguration method should handle config access errors" time="0.002">
    </testcase>
    <testcase classname="PerplexitySecure Service - Comprehensive Coverage _formatCacheEntry method should format string entry with timestamp" name="PerplexitySecure Service - Comprehensive Coverage _formatCacheEntry method should format string entry with timestamp" time="0.001">
    </testcase>
    <testcase classname="PerplexitySecure Service - Comprehensive Coverage _formatCacheEntry method should preserve existing object entry with timestamp" name="PerplexitySecure Service - Comprehensive Coverage _formatCacheEntry method should preserve existing object entry with timestamp" time="0.001">
    </testcase>
    <testcase classname="PerplexitySecure Service - Comprehensive Coverage _formatCacheEntry method should add timestamp to object entry without one" name="PerplexitySecure Service - Comprehensive Coverage _formatCacheEntry method should add timestamp to object entry without one" time="0.001">
    </testcase>
    <testcase classname="PerplexitySecure Service - Comprehensive Coverage _formatCacheEntry method should handle null entry" name="PerplexitySecure Service - Comprehensive Coverage _formatCacheEntry method should handle null entry" time="0.001">
    </testcase>
    <testcase classname="PerplexitySecure Service - Comprehensive Coverage _generateCacheKey method should generate consistent cache key for same history" name="PerplexitySecure Service - Comprehensive Coverage _generateCacheKey method should generate consistent cache key for same history" time="0.001">
    </testcase>
    <testcase classname="PerplexitySecure Service - Comprehensive Coverage _generateCacheKey method should generate different keys for different history" name="PerplexitySecure Service - Comprehensive Coverage _generateCacheKey method should generate different keys for different history" time="0">
    </testcase>
    <testcase classname="PerplexitySecure Service - Comprehensive Coverage generateTextSummary method should generate text summary with correct options" name="PerplexitySecure Service - Comprehensive Coverage generateTextSummary method should generate text summary with correct options" time="0.001">
    </testcase>
    <testcase classname="PerplexitySecure Service - Comprehensive Coverage generateTextSummary method should handle text summary errors" name="PerplexitySecure Service - Comprehensive Coverage generateTextSummary method should handle text summary errors" time="0.013">
    </testcase>
    <testcase classname="PerplexitySecure Service - Comprehensive Coverage getCacheStats method should return cache stats when available" name="PerplexitySecure Service - Comprehensive Coverage getCacheStats method should return cache stats when available" time="0.001">
    </testcase>
    <testcase classname="PerplexitySecure Service - Comprehensive Coverage getCacheStats method should return error stats when cache throws" name="PerplexitySecure Service - Comprehensive Coverage getCacheStats method should return error stats when cache throws" time="0.011">
    </testcase>
    <testcase classname="PerplexitySecure Service - Comprehensive Coverage getCacheStats method should handle missing cache gracefully" name="PerplexitySecure Service - Comprehensive Coverage getCacheStats method should handle missing cache gracefully" time="0.012">
    </testcase>
    <testcase classname="PerplexitySecure Service - Comprehensive Coverage shutdown method should clear all active intervals" name="PerplexitySecure Service - Comprehensive Coverage shutdown method should clear all active intervals" time="0.014">
    </testcase>
    <testcase classname="PerplexitySecure Service - Comprehensive Coverage shutdown method should handle shutdown when no intervals exist" name="PerplexitySecure Service - Comprehensive Coverage shutdown method should handle shutdown when no intervals exist" time="0.012">
    </testcase>
  </testsuite>
  <testsuite name="index.js - Function Branch Coverage" errors="0" failures="0" skipped="0" timestamp="2025-10-01T20:59:28" time="0.42" tests="5">
    <testcase classname="index.js - Function Branch Coverage bootWithOptimizations function should handle errors in Pi optimization initialization" name="index.js - Function Branch Coverage bootWithOptimizations function should handle errors in Pi optimization initialization" time="0.043">
    </testcase>
    <testcase classname="index.js - Function Branch Coverage bootWithOptimizations function should not call initialization when PI_OPTIMIZATIONS is disabled" name="index.js - Function Branch Coverage bootWithOptimizations function should not call initialization when PI_OPTIMIZATIONS is disabled" time="0.041">
    </testcase>
    <testcase classname="index.js - Function Branch Coverage registerSlashCommands function should handle client not being ready" name="index.js - Function Branch Coverage registerSlashCommands function should handle client not being ready" time="0.081">
    </testcase>
    <testcase classname="index.js - Function Branch Coverage registerSlashCommands function should handle errors during slash command registration" name="index.js - Function Branch Coverage registerSlashCommands function should handle errors during slash command registration" time="0.04">
    </testcase>
    <testcase classname="index.js - Function Branch Coverage Multiple shutdown attempts should prevent multiple simultaneous shutdown attempts" name="index.js - Function Branch Coverage Multiple shutdown attempts should prevent multiple simultaneous shutdown attempts" time="0.052">
    </testcase>
  </testsuite>
  <testsuite name="Chat Service - Advanced" errors="0" failures="0" skipped="0" timestamp="2025-10-01T20:59:28" time="0.299" tests="11">
    <testcase classname="Chat Service - Advanced should handle AI response generation errors" name="Chat Service - Advanced should handle AI response generation errors" time="0.024">
    </testcase>
    <testcase classname="Chat Service - Advanced should add emojis to responses when not in low CPU mode" name="Chat Service - Advanced should add emojis to responses when not in low CPU mode" time="0.013">
    </testcase>
    <testcase classname="Chat Service - Advanced should handle long responses with chunking" name="Chat Service - Advanced should handle long responses with chunking" time="0.01">
    </testcase>
    <testcase classname="Chat Service - Advanced should handle special characters in messages" name="Chat Service - Advanced should handle special characters in messages" time="0.007">
    </testcase>
    <testcase classname="Chat Service - Advanced should handle multiline messages" name="Chat Service - Advanced should handle multiline messages" time="0.007">
    </testcase>
    <testcase classname="Chat Service - Advanced should handle messages with URLs" name="Chat Service - Advanced should handle messages with URLs" time="0.005">
    </testcase>
    <testcase classname="Chat Service - Advanced should handle messages with emojis" name="Chat Service - Advanced should handle messages with emojis" time="0.005">
    </testcase>
    <testcase classname="Chat Service - Advanced should handle empty conversation history" name="Chat Service - Advanced should handle empty conversation history" time="0.007">
    </testcase>
    <testcase classname="Chat Service - Advanced should handle conversation history with multiple messages" name="Chat Service - Advanced should handle conversation history with multiple messages" time="0.006">
    </testcase>
    <testcase classname="Chat Service - Advanced should handle network timeouts gracefully" name="Chat Service - Advanced should handle network timeouts gracefully" time="0.008">
    </testcase>
    <testcase classname="Chat Service - Advanced should handle rate limit errors from API" name="Chat Service - Advanced should handle rate limit errors from API" time="0.01">
    </testcase>
  </testsuite>
  <testsuite name="Commands - Slash Commands Data" errors="0" failures="0" skipped="0" timestamp="2025-10-01T20:59:29" time="0.439" tests="1">
    <testcase classname="Commands - Slash Commands Data getSlashCommandsData should return an array of slash command data" name="Commands - Slash Commands Data getSlashCommandsData should return an array of slash command data" time="0.003">
    </testcase>
  </testsuite>
  <testsuite name="Analytics Command" errors="0" failures="0" skipped="0" timestamp="2025-10-01T20:59:29" time="0.503" tests="3">
    <testcase classname="Analytics Command should handle analytics command successfully" name="Analytics Command should handle analytics command successfully" time="0.003">
    </testcase>
    <testcase classname="Analytics Command should handle analytics command error" name="Analytics Command should handle analytics command error" time="0.002">
    </testcase>
    <testcase classname="Analytics Command should handle analytics with empty data" name="Analytics Command should handle analytics with empty data" time="0.004">
    </testcase>
  </testsuite>
  <testsuite name="ErrorHandler - Retry Logic and Edge Cases" errors="0" failures="0" skipped="0" timestamp="2025-10-01T20:59:30" time="0.312" tests="8">
    <testcase classname="ErrorHandler - Retry Logic and Edge Cases Retry Logic should retry retryable errors" name="ErrorHandler - Retry Logic and Edge Cases Retry Logic should retry retryable errors" time="0.056">
    </testcase>
    <testcase classname="ErrorHandler - Retry Logic and Edge Cases Retry Logic should not retry non-retryable errors" name="ErrorHandler - Retry Logic and Edge Cases Retry Logic should not retry non-retryable errors" time="0.007">
    </testcase>
    <testcase classname="ErrorHandler - Retry Logic and Edge Cases Retry Logic should exhaust retries for persistent errors" name="ErrorHandler - Retry Logic and Edge Cases Retry Logic should exhaust retries for persistent errors" time="0.06">
    </testcase>
    <testcase classname="ErrorHandler - Retry Logic and Edge Cases Special Edge Cases should handle very large error objects" name="ErrorHandler - Retry Logic and Edge Cases Special Edge Cases should handle very large error objects" time="0.001">
    </testcase>
    <testcase classname="ErrorHandler - Retry Logic and Edge Cases Special Edge Cases should handle circular reference errors" name="ErrorHandler - Retry Logic and Edge Cases Special Edge Cases should handle circular reference errors" time="0.002">
    </testcase>
    <testcase classname="ErrorHandler - Retry Logic and Edge Cases File and Validation Error Handling should handle file operation errors" name="ErrorHandler - Retry Logic and Edge Cases File and Validation Error Handling should handle file operation errors" time="0.002">
    </testcase>
    <testcase classname="ErrorHandler - Retry Logic and Edge Cases File and Validation Error Handling should handle validation errors with field info" name="ErrorHandler - Retry Logic and Edge Cases File and Validation Error Handling should handle validation errors with field info" time="0.002">
    </testcase>
    <testcase classname="ErrorHandler - Retry Logic and Edge Cases File and Validation Error Handling should truncate long values" name="ErrorHandler - Retry Logic and Edge Cases File and Validation Error Handling should truncate long values" time="0.002">
    </testcase>
  </testsuite>
  <testsuite name="index.js - Critical Coverage Enhancement" errors="0" failures="0" skipped="0" timestamp="2025-10-01T20:59:30" time="0.301" tests="19">
    <testcase classname="index.js - Critical Coverage Enhancement Production Environment with Pi Optimizations should initialize Pi optimizations in production environment" name="index.js - Critical Coverage Enhancement Production Environment with Pi Optimizations should initialize Pi optimizations in production environment" time="0.005">
    </testcase>
    <testcase classname="index.js - Critical Coverage Enhancement Production Environment with Pi Optimizations should handle Pi optimization initialization errors gracefully" name="index.js - Critical Coverage Enhancement Production Environment with Pi Optimizations should handle Pi optimization initialization errors gracefully" time="0.006">
    </testcase>
    <testcase classname="index.js - Critical Coverage Enhancement Development Environment should not initialize Pi optimizations in development" name="index.js - Critical Coverage Enhancement Development Environment should not initialize Pi optimizations in development" time="0.006">
    </testcase>
    <testcase classname="index.js - Critical Coverage Enhancement Discord Client Event Handlers should handle ready event and register slash commands" name="index.js - Critical Coverage Enhancement Discord Client Event Handlers should handle ready event and register slash commands" time="0.005">
    </testcase>
    <testcase classname="index.js - Critical Coverage Enhancement Discord Client Event Handlers should handle slash command registration errors" name="index.js - Critical Coverage Enhancement Discord Client Event Handlers should handle slash command registration errors" time="0.005">
    </testcase>
    <testcase classname="index.js - Critical Coverage Enhancement Discord Client Event Handlers should handle client not ready during slash command registration" name="index.js - Critical Coverage Enhancement Discord Client Event Handlers should handle client not ready during slash command registration" time="0.025">
    </testcase>
    <testcase classname="index.js - Critical Coverage Enhancement Discord Client Event Handlers should handle error events" name="index.js - Critical Coverage Enhancement Discord Client Event Handlers should handle error events" time="0.004">
    </testcase>
    <testcase classname="index.js - Critical Coverage Enhancement Discord Client Event Handlers should handle warn events" name="index.js - Critical Coverage Enhancement Discord Client Event Handlers should handle warn events" time="0.006">
    </testcase>
    <testcase classname="index.js - Critical Coverage Enhancement Discord Client Event Handlers should handle interaction events" name="index.js - Critical Coverage Enhancement Discord Client Event Handlers should handle interaction events" time="0.005">
    </testcase>
    <testcase classname="index.js - Critical Coverage Enhancement Discord Client Event Handlers should ignore non-slash interactions" name="index.js - Critical Coverage Enhancement Discord Client Event Handlers should ignore non-slash interactions" time="0.004">
    </testcase>
    <testcase classname="index.js - Critical Coverage Enhancement Shutdown Error Scenarios should handle conversation manager shutdown errors" name="index.js - Critical Coverage Enhancement Shutdown Error Scenarios should handle conversation manager shutdown errors" time="0.004">
    </testcase>
    <testcase classname="index.js - Critical Coverage Enhancement Shutdown Error Scenarios should handle Discord client shutdown errors" name="index.js - Critical Coverage Enhancement Shutdown Error Scenarios should handle Discord client shutdown errors" time="0.005">
    </testcase>
    <testcase classname="index.js - Critical Coverage Enhancement Shutdown Error Scenarios should not duplicate shutdown when already in progress" name="index.js - Critical Coverage Enhancement Shutdown Error Scenarios should not duplicate shutdown when already in progress" time="0.004">
    </testcase>
    <testcase classname="index.js - Critical Coverage Enhancement Shutdown Error Scenarios should handle multiple shutdown errors and exit with code 1" name="index.js - Critical Coverage Enhancement Shutdown Error Scenarios should handle multiple shutdown errors and exit with code 1" time="0.004">
    </testcase>
    <testcase classname="index.js - Critical Coverage Enhancement Login Error Handling should handle Discord login failures in production" name="index.js - Critical Coverage Enhancement Login Error Handling should handle Discord login failures in production" time="0.004">
    </testcase>
    <testcase classname="index.js - Critical Coverage Enhancement Login Error Handling should handle Discord login failures in test mode" name="index.js - Critical Coverage Enhancement Login Error Handling should handle Discord login failures in test mode" time="0.005">
    </testcase>
    <testcase classname="index.js - Critical Coverage Enhancement bootWithOptimizations Error Branches should handle Pi optimization errors in bootWithOptimizations" name="index.js - Critical Coverage Enhancement bootWithOptimizations Error Branches should handle Pi optimization errors in bootWithOptimizations" time="0.003">
    </testcase>
    <testcase classname="index.js - Critical Coverage Enhancement bootWithOptimizations Error Branches should skip Pi optimizations when disabled" name="index.js - Critical Coverage Enhancement bootWithOptimizations Error Branches should skip Pi optimizations when disabled" time="0.003">
    </testcase>
    <testcase classname="index.js - Critical Coverage Enhancement bootWithOptimizations Error Branches should skip Pi optimizations when config is null" name="index.js - Critical Coverage Enhancement bootWithOptimizations Error Branches should skip Pi optimizations when config is null" time="0.004">
    </testcase>
  </testsuite>
  <testsuite name="Bot Shutdown" errors="0" failures="0" skipped="0" timestamp="2025-10-01T20:59:30" time="0.279" tests="2">
    <testcase classname="Bot Shutdown should handle SIGINT and shut down gracefully" name="Bot Shutdown should handle SIGINT and shut down gracefully" time="0.087">
    </testcase>
    <testcase classname="Bot Shutdown should handle errors during shutdown and exit with code 1" name="Bot Shutdown should handle errors during shutdown and exit with code 1" time="0.01">
    </testcase>
  </testsuite>
  <testsuite name="Bot Main Entry Point (index.js)" errors="0" failures="0" skipped="0" timestamp="2025-10-01T20:59:30" time="0.234" tests="7">
    <testcase classname="Bot Main Entry Point (index.js) should create a Discord client and log in" name="Bot Main Entry Point (index.js) should create a Discord client and log in" time="0.01">
    </testcase>
    <testcase classname="Bot Main Entry Point (index.js) Graceful Shutdown should register handler for SIGINT signal" name="Bot Main Entry Point (index.js) Graceful Shutdown should register handler for SIGINT signal" time="0.006">
    </testcase>
    <testcase classname="Bot Main Entry Point (index.js) Graceful Shutdown should register handler for SIGTERM signal" name="Bot Main Entry Point (index.js) Graceful Shutdown should register handler for SIGTERM signal" time="0.006">
    </testcase>
    <testcase classname="Bot Main Entry Point (index.js) Graceful Shutdown should register handler for uncaughtException" name="Bot Main Entry Point (index.js) Graceful Shutdown should register handler for uncaughtException" time="0.005">
    </testcase>
    <testcase classname="Bot Main Entry Point (index.js) Graceful Shutdown should call shutdown when uncaught exception occurs" name="Bot Main Entry Point (index.js) Graceful Shutdown should call shutdown when uncaught exception occurs" time="0.005">
    </testcase>
    <testcase classname="Bot Main Entry Point (index.js) Graceful Shutdown should log an error and exit if shutdown fails" name="Bot Main Entry Point (index.js) Graceful Shutdown should log an error and exit if shutdown fails" time="0.018">
    </testcase>
    <testcase classname="Bot Main Entry Point (index.js) Graceful Shutdown should register handler for unhandled promise rejections" name="Bot Main Entry Point (index.js) Graceful Shutdown should register handler for unhandled promise rejections" time="0.005">
    </testcase>
  </testsuite>
  <testsuite name="Bot Integration - Core" errors="0" failures="0" skipped="0" timestamp="2025-10-01T20:59:31" time="0.332" tests="8">
    <testcase classname="Bot Integration - Core should have attached the messageCreate handler" name="Bot Integration - Core should have attached the messageCreate handler" time="0.087">
    </testcase>
    <testcase classname="Bot Integration - Core handles a normal message and replies" name="Bot Integration - Core handles a normal message and replies" time="0.008">
    </testcase>
    <testcase classname="Bot Integration - Core replies to !help command" name="Bot Integration - Core replies to !help command" time="0.006">
    </testcase>
    <testcase classname="Bot Integration - Core replies to !clearhistory command" name="Bot Integration - Core replies to !clearhistory command" time="0.007">
    </testcase>
    <testcase classname="Bot Integration - Core replies to !summary with history" name="Bot Integration - Core replies to !summary with history" time="0.01">
    </testcase>
    <testcase classname="Bot Integration - Core replies to !summary with no history" name="Bot Integration - Core replies to !summary with no history" time="0.007">
    </testcase>
    <testcase classname="Bot Integration - Core ignores unknown command" name="Bot Integration - Core ignores unknown command" time="0.007">
    </testcase>
    <testcase classname="Bot Integration - Core ignores messages from bots" name="Bot Integration - Core ignores messages from bots" time="0.007">
    </testcase>
  </testsuite>
  <testsuite name="Discord.js mock" errors="0" failures="0" skipped="0" timestamp="2025-10-01T20:59:31" time="0.179" tests="3">
    <testcase classname="Discord.js mock Client mock exists" name="Discord.js mock Client mock exists" time="0.002">
    </testcase>
    <testcase classname="Discord.js mock Client mock has required methods" name="Discord.js mock Client mock has required methods" time="0.002">
    </testcase>
    <testcase classname="Discord.js mock SlashCommandBuilder mock exists" name="Discord.js mock SlashCommandBuilder mock exists" time="0.002">
    </testcase>
  </testsuite>
  <testsuite name="Message Chunker - Advanced" errors="0" failures="0" skipped="0" timestamp="2025-10-01T20:59:31" time="0.199" tests="10">
    <testcase classname="Message Chunker - Advanced should not cut off sentences at chunk boundaries" name="Message Chunker - Advanced should not cut off sentences at chunk boundaries" time="0.003">
    </testcase>
    <testcase classname="Message Chunker - Advanced should handle messages with special characters" name="Message Chunker - Advanced should handle messages with special characters" time="0.002">
    </testcase>
    <testcase classname="Message Chunker - Advanced should handle messages with unicode characters" name="Message Chunker - Advanced should handle messages with unicode characters" time="0.002">
    </testcase>
    <testcase classname="Message Chunker - Advanced should handle messages with URLs" name="Message Chunker - Advanced should handle messages with URLs" time="0.002">
    </testcase>
    <testcase classname="Message Chunker - Advanced should handle messages with markdown formatting" name="Message Chunker - Advanced should handle messages with markdown formatting" time="0.001">
    </testcase>
    <testcase classname="Message Chunker - Advanced should handle messages with line breaks" name="Message Chunker - Advanced should handle messages with line breaks" time="0.001">
    </testcase>
    <testcase classname="Message Chunker - Advanced should handle very long single word" name="Message Chunker - Advanced should handle very long single word" time="0.002">
    </testcase>
    <testcase classname="Message Chunker - Advanced should handle mixed content types" name="Message Chunker - Advanced should handle mixed content types" time="0.004">
    </testcase>
    <testcase classname="Message Chunker - Advanced should maintain chunk order" name="Message Chunker - Advanced should maintain chunk order" time="0.001">
    </testcase>
    <testcase classname="Message Chunker - Advanced should handle edge case with exact chunk size" name="Message Chunker - Advanced should handle edge case with exact chunk size" time="0.001">
    </testcase>
  </testsuite>
  <testsuite name="index.js - Core Branch Coverage" errors="0" failures="0" skipped="0" timestamp="2025-10-01T20:59:31" time="0.361" tests="9">
    <testcase classname="index.js - Core Branch Coverage normal initialization - no PI optimizations" name="index.js - Core Branch Coverage normal initialization - no PI optimizations" time="0.007">
    </testcase>
    <testcase classname="index.js - Core Branch Coverage handles error events" name="index.js - Core Branch Coverage handles error events" time="0.006">
    </testcase>
    <testcase classname="index.js - Core Branch Coverage handles warn events" name="index.js - Core Branch Coverage handles warn events" time="0.006">
    </testcase>
    <testcase classname="index.js - Core Branch Coverage handles interaction events" name="index.js - Core Branch Coverage handles interaction events" time="0.005">
    </testcase>
    <testcase classname="index.js - Core Branch Coverage handles ready event with slash command registration failure" name="index.js - Core Branch Coverage handles ready event with slash command registration failure" time="0.007">
    </testcase>
    <testcase classname="index.js - Core Branch Coverage handles PI optimizations" name="index.js - Core Branch Coverage handles PI optimizations" time="0.006">
    </testcase>
    <testcase classname="index.js - Core Branch Coverage handles PI optimization failures" name="index.js - Core Branch Coverage handles PI optimization failures" time="0.007">
    </testcase>
    <testcase classname="index.js - Core Branch Coverage handles login failures in production mode" name="index.js - Core Branch Coverage handles login failures in production mode" time="0.122">
    </testcase>
    <testcase classname="index.js - Core Branch Coverage handles shutdown process" name="index.js - Core Branch Coverage handles shutdown process" time="0.004">
    </testcase>
  </testsuite>
  <testsuite name="PerplexitySecure Service - Core" errors="0" failures="0" skipped="0" timestamp="2025-10-01T20:59:32" time="0.396" tests="11">
    <testcase classname="PerplexitySecure Service - Core generateChatResponse should handle rate limiting with 429 status code" name="PerplexitySecure Service - Core generateChatResponse should handle rate limiting with 429 status code" time="0.058">
    </testcase>
    <testcase classname="PerplexitySecure Service - Core generateChatResponse should handle API errors gracefully" name="PerplexitySecure Service - Core generateChatResponse should handle API errors gracefully" time="0.023">
    </testcase>
    <testcase classname="PerplexitySecure Service - Core generateChatResponse should handle network errors" name="PerplexitySecure Service - Core generateChatResponse should handle network errors" time="0.022">
    </testcase>
    <testcase classname="PerplexitySecure Service - Core generateChatResponse should handle invalid response format" name="PerplexitySecure Service - Core generateChatResponse should handle invalid response format" time="0.024">
    </testcase>
    <testcase classname="PerplexitySecure Service - Core generateChatResponse should handle empty response" name="PerplexitySecure Service - Core generateChatResponse should handle empty response" time="0.023">
    </testcase>
    <testcase classname="PerplexitySecure Service - Core generateChatResponse should handle successful response" name="PerplexitySecure Service - Core generateChatResponse should handle successful response" time="0.002">
    </testcase>
    <testcase classname="PerplexitySecure Service - Core generateChatResponse should handle backward compatibility with boolean caching parameter" name="PerplexitySecure Service - Core generateChatResponse should handle backward compatibility with boolean caching parameter" time="0.002">
    </testcase>
    <testcase classname="PerplexitySecure Service - Core generateChatResponse should handle object options parameter" name="PerplexitySecure Service - Core generateChatResponse should handle object options parameter" time="0.001">
    </testcase>
    <testcase classname="PerplexitySecure Service - Core generateSummary should generate summary for conversation history" name="PerplexitySecure Service - Core generateSummary should generate summary for conversation history" time="0.002">
    </testcase>
    <testcase classname="PerplexitySecure Service - Core generateSummary should handle empty conversation history" name="PerplexitySecure Service - Core generateSummary should handle empty conversation history" time="0.019">
    </testcase>
    <testcase classname="PerplexitySecure Service - Core generateSummary should handle summary generation errors" name="PerplexitySecure Service - Core generateSummary should handle summary generation errors" time="0.02">
    </testcase>
  </testsuite>
  <testsuite name="Memory Monitor - Checking" errors="0" failures="0" skipped="0" timestamp="2025-10-01T20:59:32" time="0.416" tests="8">
    <testcase classname="Memory Monitor - Checking should trigger garbage collection when memory exceeds limit" name="Memory Monitor - Checking should trigger garbage collection when memory exceeds limit" time="0.063">
    </testcase>
    <testcase classname="Memory Monitor - Checking should clear low memory flag when memory usage drops" name="Memory Monitor - Checking should clear low memory flag when memory usage drops" time="0.003">
    </testcase>
    <testcase classname="Memory Monitor - Checking should handle critical memory threshold" name="Memory Monitor - Checking should handle critical memory threshold" time="0.002">
    </testcase>
    <testcase classname="Memory Monitor - Checking should handle memory check errors gracefully" name="Memory Monitor - Checking should handle memory check errors gracefully" time="0.003">
    </testcase>
    <testcase classname="Memory Monitor - Checking should force garbage collection when not recently called" name="Memory Monitor - Checking should force garbage collection when not recently called" time="0.063">
    </testcase>
    <testcase classname="Memory Monitor - Checking should not force garbage collection if recently called" name="Memory Monitor - Checking should not force garbage collection if recently called" time="0.002">
    </testcase>
    <testcase classname="Memory Monitor - Checking should handle garbage collection when gc is not available" name="Memory Monitor - Checking should handle garbage collection when gc is not available" time="0.076">
    </testcase>
    <testcase classname="Memory Monitor - Checking should handle garbage collection errors" name="Memory Monitor - Checking should handle garbage collection errors" time="0.003">
    </testcase>
  </testsuite>
  <testsuite name="Memory Monitor - Core" errors="0" failures="0" skipped="0" timestamp="2025-10-01T20:59:33" time="0.232" tests="7">
    <testcase classname="Memory Monitor - Core should have correct default values" name="Memory Monitor - Core should have correct default values" time="0.004">
    </testcase>
    <testcase classname="Memory Monitor - Core should initialize successfully" name="Memory Monitor - Core should initialize successfully" time="0.003">
    </testcase>
    <testcase classname="Memory Monitor - Core should not initialize if already initialized" name="Memory Monitor - Core should not initialize if already initialized" time="0.002">
    </testcase>
    <testcase classname="Memory Monitor - Core should setup memory check interval on initialization" name="Memory Monitor - Core should setup memory check interval on initialization" time="0.002">
    </testcase>
    <testcase classname="Memory Monitor - Core should shutdown successfully when initialized" name="Memory Monitor - Core should shutdown successfully when initialized" time="0.002">
    </testcase>
    <testcase classname="Memory Monitor - Core should handle shutdown when not initialized" name="Memory Monitor - Core should handle shutdown when not initialized" time="0.003">
    </testcase>
    <testcase classname="Memory Monitor - Core should clear interval on shutdown" name="Memory Monitor - Core should clear interval on shutdown" time="0.002">
    </testcase>
  </testsuite>
  <testsuite name="ErrorHandler - Critical Coverage Enhancement" errors="0" failures="0" skipped="0" timestamp="2025-10-01T20:59:33" time="0.374" tests="36">
    <testcase classname="ErrorHandler - Critical Coverage Enhancement Error Type Classification should classify network timeout errors" name="ErrorHandler - Critical Coverage Enhancement Error Type Classification should classify network timeout errors" time="0.003">
    </testcase>
    <testcase classname="ErrorHandler - Critical Coverage Enhancement Error Type Classification should classify ECONNRESET errors as network errors" name="ErrorHandler - Critical Coverage Enhancement Error Type Classification should classify ECONNRESET errors as network errors" time="0.002">
    </testcase>
    <testcase classname="ErrorHandler - Critical Coverage Enhancement Error Type Classification should classify ENOTFOUND errors as network errors" name="ErrorHandler - Critical Coverage Enhancement Error Type Classification should classify ENOTFOUND errors as network errors" time="0.005">
    </testcase>
    <testcase classname="ErrorHandler - Critical Coverage Enhancement Error Type Classification should classify 429 status as rate limit error" name="ErrorHandler - Critical Coverage Enhancement Error Type Classification should classify 429 status as rate limit error" time="0.002">
    </testcase>
    <testcase classname="ErrorHandler - Critical Coverage Enhancement Error Type Classification should classify 401/403 as authentication errors" name="ErrorHandler - Critical Coverage Enhancement Error Type Classification should classify 401/403 as authentication errors" time="0.002">
    </testcase>
    <testcase classname="ErrorHandler - Critical Coverage Enhancement Error Type Classification should classify 403 as authentication error" name="ErrorHandler - Critical Coverage Enhancement Error Type Classification should classify 403 as authentication error" time="0.002">
    </testcase>
    <testcase classname="ErrorHandler - Critical Coverage Enhancement Error Type Classification should classify validation errors" name="ErrorHandler - Critical Coverage Enhancement Error Type Classification should classify validation errors" time="0.002">
    </testcase>
    <testcase classname="ErrorHandler - Critical Coverage Enhancement Error Type Classification should classify file permission errors" name="ErrorHandler - Critical Coverage Enhancement Error Type Classification should classify file permission errors" time="0.001">
    </testcase>
    <testcase classname="ErrorHandler - Critical Coverage Enhancement Error Type Classification should classify file not found errors" name="ErrorHandler - Critical Coverage Enhancement Error Type Classification should classify file not found errors" time="0.001">
    </testcase>
    <testcase classname="ErrorHandler - Critical Coverage Enhancement Error Type Classification should classify memory errors" name="ErrorHandler - Critical Coverage Enhancement Error Type Classification should classify memory errors" time="0.001">
    </testcase>
    <testcase classname="ErrorHandler - Critical Coverage Enhancement Error Type Classification should classify config errors" name="ErrorHandler - Critical Coverage Enhancement Error Type Classification should classify config errors" time="0.002">
    </testcase>
    <testcase classname="ErrorHandler - Critical Coverage Enhancement Context Information Processing should include all context information in result" name="ErrorHandler - Critical Coverage Enhancement Context Information Processing should include all context information in result" time="0.013">
    </testcase>
    <testcase classname="ErrorHandler - Critical Coverage Enhancement Context Information Processing should handle missing context gracefully" name="ErrorHandler - Critical Coverage Enhancement Context Information Processing should handle missing context gracefully" time="0.002">
    </testcase>
    <testcase classname="ErrorHandler - Critical Coverage Enhancement Context Information Processing should handle null context" name="ErrorHandler - Critical Coverage Enhancement Context Information Processing should handle null context" time="0.001">
    </testcase>
    <testcase classname="ErrorHandler - Critical Coverage Enhancement Context Information Processing should handle empty context object" name="ErrorHandler - Critical Coverage Enhancement Context Information Processing should handle empty context object" time="0.001">
    </testcase>
    <testcase classname="ErrorHandler - Critical Coverage Enhancement Error Message Processing should extract message from error objects" name="ErrorHandler - Critical Coverage Enhancement Error Message Processing should extract message from error objects" time="0.001">
    </testcase>
    <testcase classname="ErrorHandler - Critical Coverage Enhancement Error Message Processing should handle errors without message property" name="ErrorHandler - Critical Coverage Enhancement Error Message Processing should handle errors without message property" time="0.001">
    </testcase>
    <testcase classname="ErrorHandler - Critical Coverage Enhancement Error Message Processing should handle string errors" name="ErrorHandler - Critical Coverage Enhancement Error Message Processing should handle string errors" time="0.004">
    </testcase>
    <testcase classname="ErrorHandler - Critical Coverage Enhancement Error Message Processing should handle null or undefined errors safely" name="ErrorHandler - Critical Coverage Enhancement Error Message Processing should handle null or undefined errors safely" time="0.001">
    </testcase>
    <testcase classname="ErrorHandler - Critical Coverage Enhancement Status Code and Error Code Processing should preserve HTTP status codes" name="ErrorHandler - Critical Coverage Enhancement Status Code and Error Code Processing should preserve HTTP status codes" time="0.001">
    </testcase>
    <testcase classname="ErrorHandler - Critical Coverage Enhancement Status Code and Error Code Processing should preserve error codes" name="ErrorHandler - Critical Coverage Enhancement Status Code and Error Code Processing should preserve error codes" time="0.001">
    </testcase>
    <testcase classname="ErrorHandler - Critical Coverage Enhancement Status Code and Error Code Processing should handle errors with both status and statusCode" name="ErrorHandler - Critical Coverage Enhancement Status Code and Error Code Processing should handle errors with both status and statusCode" time="0.002">
    </testcase>
    <testcase classname="ErrorHandler - Critical Coverage Enhancement Status Code and Error Code Processing should handle 5xx errors as network errors" name="ErrorHandler - Critical Coverage Enhancement Status Code and Error Code Processing should handle 5xx errors as network errors" time="0.002">
    </testcase>
    <testcase classname="ErrorHandler - Critical Coverage Enhancement API Error Handling should handle API errors with response data" name="ErrorHandler - Critical Coverage Enhancement API Error Handling should handle API errors with response data" time="0.001">
    </testcase>
    <testcase classname="ErrorHandler - Critical Coverage Enhancement API Error Handling should handle API errors without response" name="ErrorHandler - Critical Coverage Enhancement API Error Handling should handle API errors without response" time="0.001">
    </testcase>
    <testcase classname="ErrorHandler - Critical Coverage Enhancement File Error Handling should handle file operation errors" name="ErrorHandler - Critical Coverage Enhancement File Error Handling should handle file operation errors" time="0.001">
    </testcase>
    <testcase classname="ErrorHandler - Critical Coverage Enhancement Validation Error Handling should handle validation errors with field info" name="ErrorHandler - Critical Coverage Enhancement Validation Error Handling should handle validation errors with field info" time="0.002">
    </testcase>
    <testcase classname="ErrorHandler - Critical Coverage Enhancement Validation Error Handling should truncate long values" name="ErrorHandler - Critical Coverage Enhancement Validation Error Handling should truncate long values" time="0.001">
    </testcase>
    <testcase classname="ErrorHandler - Critical Coverage Enhancement Error Creation should create standardized errors" name="ErrorHandler - Critical Coverage Enhancement Error Creation should create standardized errors" time="0.001">
    </testcase>
    <testcase classname="ErrorHandler - Critical Coverage Enhancement Error Creation should create errors with default values" name="ErrorHandler - Critical Coverage Enhancement Error Creation should create errors with default values" time="0.001">
    </testcase>
    <testcase classname="ErrorHandler - Critical Coverage Enhancement Retry Logic should retry retryable errors" name="ErrorHandler - Critical Coverage Enhancement Retry Logic should retry retryable errors" time="0.057">
    </testcase>
    <testcase classname="ErrorHandler - Critical Coverage Enhancement Retry Logic should not retry non-retryable errors" name="ErrorHandler - Critical Coverage Enhancement Retry Logic should not retry non-retryable errors" time="0.002">
    </testcase>
    <testcase classname="ErrorHandler - Critical Coverage Enhancement Retry Logic should exhaust retries for persistent errors" name="ErrorHandler - Critical Coverage Enhancement Retry Logic should exhaust retries for persistent errors" time="0.047">
    </testcase>
    <testcase classname="ErrorHandler - Critical Coverage Enhancement Special Edge Cases should handle very large error objects" name="ErrorHandler - Critical Coverage Enhancement Special Edge Cases should handle very large error objects" time="0.001">
    </testcase>
    <testcase classname="ErrorHandler - Critical Coverage Enhancement Special Edge Cases should handle circular reference errors" name="ErrorHandler - Critical Coverage Enhancement Special Edge Cases should handle circular reference errors" time="0.001">
[...]
    </testcase>
    <testcase classname="SecurityMonitor - Threat Analysis analyzeSecurityThreats should handle message without content" name="SecurityMonitor - Threat Analysis analyzeSecurityThreats should handle message without content" time="0.001">
    </testcase>
    <testcase classname="SecurityMonitor - Threat Analysis analyzeSecurityThreats should handle malformed message object" name="SecurityMonitor - Threat Analysis analyzeSecurityThreats should handle malformed message object" time="0.012">
    </testcase>
    <testcase classname="SecurityMonitor - Threat Analysis logSecurityEvent should log low-level security event" name="SecurityMonitor - Threat Analysis logSecurityEvent should log low-level security event" time="0.001">
    </testcase>
    <testcase classname="SecurityMonitor - Threat Analysis logSecurityEvent should log high-level security event" name="SecurityMonitor - Threat Analysis logSecurityEvent should log high-level security event" time="0.002">
    </testcase>
    <testcase classname="SecurityMonitor - Threat Analysis logSecurityEvent should handle missing event details" name="SecurityMonitor - Threat Analysis logSecurityEvent should handle missing event details" time="0.001">
    </testcase>
    <testcase classname="SecurityMonitor - Threat Analysis logSecurityEvent should throw error for invalid event" name="SecurityMonitor - Threat Analysis logSecurityEvent should throw error for invalid event" time="0.001">
    </testcase>
    <testcase classname="SecurityMonitor - Threat Analysis logSecurityEvent should throw error for event without type" name="SecurityMonitor - Threat Analysis logSecurityEvent should throw error for event without type" time="0.005">
    </testcase>
    <testcase classname="SecurityMonitor - Threat Analysis logSecurityEvent should throw error for event without level" name="SecurityMonitor - Threat Analysis logSecurityEvent should throw error for event without level" time="0.001">
    </testcase>
  </testsuite>
  <testsuite name="Message Formatter - Basic" errors="0" failures="0" skipped="0" timestamp="2025-10-01T20:59:54" time="0.263" tests="8">
    <testcase classname="Message Formatter - Basic formatResponse should format a response message with default options" name="Message Formatter - Basic formatResponse should format a response message with default options" time="0.002">
    </testcase>
    <testcase classname="Message Formatter - Basic formatResponse should remove excessive whitespace" name="Message Formatter - Basic formatResponse should remove excessive whitespace" time="0.001">
    </testcase>
    <testcase classname="Message Formatter - Basic formatResponse should truncate long messages" name="Message Formatter - Basic formatResponse should truncate long messages" time="0.005">
    </testcase>
    <testcase classname="Message Formatter - Basic formatResponse should handle empty messages" name="Message Formatter - Basic formatResponse should handle empty messages" time="0.002">
    </testcase>
    <testcase classname="Message Formatter - Basic formatResponse should handle null or undefined messages" name="Message Formatter - Basic formatResponse should handle null or undefined messages" time="0.001">
    </testcase>
    <testcase classname="Message Formatter - Basic formatResponse should handle messages with only whitespace" name="Message Formatter - Basic formatResponse should handle messages with only whitespace" time="0.001">
    </testcase>
    <testcase classname="Message Formatter - Basic formatResponse should preserve single line breaks" name="Message Formatter - Basic formatResponse should preserve single line breaks" time="0">
    </testcase>
    <testcase classname="Message Formatter - Basic formatResponse should handle messages with tabs" name="Message Formatter - Basic formatResponse should handle messages with tabs" time="0.001">
    </testcase>
  </testsuite>
  <testsuite name="Logger - Critical Coverage Enhancement" errors="0" failures="0" skipped="0" timestamp="2025-10-01T20:59:54" time="0.357" tests="33">
    <testcase classname="Logger - Critical Coverage Enhancement Log Level Filtering should skip debug logs when log level is INFO" name="Logger - Critical Coverage Enhancement Log Level Filtering should skip debug logs when log level is INFO" time="0.004">
    </testcase>
    <testcase classname="Logger - Critical Coverage Enhancement Log Level Filtering should skip info logs when log level is WARN" name="Logger - Critical Coverage Enhancement Log Level Filtering should skip info logs when log level is WARN" time="0.003">
    </testcase>
    <testcase classname="Logger - Critical Coverage Enhancement Log Level Filtering should skip warn logs when log level is ERROR" name="Logger - Critical Coverage Enhancement Log Level Filtering should skip warn logs when log level is ERROR" time="0.003">
    </testcase>
    <testcase classname="Logger - Critical Coverage Enhancement Log Level Filtering should process all log levels when set to DEBUG" name="Logger - Critical Coverage Enhancement Log Level Filtering should process all log levels when set to DEBUG" time="0.003">
    </testcase>
    <testcase classname="Logger - Critical Coverage Enhancement Log Level Filtering should handle invalid log level gracefully" name="Logger - Critical Coverage Enhancement Log Level Filtering should handle invalid log level gracefully" time="0.002">
    </testcase>
    <testcase classname="Logger - Critical Coverage Enhancement File Write Error Handling should handle file write errors gracefully" name="Logger - Critical Coverage Enhancement File Write Error Handling should handle file write errors gracefully" time="0.003">
    </testcase>
    <testcase classname="Logger - Critical Coverage Enhancement File Write Error Handling should continue logging to console when file write fails" name="Logger - Critical Coverage Enhancement File Write Error Handling should continue logging to console when file write fails" time="0.002">
    </testcase>
    <testcase classname="Logger - Critical Coverage Enhancement File Write Error Handling should handle directory creation failure" name="Logger - Critical Coverage Enhancement File Write Error Handling should handle directory creation failure" time="0.002">
    </testcase>
    <testcase classname="Logger - Critical Coverage Enhancement Log Rotation should rotate logs when file size exceeds limit" name="Logger - Critical Coverage Enhancement Log Rotation should rotate logs when file size exceeds limit" time="0.005">
    </testcase>
    <testcase classname="Logger - Critical Coverage Enhancement Log Rotation should handle stat errors during rotation check" name="Logger - Critical Coverage Enhancement Log Rotation should handle stat errors during rotation check" time="0.002">
    </testcase>
    <testcase classname="Logger - Critical Coverage Enhancement Log Rotation should handle readdir errors during cleanup" name="Logger - Critical Coverage Enhancement Log Rotation should handle readdir errors during cleanup" time="0.002">
    </testcase>
    <testcase classname="Logger - Critical Coverage Enhancement Log Rotation should handle unlink errors during log cleanup" name="Logger - Critical Coverage Enhancement Log Rotation should handle unlink errors during log cleanup" time="0.003">
    </testcase>
    <testcase classname="Logger - Critical Coverage Enhancement Log Rotation should not rotate when file size is under limit" name="Logger - Critical Coverage Enhancement Log Rotation should not rotate when file size is under limit" time="0.002">
    </testcase>
    <testcase classname="Logger - Critical Coverage Enhancement Log Rotation should handle non-existent log file during rotation check" name="Logger - Critical Coverage Enhancement Log Rotation should handle non-existent log file during rotation check" time="0.002">
    </testcase>
    <testcase classname="Logger - Critical Coverage Enhancement Log Rotation should use custom log size from environment variable" name="Logger - Critical Coverage Enhancement Log Rotation should use custom log size from environment variable" time="0.002">
    </testcase>
    <testcase classname="Logger - Critical Coverage Enhancement Log Rotation should use default size when custom size is invalid" name="Logger - Critical Coverage Enhancement Log Rotation should use default size when custom size is invalid" time="0.003">
    </testcase>
    <testcase classname="Logger - Critical Coverage Enhancement Data Logging should log data object when provided to info" name="Logger - Critical Coverage Enhancement Data Logging should log data object when provided to info" time="0.003">
    </testcase>
    <testcase classname="Logger - Critical Coverage Enhancement Data Logging should log data object when provided to warn" name="Logger - Critical Coverage Enhancement Data Logging should log data object when provided to warn" time="0.003">
    </testcase>
    <testcase classname="Logger - Critical Coverage Enhancement Data Logging should log data object when provided to debug" name="Logger - Critical Coverage Enhancement Data Logging should log data object when provided to debug" time="0.002">
    </testcase>
    <testcase classname="Logger - Critical Coverage Enhancement Data Logging should handle null data gracefully" name="Logger - Critical Coverage Enhancement Data Logging should handle null data gracefully" time="0.002">
    </testcase>
    <testcase classname="Logger - Critical Coverage Enhancement Data Logging should handle undefined data gracefully" name="Logger - Critical Coverage Enhancement Data Logging should handle undefined data gracefully" time="0.002">
    </testcase>
    <testcase classname="Logger - Critical Coverage Enhancement Data Logging should handle circular reference data gracefully" name="Logger - Critical Coverage Enhancement Data Logging should handle circular reference data gracefully" time="0.005">
    </testcase>
    <testcase classname="Logger - Critical Coverage Enhancement Error Method Context should handle error method with request details" name="Logger - Critical Coverage Enhancement Error Method Context should handle error method with request details" time="0.002">
    </testcase>
    <testcase classname="Logger - Critical Coverage Enhancement Error Method Context should handle errors without response" name="Logger - Critical Coverage Enhancement Error Method Context should handle errors without response" time="0.002">
    </testcase>
    <testcase classname="Logger - Critical Coverage Enhancement Error Method Context should handle errors without stack trace" name="Logger - Critical Coverage Enhancement Error Method Context should handle errors without stack trace" time="0.002">
    </testcase>
    <testcase classname="Logger - Critical Coverage Enhancement Error Method Context should handle simple data objects as errors" name="Logger - Critical Coverage Enhancement Error Method Context should handle simple data objects as errors" time="0.002">
    </testcase>
    <testcase classname="Logger - Critical Coverage Enhancement Error Method Context should handle general errors with stack traces" name="Logger - Critical Coverage Enhancement Error Method Context should handle general errors with stack traces" time="0.018">
    </testcase>
    <testcase classname="Logger - Critical Coverage Enhancement Message Formatting Edge Cases should handle very long messages" name="Logger - Critical Coverage Enhancement Message Formatting Edge Cases should handle very long messages" time="0.002">
    </testcase>
    <testcase classname="Logger - Critical Coverage Enhancement Message Formatting Edge Cases should handle messages with special characters" name="Logger - Critical Coverage Enhancement Message Formatting Edge Cases should handle messages with special characters" time="0.002">
    </testcase>
    <testcase classname="Logger - Critical Coverage Enhancement Message Formatting Edge Cases should handle empty string messages" name="Logger - Critical Coverage Enhancement Message Formatting Edge Cases should handle empty string messages" time="0.002">
    </testcase>
    <testcase classname="Logger - Critical Coverage Enhancement Message Formatting Edge Cases should handle numeric messages" name="Logger - Critical Coverage Enhancement Message Formatting Edge Cases should handle numeric messages" time="0.001">
    </testcase>
    <testcase classname="Logger - Critical Coverage Enhancement Test Environment Handling should not write to file in test environment" name="Logger - Critical Coverage Enhancement Test Environment Handling should not write to file in test environment" time="0.002">
    </testcase>
    <testcase classname="Logger - Critical Coverage Enhancement Test Environment Handling should not create directory in test environment" name="Logger - Critical Coverage Enhancement Test Environment Handling should not create directory in test environment" time="0.001">
    </testcase>
  </testsuite>
  <testsuite name="EnhancedCache - Statistics" errors="0" failures="0" skipped="0" timestamp="2025-10-01T20:59:55" time="0.308" tests="13">
    <testcase classname="EnhancedCache - Statistics Statistics and Metrics should track hit and miss statistics" name="EnhancedCache - Statistics Statistics and Metrics should track hit and miss statistics" time="0.002">
    </testcase>
    <testcase classname="EnhancedCache - Statistics Statistics and Metrics should track memory usage" name="EnhancedCache - Statistics Statistics and Metrics should track memory usage" time="0.003">
    </testcase>
    <testcase classname="EnhancedCache - Statistics Statistics and Metrics should track eviction count" name="EnhancedCache - Statistics Statistics and Metrics should track eviction count" time="0.003">
    </testcase>
    <testcase classname="EnhancedCache - Statistics Statistics and Metrics should provide detailed cache information" name="EnhancedCache - Statistics Statistics and Metrics should provide detailed cache information" time="0.003">
    </testcase>
    <testcase classname="EnhancedCache - Statistics Error Handling should handle invalid keys gracefully" name="EnhancedCache - Statistics Error Handling should handle invalid keys gracefully" time="0.002">
    </testcase>
    <testcase classname="EnhancedCache - Statistics Error Handling should handle invalid values gracefully" name="EnhancedCache - Statistics Error Handling should handle invalid values gracefully" time="0.007">
    </testcase>
    <testcase classname="EnhancedCache - Statistics Error Handling should handle cache operations during shutdown" name="EnhancedCache - Statistics Error Handling should handle cache operations during shutdown" time="0.002">
    </testcase>
    <testcase classname="EnhancedCache - Statistics Cache Entry should create cache entries with correct properties" name="EnhancedCache - Statistics Cache Entry should create cache entries with correct properties" time="0.002">
    </testcase>
    <testcase classname="EnhancedCache - Statistics Cache Entry should track access count correctly" name="EnhancedCache - Statistics Cache Entry should track access count correctly" time="0.003">
    </testcase>
    <testcase classname="EnhancedCache - Statistics Cache Entry should update last accessed time on get" name="EnhancedCache - Statistics Cache Entry should update last accessed time on get" time="0.023">
    </testcase>
    <testcase classname="EnhancedCache - Statistics Configuration should accept custom configuration" name="EnhancedCache - Statistics Configuration should accept custom configuration" time="0.002">
    </testcase>
    <testcase classname="EnhancedCache - Statistics Configuration should use default configuration when none provided" name="EnhancedCache - Statistics Configuration should use default configuration when none provided" time="0.001">
    </testcase>
    <testcase classname="EnhancedCache - Statistics Configuration should handle invalid configuration gracefully" name="EnhancedCache - Statistics Configuration should handle invalid configuration gracefully" time="0.001">
    </testcase>
  </testsuite>
  <testsuite name="EnhancedCache - Basic Operations" errors="0" failures="0" skipped="0" timestamp="2025-10-01T20:59:55" time="0.279" tests="7">
    <testcase classname="EnhancedCache - Basic Operations Basic Operations should set and get values" name="EnhancedCache - Basic Operations Basic Operations should set and get values" time="0.002">
    </testcase>
    <testcase classname="EnhancedCache - Basic Operations Basic Operations should return null for non-existent keys" name="EnhancedCache - Basic Operations Basic Operations should return null for non-existent keys" time="0.002">
    </testcase>
    <testcase classname="EnhancedCache - Basic Operations Basic Operations should check if key exists by getting it" name="EnhancedCache - Basic Operations Basic Operations should check if key exists by getting it" time="0.003">
    </testcase>
    <testcase classname="EnhancedCache - Basic Operations Basic Operations should delete keys" name="EnhancedCache - Basic Operations Basic Operations should delete keys" time="0.001">
    </testcase>
    <testcase classname="EnhancedCache - Basic Operations Basic Operations should clear all entries" name="EnhancedCache - Basic Operations Basic Operations should clear all entries" time="0.002">
    </testcase>
    <testcase classname="EnhancedCache - Basic Operations Basic Operations should handle different value types" name="EnhancedCache - Basic Operations Basic Operations should handle different value types" time="0.003">
    </testcase>
    <testcase classname="EnhancedCache - Basic Operations Basic Operations should update existing keys" name="EnhancedCache - Basic Operations Basic Operations should update existing keys" time="0.002">
    </testcase>
  </testsuite>
  <testsuite name="Cache Pruner" errors="0" failures="0" skipped="0" timestamp="2025-10-01T20:59:55" time="0.309" tests="8">
    <testcase classname="Cache Pruner _initializePruningSchedule should set up interval based on config" name="Cache Pruner _initializePruningSchedule should set up interval based on config" time="0.007">
    </testcase>
    <testcase classname="Cache Pruner _initializePruningSchedule should execute pruneCache on interval" name="Cache Pruner _initializePruningSchedule should execute pruneCache on interval" time="0.002">
    </testcase>
    <testcase classname="Cache Pruner pruneCache should call both pruning methods" name="Cache Pruner pruneCache should call both pruning methods" time="0.003">
    </testcase>
    <testcase classname="Cache Pruner pruneCache should handle errors" name="Cache Pruner pruneCache should handle errors" time="0.01">
    </testcase>
    <testcase classname="Cache Pruner _pruneQuestionCache should prune when over max entries" name="Cache Pruner _pruneQuestionCache should prune when over max entries" time="0.002">
    </testcase>
    <testcase classname="Cache Pruner _pruneQuestionCache should not prune when under max entries" name="Cache Pruner _pruneQuestionCache should not prune when under max entries" time="0.002">
    </testcase>
    <testcase classname="Cache Pruner _pruneQuestionCache should handle missing file gracefully" name="Cache Pruner _pruneQuestionCache should handle missing file gracefully" time="0.002">
    </testcase>
    <testcase classname="Cache Pruner getStatus should return correct status information" name="Cache Pruner getStatus should return correct status information" time="0.002">
    </testcase>
  </testsuite>
  <testsuite name="Discord mock" errors="0" failures="0" skipped="0" timestamp="2025-10-01T20:59:56" time="0.271" tests="1">
    <testcase classname="Discord mock Mock is valid" name="Discord mock Mock is valid" time="0.002">
    </testcase>
  </testsuite>
</testsuites>