<?xml version="1.0" encoding="UTF-8"?>
<testsuites name="jest tests" tests="364" failures="84" errors="0" time="13.223">
  <testsuite name="Memory Monitor - Core" errors="0" failures="0" skipped="0" timestamp="2025-09-24T07:38:53" time="3.908" tests="7">
    <testcase classname="Memory Monitor - Core should have correct default values" name="Memory Monitor - Core should have correct default values" time="0.081">
    </testcase>
    <testcase classname="Memory Monitor - Core should initialize successfully" name="Memory Monitor - Core should initialize successfully" time="0.014">
    </testcase>
    <testcase classname="Memory Monitor - Core should not initialize if already initialized" name="Memory Monitor - Core should not initialize if already initialized" time="0.004">
    </testcase>
    <testcase classname="Memory Monitor - Core should setup memory check interval on initialization" name="Memory Monitor - Core should setup memory check interval on initialization" time="0.002">
    </testcase>
    <testcase classname="Memory Monitor - Core should shutdown successfully when initialized" name="Memory Monitor - Core should shutdown successfully when initialized" time="0.002">
    </testcase>
    <testcase classname="Memory Monitor - Core should handle shutdown when not initialized" name="Memory Monitor - Core should handle shutdown when not initialized" time="0.001">
    </testcase>
    <testcase classname="Memory Monitor - Core should clear interval on shutdown" name="Memory Monitor - Core should clear interval on shutdown" time="0.001">
    </testcase>
  </testsuite>
  <testsuite name="Pi Detector - Detection" errors="0" failures="2" skipped="0" timestamp="2025-09-24T07:38:53" time="4.042" tests="8">
    <testcase classname="Pi Detector - Detection detectPiModel should detect Raspberry Pi 4" name="Pi Detector - Detection detectPiModel should detect Raspberry Pi 4" time="0.031">
    </testcase>
    <testcase classname="Pi Detector - Detection detectPiModel should detect Raspberry Pi 3" name="Pi Detector - Detection detectPiModel should detect Raspberry Pi 3" time="0.002">
    </testcase>
    <testcase classname="Pi Detector - Detection detectPiModel should detect Raspberry Pi 5" name="Pi Detector - Detection detectPiModel should detect Raspberry Pi 5" time="0.003">
    </testcase>
    <testcase classname="Pi Detector - Detection detectPiModel should handle CPU frequency detection" name="Pi Detector - Detection detectPiModel should handle CPU frequency detection" time="0.003">
      <failure>Error: expect(received).toBeDefined()

Received: undefined
    at Object.toBeDefined (C:\Users\ch\aszune\aszune-ai-bot\__tests__\unit\pi-detector-detection.test.js:88:40)
    at processTicksAndRejections (node:internal/process/task_queues:95:5)</failure>
    </testcase>
    <testcase classname="Pi Detector - Detection detectPiModel should handle temperature reading failure" name="Pi Detector - Detection detectPiModel should handle temperature reading failure" time="0.002">
    </testcase>
    <testcase classname="Pi Detector - Detection detectPiModel should handle non-Pi systems" name="Pi Detector - Detection detectPiModel should handle non-Pi systems" time="0.001">
    </testcase>
    <testcase classname="Pi Detector - Detection detectPiModel should handle non-Linux systems" name="Pi Detector - Detection detectPiModel should handle non-Linux systems" time="0.001">
    </testcase>
    <testcase classname="Pi Detector - Detection detectPiModel should handle errors gracefully" name="Pi Detector - Detection detectPiModel should handle errors gracefully" time="0.003">
      <failure>Error: expect(jest.fn()).toHaveBeenCalled()

Expected number of calls: &gt;= 1
Received number of calls:    0
    at Object.toHaveBeenCalled (C:\Users\ch\aszune\aszune-ai-bot\__tests__\unit\pi-detector-detection.test.js:129:28)
    at processTicksAndRejections (node:internal/process/task_queues:95:5)</failure>
    </testcase>
  </testsuite>
  <testsuite name="Pi Detector - Config Generation" errors="0" failures="8" skipped="0" timestamp="2025-09-24T07:38:53" time="4.099" tests="8">
    <testcase classname="Pi Detector - Config Generation generateOptimizedConfig should generate config for Pi 4 with 2GB" name="Pi Detector - Config Generation generateOptimizedConfig should generate config for Pi 4 with 2GB" time="0.04">
      <failure>Error: expect(received).toBe(expected) // Object.is equality

Expected: true
Received: false
    at Object.toBe (C:\Users\ch\aszune\aszune-ai-bot\__tests__\unit\pi-detector-config.test.js:38:35)
    at Promise.then.completed (C:\Users\ch\aszune\aszune-ai-bot\node_modules\jest-circus\build\utils.js:298:28)
    at new Promise (&lt;anonymous&gt;)
    at callAsyncCircusFn (C:\Users\ch\aszune\aszune-ai-bot\node_modules\jest-circus\build\utils.js:231:10)
    at _callCircusTest (C:\Users\ch\aszune\aszune-ai-bot\node_modules\jest-circus\build\run.js:316:40)
    at processTicksAndRejections (node:internal/process/task_queues:95:5)
    at _runTest (C:\Users\ch\aszune\aszune-ai-bot\node_modules\jest-circus\build\run.js:252:3)
    at _runTestsForDescribeBlock (C:\Users\ch\aszune\aszune-ai-bot\node_modules\jest-circus\build\run.js:126:9)
    at _runTestsForDescribeBlock (C:\Users\ch\aszune\aszune-ai-bot\node_modules\jest-circus\build\run.js:121:9)
    at _runTestsForDescribeBlock (C:\Users\ch\aszune\aszune-ai-bot\node_modules\jest-circus\build\run.js:121:9)
    at run (C:\Users\ch\aszune\aszune-ai-bot\node_modules\jest-circus\build\run.js:71:3)
    at runAndTransformResultsToJestFormat (C:\Users\ch\aszune\aszune-ai-bot\node_modules\jest-circus\build\legacy-code-todo-rewrite\jestAdapterInit.js:122:21)
    at jestAdapter (C:\Users\ch\aszune\aszune-ai-bot\node_modules\jest-circus\build\legacy-code-todo-rewrite\jestAdapter.js:79:19)
    at runTestInternal (C:\Users\ch\aszune\aszune-ai-bot\node_modules\jest-runner\build\runTest.js:367:16)
    at runTest (C:\Users\ch\aszune\aszune-ai-bot\node_modules\jest-runner\build\runTest.js:444:34)
    at Object.worker (C:\Users\ch\aszune\aszune-ai-bot\node_modules\jest-runner\build\testWorker.js:106:12)</failure>
    </testcase>
    <testcase classname="Pi Detector - Config Generation generateOptimizedConfig should generate config for Pi 4 with 1GB" name="Pi Detector - Config Generation generateOptimizedConfig should generate config for Pi 4 with 1GB" time="0.002">
      <failure>Error: expect(received).toBe(expected) // Object.is equality

Expected: true
Received: false
    at Object.toBe (C:\Users\ch\aszune\aszune-ai-bot\__tests__\unit\pi-detector-config.test.js:55:35)
    at Promise.then.completed (C:\Users\ch\aszune\aszune-ai-bot\node_modules\jest-circus\build\utils.js:298:28)
    at new Promise (&lt;anonymous&gt;)
    at callAsyncCircusFn (C:\Users\ch\aszune\aszune-ai-bot\node_modules\jest-circus\build\utils.js:231:10)
    at _callCircusTest (C:\Users\ch\aszune\aszune-ai-bot\node_modules\jest-circus\build\run.js:316:40)
    at processTicksAndRejections (node:internal/process/task_queues:95:5)
    at _runTest (C:\Users\ch\aszune\aszune-ai-bot\node_modules\jest-circus\build\run.js:252:3)
    at _runTestsForDescribeBlock (C:\Users\ch\aszune\aszune-ai-bot\node_modules\jest-circus\build\run.js:126:9)
    at _runTestsForDescribeBlock (C:\Users\ch\aszune\aszune-ai-bot\node_modules\jest-circus\build\run.js:121:9)
    at _runTestsForDescribeBlock (C:\Users\ch\aszune\aszune-ai-bot\node_modules\jest-circus\build\run.js:121:9)
    at run (C:\Users\ch\aszune\aszune-ai-bot\node_modules\jest-circus\build\run.js:71:3)
    at runAndTransformResultsToJestFormat (C:\Users\ch\aszune\aszune-ai-bot\node_modules\jest-circus\build\legacy-code-todo-rewrite\jestAdapterInit.js:122:21)
    at jestAdapter (C:\Users\ch\aszune\aszune-ai-bot\node_modules\jest-circus\build\legacy-code-todo-rewrite\jestAdapter.js:79:19)
    at runTestInternal (C:\Users\ch\aszune\aszune-ai-bot\node_modules\jest-runner\build\runTest.js:367:16)
    at runTest (C:\Users\ch\aszune\aszune-ai-bot\node_modules\jest-runner\build\runTest.js:444:34)
    at Object.worker (C:\Users\ch\aszune\aszune-ai-bot\node_modules\jest-runner\build\testWorker.js:106:12)</failure>
    </testcase>
    <testcase classname="Pi Detector - Config Generation generateOptimizedConfig should generate config for Pi 4 with 4GB" name="Pi Detector - Config Generation generateOptimizedConfig should generate config for Pi 4 with 4GB" time="0.001">
      <failure>Error: expect(received).toBe(expected) // Object.is equality

Expected: 4
Received: 5
    at Object.toBe (C:\Users\ch\aszune\aszune-ai-bot\__tests__\unit\pi-detector-config.test.js:73:38)
    at Promise.then.completed (C:\Users\ch\aszune\aszune-ai-bot\node_modules\jest-circus\build\utils.js:298:28)
    at new Promise (&lt;anonymous&gt;)
    at callAsyncCircusFn (C:\Users\ch\aszune\aszune-ai-bot\node_modules\jest-circus\build\utils.js:231:10)
    at _callCircusTest (C:\Users\ch\aszune\aszune-ai-bot\node_modules\jest-circus\build\run.js:316:40)
    at processTicksAndRejections (node:internal/process/task_queues:95:5)
    at _runTest (C:\Users\ch\aszune\aszune-ai-bot\node_modules\jest-circus\build\run.js:252:3)
    at _runTestsForDescribeBlock (C:\Users\ch\aszune\aszune-ai-bot\node_modules\jest-circus\build\run.js:126:9)
    at _runTestsForDescribeBlock (C:\Users\ch\aszune\aszune-ai-bot\node_modules\jest-circus\build\run.js:121:9)
    at _runTestsForDescribeBlock (C:\Users\ch\aszune\aszune-ai-bot\node_modules\jest-circus\build\run.js:121:9)
    at run (C:\Users\ch\aszune\aszune-ai-bot\node_modules\jest-circus\build\run.js:71:3)
    at runAndTransformResultsToJestFormat (C:\Users\ch\aszune\aszune-ai-bot\node_modules\jest-circus\build\legacy-code-todo-rewrite\jestAdapterInit.js:122:21)
    at jestAdapter (C:\Users\ch\aszune\aszune-ai-bot\node_modules\jest-circus\build\legacy-code-todo-rewrite\jestAdapter.js:79:19)
    at runTestInternal (C:\Users\ch\aszune\aszune-ai-bot\node_modules\jest-runner\build\runTest.js:367:16)
    at runTest (C:\Users\ch\aszune\aszune-ai-bot\node_modules\jest-runner\build\runTest.js:444:34)
    at Object.worker (C:\Users\ch\aszune\aszune-ai-bot\node_modules\jest-runner\build\testWorker.js:106:12)</failure>
    </testcase>
    <testcase classname="Pi Detector - Config Generation generateOptimizedConfig should generate config for Pi 3" name="Pi Detector - Config Generation generateOptimizedConfig should generate config for Pi 3" time="0.004">
      <failure>Error: expect(received).toBe(expected) // Object.is equality

Expected: 5
Received: undefined
    at Object.toBe (C:\Users\ch\aszune\aszune-ai-bot\__tests__\unit\pi-detector-config.test.js:91:34)
    at Promise.then.completed (C:\Users\ch\aszune\aszune-ai-bot\node_modules\jest-circus\build\utils.js:298:28)
    at new Promise (&lt;anonymous&gt;)
    at callAsyncCircusFn (C:\Users\ch\aszune\aszune-ai-bot\node_modules\jest-circus\build\utils.js:231:10)
    at _callCircusTest (C:\Users\ch\aszune\aszune-ai-bot\node_modules\jest-circus\build\run.js:316:40)
    at processTicksAndRejections (node:internal/process/task_queues:95:5)
    at _runTest (C:\Users\ch\aszune\aszune-ai-bot\node_modules\jest-circus\build\run.js:252:3)
    at _runTestsForDescribeBlock (C:\Users\ch\aszune\aszune-ai-bot\node_modules\jest-circus\build\run.js:126:9)
    at _runTestsForDescribeBlock (C:\Users\ch\aszune\aszune-ai-bot\node_modules\jest-circus\build\run.js:121:9)
    at _runTestsForDescribeBlock (C:\Users\ch\aszune\aszune-ai-bot\node_modules\jest-circus\build\run.js:121:9)
    at run (C:\Users\ch\aszune\aszune-ai-bot\node_modules\jest-circus\build\run.js:71:3)
    at runAndTransformResultsToJestFormat (C:\Users\ch\aszune\aszune-ai-bot\node_modules\jest-circus\build\legacy-code-todo-rewrite\jestAdapterInit.js:122:21)
    at jestAdapter (C:\Users\ch\aszune\aszune-ai-bot\node_modules\jest-circus\build\legacy-code-todo-rewrite\jestAdapter.js:79:19)
    at runTestInternal (C:\Users\ch\aszune\aszune-ai-bot\node_modules\jest-runner\build\runTest.js:367:16)
    at runTest (C:\Users\ch\aszune\aszune-ai-bot\node_modules\jest-runner\build\runTest.js:444:34)
    at Object.worker (C:\Users\ch\aszune\aszune-ai-bot\node_modules\jest-runner\build\testWorker.js:106:12)</failure>
    </testcase>
    <testcase classname="Pi Detector - Config Generation generateOptimizedConfig should generate config for Pi 5 with 4GB" name="Pi Detector - Config Generation generateOptimizedConfig should generate config for Pi 5 with 4GB" time="0.012">
      <failure>Error: expect(received).toBe(expected) // Object.is equality

Expected: 6
Received: 10
    at Object.toBe (C:\Users\ch\aszune\aszune-ai-bot\__tests__\unit\pi-detector-config.test.js:107:38)
    at Promise.then.completed (C:\Users\ch\aszune\aszune-ai-bot\node_modules\jest-circus\build\utils.js:298:28)
    at new Promise (&lt;anonymous&gt;)
    at callAsyncCircusFn (C:\Users\ch\aszune\aszune-ai-bot\node_modules\jest-circus\build\utils.js:231:10)
    at _callCircusTest (C:\Users\ch\aszune\aszune-ai-bot\node_modules\jest-circus\build\run.js:316:40)
    at processTicksAndRejections (node:internal/process/task_queues:95:5)
    at _runTest (C:\Users\ch\aszune\aszune-ai-bot\node_modules\jest-circus\build\run.js:252:3)
    at _runTestsForDescribeBlock (C:\Users\ch\aszune\aszune-ai-bot\node_modules\jest-circus\build\run.js:126:9)
    at _runTestsForDescribeBlock (C:\Users\ch\aszune\aszune-ai-bot\node_modules\jest-circus\build\run.js:121:9)
    at _runTestsForDescribeBlock (C:\Users\ch\aszune\aszune-ai-bot\node_modules\jest-circus\build\run.js:121:9)
    at run (C:\Users\ch\aszune\aszune-ai-bot\node_modules\jest-circus\build\run.js:71:3)
    at runAndTransformResultsToJestFormat (C:\Users\ch\aszune\aszune-ai-bot\node_modules\jest-circus\build\legacy-code-todo-rewrite\jestAdapterInit.js:122:21)
    at jestAdapter (C:\Users\ch\aszune\aszune-ai-bot\node_modules\jest-circus\build\legacy-code-todo-rewrite\jestAdapter.js:79:19)
    at runTestInternal (C:\Users\ch\aszune\aszune-ai-bot\node_modules\jest-runner\build\runTest.js:367:16)
    at runTest (C:\Users\ch\aszune\aszune-ai-bot\node_modules\jest-runner\build\runTest.js:444:34)
    at Object.worker (C:\Users\ch\aszune\aszune-ai-bot\node_modules\jest-runner\build\testWorker.js:106:12)</failure>
    </testcase>
    <testcase classname="Pi Detector - Config Generation generateOptimizedConfig should generate config for Pi 5 with 8GB" name="Pi Detector - Config Generation generateOptimizedConfig should generate config for Pi 5 with 8GB" time="0.004">
      <failure>Error: expect(received).toBe(expected) // Object.is equality

Expected: 8
Received: 10
    at Object.toBe (C:\Users\ch\aszune\aszune-ai-bot\__tests__\unit\pi-detector-config.test.js:124:38)
    at Promise.then.completed (C:\Users\ch\aszune\aszune-ai-bot\node_modules\jest-circus\build\utils.js:298:28)
    at new Promise (&lt;anonymous&gt;)
    at callAsyncCircusFn (C:\Users\ch\aszune\aszune-ai-bot\node_modules\jest-circus\build\utils.js:231:10)
    at _callCircusTest (C:\Users\ch\aszune\aszune-ai-bot\node_modules\jest-circus\build\run.js:316:40)
    at processTicksAndRejections (node:internal/process/task_queues:95:5)
    at _runTest (C:\Users\ch\aszune\aszune-ai-bot\node_modules\jest-circus\build\run.js:252:3)
    at _runTestsForDescribeBlock (C:\Users\ch\aszune\aszune-ai-bot\node_modules\jest-circus\build\run.js:126:9)
    at _runTestsForDescribeBlock (C:\Users\ch\aszune\aszune-ai-bot\node_modules\jest-circus\build\run.js:121:9)
    at _runTestsForDescribeBlock (C:\Users\ch\aszune\aszune-ai-bot\node_modules\jest-circus\build\run.js:121:9)
    at run (C:\Users\ch\aszune\aszune-ai-bot\node_modules\jest-circus\build\run.js:71:3)
    at runAndTransformResultsToJestFormat (C:\Users\ch\aszune\aszune-ai-bot\node_modules\jest-circus\build\legacy-code-todo-rewrite\jestAdapterInit.js:122:21)
    at jestAdapter (C:\Users\ch\aszune\aszune-ai-bot\node_modules\jest-circus\build\legacy-code-todo-rewrite\jestAdapter.js:79:19)
    at runTestInternal (C:\Users\ch\aszune\aszune-ai-bot\node_modules\jest-runner\build\runTest.js:367:16)
    at runTest (C:\Users\ch\aszune\aszune-ai-bot\node_modules\jest-runner\build\runTest.js:444:34)
    at Object.worker (C:\Users\ch\aszune\aszune-ai-bot\node_modules\jest-runner\build\testWorker.js:106:12)</failure>
    </testcase>
    <testcase classname="Pi Detector - Config Generation generateOptimizedConfig should generate config for unknown Pi model" name="Pi Detector - Config Generation generateOptimizedConfig should generate config for unknown Pi model" time="0.002">
      <failure>Error: expect(received).toBe(expected) // Object.is equality

Expected: 10
Received: undefined
    at Object.toBe (C:\Users\ch\aszune\aszune-ai-bot\__tests__\unit\pi-detector-config.test.js:142:34)
    at Promise.then.completed (C:\Users\ch\aszune\aszune-ai-bot\node_modules\jest-circus\build\utils.js:298:28)
    at new Promise (&lt;anonymous&gt;)
    at callAsyncCircusFn (C:\Users\ch\aszune\aszune-ai-bot\node_modules\jest-circus\build\utils.js:231:10)
    at _callCircusTest (C:\Users\ch\aszune\aszune-ai-bot\node_modules\jest-circus\build\run.js:316:40)
    at processTicksAndRejections (node:internal/process/task_queues:95:5)
    at _runTest (C:\Users\ch\aszune\aszune-ai-bot\node_modules\jest-circus\build\run.js:252:3)
    at _runTestsForDescribeBlock (C:\Users\ch\aszune\aszune-ai-bot\node_modules\jest-circus\build\run.js:126:9)
    at _runTestsForDescribeBlock (C:\Users\ch\aszune\aszune-ai-bot\node_modules\jest-circus\build\run.js:121:9)
    at _runTestsForDescribeBlock (C:\Users\ch\aszune\aszune-ai-bot\node_modules\jest-circus\build\run.js:121:9)
    at run (C:\Users\ch\aszune\aszune-ai-bot\node_modules\jest-circus\build\run.js:71:3)
    at runAndTransformResultsToJestFormat (C:\Users\ch\aszune\aszune-ai-bot\node_modules\jest-circus\build\legacy-code-todo-rewrite\jestAdapterInit.js:122:21)
    at jestAdapter (C:\Users\ch\aszune\aszune-ai-bot\node_modules\jest-circus\build\legacy-code-todo-rewrite\jestAdapter.js:79:19)
    at runTestInternal (C:\Users\ch\aszune\aszune-ai-bot\node_modules\jest-runner\build\runTest.js:367:16)
    at runTest (C:\Users\ch\aszune\aszune-ai-bot\node_modules\jest-runner\build\runTest.js:444:34)
    at Object.worker (C:\Users\ch\aszune\aszune-ai-bot\node_modules\jest-runner\build\testWorker.js:106:12)</failure>
    </testcase>
    <testcase classname="Pi Detector - Config Generation generateOptimizedConfig should generate config for non-Pi systems" name="Pi Detector - Config Generation generateOptimizedConfig should generate config for non-Pi systems" time="0.001">
      <failure>Error: expect(received).toBe(expected) // Object.is equality

Expected: false
Received: true
    at Object.toBe (C:\Users\ch\aszune\aszune-ai-bot\__tests__\unit\pi-detector-config.test.js:156:30)
    at Promise.then.completed (C:\Users\ch\aszune\aszune-ai-bot\node_modules\jest-circus\build\utils.js:298:28)
    at new Promise (&lt;anonymous&gt;)
    at callAsyncCircusFn (C:\Users\ch\aszune\aszune-ai-bot\node_modules\jest-circus\build\utils.js:231:10)
    at _callCircusTest (C:\Users\ch\aszune\aszune-ai-bot\node_modules\jest-circus\build\run.js:316:40)
    at processTicksAndRejections (node:internal/process/task_queues:95:5)
    at _runTest (C:\Users\ch\aszune\aszune-ai-bot\node_modules\jest-circus\build\run.js:252:3)
    at _runTestsForDescribeBlock (C:\Users\ch\aszune\aszune-ai-bot\node_modules\jest-circus\build\run.js:126:9)
    at _runTestsForDescribeBlock (C:\Users\ch\aszune\aszune-ai-bot\node_modules\jest-circus\build\run.js:121:9)
    at _runTestsForDescribeBlock (C:\Users\ch\aszune\aszune-ai-bot\node_modules\jest-circus\build\run.js:121:9)
    at run (C:\Users\ch\aszune\aszune-ai-bot\node_modules\jest-circus\build\run.js:71:3)
    at runAndTransformResultsToJestFormat (C:\Users\ch\aszune\aszune-ai-bot\node_modules\jest-circus\build\legacy-code-todo-rewrite\jestAdapterInit.js:122:21)
    at jestAdapter (C:\Users\ch\aszune\aszune-ai-bot\node_modules\jest-circus\build\legacy-code-todo-rewrite\jestAdapter.js:79:19)
    at runTestInternal (C:\Users\ch\aszune\aszune-ai-bot\node_modules\jest-runner\build\runTest.js:367:16)
    at runTest (C:\Users\ch\aszune\aszune-ai-bot\node_modules\jest-runner\build\runTest.js:444:34)
    at Object.worker (C:\Users\ch\aszune\aszune-ai-bot\node_modules\jest-runner\build\testWorker.js:106:12)</failure>
    </testcase>
  </testsuite>
  <testsuite name="Pi Detector - Initialization" errors="0" failures="5" skipped="0" timestamp="2025-09-24T07:38:53" time="4.135" tests="5">
    <testcase classname="Pi Detector - Initialization initPiOptimizations should initialize and return optimized config" name="Pi Detector - Initialization initPiOptimizations should initialize and return optimized config" time="0.114">
      <failure>Error: expect(jest.fn()).toHaveBeenCalledWith(...expected)

Expected: StringContaining &quot;Pi optimizations&quot;
Received
       1: &quot;Detected pi4 with 4.0GB RAM and 3 cores&quot;
       2: &quot;Applied optimizations: {\&quot;ENABLED\&quot;:true,\&quot;COMPACT_MODE\&quot;:false,\&quot;CACHE_ENABLED\&quot;:true,\&quot;CACHE_MAX_ENTRIES\&quot;:100,\&quot;MAX_CONNECTIONS\&quot;:5,\&quot;DEBOUNCE_MS\&quot;:100,\&quot;LOW_CPU_MODE\&quot;:false,\&quot;STREAM_RESPONSES\&quot;:true,\&quot;REACTION_LIMIT\&quot;:3,\&quot;MEMORY_LIMITS\&quot;:{\&quot;RAM_THRESHOLD_MB\&quot;:1000,\&quot;RAM_CRITICAL_MB\&quot;:1500}}&quot;

Number of calls: 2
    at Object.toHaveBeenCalledWith (C:\Users\ch\aszune\aszune-ai-bot\__tests__\unit\pi-detector-init.test.js:46:27)
    at processTicksAndRejections (node:internal/process/task_queues:95:5)</failure>
    </testcase>
    <testcase classname="Pi Detector - Initialization initPiOptimizations should respect environment variable overrides" name="Pi Detector - Initialization initPiOptimizations should respect environment variable overrides" time="0.004">
      <failure>Error: expect(received).toBe(expected) // Object.is equality

Expected: false
Received: true
    at Object.toBe (C:\Users\ch\aszune\aszune-ai-bot\__tests__\unit\pi-detector-init.test.js:61:30)
    at processTicksAndRejections (node:internal/process/task_queues:95:5)</failure>
    </testcase>
    <testcase classname="Pi Detector - Initialization initPiOptimizations should handle errors and return safe defaults" name="Pi Detector - Initialization initPiOptimizations should handle errors and return safe defaults" time="0.003">
      <failure>Error: expect(received).toBe(expected) // Object.is equality

Expected: false
Received: true
    at Object.toBe (C:\Users\ch\aszune\aszune-ai-bot\__tests__\unit\pi-detector-init.test.js:78:30)
    at processTicksAndRejections (node:internal/process/task_queues:95:5)</failure>
    </testcase>
    <testcase classname="Pi Detector - Initialization initPiOptimizations should not initialize Pi optimizations when disabled by environment variable" name="Pi Detector - Initialization initPiOptimizations should not initialize Pi optimizations when disabled by environment variable" time="0.015">
      <failure>Error: expect(received).toBe(expected) // Object.is equality

Expected: false
Received: true
    at Object.toBe (C:\Users\ch\aszune\aszune-ai-bot\__tests__\unit\pi-detector-init.test.js:87:30)
    at processTicksAndRejections (node:internal/process/task_queues:95:5)</failure>
    </testcase>
    <testcase classname="Pi Detector - Initialization initPiOptimizations should use environment-provided values when initialization fails" name="Pi Detector - Initialization initPiOptimizations should use environment-provided values when initialization fails" time="0.015">
      <failure>Error: expect(received).toBe(expected) // Object.is equality

Expected: true
Received: false
    at Object.toBe (C:\Users\ch\aszune\aszune-ai-bot\__tests__\unit\pi-detector-init.test.js:105:35)
    at processTicksAndRejections (node:internal/process/task_queues:95:5)</failure>
    </testcase>
  </testsuite>
  <testsuite name="InputValidator - Sanitization" errors="0" failures="6" skipped="0" timestamp="2025-09-24T07:38:53" time="4.36" tests="9">
    <testcase classname="InputValidator - Sanitization validateAndSanitize should validate and sanitize clean input" name="InputValidator - Sanitization validateAndSanitize should validate and sanitize clean input" time="0.039">
    </testcase>
    <testcase classname="InputValidator - Sanitization validateAndSanitize should sanitize HTML content" name="InputValidator - Sanitization validateAndSanitize should sanitize HTML content" time="0.004">
    </testcase>
    <testcase classname="InputValidator - Sanitization validateAndSanitize should reject dangerous content" name="InputValidator - Sanitization validateAndSanitize should reject dangerous content" time="0.008">
      <failure>Error: expect(received).toBe(expected) // Object.is equality

Expected: false
Received: true
    at Object.toBe (C:\Users\ch\aszune\aszune-ai-bot\__tests__\unit\input-validator-sanitization.test.js:38:28)
    at Promise.then.completed (C:\Users\ch\aszune\aszune-ai-bot\node_modules\jest-circus\build\utils.js:298:28)
    at new Promise (&lt;anonymous&gt;)
    at callAsyncCircusFn (C:\Users\ch\aszune\aszune-ai-bot\node_modules\jest-circus\build\utils.js:231:10)
    at _callCircusTest (C:\Users\ch\aszune\aszune-ai-bot\node_modules\jest-circus\build\run.js:316:40)
    at processTicksAndRejections (node:internal/process/task_queues:95:5)
    at _runTest (C:\Users\ch\aszune\aszune-ai-bot\node_modules\jest-circus\build\run.js:252:3)
    at _runTestsForDescribeBlock (C:\Users\ch\aszune\aszune-ai-bot\node_modules\jest-circus\build\run.js:126:9)
    at _runTestsForDescribeBlock (C:\Users\ch\aszune\aszune-ai-bot\node_modules\jest-circus\build\run.js:121:9)
    at _runTestsForDescribeBlock (C:\Users\ch\aszune\aszune-ai-bot\node_modules\jest-circus\build\run.js:121:9)
    at run (C:\Users\ch\aszune\aszune-ai-bot\node_modules\jest-circus\build\run.js:71:3)
    at runAndTransformResultsToJestFormat (C:\Users\ch\aszune\aszune-ai-bot\node_modules\jest-circus\build\legacy-code-todo-rewrite\jestAdapterInit.js:122:21)
    at jestAdapter (C:\Users\ch\aszune\aszune-ai-bot\node_modules\jest-circus\build\legacy-code-todo-rewrite\jestAdapter.js:79:19)
    at runTestInternal (C:\Users\ch\aszune\aszune-ai-bot\node_modules\jest-runner\build\runTest.js:367:16)
    at runTest (C:\Users\ch\aszune\aszune-ai-bot\node_modules\jest-runner\build\runTest.js:444:34)
    at Object.worker (C:\Users\ch\aszune\aszune-ai-bot\node_modules\jest-runner\build\testWorker.js:106:12)</failure>
    </testcase>
    <testcase classname="InputValidator - Sanitization validateAndSanitize should handle empty input" name="InputValidator - Sanitization validateAndSanitize should handle empty input" time="0.004">
      <failure>Error: expect(received).toBe(expected) // Object.is equality

Expected: true
Received: false
    at Object.toBe (C:\Users\ch\aszune\aszune-ai-bot\__tests__\unit\input-validator-sanitization.test.js:45:28)
    at Promise.then.completed (C:\Users\ch\aszune\aszune-ai-bot\node_modules\jest-circus\build\utils.js:298:28)
    at new Promise (&lt;anonymous&gt;)
    at callAsyncCircusFn (C:\Users\ch\aszune\aszune-ai-bot\node_modules\jest-circus\build\utils.js:231:10)
    at _callCircusTest (C:\Users\ch\aszune\aszune-ai-bot\node_modules\jest-circus\build\run.js:316:40)
    at processTicksAndRejections (node:internal/process/task_queues:95:5)
    at _runTest (C:\Users\ch\aszune\aszune-ai-bot\node_modules\jest-circus\build\run.js:252:3)
    at _runTestsForDescribeBlock (C:\Users\ch\aszune\aszune-ai-bot\node_modules\jest-circus\build\run.js:126:9)
    at _runTestsForDescribeBlock (C:\Users\ch\aszune\aszune-ai-bot\node_modules\jest-circus\build\run.js:121:9)
    at _runTestsForDescribeBlock (C:\Users\ch\aszune\aszune-ai-bot\node_modules\jest-circus\build\run.js:121:9)
    at run (C:\Users\ch\aszune\aszune-ai-bot\node_modules\jest-circus\build\run.js:71:3)
    at runAndTransformResultsToJestFormat (C:\Users\ch\aszune\aszune-ai-bot\node_modules\jest-circus\build\legacy-code-todo-rewrite\jestAdapterInit.js:122:21)
    at jestAdapter (C:\Users\ch\aszune\aszune-ai-bot\node_modules\jest-circus\build\legacy-code-todo-rewrite\jestAdapter.js:79:19)
    at runTestInternal (C:\Users\ch\aszune\aszune-ai-bot\node_modules\jest-runner\build\runTest.js:367:16)
    at runTest (C:\Users\ch\aszune\aszune-ai-bot\node_modules\jest-runner\build\runTest.js:444:34)
    at Object.worker (C:\Users\ch\aszune\aszune-ai-bot\node_modules\jest-runner\build\testWorker.js:106:12)</failure>
    </testcase>
    <testcase classname="InputValidator - Sanitization validateAndSanitize should handle null input" name="InputValidator - Sanitization validateAndSanitize should handle null input" time="0.001">
    </testcase>
    <testcase classname="InputValidator - Sanitization validateAndSanitize should validate different input types" name="InputValidator - Sanitization validateAndSanitize should validate different input types" time="0.002">
      <failure>Error: expect(received).toBe(expected) // Object.is equality

Expected: false
Received: true
    at toBe (C:\Users\ch\aszune\aszune-ai-bot\__tests__\unit\input-validator-sanitization.test.js:68:30)
    at Array.forEach (&lt;anonymous&gt;)
    at Object.forEach (C:\Users\ch\aszune\aszune-ai-bot\__tests__\unit\input-validator-sanitization.test.js:66:17)
    at Promise.then.completed (C:\Users\ch\aszune\aszune-ai-bot\node_modules\jest-circus\build\utils.js:298:28)
    at new Promise (&lt;anonymous&gt;)
    at callAsyncCircusFn (C:\Users\ch\aszune\aszune-ai-bot\node_modules\jest-circus\build\utils.js:231:10)
    at _callCircusTest (C:\Users\ch\aszune\aszune-ai-bot\node_modules\jest-circus\build\run.js:316:40)
    at processTicksAndRejections (node:internal/process/task_queues:95:5)
    at _runTest (C:\Users\ch\aszune\aszune-ai-bot\node_modules\jest-circus\build\run.js:252:3)
    at _runTestsForDescribeBlock (C:\Users\ch\aszune\aszune-ai-bot\node_modules\jest-circus\build\run.js:126:9)
    at _runTestsForDescribeBlock (C:\Users\ch\aszune\aszune-ai-bot\node_modules\jest-circus\build\run.js:121:9)
    at _runTestsForDescribeBlock (C:\Users\ch\aszune\aszune-ai-bot\node_modules\jest-circus\build\run.js:121:9)
    at run (C:\Users\ch\aszune\aszune-ai-bot\node_modules\jest-circus\build\run.js:71:3)
    at runAndTransformResultsToJestFormat (C:\Users\ch\aszune\aszune-ai-bot\node_modules\jest-circus\build\legacy-code-todo-rewrite\jestAdapterInit.js:122:21)
    at jestAdapter (C:\Users\ch\aszune\aszune-ai-bot\node_modules\jest-circus\build\legacy-code-todo-rewrite\jestAdapter.js:79:19)
    at runTestInternal (C:\Users\ch\aszune\aszune-ai-bot\node_modules\jest-runner\build\runTest.js:367:16)
    at runTest (C:\Users\ch\aszune\aszune-ai-bot\node_modules\jest-runner\build\runTest.js:444:34)
    at Object.worker (C:\Users\ch\aszune\aszune-ai-bot\node_modules\jest-runner\build\testWorker.js:106:12)</failure>
    </testcase>
    <testcase classname="InputValidator - Sanitization validation patterns should have correct validation patterns" name="InputValidator - Sanitization validation patterns should have correct validation patterns" time="0.02">
      <failure>Error: expect(received).toHaveProperty(path)

Expected path: &quot;USER_ID&quot;
Received path: []

Received value: {&quot;ALPHANUMERIC&quot;: /^[a-zA-Z0-9]+$/, &quot;ALPHANUMERIC_WITH_SPACES&quot;: /^[a-zA-Z0-9\s]+$/, &quot;COMMAND_NAME&quot;: /^[a-zA-Z0-9_-]{1,32}$/, &quot;COMMAND_PREFIX&quot;: /^[!/]/, &quot;DISCORD_SNOWFLAKE&quot;: /^\d{17,19}$/, &quot;DISCORD_USER_ID&quot;: /^\d{17,19}$/, &quot;EMAIL_PATTERN&quot;: /^[^\s@]+@[^\s@]+\.[^\s@]+$/, &quot;FILENAME&quot;: /^[a-zA-Z0-9._-]{1,255}$/, &quot;FLOAT&quot;: /^-?\d+\.?\d*$/, &quot;INTEGER&quot;: /^-?\d+$/, &quot;MESSAGE_CONTENT&quot;: /^[\s\S]{1,4000}$/, &quot;PATH&quot;: /^[a-zA-Z0-9._\-/\\]{1,500}$/, &quot;POSITIVE_INTEGER&quot;: /^\d+$/, &quot;SAFE_TEXT&quot;: /^[a-zA-Z0-9\s.,!?@#$%^&amp;*()_+\-=[\]{};&apos;:&quot;\\|,.&lt;&gt;/~`]+$/, &quot;URL_PATTERN&quot;: /^https?:\/\/[^\s/$.?#].[^\s]*$/i}
    at Object.toHaveProperty (C:\Users\ch\aszune\aszune-ai-bot\__tests__\unit\input-validator-sanitization.test.js:75:35)
    at Promise.then.completed (C:\Users\ch\aszune\aszune-ai-bot\node_modules\jest-circus\build\utils.js:298:28)
    at new Promise (&lt;anonymous&gt;)
    at callAsyncCircusFn (C:\Users\ch\aszune\aszune-ai-bot\node_modules\jest-circus\build\utils.js:231:10)
    at _callCircusTest (C:\Users\ch\aszune\aszune-ai-bot\node_modules\jest-circus\build\run.js:316:40)
    at processTicksAndRejections (node:internal/process/task_queues:95:5)
    at _runTest (C:\Users\ch\aszune\aszune-ai-bot\node_modules\jest-circus\build\run.js:252:3)
    at _runTestsForDescribeBlock (C:\Users\ch\aszune\aszune-ai-bot\node_modules\jest-circus\build\run.js:126:9)
    at _runTestsForDescribeBlock (C:\Users\ch\aszune\aszune-ai-bot\node_modules\jest-circus\build\run.js:121:9)
    at _runTestsForDescribeBlock (C:\Users\ch\aszune\aszune-ai-bot\node_modules\jest-circus\build\run.js:121:9)
    at run (C:\Users\ch\aszune\aszune-ai-bot\node_modules\jest-circus\build\run.js:71:3)
    at runAndTransformResultsToJestFormat (C:\Users\ch\aszune\aszune-ai-bot\node_modules\jest-circus\build\legacy-code-todo-rewrite\jestAdapterInit.js:122:21)
    at jestAdapter (C:\Users\ch\aszune\aszune-ai-bot\node_modules\jest-circus\build\legacy-code-todo-rewrite\jestAdapter.js:79:19)
    at runTestInternal (C:\Users\ch\aszune\aszune-ai-bot\node_modules\jest-runner\build\runTest.js:367:16)
    at runTest (C:\Users\ch\aszune\aszune-ai-bot\node_modules\jest-runner\build\runTest.js:444:34)
    at Object.worker (C:\Users\ch\aszune\aszune-ai-bot\node_modules\jest-runner\build\testWorker.js:106:12)</failure>
    </testcase>
    <testcase classname="InputValidator - Sanitization validation patterns should have correct validation limits" name="InputValidator - Sanitization validation patterns should have correct validation limits" time="0.002">
      <failure>Error: expect(received).toHaveProperty(path)

Expected path: &quot;TEXT_MAX_LENGTH&quot;
Received path: []

Received value: {&quot;MAX_COMMAND_LENGTH&quot;: 100, &quot;MAX_FILENAME_LENGTH&quot;: 255, &quot;MAX_HISTORY_LENGTH&quot;: 50, &quot;MAX_MESSAGE_LENGTH&quot;: 4000, &quot;MAX_PASSWORD_LENGTH&quot;: 128, &quot;MAX_PATH_LENGTH&quot;: 500, &quot;MAX_URL_LENGTH&quot;: 2048, &quot;MAX_USERNAME_LENGTH&quot;: 32, &quot;MIN_PASSWORD_LENGTH&quot;: 8}
    at Object.toHaveProperty (C:\Users\ch\aszune\aszune-ai-bot\__tests__\unit\input-validator-sanitization.test.js:82:33)
    at Promise.then.completed (C:\Users\ch\aszune\aszune-ai-bot\node_modules\jest-circus\build\utils.js:298:28)
    at new Promise (&lt;anonymous&gt;)
    at callAsyncCircusFn (C:\Users\ch\aszune\aszune-ai-bot\node_modules\jest-circus\build\utils.js:231:10)
    at _callCircusTest (C:\Users\ch\aszune\aszune-ai-bot\node_modules\jest-circus\build\run.js:316:40)
    at processTicksAndRejections (node:internal/process/task_queues:95:5)
    at _runTest (C:\Users\ch\aszune\aszune-ai-bot\node_modules\jest-circus\build\run.js:252:3)
    at _runTestsForDescribeBlock (C:\Users\ch\aszune\aszune-ai-bot\node_modules\jest-circus\build\run.js:126:9)
    at _runTestsForDescribeBlock (C:\Users\ch\aszune\aszune-ai-bot\node_modules\jest-circus\build\run.js:121:9)
    at _runTestsForDescribeBlock (C:\Users\ch\aszune\aszune-ai-bot\node_modules\jest-circus\build\run.js:121:9)
    at run (C:\Users\ch\aszune\aszune-ai-bot\node_modules\jest-circus\build\run.js:71:3)
    at runAndTransformResultsToJestFormat (C:\Users\ch\aszune\aszune-ai-bot\node_modules\jest-circus\build\legacy-code-todo-rewrite\jestAdapterInit.js:122:21)
    at jestAdapter (C:\Users\ch\aszune\aszune-ai-bot\node_modules\jest-circus\build\legacy-code-todo-rewrite\jestAdapter.js:79:19)
    at runTestInternal (C:\Users\ch\aszune\aszune-ai-bot\node_modules\jest-runner\build\runTest.js:367:16)
    at runTest (C:\Users\ch\aszune\aszune-ai-bot\node_modules\jest-runner\build\runTest.js:444:34)
    at Object.worker (C:\Users\ch\aszune\aszune-ai-bot\node_modules\jest-runner\build\testWorker.js:106:12)</failure>
    </testcase>
    <testcase classname="InputValidator - Sanitization validation patterns should have dangerous patterns defined" name="InputValidator - Sanitization validation patterns should have dangerous patterns defined" time="0.001">
      <failure>Error: expect(received).toBe(expected) // Object.is equality

Expected: true
Received: false
    at Object.toBe (C:\Users\ch\aszune\aszune-ai-bot\__tests__\unit\input-validator-sanitization.test.js:90:49)
    at Promise.then.completed (C:\Users\ch\aszune\aszune-ai-bot\node_modules\jest-circus\build\utils.js:298:28)
    at new Promise (&lt;anonymous&gt;)
    at callAsyncCircusFn (C:\Users\ch\aszune\aszune-ai-bot\node_modules\jest-circus\build\utils.js:231:10)
    at _callCircusTest (C:\Users\ch\aszune\aszune-ai-bot\node_modules\jest-circus\build\run.js:316:40)
    at processTicksAndRejections (node:internal/process/task_queues:95:5)
    at _runTest (C:\Users\ch\aszune\aszune-ai-bot\node_modules\jest-circus\build\run.js:252:3)
    at _runTestsForDescribeBlock (C:\Users\ch\aszune\aszune-ai-bot\node_modules\jest-circus\build\run.js:126:9)
    at _runTestsForDescribeBlock (C:\Users\ch\aszune\aszune-ai-bot\node_modules\jest-circus\build\run.js:121:9)
    at _runTestsForDescribeBlock (C:\Users\ch\aszune\aszune-ai-bot\node_modules\jest-circus\build\run.js:121:9)
    at run (C:\Users\ch\aszune\aszune-ai-bot\node_modules\jest-circus\build\run.js:71:3)
    at runAndTransformResultsToJestFormat (C:\Users\ch\aszune\aszune-ai-bot\node_modules\jest-circus\build\legacy-code-todo-rewrite\jestAdapterInit.js:122:21)
    at jestAdapter (C:\Users\ch\aszune\aszune-ai-bot\node_modules\jest-circus\build\legacy-code-todo-rewrite\jestAdapter.js:79:19)
    at runTestInternal (C:\Users\ch\aszune\aszune-ai-bot\node_modules\jest-runner\build\runTest.js:367:16)
    at runTest (C:\Users\ch\aszune\aszune-ai-bot\node_modules\jest-runner\build\runTest.js:444:34)
    at Object.worker (C:\Users\ch\aszune\aszune-ai-bot\node_modules\jest-runner\build\testWorker.js:106:12)</failure>
    </testcase>
  </testsuite>
  <testsuite name="InputValidator - User ID" errors="0" failures="2" skipped="0" timestamp="2025-09-24T07:38:57" time="1.458" tests="4">
    <testcase classname="InputValidator - User ID validateUserId should validate correct Discord user IDs" name="InputValidator - User ID validateUserId should validate correct Discord user IDs" time="0.073">
    </testcase>
    <testcase classname="InputValidator - User ID validateUserId should reject invalid user IDs" name="InputValidator - User ID validateUserId should reject invalid user IDs" time="0.035">
      <failure>Error: expect(received).toBe(expected) // Object.is equality

Expected: false
Received: true
    at toBe (C:\Users\ch\aszune\aszune-ai-bot\__tests__\unit\input-validator-userid.test.js:34:30)
    at Array.forEach (&lt;anonymous&gt;)
    at Object.forEach (C:\Users\ch\aszune\aszune-ai-bot\__tests__\unit\input-validator-userid.test.js:32:18)
    at Promise.then.completed (C:\Users\ch\aszune\aszune-ai-bot\node_modules\jest-circus\build\utils.js:298:28)
    at new Promise (&lt;anonymous&gt;)
    at callAsyncCircusFn (C:\Users\ch\aszune\aszune-ai-bot\node_modules\jest-circus\build\utils.js:231:10)
    at _callCircusTest (C:\Users\ch\aszune\aszune-ai-bot\node_modules\jest-circus\build\run.js:316:40)
    at processTicksAndRejections (node:internal/process/task_queues:95:5)
    at _runTest (C:\Users\ch\aszune\aszune-ai-bot\node_modules\jest-circus\build\run.js:252:3)
    at _runTestsForDescribeBlock (C:\Users\ch\aszune\aszune-ai-bot\node_modules\jest-circus\build\run.js:126:9)
    at _runTestsForDescribeBlock (C:\Users\ch\aszune\aszune-ai-bot\node_modules\jest-circus\build\run.js:121:9)
    at _runTestsForDescribeBlock (C:\Users\ch\aszune\aszune-ai-bot\node_modules\jest-circus\build\run.js:121:9)
    at run (C:\Users\ch\aszune\aszune-ai-bot\node_modules\jest-circus\build\run.js:71:3)
    at runAndTransformResultsToJestFormat (C:\Users\ch\aszune\aszune-ai-bot\node_modules\jest-circus\build\legacy-code-todo-rewrite\jestAdapterInit.js:122:21)
    at jestAdapter (C:\Users\ch\aszune\aszune-ai-bot\node_modules\jest-circus\build\legacy-code-todo-rewrite\jestAdapter.js:79:19)
    at runTestInternal (C:\Users\ch\aszune\aszune-ai-bot\node_modules\jest-runner\build\runTest.js:367:16)
    at runTest (C:\Users\ch\aszune\aszune-ai-bot\node_modules\jest-runner\build\runTest.js:444:34)
    at Object.worker (C:\Users\ch\aszune\aszune-ai-bot\node_modules\jest-runner\build\testWorker.js:106:12)</failure>
    </testcase>
    <testcase classname="InputValidator - User ID validateUserId should accept valid user IDs" name="InputValidator - User ID validateUserId should accept valid user IDs" time="0.002">
    </testcase>
    <testcase classname="InputValidator - User ID validateUserId should handle edge cases" name="InputValidator - User ID validateUserId should handle edge cases" time="0.003">
      <failure>Error: expect(received).toBe(expected) // Object.is equality

Expected: false
Received: true
    at toBe (C:\Users\ch\aszune\aszune-ai-bot\__tests__\unit\input-validator-userid.test.js:60:30)
    at Array.forEach (&lt;anonymous&gt;)
    at Object.forEach (C:\Users\ch\aszune\aszune-ai-bot\__tests__\unit\input-validator-userid.test.js:58:17)
    at Promise.then.completed (C:\Users\ch\aszune\aszune-ai-bot\node_modules\jest-circus\build\utils.js:298:28)
    at new Promise (&lt;anonymous&gt;)
    at callAsyncCircusFn (C:\Users\ch\aszune\aszune-ai-bot\node_modules\jest-circus\build\utils.js:231:10)
    at _callCircusTest (C:\Users\ch\aszune\aszune-ai-bot\node_modules\jest-circus\build\run.js:316:40)
    at processTicksAndRejections (node:internal/process/task_queues:95:5)
    at _runTest (C:\Users\ch\aszune\aszune-ai-bot\node_modules\jest-circus\build\run.js:252:3)
    at _runTestsForDescribeBlock (C:\Users\ch\aszune\aszune-ai-bot\node_modules\jest-circus\build\run.js:126:9)
    at _runTestsForDescribeBlock (C:\Users\ch\aszune\aszune-ai-bot\node_modules\jest-circus\build\run.js:121:9)
    at _runTestsForDescribeBlock (C:\Users\ch\aszune\aszune-ai-bot\node_modules\jest-circus\build\run.js:121:9)
    at run (C:\Users\ch\aszune\aszune-ai-bot\node_modules\jest-circus\build\run.js:71:3)
    at runAndTransformResultsToJestFormat (C:\Users\ch\aszune\aszune-ai-bot\node_modules\jest-circus\build\legacy-code-todo-rewrite\jestAdapterInit.js:122:21)
    at jestAdapter (C:\Users\ch\aszune\aszune-ai-bot\node_modules\jest-circus\build\legacy-code-todo-rewrite\jestAdapter.js:79:19)
    at runTestInternal (C:\Users\ch\aszune\aszune-ai-bot\node_modules\jest-runner\build\runTest.js:367:16)
    at runTest (C:\Users\ch\aszune\aszune-ai-bot\node_modules\jest-runner\build\runTest.js:444:34)
    at Object.worker (C:\Users\ch\aszune\aszune-ai-bot\node_modules\jest-runner\build\testWorker.js:106:12)</failure>
    </testcase>
  </testsuite>
  <testsuite name="Memory Monitor - Utils" errors="0" failures="5" skipped="0" timestamp="2025-09-24T07:38:53" time="4.725" tests="6">
    <testcase classname="Memory Monitor - Utils should return memory usage information" name="Memory Monitor - Utils should return memory usage information" time="0.101">
      <failure>Error: expect(received).toHaveProperty(path)

Expected path: &quot;heapUsedPercent&quot;
Received path: []

Received value: {&quot;external&quot;: 10485760, &quot;heapTotal&quot;: 83886080, &quot;heapUsed&quot;: 52428800, &quot;isLowMemory&quot;: false, &quot;percentUsed&quot;: 25, &quot;rss&quot;: 104857600}
    at Object.toHaveProperty (C:\Users\ch\aszune\aszune-ai-bot\__tests__\unit\memory-monitor-utils.test.js:64:19)
    at Promise.then.completed (C:\Users\ch\aszune\aszune-ai-bot\node_modules\jest-circus\build\utils.js:298:28)
    at new Promise (&lt;anonymous&gt;)
    at callAsyncCircusFn (C:\Users\ch\aszune\aszune-ai-bot\node_modules\jest-circus\build\utils.js:231:10)
    at _callCircusTest (C:\Users\ch\aszune\aszune-ai-bot\node_modules\jest-circus\build\run.js:316:40)
    at processTicksAndRejections (node:internal/process/task_queues:95:5)
    at _runTest (C:\Users\ch\aszune\aszune-ai-bot\node_modules\jest-circus\build\run.js:252:3)
    at _runTestsForDescribeBlock (C:\Users\ch\aszune\aszune-ai-bot\node_modules\jest-circus\build\run.js:126:9)
    at _runTestsForDescribeBlock (C:\Users\ch\aszune\aszune-ai-bot\node_modules\jest-circus\build\run.js:121:9)
    at run (C:\Users\ch\aszune\aszune-ai-bot\node_modules\jest-circus\build\run.js:71:3)
    at runAndTransformResultsToJestFormat (C:\Users\ch\aszune\aszune-ai-bot\node_modules\jest-circus\build\legacy-code-todo-rewrite\jestAdapterInit.js:122:21)
    at jestAdapter (C:\Users\ch\aszune\aszune-ai-bot\node_modules\jest-circus\build\legacy-code-todo-rewrite\jestAdapter.js:79:19)
    at runTestInternal (C:\Users\ch\aszune\aszune-ai-bot\node_modules\jest-runner\build\runTest.js:367:16)
    at runTest (C:\Users\ch\aszune\aszune-ai-bot\node_modules\jest-runner\build\runTest.js:444:34)
    at Object.worker (C:\Users\ch\aszune\aszune-ai-bot\node_modules\jest-runner\build\testWorker.js:106:12)</failure>
    </testcase>
    <testcase classname="Memory Monitor - Utils should calculate memory usage percentage correctly" name="Memory Monitor - Utils should calculate memory usage percentage correctly" time="0.006">
      <failure>Error: expect(received).toBe(expected) // Object.is equality

Expected: 25
Received: undefined
    at Object.toBe (C:\Users\ch\aszune\aszune-ai-bot\__tests__\unit\memory-monitor-utils.test.js:71:35)
    at Promise.then.completed (C:\Users\ch\aszune\aszune-ai-bot\node_modules\jest-circus\build\utils.js:298:28)
    at new Promise (&lt;anonymous&gt;)
    at callAsyncCircusFn (C:\Users\ch\aszune\aszune-ai-bot\node_modules\jest-circus\build\utils.js:231:10)
    at _callCircusTest (C:\Users\ch\aszune\aszune-ai-bot\node_modules\jest-circus\build\run.js:316:40)
    at processTicksAndRejections (node:internal/process/task_queues:95:5)
    at _runTest (C:\Users\ch\aszune\aszune-ai-bot\node_modules\jest-circus\build\run.js:252:3)
    at _runTestsForDescribeBlock (C:\Users\ch\aszune\aszune-ai-bot\node_modules\jest-circus\build\run.js:126:9)
    at _runTestsForDescribeBlock (C:\Users\ch\aszune\aszune-ai-bot\node_modules\jest-circus\build\run.js:121:9)
    at run (C:\Users\ch\aszune\aszune-ai-bot\node_modules\jest-circus\build\run.js:71:3)
    at runAndTransformResultsToJestFormat (C:\Users\ch\aszune\aszune-ai-bot\node_modules\jest-circus\build\legacy-code-todo-rewrite\jestAdapterInit.js:122:21)
    at jestAdapter (C:\Users\ch\aszune\aszune-ai-bot\node_modules\jest-circus\build\legacy-code-todo-rewrite\jestAdapter.js:79:19)
    at runTestInternal (C:\Users\ch\aszune\aszune-ai-bot\node_modules\jest-runner\build\runTest.js:367:16)
    at runTest (C:\Users\ch\aszune\aszune-ai-bot\node_modules\jest-runner\build\runTest.js:444:34)
    at Object.worker (C:\Users\ch\aszune\aszune-ai-bot\node_modules\jest-runner\build\testWorker.js:106:12)</failure>
    </testcase>
    <testcase classname="Memory Monitor - Utils should handle memory usage errors" name="Memory Monitor - Utils should handle memory usage errors" time="0.017">
      <failure>TypeError: Cannot read properties of undefined (reading &apos;message&apos;)
    at MemoryMonitor.message [as getMemoryUsage] (C:\Users\ch\aszune\aszune-ai-bot\src\utils\memory-monitor.js:145:57)
    at Object.getMemoryUsage (C:\Users\ch\aszune\aszune-ai-bot\__tests__\unit\memory-monitor-utils.test.js:80:33)
    at Promise.then.completed (C:\Users\ch\aszune\aszune-ai-bot\node_modules\jest-circus\build\utils.js:298:28)
    at new Promise (&lt;anonymous&gt;)
    at callAsyncCircusFn (C:\Users\ch\aszune\aszune-ai-bot\node_modules\jest-circus\build\utils.js:231:10)
    at _callCircusTest (C:\Users\ch\aszune\aszune-ai-bot\node_modules\jest-circus\build\run.js:316:40)
    at processTicksAndRejections (node:internal/process/task_queues:95:5)
    at _runTest (C:\Users\ch\aszune\aszune-ai-bot\node_modules\jest-circus\build\run.js:252:3)
    at _runTestsForDescribeBlock (C:\Users\ch\aszune\aszune-ai-bot\node_modules\jest-circus\build\run.js:126:9)
    at _runTestsForDescribeBlock (C:\Users\ch\aszune\aszune-ai-bot\node_modules\jest-circus\build\run.js:121:9)
    at run (C:\Users\ch\aszune\aszune-ai-bot\node_modules\jest-circus\build\run.js:71:3)
    at runAndTransformResultsToJestFormat (C:\Users\ch\aszune\aszune-ai-bot\node_modules\jest-circus\build\legacy-code-todo-rewrite\jestAdapterInit.js:122:21)
    at jestAdapter (C:\Users\ch\aszune\aszune-ai-bot\node_modules\jest-circus\build\legacy-code-todo-rewrite\jestAdapter.js:79:19)
    at runTestInternal (C:\Users\ch\aszune\aszune-ai-bot\node_modules\jest-runner\build\runTest.js:367:16)
    at runTest (C:\Users\ch\aszune\aszune-ai-bot\node_modules\jest-runner\build\runTest.js:444:34)
    at Object.worker (C:\Users\ch\aszune\aszune-ai-bot\node_modules\jest-runner\build\testWorker.js:106:12)</failure>
    </testcase>
    <testcase classname="Memory Monitor - Utils should return status information" name="Memory Monitor - Utils should return status information" time="0.02">
      <failure>Error: expect(received).toHaveProperty(path)

Expected path: &quot;checkIntervalMs&quot;
Received path: []

Received value: {&quot;criticalMemory&quot;: 262144000, &quot;initialized&quot;: true, &quot;isLowMemory&quot;: true, &quot;lastGcTime&quot;: 1234567890, &quot;memoryLimit&quot;: 209715200, &quot;memoryUsage&quot;: {&quot;external&quot;: 10485760, &quot;heapTotal&quot;: 83886080, &quot;heapUsed&quot;: 52428800, &quot;isLowMemory&quot;: true, &quot;percentUsed&quot;: 25, &quot;rss&quot;: 104857600}}
    at Object.toHaveProperty (C:\Users\ch\aszune\aszune-ai-bot\__tests__\unit\memory-monitor-utils.test.js:107:20)
    at Promise.then.completed (C:\Users\ch\aszune\aszune-ai-bot\node_modules\jest-circus\build\utils.js:298:28)
    at new Promise (&lt;anonymous&gt;)
    at callAsyncCircusFn (C:\Users\ch\aszune\aszune-ai-bot\node_modules\jest-circus\build\utils.js:231:10)
    at _callCircusTest (C:\Users\ch\aszune\aszune-ai-bot\node_modules\jest-circus\build\run.js:316:40)
    at processTicksAndRejections (node:internal/process/task_queues:95:5)
    at _runTest (C:\Users\ch\aszune\aszune-ai-bot\node_modules\jest-circus\build\run.js:252:3)
    at _runTestsForDescribeBlock (C:\Users\ch\aszune\aszune-ai-bot\node_modules\jest-circus\build\run.js:126:9)
    at _runTestsForDescribeBlock (C:\Users\ch\aszune\aszune-ai-bot\node_modules\jest-circus\build\run.js:121:9)
    at run (C:\Users\ch\aszune\aszune-ai-bot\node_modules\jest-circus\build\run.js:71:3)
    at runAndTransformResultsToJestFormat (C:\Users\ch\aszune\aszune-ai-bot\node_modules\jest-circus\build\legacy-code-todo-rewrite\jestAdapterInit.js:122:21)
    at jestAdapter (C:\Users\ch\aszune\aszune-ai-bot\node_modules\jest-circus\build\legacy-code-todo-rewrite\jestAdapter.js:79:19)
    at runTestInternal (C:\Users\ch\aszune\aszune-ai-bot\node_modules\jest-runner\build\runTest.js:367:16)
    at runTest (C:\Users\ch\aszune\aszune-ai-bot\node_modules\jest-runner\build\runTest.js:444:34)
    at Object.worker (C:\Users\ch\aszune\aszune-ai-bot\node_modules\jest-runner\build\testWorker.js:106:12)</failure>
    </testcase>
    <testcase classname="Memory Monitor - Utils should handle configuration-based initialization" name="Memory Monitor - Utils should handle configuration-based initialization" time="0.003">
      <failure>Error: expect(jest.fn()).toHaveBeenCalledWith(...expected)

Expected: Any&lt;Function&gt;, 60000

Number of calls: 0
    at Object.toHaveBeenCalledWith (C:\Users\ch\aszune\aszune-ai-bot\__tests__\unit\memory-monitor-utils.test.js:113:25)
    at Promise.then.completed (C:\Users\ch\aszune\aszune-ai-bot\node_modules\jest-circus\build\utils.js:298:28)
    at new Promise (&lt;anonymous&gt;)
    at callAsyncCircusFn (C:\Users\ch\aszune\aszune-ai-bot\node_modules\jest-circus\build\utils.js:231:10)
    at _callCircusTest (C:\Users\ch\aszune\aszune-ai-bot\node_modules\jest-circus\build\run.js:316:40)
    at processTicksAndRejections (node:internal/process/task_queues:95:5)
    at _runTest (C:\Users\ch\aszune\aszune-ai-bot\node_modules\jest-circus\build\run.js:252:3)
    at _runTestsForDescribeBlock (C:\Users\ch\aszune\aszune-ai-bot\node_modules\jest-circus\build\run.js:126:9)
    at _runTestsForDescribeBlock (C:\Users\ch\aszune\aszune-ai-bot\node_modules\jest-circus\build\run.js:121:9)
    at run (C:\Users\ch\aszune\aszune-ai-bot\node_modules\jest-circus\build\run.js:71:3)
    at runAndTransformResultsToJestFormat (C:\Users\ch\aszune\aszune-ai-bot\node_modules\jest-circus\build\legacy-code-todo-rewrite\jestAdapterInit.js:122:21)
    at jestAdapter (C:\Users\ch\aszune\aszune-ai-bot\node_modules\jest-circus\build\legacy-code-todo-rewrite\jestAdapter.js:79:19)
    at runTestInternal (C:\Users\ch\aszune\aszune-ai-bot\node_modules\jest-runner\build\runTest.js:367:16)
    at runTest (C:\Users\ch\aszune\aszune-ai-bot\node_modules\jest-runner\build\runTest.js:444:34)
    at Object.worker (C:\Users\ch\aszune\aszune-ai-bot\node_modules\jest-runner\build\testWorker.js:106:12)</failure>
    </testcase>
    <testcase classname="Memory Monitor - Utils should handle memory threshold detection" name="Memory Monitor - Utils should handle memory threshold detection" time="0.413">
    </testcase>
  </testsuite>
  <testsuite name="Commands - Text Command Handler" errors="0" failures="14" skipped="0" timestamp="2025-09-24T07:38:53" time="5.723" tests="18">
    <testcase classname="Commands - Text Command Handler handleTextCommand should handle !help command" name="Commands - Text Command Handler handleTextCommand should handle !help command" time="0.037">
    </testcase>
    <testcase classname="Commands - Text Command Handler handleTextCommand should handle !clearhistory command" name="Commands - Text Command Handler handleTextCommand should handle !clearhistory command" time="0.043">
      <failure>Error: expect(jest.fn()).toHaveBeenCalledWith(...expected)

Expected: &quot;Conversation history cleared!&quot;
Received: &quot;Your conversation history has been cleared.&quot;

Number of calls: 1
    at Object.toHaveBeenCalledWith (C:\Users\ch\aszune\aszune-ai-bot\__tests__\unit\commands-text-handler.test.js:60:29)
    at processTicksAndRejections (node:internal/process/task_queues:95:5)</failure>
    </testcase>
    <testcase classname="Commands - Text Command Handler handleTextCommand should handle !summary command with history" name="Commands - Text Command Handler handleTextCommand should handle !summary command with history" time="0.024">
    </testcase>
    <testcase classname="Commands - Text Command Handler handleTextCommand should handle !summary command with no history" name="Commands - Text Command Handler handleTextCommand should handle !summary command with no history" time="0.003">
      <failure>Error: expect(jest.fn()).toHaveBeenCalledWith(...expected)

Expected: &quot;No conversation history to summarize.&quot;
Received: &quot;No conversation history to summarise.&quot;

Number of calls: 1
    at Object.toHaveBeenCalledWith (C:\Users\ch\aszune\aszune-ai-bot\__tests__\unit\commands-text-handler.test.js:82:29)
    at processTicksAndRejections (node:internal/process/task_queues:95:5)</failure>
    </testcase>
    <testcase classname="Commands - Text Command Handler handleTextCommand should handle !summary command with only assistant messages in history" name="Commands - Text Command Handler handleTextCommand should handle !summary command with only assistant messages in history" time="0.001">
      <failure>Error: expect(jest.fn()).toHaveBeenCalledWith(...expected)

Expected: &quot;No conversation history to summarize.&quot;
Received: &quot;No conversation history to summarise.&quot;

Number of calls: 1
    at Object.toHaveBeenCalledWith (C:\Users\ch\aszune\aszune-ai-bot\__tests__\unit\commands-text-handler.test.js:93:29)
    at processTicksAndRejections (node:internal/process/task_queues:95:5)</failure>
    </testcase>
    <testcase classname="Commands - Text Command Handler handleTextCommand should handle errors during text command execution" name="Commands - Text Command Handler handleTextCommand should handle errors during text command execution" time="0.021">
      <failure>Error: Reply failed
    at Object.&lt;anonymous&gt; (C:\Users\ch\aszune\aszune-ai-bot\__tests__\unit\commands-text-handler.test.js:98:39)
    at Promise.then.completed (C:\Users\ch\aszune\aszune-ai-bot\node_modules\jest-circus\build\utils.js:298:28)
    at new Promise (&lt;anonymous&gt;)
    at callAsyncCircusFn (C:\Users\ch\aszune\aszune-ai-bot\node_modules\jest-circus\build\utils.js:231:10)
    at _callCircusTest (C:\Users\ch\aszune\aszune-ai-bot\node_modules\jest-circus\build\run.js:316:40)
    at processTicksAndRejections (node:internal/process/task_queues:95:5)
    at _runTest (C:\Users\ch\aszune\aszune-ai-bot\node_modules\jest-circus\build\run.js:252:3)
    at _runTestsForDescribeBlock (C:\Users\ch\aszune\aszune-ai-bot\node_modules\jest-circus\build\run.js:126:9)
    at _runTestsForDescribeBlock (C:\Users\ch\aszune\aszune-ai-bot\node_modules\jest-circus\build\run.js:121:9)
    at _runTestsForDescribeBlock (C:\Users\ch\aszune\aszune-ai-bot\node_modules\jest-circus\build\run.js:121:9)
    at run (C:\Users\ch\aszune\aszune-ai-bot\node_modules\jest-circus\build\run.js:71:3)
    at runAndTransformResultsToJestFormat (C:\Users\ch\aszune\aszune-ai-bot\node_modules\jest-circus\build\legacy-code-todo-rewrite\jestAdapterInit.js:122:21)
    at jestAdapter (C:\Users\ch\aszune\aszune-ai-bot\node_modules\jest-circus\build\legacy-code-todo-rewrite\jestAdapter.js:79:19)
    at runTestInternal (C:\Users\ch\aszune\aszune-ai-bot\node_modules\jest-runner\build\runTest.js:367:16)
    at runTest (C:\Users\ch\aszune\aszune-ai-bot\node_modules\jest-runner\build\runTest.js:444:34)
    at Object.worker (C:\Users\ch\aszune\aszune-ai-bot\node_modules\jest-runner\build\testWorker.js:106:12)</failure>
    </testcase>
    <testcase classname="Commands - Text Command Handler handleTextCommand should handle !summary command API error" name="Commands - Text Command Handler handleTextCommand should handle !summary command API error" time="0.003">
      <failure>Error: expect(jest.fn()).toHaveBeenCalledWith(...expected)

Expected: StringContaining &quot;error&quot;
Received: &quot;The service is temporarily unavailable. Please try again later.&quot;

Number of calls: 1
    at Object.toHaveBeenCalledWith (C:\Users\ch\aszune\aszune-ai-bot\__tests__\unit\commands-text-handler.test.js:114:29)
    at processTicksAndRejections (node:internal/process/task_queues:95:5)</failure>
    </testcase>
    <testcase classname="Commands - Text Command Handler handleTextCommand should handle !stats command" name="Commands - Text Command Handler handleTextCommand should handle !stats command" time="0.002">
      <failure>Error: expect(jest.fn()).toHaveBeenCalledWith(...expected)

Expected: StringContaining &quot;messages&quot;
Received: &quot;**Your Aszai Bot Stats:**
Messages sent: 10
Summaries requested: 2&quot;

Number of calls: 1
    at Object.toHaveBeenCalledWith (C:\Users\ch\aszune\aszune-ai-bot\__tests__\unit\commands-text-handler.test.js:122:29)
    at processTicksAndRejections (node:internal/process/task_queues:95:5)</failure>
    </testcase>
    <testcase classname="Commands - Text Command Handler handleTextCommand should handle !summarise command with text" name="Commands - Text Command Handler handleTextCommand should handle !summarise command with text" time="0.003">
      <failure>Error: expect(jest.fn()).toHaveBeenCalledWith(...expected)

Expected: &quot;Hello world&quot;

Number of calls: 0
    at Object.toHaveBeenCalledWith (C:\Users\ch\aszune\aszune-ai-bot\__tests__\unit\commands-text-handler.test.js:129:49)
    at processTicksAndRejections (node:internal/process/task_queues:95:5)</failure>
    </testcase>
    <testcase classname="Commands - Text Command Handler handleTextCommand should handle !summerise command with text (alternative spelling)" name="Commands - Text Command Handler handleTextCommand should handle !summerise command with text (alternative spelling)" time="0.002">
      <failure>Error: expect(jest.fn()).toHaveBeenCalledWith(...expected)

Expected: &quot;Hello world&quot;

Number of calls: 0
    at Object.toHaveBeenCalledWith (C:\Users\ch\aszune\aszune-ai-bot\__tests__\unit\commands-text-handler.test.js:137:49)
    at processTicksAndRejections (node:internal/process/task_queues:95:5)</failure>
    </testcase>
    <testcase classname="Commands - Text Command Handler handleTextCommand should handle !summarise command without text" name="Commands - Text Command Handler handleTextCommand should handle !summarise command without text" time="0.001">
      <failure>Error: expect(jest.fn()).toHaveBeenCalledWith(...expected)

Expected: &quot;Please provide text to summarize.&quot;
Received: &quot;Please provide the text you want summarised. Usage: `!summarise &lt;text&gt;` or `!summerise &lt;text&gt;`&quot;

Number of calls: 1
    at Object.toHaveBeenCalledWith (C:\Users\ch\aszune\aszune-ai-bot\__tests__\unit\commands-text-handler.test.js:145:29)
    at processTicksAndRejections (node:internal/process/task_queues:95:5)</failure>
    </testcase>
    <testcase classname="Commands - Text Command Handler handleTextCommand should handle !summarise command with empty text" name="Commands - Text Command Handler handleTextCommand should handle !summarise command with empty text" time="0.001">
      <failure>Error: expect(jest.fn()).toHaveBeenCalledWith(...expected)

Expected: &quot;Please provide text to summarize.&quot;
Received: &quot;Please provide the text you want summarised. Usage: `!summarise &lt;text&gt;` or `!summerise &lt;text&gt;`&quot;

Number of calls: 1
    at Object.toHaveBeenCalledWith (C:\Users\ch\aszune\aszune-ai-bot\__tests__\unit\commands-text-handler.test.js:152:29)
    at processTicksAndRejections (node:internal/process/task_queues:95:5)</failure>
    </testcase>
    <testcase classname="Commands - Text Command Handler handleTextCommand should handle !summarise command with invalid text" name="Commands - Text Command Handler handleTextCommand should handle !summarise command with invalid text" time="0.002">
      <failure>Error: expect(jest.fn()).toHaveBeenCalledWith(...expected)

Expected: StringContaining &quot;invalid&quot;
Received: &quot; Invalid text input: Message contains potentially dangerous content&quot;

Number of calls: 1
    at Object.toHaveBeenCalledWith (C:\Users\ch\aszune\aszune-ai-bot\__tests__\unit\commands-text-handler.test.js:159:29)
    at processTicksAndRejections (node:internal/process/task_queues:95:5)</failure>
    </testcase>
    <testcase classname="Commands - Text Command Handler handleTextCommand should handle !summarise command API error" name="Commands - Text Command Handler handleTextCommand should handle !summarise command API error" time="0.004">
      <failure>Error: expect(jest.fn()).toHaveBeenCalledWith(...expected)

Expected: StringContaining &quot;error&quot;
Received: {&quot;embeds&quot;: [{&quot;color&quot;: 39423, &quot;description&quot;: undefined, &quot;footer&quot;: {&quot;text&quot;: &quot;Aszai Bot&quot;}, &quot;title&quot;: &quot;Text Summary&quot;}]}

Number of calls: 1
    at Object.toHaveBeenCalledWith (C:\Users\ch\aszune\aszune-ai-bot\__tests__\unit\commands-text-handler.test.js:168:29)
    at processTicksAndRejections (node:internal/process/task_queues:95:5)</failure>
    </testcase>
    <testcase classname="Commands - Text Command Handler handleTextCommand should handle text command with invalid user ID" name="Commands - Text Command Handler handleTextCommand should handle text command with invalid user ID" time="0.002">
    </testcase>
    <testcase classname="Commands - Text Command Handler handleTextCommand should handle text command parsing for summarise" name="Commands - Text Command Handler handleTextCommand should handle text command parsing for summarise" time="0.013">
      <failure>Error: expect(jest.fn()).toHaveBeenCalledWith(...expected)

Expected: &quot;This is a test&quot;

Number of calls: 0
    at Object.toHaveBeenCalledWith (C:\Users\ch\aszune\aszune-ai-bot\__tests__\unit\commands-text-handler.test.js:182:49)
    at processTicksAndRejections (node:internal/process/task_queues:95:5)</failure>
    </testcase>
    <testcase classname="Commands - Text Command Handler handleTextCommand should handle text command parsing for summerise (alternative spelling)" name="Commands - Text Command Handler handleTextCommand should handle text command parsing for summerise (alternative spelling)" time="0.001">
      <failure>Error: expect(jest.fn()).toHaveBeenCalledWith(...expected)

Expected: &quot;This is a test&quot;

Number of calls: 0
    at Object.toHaveBeenCalledWith (C:\Users\ch\aszune\aszune-ai-bot\__tests__\unit\commands-text-handler.test.js:189:49)
    at processTicksAndRejections (node:internal/process/task_queues:95:5)</failure>
    </testcase>
    <testcase classname="Commands - Text Command Handler handleTextCommand should return null for unknown command" name="Commands - Text Command Handler handleTextCommand should return null for unknown command" time="0.014">
    </testcase>
  </testsuite>
  <testsuite name="InputValidator - General Validation" errors="0" failures="8" skipped="0" timestamp="2025-09-24T07:38:53" time="4.751" tests="8">
    <testcase classname="InputValidator - General Validation validateInput should validate text input correctly" name="InputValidator - General Validation validateInput should validate text input correctly" time="0.042">
      <failure>TypeError: InputValidator.validateInput is not a function
    at validateInput (C:\Users\ch\aszune\aszune-ai-bot\__tests__\unit\input-validator-validation.test.js:22:39)
    at Array.forEach (&lt;anonymous&gt;)
    at Object.forEach (C:\Users\ch\aszune\aszune-ai-bot\__tests__\unit\input-validator-validation.test.js:21:19)
    at Promise.then.completed (C:\Users\ch\aszune\aszune-ai-bot\node_modules\jest-circus\build\utils.js:298:28)
    at new Promise (&lt;anonymous&gt;)
    at callAsyncCircusFn (C:\Users\ch\aszune\aszune-ai-bot\node_modules\jest-circus\build\utils.js:231:10)
    at _callCircusTest (C:\Users\ch\aszune\aszune-ai-bot\node_modules\jest-circus\build\run.js:316:40)
    at processTicksAndRejections (node:internal/process/task_queues:95:5)
    at _runTest (C:\Users\ch\aszune\aszune-ai-bot\node_modules\jest-circus\build\run.js:252:3)
    at _runTestsForDescribeBlock (C:\Users\ch\aszune\aszune-ai-bot\node_modules\jest-circus\build\run.js:126:9)
    at _runTestsForDescribeBlock (C:\Users\ch\aszune\aszune-ai-bot\node_modules\jest-circus\build\run.js:121:9)
    at _runTestsForDescribeBlock (C:\Users\ch\aszune\aszune-ai-bot\node_modules\jest-circus\build\run.js:121:9)
    at run (C:\Users\ch\aszune\aszune-ai-bot\node_modules\jest-circus\build\run.js:71:3)
    at runAndTransformResultsToJestFormat (C:\Users\ch\aszune\aszune-ai-bot\node_modules\jest-circus\build\legacy-code-todo-rewrite\jestAdapterInit.js:122:21)
    at jestAdapter (C:\Users\ch\aszune\aszune-ai-bot\node_modules\jest-circus\build\legacy-code-todo-rewrite\jestAdapter.js:79:19)
    at runTestInternal (C:\Users\ch\aszune\aszune-ai-bot\node_modules\jest-runner\build\runTest.js:367:16)
    at runTest (C:\Users\ch\aszune\aszune-ai-bot\node_modules\jest-runner\build\runTest.js:444:34)
    at Object.worker (C:\Users\ch\aszune\aszune-ai-bot\node_modules\jest-runner\build\testWorker.js:106:12)</failure>
    </testcase>
    <testcase classname="InputValidator - General Validation validateInput should reject inputs that exceed length limits" name="InputValidator - General Validation validateInput should reject inputs that exceed length limits" time="0.001">
      <failure>TypeError: InputValidator.validateInput is not a function
    at Object.validateInput (C:\Users\ch\aszune\aszune-ai-bot\__tests__\unit\input-validator-validation.test.js:30:37)
    at Promise.then.completed (C:\Users\ch\aszune\aszune-ai-bot\node_modules\jest-circus\build\utils.js:298:28)
    at new Promise (&lt;anonymous&gt;)
    at callAsyncCircusFn (C:\Users\ch\aszune\aszune-ai-bot\node_modules\jest-circus\build\utils.js:231:10)
    at _callCircusTest (C:\Users\ch\aszune\aszune-ai-bot\node_modules\jest-circus\build\run.js:316:40)
    at processTicksAndRejections (node:internal/process/task_queues:95:5)
    at _runTest (C:\Users\ch\aszune\aszune-ai-bot\node_modules\jest-circus\build\run.js:252:3)
    at _runTestsForDescribeBlock (C:\Users\ch\aszune\aszune-ai-bot\node_modules\jest-circus\build\run.js:126:9)
    at _runTestsForDescribeBlock (C:\Users\ch\aszune\aszune-ai-bot\node_modules\jest-circus\build\run.js:121:9)
    at _runTestsForDescribeBlock (C:\Users\ch\aszune\aszune-ai-bot\node_modules\jest-circus\build\run.js:121:9)
    at run (C:\Users\ch\aszune\aszune-ai-bot\node_modules\jest-circus\build\run.js:71:3)
    at runAndTransformResultsToJestFormat (C:\Users\ch\aszune\aszune-ai-bot\node_modules\jest-circus\build\legacy-code-todo-rewrite\jestAdapterInit.js:122:21)
    at jestAdapter (C:\Users\ch\aszune\aszune-ai-bot\node_modules\jest-circus\build\legacy-code-todo-rewrite\jestAdapter.js:79:19)
    at runTestInternal (C:\Users\ch\aszune\aszune-ai-bot\node_modules\jest-runner\build\runTest.js:367:16)
    at runTest (C:\Users\ch\aszune\aszune-ai-bot\node_modules\jest-runner\build\runTest.js:444:34)
    at Object.worker (C:\Users\ch\aszune\aszune-ai-bot\node_modules\jest-runner\build\testWorker.js:106:12)</failure>
    </testcase>
    <testcase classname="InputValidator - General Validation validateInput should reject inputs with dangerous patterns" name="InputValidator - General Validation validateInput should reject inputs with dangerous patterns" time="0.001">
      <failure>TypeError: InputValidator.validateInput is not a function
    at validateInput (C:\Users\ch\aszune\aszune-ai-bot\__tests__\unit\input-validator-validation.test.js:45:39)
    at Array.forEach (&lt;anonymous&gt;)
    at Object.forEach (C:\Users\ch\aszune\aszune-ai-bot\__tests__\unit\input-validator-validation.test.js:44:23)
    at Promise.then.completed (C:\Users\ch\aszune\aszune-ai-bot\node_modules\jest-circus\build\utils.js:298:28)
    at new Promise (&lt;anonymous&gt;)
    at callAsyncCircusFn (C:\Users\ch\aszune\aszune-ai-bot\node_modules\jest-circus\build\utils.js:231:10)
    at _callCircusTest (C:\Users\ch\aszune\aszune-ai-bot\node_modules\jest-circus\build\run.js:316:40)
    at processTicksAndRejections (node:internal/process/task_queues:95:5)
    at _runTest (C:\Users\ch\aszune\aszune-ai-bot\node_modules\jest-circus\build\run.js:252:3)
    at _runTestsForDescribeBlock (C:\Users\ch\aszune\aszune-ai-bot\node_modules\jest-circus\build\run.js:126:9)
    at _runTestsForDescribeBlock (C:\Users\ch\aszune\aszune-ai-bot\node_modules\jest-circus\build\run.js:121:9)
    at _runTestsForDescribeBlock (C:\Users\ch\aszune\aszune-ai-bot\node_modules\jest-circus\build\run.js:121:9)
    at run (C:\Users\ch\aszune\aszune-ai-bot\node_modules\jest-circus\build\run.js:71:3)
    at runAndTransformResultsToJestFormat (C:\Users\ch\aszune\aszune-ai-bot\node_modules\jest-circus\build\legacy-code-todo-rewrite\jestAdapterInit.js:122:21)
    at jestAdapter (C:\Users\ch\aszune\aszune-ai-bot\node_modules\jest-circus\build\legacy-code-todo-rewrite\jestAdapter.js:79:19)
    at runTestInternal (C:\Users\ch\aszune\aszune-ai-bot\node_modules\jest-runner\build\runTest.js:367:16)
    at runTest (C:\Users\ch\aszune\aszune-ai-bot\node_modules\jest-runner\build\runTest.js:444:34)
    at Object.worker (C:\Users\ch\aszune\aszune-ai-bot\node_modules\jest-runner\build\testWorker.js:106:12)</failure>
    </testcase>
    <testcase classname="InputValidator - General Validation validateInput should validate email format" name="InputValidator - General Validation validateInput should validate email format" time="0.001">
      <failure>TypeError: InputValidator.validateInput is not a function
    at validateInput (C:\Users\ch\aszune\aszune-ai-bot\__tests__\unit\input-validator-validation.test.js:66:39)
    at Array.forEach (&lt;anonymous&gt;)
    at Object.forEach (C:\Users\ch\aszune\aszune-ai-bot\__tests__\unit\input-validator-validation.test.js:65:19)
    at Promise.then.completed (C:\Users\ch\aszune\aszune-ai-bot\node_modules\jest-circus\build\utils.js:298:28)
    at new Promise (&lt;anonymous&gt;)
    at callAsyncCircusFn (C:\Users\ch\aszune\aszune-ai-bot\node_modules\jest-circus\build\utils.js:231:10)
    at _callCircusTest (C:\Users\ch\aszune\aszune-ai-bot\node_modules\jest-circus\build\run.js:316:40)
    at processTicksAndRejections (node:internal/process/task_queues:95:5)
    at _runTest (C:\Users\ch\aszune\aszune-ai-bot\node_modules\jest-circus\build\run.js:252:3)
    at _runTestsForDescribeBlock (C:\Users\ch\aszune\aszune-ai-bot\node_modules\jest-circus\build\run.js:126:9)
    at _runTestsForDescribeBlock (C:\Users\ch\aszune\aszune-ai-bot\node_modules\jest-circus\build\run.js:121:9)
    at _runTestsForDescribeBlock (C:\Users\ch\aszune\aszune-ai-bot\node_modules\jest-circus\build\run.js:121:9)
    at run (C:\Users\ch\aszune\aszune-ai-bot\node_modules\jest-circus\build\run.js:71:3)
    at runAndTransformResultsToJestFormat (C:\Users\ch\aszune\aszune-ai-bot\node_modules\jest-circus\build\legacy-code-todo-rewrite\jestAdapterInit.js:122:21)
    at jestAdapter (C:\Users\ch\aszune\aszune-ai-bot\node_modules\jest-circus\build\legacy-code-todo-rewrite\jestAdapter.js:79:19)
    at runTestInternal (C:\Users\ch\aszune\aszune-ai-bot\node_modules\jest-runner\build\runTest.js:367:16)
    at runTest (C:\Users\ch\aszune\aszune-ai-bot\node_modules\jest-runner\build\runTest.js:444:34)
    at Object.worker (C:\Users\ch\aszune\aszune-ai-bot\node_modules\jest-runner\build\testWorker.js:106:12)</failure>
    </testcase>
    <testcase classname="InputValidator - General Validation validateInput should validate URL format" name="InputValidator - General Validation validateInput should validate URL format" time="0.021">
      <failure>TypeError: InputValidator.validateInput is not a function
    at validateInput (C:\Users\ch\aszune\aszune-ai-bot\__tests__\unit\input-validator-validation.test.js:90:39)
    at Array.forEach (&lt;anonymous&gt;)
    at Object.forEach (C:\Users\ch\aszune\aszune-ai-bot\__tests__\unit\input-validator-validation.test.js:89:17)
    at Promise.then.completed (C:\Users\ch\aszune\aszune-ai-bot\node_modules\jest-circus\build\utils.js:298:28)
    at new Promise (&lt;anonymous&gt;)
    at callAsyncCircusFn (C:\Users\ch\aszune\aszune-ai-bot\node_modules\jest-circus\build\utils.js:231:10)
    at _callCircusTest (C:\Users\ch\aszune\aszune-ai-bot\node_modules\jest-circus\build\run.js:316:40)
    at processTicksAndRejections (node:internal/process/task_queues:95:5)
    at _runTest (C:\Users\ch\aszune\aszune-ai-bot\node_modules\jest-circus\build\run.js:252:3)
    at _runTestsForDescribeBlock (C:\Users\ch\aszune\aszune-ai-bot\node_modules\jest-circus\build\run.js:126:9)
    at _runTestsForDescribeBlock (C:\Users\ch\aszune\aszune-ai-bot\node_modules\jest-circus\build\run.js:121:9)
    at _runTestsForDescribeBlock (C:\Users\ch\aszune\aszune-ai-bot\node_modules\jest-circus\build\run.js:121:9)
    at run (C:\Users\ch\aszune\aszune-ai-bot\node_modules\jest-circus\build\run.js:71:3)
    at runAndTransformResultsToJestFormat (C:\Users\ch\aszune\aszune-ai-bot\node_modules\jest-circus\build\legacy-code-todo-rewrite\jestAdapterInit.js:122:21)
    at jestAdapter (C:\Users\ch\aszune\aszune-ai-bot\node_modules\jest-circus\build\legacy-code-todo-rewrite\jestAdapter.js:79:19)
    at runTestInternal (C:\Users\ch\aszune\aszune-ai-bot\node_modules\jest-runner\build\runTest.js:367:16)
    at runTest (C:\Users\ch\aszune\aszune-ai-bot\node_modules\jest-runner\build\runTest.js:444:34)
    at Object.worker (C:\Users\ch\aszune\aszune-ai-bot\node_modules\jest-runner\build\testWorker.js:106:12)</failure>
    </testcase>
    <testcase classname="InputValidator - General Validation sanitizeInput should sanitize HTML content" name="InputValidator - General Validation sanitizeInput should sanitize HTML content" time="0.001">
      <failure>TypeError: InputValidator.sanitizeInput is not a function
    at Object.sanitizeInput (C:\Users\ch\aszune\aszune-ai-bot\__tests__\unit\input-validator-validation.test.js:104:37)
    at Promise.then.completed (C:\Users\ch\aszune\aszune-ai-bot\node_modules\jest-circus\build\utils.js:298:28)
    at new Promise (&lt;anonymous&gt;)
    at callAsyncCircusFn (C:\Users\ch\aszune\aszune-ai-bot\node_modules\jest-circus\build\utils.js:231:10)
    at _callCircusTest (C:\Users\ch\aszune\aszune-ai-bot\node_modules\jest-circus\build\run.js:316:40)
    at processTicksAndRejections (node:internal/process/task_queues:95:5)
    at _runTest (C:\Users\ch\aszune\aszune-ai-bot\node_modules\jest-circus\build\run.js:252:3)
    at _runTestsForDescribeBlock (C:\Users\ch\aszune\aszune-ai-bot\node_modules\jest-circus\build\run.js:126:9)
    at _runTestsForDescribeBlock (C:\Users\ch\aszune\aszune-ai-bot\node_modules\jest-circus\build\run.js:121:9)
    at _runTestsForDescribeBlock (C:\Users\ch\aszune\aszune-ai-bot\node_modules\jest-circus\build\run.js:121:9)
    at run (C:\Users\ch\aszune\aszune-ai-bot\node_modules\jest-circus\build\run.js:71:3)
    at runAndTransformResultsToJestFormat (C:\Users\ch\aszune\aszune-ai-bot\node_modules\jest-circus\build\legacy-code-todo-rewrite\jestAdapterInit.js:122:21)
    at jestAdapter (C:\Users\ch\aszune\aszune-ai-bot\node_modules\jest-circus\build\legacy-code-todo-rewrite\jestAdapter.js:79:19)
    at runTestInternal (C:\Users\ch\aszune\aszune-ai-bot\node_modules\jest-runner\build\runTest.js:367:16)
    at runTest (C:\Users\ch\aszune\aszune-ai-bot\node_modules\jest-runner\build\runTest.js:444:34)
    at Object.worker (C:\Users\ch\aszune\aszune-ai-bot\node_modules\jest-runner\build\testWorker.js:106:12)</failure>
    </testcase>
    <testcase classname="InputValidator - General Validation sanitizeInput should remove dangerous scripts" name="InputValidator - General Validation sanitizeInput should remove dangerous scripts" time="0.001">
      <failure>TypeError: InputValidator.sanitizeInput is not a function
    at Object.sanitizeInput (C:\Users\ch\aszune\aszune-ai-bot\__tests__\unit\input-validator-validation.test.js:113:37)
    at Promise.then.completed (C:\Users\ch\aszune\aszune-ai-bot\node_modules\jest-circus\build\utils.js:298:28)
    at new Promise (&lt;anonymous&gt;)
    at callAsyncCircusFn (C:\Users\ch\aszune\aszune-ai-bot\node_modules\jest-circus\build\utils.js:231:10)
    at _callCircusTest (C:\Users\ch\aszune\aszune-ai-bot\node_modules\jest-circus\build\run.js:316:40)
    at processTicksAndRejections (node:internal/process/task_queues:95:5)
    at _runTest (C:\Users\ch\aszune\aszune-ai-bot\node_modules\jest-circus\build\run.js:252:3)
    at _runTestsForDescribeBlock (C:\Users\ch\aszune\aszune-ai-bot\node_modules\jest-circus\build\run.js:126:9)
    at _runTestsForDescribeBlock (C:\Users\ch\aszune\aszune-ai-bot\node_modules\jest-circus\build\run.js:121:9)
    at _runTestsForDescribeBlock (C:\Users\ch\aszune\aszune-ai-bot\node_modules\jest-circus\build\run.js:121:9)
    at run (C:\Users\ch\aszune\aszune-ai-bot\node_modules\jest-circus\build\run.js:71:3)
    at runAndTransformResultsToJestFormat (C:\Users\ch\aszune\aszune-ai-bot\node_modules\jest-circus\build\legacy-code-todo-rewrite\jestAdapterInit.js:122:21)
    at jestAdapter (C:\Users\ch\aszune\aszune-ai-bot\node_modules\jest-circus\build\legacy-code-todo-rewrite\jestAdapter.js:79:19)
    at runTestInternal (C:\Users\ch\aszune\aszune-ai-bot\node_modules\jest-runner\build\runTest.js:367:16)
    at runTest (C:\Users\ch\aszune\aszune-ai-bot\node_modules\jest-runner\build\runTest.js:444:34)
    at Object.worker (C:\Users\ch\aszune\aszune-ai-bot\node_modules\jest-runner\build\testWorker.js:106:12)</failure>
    </testcase>
    <testcase classname="InputValidator - General Validation sanitizeInput should preserve safe content" name="InputValidator - General Validation sanitizeInput should preserve safe content" time="0.001">
      <failure>TypeError: InputValidator.sanitizeInput is not a function
    at Object.sanitizeInput (C:\Users\ch\aszune\aszune-ai-bot\__tests__\unit\input-validator-validation.test.js:123:37)
    at Promise.then.completed (C:\Users\ch\aszune\aszune-ai-bot\node_modules\jest-circus\build\utils.js:298:28)
    at new Promise (&lt;anonymous&gt;)
    at callAsyncCircusFn (C:\Users\ch\aszune\aszune-ai-bot\node_modules\jest-circus\build\utils.js:231:10)
    at _callCircusTest (C:\Users\ch\aszune\aszune-ai-bot\node_modules\jest-circus\build\run.js:316:40)
    at processTicksAndRejections (node:internal/process/task_queues:95:5)
    at _runTest (C:\Users\ch\aszune\aszune-ai-bot\node_modules\jest-circus\build\run.js:252:3)
    at _runTestsForDescribeBlock (C:\Users\ch\aszune\aszune-ai-bot\node_modules\jest-circus\build\run.js:126:9)
    at _runTestsForDescribeBlock (C:\Users\ch\aszune\aszune-ai-bot\node_modules\jest-circus\build\run.js:121:9)
    at _runTestsForDescribeBlock (C:\Users\ch\aszune\aszune-ai-bot\node_modules\jest-circus\build\run.js:121:9)
    at run (C:\Users\ch\aszune\aszune-ai-bot\node_modules\jest-circus\build\run.js:71:3)
    at runAndTransformResultsToJestFormat (C:\Users\ch\aszune\aszune-ai-bot\node_modules\jest-circus\build\legacy-code-todo-rewrite\jestAdapterInit.js:122:21)
    at jestAdapter (C:\Users\ch\aszune\aszune-ai-bot\node_modules\jest-circus\build\legacy-code-todo-rewrite\jestAdapter.js:79:19)
    at runTestInternal (C:\Users\ch\aszune\aszune-ai-bot\node_modules\jest-runner\build\runTest.js:367:16)
    at runTest (C:\Users\ch\aszune\aszune-ai-bot\node_modules\jest-runner\build\runTest.js:444:34)
    at Object.worker (C:\Users\ch\aszune\aszune-ai-bot\node_modules\jest-runner\build\testWorker.js:106:12)</failure>
    </testcase>
  </testsuite>
  <testsuite name="Commands - Slash Command Handler" errors="0" failures="16" skipped="0" timestamp="2025-09-24T07:38:53" time="5.748" tests="18">
    <testcase classname="Commands - Slash Command Handler handleSlashCommand should handle /help command" name="Commands - Slash Command Handler handleSlashCommand should handle /help command" time="0.067">
    </testcase>
    <testcase classname="Commands - Slash Command Handler handleSlashCommand should handle /clearhistory command" name="Commands - Slash Command Handler handleSlashCommand should handle /clearhistory command" time="0.013">
      <failure>Error: expect(jest.fn()).toHaveBeenCalledWith(...expected)

Expected: &quot;Conversation history cleared!&quot;
Received: &quot;Your conversation history has been cleared.&quot;

Number of calls: 1
    at Object.toHaveBeenCalledWith (C:\Users\ch\aszune\aszune-ai-bot\__tests__\unit\commands-slash-handler.test.js:60:33)
    at processTicksAndRejections (node:internal/process/task_queues:95:5)</failure>
    </testcase>
    <testcase classname="Commands - Slash Command Handler handleSlashCommand should handle /summary command with history" name="Commands - Slash Command Handler handleSlashCommand should handle /summary command with history" time="0.005">
      <failure>Error: expect(jest.fn()).toHaveBeenCalled()

Expected number of calls: &gt;= 1
Received number of calls:    0
    at Object.toHaveBeenCalled (C:\Users\ch\aszune\aszune-ai-bot\__tests__\unit\commands-slash-handler.test.js:73:33)
    at processTicksAndRejections (node:internal/process/task_queues:95:5)</failure>
    </testcase>
    <testcase classname="Commands - Slash Command Handler handleSlashCommand should handle /summary command API error" name="Commands - Slash Command Handler handleSlashCommand should handle /summary command API error" time="0.046">
      <failure>Error: expect(jest.fn()).toHaveBeenCalledWith(...expected)

Expected: StringContaining &quot;error&quot;

Number of calls: 0
    at Object.toHaveBeenCalledWith (C:\Users\ch\aszune\aszune-ai-bot\__tests__\unit\commands-slash-handler.test.js:85:33)
    at processTicksAndRejections (node:internal/process/task_queues:95:5)</failure>
    </testcase>
    <testcase classname="Commands - Slash Command Handler handleSlashCommand should handle /summary command with only assistant messages in history" name="Commands - Slash Command Handler handleSlashCommand should handle /summary command with only assistant messages in history" time="0.004">
      <failure>Error: expect(jest.fn()).toHaveBeenCalledWith(...expected)

Expected: &quot;No conversation history to summarize.&quot;
Received: &quot;No conversation history to summarise.&quot;

Number of calls: 1
    at Object.toHaveBeenCalledWith (C:\Users\ch\aszune\aszune-ai-bot\__tests__\unit\commands-slash-handler.test.js:96:33)
    at processTicksAndRejections (node:internal/process/task_queues:95:5)</failure>
    </testcase>
    <testcase classname="Commands - Slash Command Handler handleSlashCommand should handle /summary command with no history" name="Commands - Slash Command Handler handleSlashCommand should handle /summary command with no history" time="0.002">
      <failure>Error: expect(jest.fn()).toHaveBeenCalledWith(...expected)

Expected: &quot;No conversation history to summarize.&quot;
Received: &quot;No conversation history to summarise.&quot;

Number of calls: 1
    at Object.toHaveBeenCalledWith (C:\Users\ch\aszune\aszune-ai-bot\__tests__\unit\commands-slash-handler.test.js:105:33)
    at processTicksAndRejections (node:internal/process/task_queues:95:5)</failure>
    </testcase>
    <testcase classname="Commands - Slash Command Handler handleSlashCommand should handle /stats command" name="Commands - Slash Command Handler handleSlashCommand should handle /stats command" time="0.002">
      <failure>Error: expect(jest.fn()).toHaveBeenCalledWith(...expected)

Expected: StringContaining &quot;messages&quot;
Received: &quot;**Your Aszai Bot Stats:**
Messages sent: 10
Summaries requested: 2&quot;

Number of calls: 1
    at Object.toHaveBeenCalledWith (C:\Users\ch\aszune\aszune-ai-bot\__tests__\unit\commands-slash-handler.test.js:113:33)
    at processTicksAndRejections (node:internal/process/task_queues:95:5)</failure>
    </testcase>
    <testcase classname="Commands - Slash Command Handler handleSlashCommand should handle /summarise command with text" name="Commands - Slash Command Handler handleSlashCommand should handle /summarise command with text" time="0.002">
      <failure>Error: expect(jest.fn()).toHaveBeenCalledWith(...expected)

Expected: &quot;Hello world&quot;

Number of calls: 0
    at Object.toHaveBeenCalledWith (C:\Users\ch\aszune\aszune-ai-bot\__tests__\unit\commands-slash-handler.test.js:126:49)
    at processTicksAndRejections (node:internal/process/task_queues:95:5)</failure>
    </testcase>
    <testcase classname="Commands - Slash Command Handler handleSlashCommand should handle /summarise command without text" name="Commands - Slash Command Handler handleSlashCommand should handle /summarise command without text" time="0.002">
      <failure>Error: expect(jest.fn()).toHaveBeenCalledWith(...expected)

Expected: &quot;Please provide text to summarize.&quot;
Received: &quot;Please provide the text you want summarised. Usage: `!summarise &lt;text&gt;` or `!summerise &lt;text&gt;`&quot;

Number of calls: 1
    at Object.toHaveBeenCalledWith (C:\Users\ch\aszune\aszune-ai-bot\__tests__\unit\commands-slash-handler.test.js:140:33)
    at processTicksAndRejections (node:internal/process/task_queues:95:5)</failure>
    </testcase>
    <testcase classname="Commands - Slash Command Handler handleSlashCommand should handle /summarise command with empty text" name="Commands - Slash Command Handler handleSlashCommand should handle /summarise command with empty text" time="0.027">
      <failure>Error: expect(jest.fn()).toHaveBeenCalledWith(...expected)

Expected: &quot;Please provide text to summarize.&quot;
Received: &quot;Please provide the text you want summarised. Usage: `!summarise &lt;text&gt;` or `!summerise &lt;text&gt;`&quot;

Number of calls: 1
    at Object.toHaveBeenCalledWith (C:\Users\ch\aszune\aszune-ai-bot\__tests__\unit\commands-slash-handler.test.js:153:33)
    at processTicksAndRejections (node:internal/process/task_queues:95:5)</failure>
    </testcase>
    <testcase classname="Commands - Slash Command Handler handleSlashCommand should handle /summarise command with invalid text" name="Commands - Slash Command Handler handleSlashCommand should handle /summarise command with invalid text" time="0.015">
      <failure>Error: expect(jest.fn()).toHaveBeenCalledWith(...expected)

Expected: StringContaining &quot;invalid&quot;
Received: &quot; Invalid text input: Message contains potentially dangerous content&quot;

Number of calls: 1
    at Object.toHaveBeenCalledWith (C:\Users\ch\aszune\aszune-ai-bot\__tests__\unit\commands-slash-handler.test.js:166:33)
    at processTicksAndRejections (node:internal/process/task_queues:95:5)</failure>
    </testcase>
    <testcase classname="Commands - Slash Command Handler handleSlashCommand should handle /summarise command API error" name="Commands - Slash Command Handler handleSlashCommand should handle /summarise command API error" time="0.008">
      <failure>Error: expect(jest.fn()).toHaveBeenCalledWith(...expected)

Expected: StringContaining &quot;error&quot;

Number of calls: 0
    at Object.toHaveBeenCalledWith (C:\Users\ch\aszune\aszune-ai-bot\__tests__\unit\commands-slash-handler.test.js:180:33)
    at processTicksAndRejections (node:internal/process/task_queues:95:5)</failure>
    </testcase>
    <testcase classname="Commands - Slash Command Handler handleSlashCommand should handle command execution error when not deferred" name="Commands - Slash Command Handler handleSlashCommand should handle command execution error when not deferred" time="0.003">
      <failure>Error: Reply failed
    at Object.&lt;anonymous&gt; (C:\Users\ch\aszune\aszune-ai-bot\__tests__\unit\commands-slash-handler.test.js:185:43)
    at Promise.then.completed (C:\Users\ch\aszune\aszune-ai-bot\node_modules\jest-circus\build\utils.js:298:28)
    at new Promise (&lt;anonymous&gt;)
    at callAsyncCircusFn (C:\Users\ch\aszune\aszune-ai-bot\node_modules\jest-circus\build\utils.js:231:10)
    at _callCircusTest (C:\Users\ch\aszune\aszune-ai-bot\node_modules\jest-circus\build\run.js:316:40)
    at processTicksAndRejections (node:internal/process/task_queues:95:5)
    at _runTest (C:\Users\ch\aszune\aszune-ai-bot\node_modules\jest-circus\build\run.js:252:3)
    at _runTestsForDescribeBlock (C:\Users\ch\aszune\aszune-ai-bot\node_modules\jest-circus\build\run.js:126:9)
    at _runTestsForDescribeBlock (C:\Users\ch\aszune\aszune-ai-bot\node_modules\jest-circus\build\run.js:121:9)
    at _runTestsForDescribeBlock (C:\Users\ch\aszune\aszune-ai-bot\node_modules\jest-circus\build\run.js:121:9)
    at run (C:\Users\ch\aszune\aszune-ai-bot\node_modules\jest-circus\build\run.js:71:3)
    at runAndTransformResultsToJestFormat (C:\Users\ch\aszune\aszune-ai-bot\node_modules\jest-circus\build\legacy-code-todo-rewrite\jestAdapterInit.js:122:21)
    at jestAdapter (C:\Users\ch\aszune\aszune-ai-bot\node_modules\jest-circus\build\legacy-code-todo-rewrite\jestAdapter.js:79:19)
    at runTestInternal (C:\Users\ch\aszune\aszune-ai-bot\node_modules\jest-runner\build\runTest.js:367:16)
    at runTest (C:\Users\ch\aszune\aszune-ai-bot\node_modules\jest-runner\build\runTest.js:444:34)
    at Object.worker (C:\Users\ch\aszune\aszune-ai-bot\node_modules\jest-runner\build\testWorker.js:106:12)</failure>
    </testcase>
    <testcase classname="Commands - Slash Command Handler handleSlashCommand should handle unknown command" name="Commands - Slash Command Handler handleSlashCommand should handle unknown command" time="0.003">
      <failure>Error: expect(jest.fn()).toHaveBeenCalledWith(...expected)

Expected: &quot;Unknown command.&quot;
Received: {&quot;content&quot;: &quot;Unknown command&quot;, &quot;ephemeral&quot;: true}

Number of calls: 1
    at Object.toHaveBeenCalledWith (C:\Users\ch\aszune\aszune-ai-bot\__tests__\unit\commands-slash-handler.test.js:196:33)
    at processTicksAndRejections (node:internal/process/task_queues:95:5)</failure>
    </testcase>
    <testcase classname="Commands - Slash Command Handler handleSlashCommand should handle command execution error" name="Commands - Slash Command Handler handleSlashCommand should handle command execution error" time="0.001">
      <failure>Error: Reply failed
    at Object.&lt;anonymous&gt; (C:\Users\ch\aszune\aszune-ai-bot\__tests__\unit\commands-slash-handler.test.js:201:43)
    at Promise.then.completed (C:\Users\ch\aszune\aszune-ai-bot\node_modules\jest-circus\build\utils.js:298:28)
    at new Promise (&lt;anonymous&gt;)
    at callAsyncCircusFn (C:\Users\ch\aszune\aszune-ai-bot\node_modules\jest-circus\build\utils.js:231:10)
    at _callCircusTest (C:\Users\ch\aszune\aszune-ai-bot\node_modules\jest-circus\build\run.js:316:40)
    at processTicksAndRejections (node:internal/process/task_queues:95:5)
    at _runTest (C:\Users\ch\aszune\aszune-ai-bot\node_modules\jest-circus\build\run.js:252:3)
    at _runTestsForDescribeBlock (C:\Users\ch\aszune\aszune-ai-bot\node_modules\jest-circus\build\run.js:126:9)
    at _runTestsForDescribeBlock (C:\Users\ch\aszune\aszune-ai-bot\node_modules\jest-circus\build\run.js:121:9)
    at _runTestsForDescribeBlock (C:\Users\ch\aszune\aszune-ai-bot\node_modules\jest-circus\build\run.js:121:9)
    at run (C:\Users\ch\aszune\aszune-ai-bot\node_modules\jest-circus\build\run.js:71:3)
    at runAndTransformResultsToJestFormat (C:\Users\ch\aszune\aszune-ai-bot\node_modules\jest-circus\build\legacy-code-todo-rewrite\jestAdapterInit.js:122:21)
    at jestAdapter (C:\Users\ch\aszune\aszune-ai-bot\node_modules\jest-circus\build\legacy-code-todo-rewrite\jestAdapter.js:79:19)
    at runTestInternal (C:\Users\ch\aszune\aszune-ai-bot\node_modules\jest-runner\build\runTest.js:367:16)
    at runTest (C:\Users\ch\aszune\aszune-ai-bot\node_modules\jest-runner\build\runTest.js:444:34)
    at Object.worker (C:\Users\ch\aszune\aszune-ai-bot\node_modules\jest-runner\build\testWorker.js:106:12)</failure>
    </testcase>
    <testcase classname="Commands - Slash Command Handler handleSlashCommand should handle slash command with invalid user ID" name="Commands - Slash Command Handler handleSlashCommand should handle slash command with invalid user ID" time="0.001">
    </testcase>
    <testcase classname="Commands - Slash Command Handler handleSlashCommand should handle slash command when already replied" name="Commands - Slash Command Handler handleSlashCommand should handle slash command when already replied" time="0.002">
      <failure>Error: expect(jest.fn()).not.toHaveBeenCalled()

Expected number of calls: 0
Received number of calls: 1

1: &quot;**Aszai Bot Commands:**
`/help` or `!help` - Show this help message
`/clearhistory` or `!clearhistory` - Clear your conversation history
`/summary` or `!summary` - Summarise your current conversation
`/summarise` or `!summarise &lt;text&gt;` or `!summerise &lt;text&gt;` - Summarise provided text
`/stats` or `!stats` - Show your usage stats
Simply chat as normal to talk to the bot!&quot;
    at Object.toHaveBeenCalled (C:\Users\ch\aszune\aszune-ai-bot\__tests__\unit\commands-slash-handler.test.js:225:37)
    at processTicksAndRejections (node:internal/process/task_queues:95:5)</failure>
    </testcase>
    <testcase classname="Commands - Slash Command Handler handleSlashCommand should handle slash command when already deferred and replied" name="Commands - Slash Command Handler handleSlashCommand should handle slash command when already deferred and replied" time="0.002">
      <failure>Error: expect(jest.fn()).not.toHaveBeenCalled()

Expected number of calls: 0
Received number of calls: 1

1: &quot;**Aszai Bot Commands:**
`/help` or `!help` - Show this help message
`/clearhistory` or `!clearhistory` - Clear your conversation history
`/summary` or `!summary` - Summarise your current conversation
`/summarise` or `!summarise &lt;text&gt;` or `!summerise &lt;text&gt;` - Summarise provided text
`/stats` or `!stats` - Show your usage stats
Simply chat as normal to talk to the bot!&quot;
    at Object.toHaveBeenCalled (C:\Users\ch\aszune\aszune-ai-bot\__tests__\unit\commands-slash-handler.test.js:235:37)
    at processTicksAndRejections (node:internal/process/task_queues:95:5)</failure>
    </testcase>
  </testsuite>
  <testsuite name="index.js - Core Branch Coverage" errors="0" failures="9" skipped="0" timestamp="2025-09-24T07:38:53" time="7.877" tests="9">
    <testcase classname="index.js - Core Branch Coverage normal initialization - no PI optimizations" name="index.js - Core Branch Coverage normal initialization - no PI optimizations" time="1.35">
      <failure>TypeError: Cannot read properties of undefined (reading &apos;PERPLEXITY&apos;)
    at new PERPLEXITY (C:\Users\ch\aszune\aszune-ai-bot\src\services\perplexity-secure.js:53:31)
    at Object.&lt;anonymous&gt; (C:\Users\ch\aszune\aszune-ai-bot\src\services\perplexity-secure.js:901:18)
    at Runtime._execModule (C:\Users\ch\aszune\aszune-ai-bot\node_modules\jest-runtime\build\index.js:1439:24)
    at Runtime._loadModule (C:\Users\ch\aszune\aszune-ai-bot\node_modules\jest-runtime\build\index.js:1022:12)
    at Runtime.requireModule (C:\Users\ch\aszune\aszune-ai-bot\node_modules\jest-runtime\build\index.js:882:12)
    at Runtime.requireModuleOrMock (C:\Users\ch\aszune\aszune-ai-bot\node_modules\jest-runtime\build\index.js:1048:21)
    at Object.require (C:\Users\ch\aszune\aszune-ai-bot\src\services\chat.js:5:27)
    at Runtime._execModule (C:\Users\ch\aszune\aszune-ai-bot\node_modules\jest-runtime\build\index.js:1439:24)
    at Runtime._loadModule (C:\Users\ch\aszune\aszune-ai-bot\node_modules\jest-runtime\build\index.js:1022:12)
    at Runtime.requireModule (C:\Users\ch\aszune\aszune-ai-bot\node_modules\jest-runtime\build\index.js:882:12)
    at Runtime.requireModuleOrMock (C:\Users\ch\aszune\aszune-ai-bot\node_modules\jest-runtime\build\index.js:1048:21)
    at Object.require (C:\Users\ch\aszune\aszune-ai-bot\src\index.js:35:27)
    at Runtime._execModule (C:\Users\ch\aszune\aszune-ai-bot\node_modules\jest-runtime\build\index.js:1439:24)
    at Runtime._loadModule (C:\Users\ch\aszune\aszune-ai-bot\node_modules\jest-runtime\build\index.js:1022:12)
    at Runtime.requireModule (C:\Users\ch\aszune\aszune-ai-bot\node_modules\jest-runtime\build\index.js:882:12)
    at Runtime.requireModuleOrMock (C:\Users\ch\aszune\aszune-ai-bot\node_modules\jest-runtime\build\index.js:1048:21)
    at Object.require (C:\Users\ch\aszune\aszune-ai-bot\__tests__\unit\index-branch-coverage-core.test.js:76:5)
    at Promise.then.completed (C:\Users\ch\aszune\aszune-ai-bot\node_modules\jest-circus\build\utils.js:298:28)
    at new Promise (&lt;anonymous&gt;)
    at callAsyncCircusFn (C:\Users\ch\aszune\aszune-ai-bot\node_modules\jest-circus\build\utils.js:231:10)
    at _callCircusTest (C:\Users\ch\aszune\aszune-ai-bot\node_modules\jest-circus\build\run.js:316:40)
    at processTicksAndRejections (node:internal/process/task_queues:95:5)
    at _runTest (C:\Users\ch\aszune\aszune-ai-bot\node_modules\jest-circus\build\run.js:252:3)
    at _runTestsForDescribeBlock (C:\Users\ch\aszune\aszune-ai-bot\node_modules\jest-circus\build\run.js:126:9)
    at _runTestsForDescribeBlock (C:\Users\ch\aszune\aszune-ai-bot\node_modules\jest-circus\build\run.js:121:9)
    at run (C:\Users\ch\aszune\aszune-ai-bot\node_modules\jest-circus\build\run.js:71:3)
    at runAndTransformResultsToJestFormat (C:\Users\ch\aszune\aszune-ai-bot\node_modules\jest-circus\build\legacy-code-todo-rewrite\jestAdapterInit.js:122:21)
    at jestAdapter (C:\Users\ch\aszune\aszune-ai-bot\node_modules\jest-circus\build\legacy-code-todo-rewrite\jestAdapter.js:79:19)
    at runTestInternal (C:\Users\ch\aszune\aszune-ai-bot\node_modules\jest-runner\build\runTest.js:367:16)
    at runTest (C:\Users\ch\aszune\aszune-ai-bot\node_modules\jest-runner\build\runTest.js:444:34)
    at Object.worker (C:\Users\ch\aszune\aszune-ai-bot\node_modules\jest-runner\build\testWorker.js:106:12)</failure>
    </testcase>
    <testcase classname="index.js - Core Branch Coverage handles error events" name="index.js - Core Branch Coverage handles error events" time="0.334">
      <failure>TypeError: Cannot read properties of undefined (reading &apos;PERPLEXITY&apos;)
    at new PERPLEXITY (C:\Users\ch\aszune\aszune-ai-bot\src\services\perplexity-secure.js:53:31)
    at Object.&lt;anonymous&gt; (C:\Users\ch\aszune\aszune-ai-bot\src\services\perplexity-secure.js:901:18)
    at Runtime._execModule (C:\Users\ch\aszune\aszune-ai-bot\node_modules\jest-runtime\build\index.js:1439:24)
    at Runtime._loadModule (C:\Users\ch\aszune\aszune-ai-bot\node_modules\jest-runtime\build\index.js:1022:12)
    at Runtime.requireModule (C:\Users\ch\aszune\aszune-ai-bot\node_modules\jest-runtime\build\index.js:882:12)
    at Runtime.requireModuleOrMock (C:\Users\ch\aszune\aszune-ai-bot\node_modules\jest-runtime\build\index.js:1048:21)
    at Object.require (C:\Users\ch\aszune\aszune-ai-bot\src\services\chat.js:5:27)
    at Runtime._execModule (C:\Users\ch\aszune\aszune-ai-bot\node_modules\jest-runtime\build\index.js:1439:24)
    at Runtime._loadModule (C:\Users\ch\aszune\aszune-ai-bot\node_modules\jest-runtime\build\index.js:1022:12)
    at Runtime.requireModule (C:\Users\ch\aszune\aszune-ai-bot\node_modules\jest-runtime\build\index.js:882:12)
    at Runtime.requireModuleOrMock (C:\Users\ch\aszune\aszune-ai-bot\node_modules\jest-runtime\build\index.js:1048:21)
    at Object.require (C:\Users\ch\aszune\aszune-ai-bot\src\index.js:35:27)
    at Runtime._execModule (C:\Users\ch\aszune\aszune-ai-bot\node_modules\jest-runtime\build\index.js:1439:24)
    at Runtime._loadModule (C:\Users\ch\aszune\aszune-ai-bot\node_modules\jest-runtime\build\index.js:1022:12)
    at Runtime.requireModule (C:\Users\ch\aszune\aszune-ai-bot\node_modules\jest-runtime\build\index.js:882:12)
    at Runtime.requireModuleOrMock (C:\Users\ch\aszune\aszune-ai-bot\node_modules\jest-runtime\build\index.js:1048:21)
    at Object.require (C:\Users\ch\aszune\aszune-ai-bot\__tests__\unit\index-branch-coverage-core.test.js:87:5)
    at Promise.then.completed (C:\Users\ch\aszune\aszune-ai-bot\node_modules\jest-circus\build\utils.js:298:28)
    at new Promise (&lt;anonymous&gt;)
    at callAsyncCircusFn (C:\Users\ch\aszune\aszune-ai-bot\node_modules\jest-circus\build\utils.js:231:10)
    at _callCircusTest (C:\Users\ch\aszune\aszune-ai-bot\node_modules\jest-circus\build\run.js:316:40)
    at processTicksAndRejections (node:internal/process/task_queues:95:5)
    at _runTest (C:\Users\ch\aszune\aszune-ai-bot\node_modules\jest-circus\build\run.js:252:3)
    at _runTestsForDescribeBlock (C:\Users\ch\aszune\aszune-ai-bot\node_modules\jest-circus\build\run.js:126:9)
    at _runTestsForDescribeBlock (C:\Users\ch\aszune\aszune-ai-bot\node_modules\jest-circus\build\run.js:121:9)
    at run (C:\Users\ch\aszune\aszune-ai-bot\node_modules\jest-circus\build\run.js:71:3)
    at runAndTransformResultsToJestFormat (C:\Users\ch\aszune\aszune-ai-bot\node_modules\jest-circus\build\legacy-code-todo-rewrite\jestAdapterInit.js:122:21)
    at jestAdapter (C:\Users\ch\aszune\aszune-ai-bot\node_modules\jest-circus\build\legacy-code-todo-rewrite\jestAdapter.js:79:19)
    at runTestInternal (C:\Users\ch\aszune\aszune-ai-bot\node_modules\jest-runner\build\runTest.js:367:16)
    at runTest (C:\Users\ch\aszune\aszune-ai-bot\node_modules\jest-runner\build\runTest.js:444:34)
    at Object.worker (C:\Users\ch\aszune\aszune-ai-bot\node_modules\jest-runner\build\testWorker.js:106:12)</failure>
    </testcase>
    <testcase classname="index.js - Core Branch Coverage handles warn events" name="index.js - Core Branch Coverage handles warn events" time="0.246">
      <failure>TypeError: Cannot read properties of undefined (reading &apos;PERPLEXITY&apos;)
    at new PERPLEXITY (C:\Users\ch\aszune\aszune-ai-bot\src\services\perplexity-secure.js:53:31)
    at Object.&lt;anonymous&gt; (C:\Users\ch\aszune\aszune-ai-bot\src\services\perplexity-secure.js:901:18)
    at Runtime._execModule (C:\Users\ch\aszune\aszune-ai-bot\node_modules\jest-runtime\build\index.js:1439:24)
    at Runtime._loadModule (C:\Users\ch\aszune\aszune-ai-bot\node_modules\jest-runtime\build\index.js:1022:12)
    at Runtime.requireModule (C:\Users\ch\aszune\aszune-ai-bot\node_modules\jest-runtime\build\index.js:882:12)
    at Runtime.requireModuleOrMock (C:\Users\ch\aszune\aszune-ai-bot\node_modules\jest-runtime\build\index.js:1048:21)
    at Object.require (C:\Users\ch\aszune\aszune-ai-bot\src\services\chat.js:5:27)
    at Runtime._execModule (C:\Users\ch\aszune\aszune-ai-bot\node_modules\jest-runtime\build\index.js:1439:24)
    at Runtime._loadModule (C:\Users\ch\aszune\aszune-ai-bot\node_modules\jest-runtime\build\index.js:1022:12)
    at Runtime.requireModule (C:\Users\ch\aszune\aszune-ai-bot\node_modules\jest-runtime\build\index.js:882:12)
    at Runtime.requireModuleOrMock (C:\Users\ch\aszune\aszune-ai-bot\node_modules\jest-runtime\build\index.js:1048:21)
    at Object.require (C:\Users\ch\aszune\aszune-ai-bot\src\index.js:35:27)
    at Runtime._execModule (C:\Users\ch\aszune\aszune-ai-bot\node_modules\jest-runtime\build\index.js:1439:24)
    at Runtime._loadModule (C:\Users\ch\aszune\aszune-ai-bot\node_modules\jest-runtime\build\index.js:1022:12)
    at Runtime.requireModule (C:\Users\ch\aszune\aszune-ai-bot\node_modules\jest-runtime\build\index.js:882:12)
    at Runtime.requireModuleOrMock (C:\Users\ch\aszune\aszune-ai-bot\node_modules\jest-runtime\build\index.js:1048:21)
    at Object.require (C:\Users\ch\aszune\aszune-ai-bot\__tests__\unit\index-branch-coverage-core.test.js:101:5)
    at Promise.then.completed (C:\Users\ch\aszune\aszune-ai-bot\node_modules\jest-circus\build\utils.js:298:28)
    at new Promise (&lt;anonymous&gt;)
    at callAsyncCircusFn (C:\Users\ch\aszune\aszune-ai-bot\node_modules\jest-circus\build\utils.js:231:10)
    at _callCircusTest (C:\Users\ch\aszune\aszune-ai-bot\node_modules\jest-circus\build\run.js:316:40)
    at processTicksAndRejections (node:internal/process/task_queues:95:5)
    at _runTest (C:\Users\ch\aszune\aszune-ai-bot\node_modules\jest-circus\build\run.js:252:3)
    at _runTestsForDescribeBlock (C:\Users\ch\aszune\aszune-ai-bot\node_modules\jest-circus\build\run.js:126:9)
    at _runTestsForDescribeBlock (C:\Users\ch\aszune\aszune-ai-bot\node_modules\jest-circus\build\run.js:121:9)
    at run (C:\Users\ch\aszune\aszune-ai-bot\node_modules\jest-circus\build\run.js:71:3)
    at runAndTransformResultsToJestFormat (C:\Users\ch\aszune\aszune-ai-bot\node_modules\jest-circus\build\legacy-code-todo-rewrite\jestAdapterInit.js:122:21)
    at jestAdapter (C:\Users\ch\aszune\aszune-ai-bot\node_modules\jest-circus\build\legacy-code-todo-rewrite\jestAdapter.js:79:19)
    at runTestInternal (C:\Users\ch\aszune\aszune-ai-bot\node_modules\jest-runner\build\runTest.js:367:16)
    at runTest (C:\Users\ch\aszune\aszune-ai-bot\node_modules\jest-runner\build\runTest.js:444:34)
    at Object.worker (C:\Users\ch\aszune\aszune-ai-bot\node_modules\jest-runner\build\testWorker.js:106:12)</failure>
    </testcase>
    <testcase classname="index.js - Core Branch Coverage handles interaction events" name="index.js - Core Branch Coverage handles interaction events" time="0.336">
      <failure>TypeError: Cannot read properties of undefined (reading &apos;PERPLEXITY&apos;)
    at new PERPLEXITY (C:\Users\ch\aszune\aszune-ai-bot\src\services\perplexity-secure.js:53:31)
    at Object.&lt;anonymous&gt; (C:\Users\ch\aszune\aszune-ai-bot\src\services\perplexity-secure.js:901:18)
    at Runtime._execModule (C:\Users\ch\aszune\aszune-ai-bot\node_modules\jest-runtime\build\index.js:1439:24)
    at Runtime._loadModule (C:\Users\ch\aszune\aszune-ai-bot\node_modules\jest-runtime\build\index.js:1022:12)
    at Runtime.requireModule (C:\Users\ch\aszune\aszune-ai-bot\node_modules\jest-runtime\build\index.js:882:12)
    at Runtime.requireModuleOrMock (C:\Users\ch\aszune\aszune-ai-bot\node_modules\jest-runtime\build\index.js:1048:21)
    at Object.require (C:\Users\ch\aszune\aszune-ai-bot\src\services\chat.js:5:27)
    at Runtime._execModule (C:\Users\ch\aszune\aszune-ai-bot\node_modules\jest-runtime\build\index.js:1439:24)
    at Runtime._loadModule (C:\Users\ch\aszune\aszune-ai-bot\node_modules\jest-runtime\build\index.js:1022:12)
    at Runtime.requireModule (C:\Users\ch\aszune\aszune-ai-bot\node_modules\jest-runtime\build\index.js:882:12)
    at Runtime.requireModuleOrMock (C:\Users\ch\aszune\aszune-ai-bot\node_modules\jest-runtime\build\index.js:1048:21)
    at Object.require (C:\Users\ch\aszune\aszune-ai-bot\src\index.js:35:27)
    at Runtime._execModule (C:\Users\ch\aszune\aszune-ai-bot\node_modules\jest-runtime\build\index.js:1439:24)
    at Runtime._loadModule (C:\Users\ch\aszune\aszune-ai-bot\node_modules\jest-runtime\build\index.js:1022:12)
    at Runtime.requireModule (C:\Users\ch\aszune\aszune-ai-bot\node_modules\jest-runtime\build\index.js:882:12)
    at Runtime.requireModuleOrMock (C:\Users\ch\aszune\aszune-ai-bot\node_modules\jest-runtime\build\index.js:1048:21)
    at Object.require (C:\Users\ch\aszune\aszune-ai-bot\__tests__\unit\index-branch-coverage-core.test.js:118:5)
    at Promise.then.completed (C:\Users\ch\aszune\aszune-ai-bot\node_modules\jest-circus\build\utils.js:298:28)
    at new Promise (&lt;anonymous&gt;)
    at callAsyncCircusFn (C:\Users\ch\aszune\aszune-ai-bot\node_modules\jest-circus\build\utils.js:231:10)
    at _callCircusTest (C:\Users\ch\aszune\aszune-ai-bot\node_modules\jest-circus\build\run.js:316:40)
    at processTicksAndRejections (node:internal/process/task_queues:95:5)
    at _runTest (C:\Users\ch\aszune\aszune-ai-bot\node_modules\jest-circus\build\run.js:252:3)
    at _runTestsForDescribeBlock (C:\Users\ch\aszune\aszune-ai-bot\node_modules\jest-circus\build\run.js:126:9)
    at _runTestsForDescribeBlock (C:\Users\ch\aszune\aszune-ai-bot\node_modules\jest-circus\build\run.js:121:9)
    at run (C:\Users\ch\aszune\aszune-ai-bot\node_modules\jest-circus\build\run.js:71:3)
    at runAndTransformResultsToJestFormat (C:\Users\ch\aszune\aszune-ai-bot\node_modules\jest-circus\build\legacy-code-todo-rewrite\jestAdapterInit.js:122:21)
    at jestAdapter (C:\Users\ch\aszune\aszune-ai-bot\node_modules\jest-circus\build\legacy-code-todo-rewrite\jestAdapter.js:79:19)
    at runTestInternal (C:\Users\ch\aszune\aszune-ai-bot\node_modules\jest-runner\build\runTest.js:367:16)
    at runTest (C:\Users\ch\aszune\aszune-ai-bot\node_modules\jest-runner\build\runTest.js:444:34)
    at Object.worker (C:\Users\ch\aszune\aszune-ai-bot\node_modules\jest-runner\build\testWorker.js:106:12)</failure>
    </testcase>
    <testcase classname="index.js - Core Branch Coverage handles ready event with slash command registration failure" name="index.js - Core Branch Coverage handles ready event with slash command registration failure" time="0.28">
      <failure>TypeError: Cannot read properties of undefined (reading &apos;PERPLEXITY&apos;)
    at new PERPLEXITY (C:\Users\ch\aszune\aszune-ai-bot\src\services\perplexity-secure.js:53:31)
    at Object.&lt;anonymous&gt; (C:\Users\ch\aszune\aszune-ai-bot\src\services\perplexity-secure.js:901:18)
    at Runtime._execModule (C:\Users\ch\aszune\aszune-ai-bot\node_modules\jest-runtime\build\index.js:1439:24)
    at Runtime._loadModule (C:\Users\ch\aszune\aszune-ai-bot\node_modules\jest-runtime\build\index.js:1022:12)
    at Runtime.requireModule (C:\Users\ch\aszune\aszune-ai-bot\node_modules\jest-runtime\build\index.js:882:12)
    at Runtime.requireModuleOrMock (C:\Users\ch\aszune\aszune-ai-bot\node_modules\jest-runtime\build\index.js:1048:21)
    at Object.require (C:\Users\ch\aszune\aszune-ai-bot\src\services\chat.js:5:27)
    at Runtime._execModule (C:\Users\ch\aszune\aszune-ai-bot\node_modules\jest-runtime\build\index.js:1439:24)
    at Runtime._loadModule (C:\Users\ch\aszune\aszune-ai-bot\node_modules\jest-runtime\build\index.js:1022:12)
    at Runtime.requireModule (C:\Users\ch\aszune\aszune-ai-bot\node_modules\jest-runtime\build\index.js:882:12)
    at Runtime.requireModuleOrMock (C:\Users\ch\aszune\aszune-ai-bot\node_modules\jest-runtime\build\index.js:1048:21)
    at Object.require (C:\Users\ch\aszune\aszune-ai-bot\src\index.js:35:27)
    at Runtime._execModule (C:\Users\ch\aszune\aszune-ai-bot\node_modules\jest-runtime\build\index.js:1439:24)
    at Runtime._loadModule (C:\Users\ch\aszune\aszune-ai-bot\node_modules\jest-runtime\build\index.js:1022:12)
    at Runtime.requireModule (C:\Users\ch\aszune\aszune-ai-bot\node_modules\jest-runtime\build\index.js:882:12)
    at Runtime.requireModuleOrMock (C:\Users\ch\aszune\aszune-ai-bot\node_modules\jest-runtime\build\index.js:1048:21)
    at Object.require (C:\Users\ch\aszune\aszune-ai-bot\__tests__\unit\index-branch-coverage-core.test.js:150:5)
    at Promise.then.completed (C:\Users\ch\aszune\aszune-ai-bot\node_modules\jest-circus\build\utils.js:298:28)
    at new Promise (&lt;anonymous&gt;)
    at callAsyncCircusFn (C:\Users\ch\aszune\aszune-ai-bot\node_modules\jest-circus\build\utils.js:231:10)
    at _callCircusTest (C:\Users\ch\aszune\aszune-ai-bot\node_modules\jest-circus\build\run.js:316:40)
    at processTicksAndRejections (node:internal/process/task_queues:95:5)
    at _runTest (C:\Users\ch\aszune\aszune-ai-bot\node_modules\jest-circus\build\run.js:252:3)
    at _runTestsForDescribeBlock (C:\Users\ch\aszune\aszune-ai-bot\node_modules\jest-circus\build\run.js:126:9)
    at _runTestsForDescribeBlock (C:\Users\ch\aszune\aszune-ai-bot\node_modules\jest-circus\build\run.js:121:9)
    at run (C:\Users\ch\aszune\aszune-ai-bot\node_modules\jest-circus\build\run.js:71:3)
    at runAndTransformResultsToJestFormat (C:\Users\ch\aszune\aszune-ai-bot\node_modules\jest-circus\build\legacy-code-todo-rewrite\jestAdapterInit.js:122:21)
    at jestAdapter (C:\Users\ch\aszune\aszune-ai-bot\node_modules\jest-circus\build\legacy-code-todo-rewrite\jestAdapter.js:79:19)
    at runTestInternal (C:\Users\ch\aszune\aszune-ai-bot\node_modules\jest-runner\build\runTest.js:367:16)
    at runTest (C:\Users\ch\aszune\aszune-ai-bot\node_modules\jest-runner\build\runTest.js:444:34)
    at Object.worker (C:\Users\ch\aszune\aszune-ai-bot\node_modules\jest-runner\build\testWorker.js:106:12)</failure>
    </testcase>
    <testcase classname="index.js - Core Branch Coverage handles PI optimizations" name="index.js - Core Branch Coverage handles PI optimizations" time="0.266">
      <failure>TypeError: Cannot read properties of undefined (reading &apos;PERPLEXITY&apos;)
    at new PERPLEXITY (C:\Users\ch\aszune\aszune-ai-bot\src\services\perplexity-secure.js:53:31)
    at Object.&lt;anonymous&gt; (C:\Users\ch\aszune\aszune-ai-bot\src\services\perplexity-secure.js:901:18)
    at Runtime._execModule (C:\Users\ch\aszune\aszune-ai-bot\node_modules\jest-runtime\build\index.js:1439:24)
    at Runtime._loadModule (C:\Users\ch\aszune\aszune-ai-bot\node_modules\jest-runtime\build\index.js:1022:12)
    at Runtime.requireModule (C:\Users\ch\aszune\aszune-ai-bot\node_modules\jest-runtime\build\index.js:882:12)
    at Runtime.requireModuleOrMock (C:\Users\ch\aszune\aszune-ai-bot\node_modules\jest-runtime\build\index.js:1048:21)
    at Object.require (C:\Users\ch\aszune\aszune-ai-bot\src\services\chat.js:5:27)
    at Runtime._execModule (C:\Users\ch\aszune\aszune-ai-bot\node_modules\jest-runtime\build\index.js:1439:24)
    at Runtime._loadModule (C:\Users\ch\aszune\aszune-ai-bot\node_modules\jest-runtime\build\index.js:1022:12)
    at Runtime.requireModule (C:\Users\ch\aszune\aszune-ai-bot\node_modules\jest-runtime\build\index.js:882:12)
    at Runtime.requireModuleOrMock (C:\Users\ch\aszune\aszune-ai-bot\node_modules\jest-runtime\build\index.js:1048:21)
    at Object.require (C:\Users\ch\aszune\aszune-ai-bot\src\index.js:35:27)
    at Runtime._execModule (C:\Users\ch\aszune\aszune-ai-bot\node_modules\jest-runtime\build\index.js:1439:24)
    at Runtime._loadModule (C:\Users\ch\aszune\aszune-ai-bot\node_modules\jest-runtime\build\index.js:1022:12)
    at Runtime.requireModule (C:\Users\ch\aszune\aszune-ai-bot\node_modules\jest-runtime\build\index.js:882:12)
    at Runtime.requireModuleOrMock (C:\Users\ch\aszune\aszune-ai-bot\node_modules\jest-runtime\build\index.js:1048:21)
    at Object.require (C:\Users\ch\aszune\aszune-ai-bot\__tests__\unit\index-branch-coverage-core.test.js:172:5)
    at Promise.then.completed (C:\Users\ch\aszune\aszune-ai-bot\node_modules\jest-circus\build\utils.js:298:28)
    at new Promise (&lt;anonymous&gt;)
    at callAsyncCircusFn (C:\Users\ch\aszune\aszune-ai-bot\node_modules\jest-circus\build\utils.js:231:10)
    at _callCircusTest (C:\Users\ch\aszune\aszune-ai-bot\node_modules\jest-circus\build\run.js:316:40)
    at processTicksAndRejections (node:internal/process/task_queues:95:5)
    at _runTest (C:\Users\ch\aszune\aszune-ai-bot\node_modules\jest-circus\build\run.js:252:3)
    at _runTestsForDescribeBlock (C:\Users\ch\aszune\aszune-ai-bot\node_modules\jest-circus\build\run.js:126:9)
    at _runTestsForDescribeBlock (C:\Users\ch\aszune\aszune-ai-bot\node_modules\jest-circus\build\run.js:121:9)
    at run (C:\Users\ch\aszune\aszune-ai-bot\node_modules\jest-circus\build\run.js:71:3)
    at runAndTransformResultsToJestFormat (C:\Users\ch\aszune\aszune-ai-bot\node_modules\jest-circus\build\legacy-code-todo-rewrite\jestAdapterInit.js:122:21)
    at jestAdapter (C:\Users\ch\aszune\aszune-ai-bot\node_modules\jest-circus\build\legacy-code-todo-rewrite\jestAdapter.js:79:19)
    at runTestInternal (C:\Users\ch\aszune\aszune-ai-bot\node_modules\jest-runner\build\runTest.js:367:16)
    at runTest (C:\Users\ch\aszune\aszune-ai-bot\node_modules\jest-runner\build\runTest.js:444:34)
    at Object.worker (C:\Users\ch\aszune\aszune-ai-bot\node_modules\jest-runner\build\testWorker.js:106:12)</failure>
    </testcase>
    <testcase classname="index.js - Core Branch Coverage handles PI optimization failures" name="index.js - Core Branch Coverage handles PI optimization failures" time="0.251">
      <failure>TypeError: Cannot read properties of undefined (reading &apos;PERPLEXITY&apos;)
    at new PERPLEXITY (C:\Users\ch\aszune\aszune-ai-bot\src\services\perplexity-secure.js:53:31)
    at Object.&lt;anonymous&gt; (C:\Users\ch\aszune\aszune-ai-bot\src\services\perplexity-secure.js:901:18)
    at Runtime._execModule (C:\Users\ch\aszune\aszune-ai-bot\node_modules\jest-runtime\build\index.js:1439:24)
    at Runtime._loadModule (C:\Users\ch\aszune\aszune-ai-bot\node_modules\jest-runtime\build\index.js:1022:12)
    at Runtime.requireModule (C:\Users\ch\aszune\aszune-ai-bot\node_modules\jest-runtime\build\index.js:882:12)
    at Runtime.requireModuleOrMock (C:\Users\ch\aszune\aszune-ai-bot\node_modules\jest-runtime\build\index.js:1048:21)
    at Object.require (C:\Users\ch\aszune\aszune-ai-bot\src\services\chat.js:5:27)
    at Runtime._execModule (C:\Users\ch\aszune\aszune-ai-bot\node_modules\jest-runtime\build\index.js:1439:24)
    at Runtime._loadModule (C:\Users\ch\aszune\aszune-ai-bot\node_modules\jest-runtime\build\index.js:1022:12)
    at Runtime.requireModule (C:\Users\ch\aszune\aszune-ai-bot\node_modules\jest-runtime\build\index.js:882:12)
    at Runtime.requireModuleOrMock (C:\Users\ch\aszune\aszune-ai-bot\node_modules\jest-runtime\build\index.js:1048:21)
    at Object.require (C:\Users\ch\aszune\aszune-ai-bot\src\index.js:35:27)
    at Runtime._execModule (C:\Users\ch\aszune\aszune-ai-bot\node_modules\jest-runtime\build\index.js:1439:24)
    at Runtime._loadModule (C:\Users\ch\aszune\aszune-ai-bot\node_modules\jest-runtime\build\index.js:1022:12)
    at Runtime.requireModule (C:\Users\ch\aszune\aszune-ai-bot\node_modules\jest-runtime\build\index.js:882:12)
    at Runtime.requireModuleOrMock (C:\Users\ch\aszune\aszune-ai-bot\node_modules\jest-runtime\build\index.js:1048:21)
    at Object.require (C:\Users\ch\aszune\aszune-ai-bot\__tests__\unit\index-branch-coverage-core.test.js:192:5)
    at Promise.then.completed (C:\Users\ch\aszune\aszune-ai-bot\node_modules\jest-circus\build\utils.js:298:28)
    at new Promise (&lt;anonymous&gt;)
    at callAsyncCircusFn (C:\Users\ch\aszune\aszune-ai-bot\node_modules\jest-circus\build\utils.js:231:10)
    at _callCircusTest (C:\Users\ch\aszune\aszune-ai-bot\node_modules\jest-circus\build\run.js:316:40)
    at processTicksAndRejections (node:internal/process/task_queues:95:5)
    at _runTest (C:\Users\ch\aszune\aszune-ai-bot\node_modules\jest-circus\build\run.js:252:3)
    at _runTestsForDescribeBlock (C:\Users\ch\aszune\aszune-ai-bot\node_modules\jest-circus\build\run.js:126:9)
    at _runTestsForDescribeBlock (C:\Users\ch\aszune\aszune-ai-bot\node_modules\jest-circus\build\run.js:121:9)
    at run (C:\Users\ch\aszune\aszune-ai-bot\node_modules\jest-circus\build\run.js:71:3)
    at runAndTransformResultsToJestFormat (C:\Users\ch\aszune\aszune-ai-bot\node_modules\jest-circus\build\legacy-code-todo-rewrite\jestAdapterInit.js:122:21)
    at jestAdapter (C:\Users\ch\aszune\aszune-ai-bot\node_modules\jest-circus\build\legacy-code-todo-rewrite\jestAdapter.js:79:19)
    at runTestInternal (C:\Users\ch\aszune\aszune-ai-bot\node_modules\jest-runner\build\runTest.js:367:16)
    at runTest (C:\Users\ch\aszune\aszune-ai-bot\node_modules\jest-runner\build\runTest.js:444:34)
    at Object.worker (C:\Users\ch\aszune\aszune-ai-bot\node_modules\jest-runner\build\testWorker.js:106:12)</failure>
    </testcase>
    <testcase classname="index.js - Core Branch Coverage handles login failures in production mode" name="index.js - Core Branch Coverage handles login failures in production mode" time="0.326">
      <failure>TypeError: Cannot read properties of undefined (reading &apos;PERPLEXITY&apos;)
    at new PERPLEXITY (C:\Users\ch\aszune\aszune-ai-bot\src\services\perplexity-secure.js:53:31)
    at Object.&lt;anonymous&gt; (C:\Users\ch\aszune\aszune-ai-bot\src\services\perplexity-secure.js:901:18)
    at Runtime._execModule (C:\Users\ch\aszune\aszune-ai-bot\node_modules\jest-runtime\build\index.js:1439:24)
    at Runtime._loadModule (C:\Users\ch\aszune\aszune-ai-bot\node_modules\jest-runtime\build\index.js:1022:12)
    at Runtime.requireModule (C:\Users\ch\aszune\aszune-ai-bot\node_modules\jest-runtime\build\index.js:882:12)
    at Runtime.requireModuleOrMock (C:\Users\ch\aszune\aszune-ai-bot\node_modules\jest-runtime\build\index.js:1048:21)
    at Object.require (C:\Users\ch\aszune\aszune-ai-bot\src\services\chat.js:5:27)
    at Runtime._execModule (C:\Users\ch\aszune\aszune-ai-bot\node_modules\jest-runtime\build\index.js:1439:24)
    at Runtime._loadModule (C:\Users\ch\aszune\aszune-ai-bot\node_modules\jest-runtime\build\index.js:1022:12)
    at Runtime.requireModule (C:\Users\ch\aszune\aszune-ai-bot\node_modules\jest-runtime\build\index.js:882:12)
    at Runtime.requireModuleOrMock (C:\Users\ch\aszune\aszune-ai-bot\node_modules\jest-runtime\build\index.js:1048:21)
    at Object.require (C:\Users\ch\aszune\aszune-ai-bot\src\index.js:35:27)
    at Runtime._execModule (C:\Users\ch\aszune\aszune-ai-bot\node_modules\jest-runtime\build\index.js:1439:24)
    at Runtime._loadModule (C:\Users\ch\aszune\aszune-ai-bot\node_modules\jest-runtime\build\index.js:1022:12)
    at Runtime.requireModule (C:\Users\ch\aszune\aszune-ai-bot\node_modules\jest-runtime\build\index.js:882:12)
    at Runtime.requireModuleOrMock (C:\Users\ch\aszune\aszune-ai-bot\node_modules\jest-runtime\build\index.js:1048:21)
    at Object.require (C:\Users\ch\aszune\aszune-ai-bot\__tests__\unit\index-branch-coverage-core.test.js:210:5)
    at Promise.then.completed (C:\Users\ch\aszune\aszune-ai-bot\node_modules\jest-circus\build\utils.js:298:28)
    at new Promise (&lt;anonymous&gt;)
    at callAsyncCircusFn (C:\Users\ch\aszune\aszune-ai-bot\node_modules\jest-circus\build\utils.js:231:10)
    at _callCircusTest (C:\Users\ch\aszune\aszune-ai-bot\node_modules\jest-circus\build\run.js:316:40)
    at processTicksAndRejections (node:internal/process/task_queues:95:5)
    at _runTest (C:\Users\ch\aszune\aszune-ai-bot\node_modules\jest-circus\build\run.js:252:3)
    at _runTestsForDescribeBlock (C:\Users\ch\aszune\aszune-ai-bot\node_modules\jest-circus\build\run.js:126:9)
    at _runTestsForDescribeBlock (C:\Users\ch\aszune\aszune-ai-bot\node_modules\jest-circus\build\run.js:121:9)
    at run (C:\Users\ch\aszune\aszune-ai-bot\node_modules\jest-circus\build\run.js:71:3)
    at runAndTransformResultsToJestFormat (C:\Users\ch\aszune\aszune-ai-bot\node_modules\jest-circus\build\legacy-code-todo-rewrite\jestAdapterInit.js:122:21)
    at jestAdapter (C:\Users\ch\aszune\aszune-ai-bot\node_modules\jest-circus\build\legacy-code-todo-rewrite\jestAdapter.js:79:19)
    at runTestInternal (C:\Users\ch\aszune\aszune-ai-bot\node_modules\jest-runner\build\runTest.js:367:16)
    at runTest (C:\Users\ch\aszune\aszune-ai-bot\node_modules\jest-runner\build\runTest.js:444:34)
    at Object.worker (C:\Users\ch\aszune\aszune-ai-bot\node_modules\jest-runner\build\testWorker.js:106:12)</failure>
    </testcase>
    <testcase classname="index.js - Core Branch Coverage handles shutdown process" name="index.js - Core Branch Coverage handles shutdown process" time="0.22">
      <failure>TypeError: Cannot read properties of undefined (reading &apos;PERPLEXITY&apos;)
    at new PERPLEXITY (C:\Users\ch\aszune\aszune-ai-bot\src\services\perplexity-secure.js:53:31)
    at Object.&lt;anonymous&gt; (C:\Users\ch\aszune\aszune-ai-bot\src\services\perplexity-secure.js:901:18)
    at Runtime._execModule (C:\Users\ch\aszune\aszune-ai-bot\node_modules\jest-runtime\build\index.js:1439:24)
    at Runtime._loadModule (C:\Users\ch\aszune\aszune-ai-bot\node_modules\jest-runtime\build\index.js:1022:12)
    at Runtime.requireModule (C:\Users\ch\aszune\aszune-ai-bot\node_modules\jest-runtime\build\index.js:882:12)
    at Runtime.requireModuleOrMock (C:\Users\ch\aszune\aszune-ai-bot\node_modules\jest-runtime\build\index.js:1048:21)
    at Object.require (C:\Users\ch\aszune\aszune-ai-bot\src\services\chat.js:5:27)
    at Runtime._execModule (C:\Users\ch\aszune\aszune-ai-bot\node_modules\jest-runtime\build\index.js:1439:24)
    at Runtime._loadModule (C:\Users\ch\aszune\aszune-ai-bot\node_modules\jest-runtime\build\index.js:1022:12)
    at Runtime.requireModule (C:\Users\ch\aszune\aszune-ai-bot\node_modules\jest-runtime\build\index.js:882:12)
    at Runtime.requireModuleOrMock (C:\Users\ch\aszune\aszune-ai-bot\node_modules\jest-runtime\build\index.js:1048:21)
    at Object.require (C:\Users\ch\aszune\aszune-ai-bot\src\index.js:35:27)
    at Runtime._execModule (C:\Users\ch\aszune\aszune-ai-bot\node_modules\jest-runtime\build\index.js:1439:24)
    at Runtime._loadModule (C:\Users\ch\aszune\aszune-ai-bot\node_modules\jest-runtime\build\index.js:1022:12)
    at Runtime.requireModule (C:\Users\ch\aszune\aszune-ai-bot\node_modules\jest-runtime\build\index.js:882:12)
    at Runtime.requireModuleOrMock (C:\Users\ch\aszune\aszune-ai-bot\node_modules\jest-runtime\build\index.js:1048:21)
    at Object.require (C:\Users\ch\aszune\aszune-ai-bot\__tests__\unit\index-branch-coverage-core.test.js:224:19)
    at Promise.then.completed (C:\Users\ch\aszune\aszune-ai-bot\node_modules\jest-circus\build\utils.js:298:28)
    at new Promise (&lt;anonymous&gt;)
    at callAsyncCircusFn (C:\Users\ch\aszune\aszune-ai-bot\node_modules\jest-circus\build\utils.js:231:10)
    at _callCircusTest (C:\Users\ch\aszune\aszune-ai-bot\node_modules\jest-circus\build\run.js:316:40)
    at processTicksAndRejections (node:internal/process/task_queues:95:5)
    at _runTest (C:\Users\ch\aszune\aszune-ai-bot\node_modules\jest-circus\build\run.js:252:3)
    at _runTestsForDescribeBlock (C:\Users\ch\aszune\aszune-ai-bot\node_modules\jest-circus\build\run.js:126:9)
    at _runTestsForDescribeBlock (C:\Users\ch\aszune\aszune-ai-bot\node_modules\jest-circus\build\run.js:121:9)
    at run (C:\Users\ch\aszune\aszune-ai-bot\node_modules\jest-circus\build\run.js:71:3)
    at runAndTransformResultsToJestFormat (C:\Users\ch\aszune\aszune-ai-bot\node_modules\jest-circus\build\legacy-code-todo-rewrite\jestAdapterInit.js:122:21)
    at jestAdapter (C:\Users\ch\aszune\aszune-ai-bot\node_modules\jest-circus\build\legacy-code-todo-rewrite\jestAdapter.js:79:19)
    at runTestInternal (C:\Users\ch\aszune\aszune-ai-bot\node_modules\jest-runner\build\runTest.js:367:16)
    at runTest (C:\Users\ch\aszune\aszune-ai-bot\node_modules\jest-runner\build\runTest.js:444:34)
    at Object.worker (C:\Users\ch\aszune\aszune-ai-bot\node_modules\jest-runner\build\testWorker.js:106:12)</failure>
    </testcase>
  </testsuite>
  <testsuite name="Bot Shutdown" errors="0" failures="0" skipped="0" timestamp="2025-09-24T07:38:57" time="2.585" tests="2">
    <testcase classname="Bot Shutdown should handle SIGINT and shut down gracefully" name="Bot Shutdown should handle SIGINT and shut down gracefully" time="1.526">
    </testcase>
    <testcase classname="Bot Shutdown should handle errors during shutdown and exit with code 1" name="Bot Shutdown should handle errors during shutdown and exit with code 1" time="0.047">
    </testcase>
  </testsuite>
  <testsuite name="index.js - Event Handler Branch Coverage" errors="0" failures="1" skipped="0" timestamp="2025-09-24T07:38:53" time="6.985" tests="5">
    <testcase classname="index.js - Event Handler Branch Coverage Discord client event handlers should handle error events" name="index.js - Event Handler Branch Coverage Discord client event handlers should handle error events" time="1.713">
    </testcase>
    <testcase classname="index.js - Event Handler Branch Coverage Discord client event handlers should handle warning events" name="index.js - Event Handler Branch Coverage Discord client event handlers should handle warning events" time="0.316">
    </testcase>
    <testcase classname="index.js - Event Handler Branch Coverage Discord client event handlers should handle non-command interactions" name="index.js - Event Handler Branch Coverage Discord client event handlers should handle non-command interactions" time="0.328">
    </testcase>
    <testcase classname="index.js - Event Handler Branch Coverage Discord client event handlers should handle command interactions" name="index.js - Event Handler Branch Coverage Discord client event handlers should handle command interactions" time="0.336">
    </testcase>
    <testcase classname="index.js - Event Handler Branch Coverage Login process should handle login failure in production mode" name="index.js - Event Handler Branch Coverage Login process should handle login failure in production mode" time="0.231">
      <failure>TypeError: Cannot read properties of undefined (reading &apos;PERPLEXITY&apos;)
    at new PERPLEXITY (C:\Users\ch\aszune\aszune-ai-bot\src\services\perplexity-secure.js:53:31)
    at Object.&lt;anonymous&gt; (C:\Users\ch\aszune\aszune-ai-bot\src\services\perplexity-secure.js:901:18)
    at Runtime._execModule (C:\Users\ch\aszune\aszune-ai-bot\node_modules\jest-runtime\build\index.js:1439:24)
    at Runtime._loadModule (C:\Users\ch\aszune\aszune-ai-bot\node_modules\jest-runtime\build\index.js:1022:12)
    at Runtime.requireModule (C:\Users\ch\aszune\aszune-ai-bot\node_modules\jest-runtime\build\index.js:882:12)
    at Runtime.requireModuleOrMock (C:\Users\ch\aszune\aszune-ai-bot\node_modules\jest-runtime\build\index.js:1048:21)
    at Object.require (C:\Users\ch\aszune\aszune-ai-bot\src\services\chat.js:5:27)
    at Runtime._execModule (C:\Users\ch\aszune\aszune-ai-bot\node_modules\jest-runtime\build\index.js:1439:24)
    at Runtime._loadModule (C:\Users\ch\aszune\aszune-ai-bot\node_modules\jest-runtime\build\index.js:1022:12)
    at Runtime.requireModule (C:\Users\ch\aszune\aszune-ai-bot\node_modules\jest-runtime\build\index.js:882:12)
    at Runtime.requireModuleOrMock (C:\Users\ch\aszune\aszune-ai-bot\node_modules\jest-runtime\build\index.js:1048:21)
    at Object.require (C:\Users\ch\aszune\aszune-ai-bot\src\index.js:35:27)
    at Runtime._execModule (C:\Users\ch\aszune\aszune-ai-bot\node_modules\jest-runtime\build\index.js:1439:24)
    at Runtime._loadModule (C:\Users\ch\aszune\aszune-ai-bot\node_modules\jest-runtime\build\index.js:1022:12)
    at Runtime.requireModule (C:\Users\ch\aszune\aszune-ai-bot\node_modules\jest-runtime\build\index.js:882:12)
    at Runtime.requireModuleOrMock (C:\Users\ch\aszune\aszune-ai-bot\node_modules\jest-runtime\build\index.js:1048:21)
    at Object.require (C:\Users\ch\aszune\aszune-ai-bot\__tests__\unit\index-branch-coverage-events.test.js:159:7)
    at Promise.then.completed (C:\Users\ch\aszune\aszune-ai-bot\node_modules\jest-circus\build\utils.js:298:28)
    at new Promise (&lt;anonymous&gt;)
    at callAsyncCircusFn (C:\Users\ch\aszune\aszune-ai-bot\node_modules\jest-circus\build\utils.js:231:10)
    at _callCircusTest (C:\Users\ch\aszune\aszune-ai-bot\node_modules\jest-circus\build\run.js:316:40)
    at processTicksAndRejections (node:internal/process/task_queues:95:5)
    at _runTest (C:\Users\ch\aszune\aszune-ai-bot\node_modules\jest-circus\build\run.js:252:3)
    at _runTestsForDescribeBlock (C:\Users\ch\aszune\aszune-ai-bot\node_modules\jest-circus\build\run.js:126:9)
    at _runTestsForDescribeBlock (C:\Users\ch\aszune\aszune-ai-bot\node_modules\jest-circus\build\run.js:121:9)
    at _runTestsForDescribeBlock (C:\Users\ch\aszune\aszune-ai-bot\node_modules\jest-circus\build\run.js:121:9)
    at run (C:\Users\ch\aszune\aszune-ai-bot\node_modules\jest-circus\build\run.js:71:3)
    at runAndTransformResultsToJestFormat (C:\Users\ch\aszune\aszune-ai-bot\node_modules\jest-circus\build\legacy-code-todo-rewrite\jestAdapterInit.js:122:21)
    at jestAdapter (C:\Users\ch\aszune\aszune-ai-bot\node_modules\jest-circus\build\legacy-code-todo-rewrite\jestAdapter.js:79:19)
    at runTestInternal (C:\Users\ch\aszune\aszune-ai-bot\node_modules\jest-runner\build\runTest.js:367:16)
    at runTest (C:\Users\ch\aszune\aszune-ai-bot\node_modules\jest-runner\build\runTest.js:444:34)
    at Object.worker (C:\Users\ch\aszune\aszune-ai-bot\node_modules\jest-runner\build\testWorker.js:106:12)</failure>
    </testcase>
  </testsuite>
  <testsuite name="Memory Monitor - Checking" errors="0" failures="3" skipped="0" timestamp="2025-09-24T07:38:53" time="5.297" tests="8">
    <testcase classname="Memory Monitor - Checking should trigger garbage collection when memory exceeds limit" name="Memory Monitor - Checking should trigger garbage collection when memory exceeds limit" time="0.469">
    </testcase>
    <testcase classname="Memory Monitor - Checking should clear low memory flag when memory usage drops" name="Memory Monitor - Checking should clear low memory flag when memory usage drops" time="0.005">
    </testcase>
    <testcase classname="Memory Monitor - Checking should handle critical memory threshold" name="Memory Monitor - Checking should handle critical memory threshold" time="0.026">
      <failure>Error: expect(jest.fn()).toHaveBeenCalledWith(...expected)

Expected: Any&lt;Error&gt;, &quot;Memory usage exceeded critical threshold&quot;

Number of calls: 0
    at Object.toHaveBeenCalledWith (C:\Users\ch\aszune\aszune-ai-bot\__tests__\unit\memory-monitor-checking.test.js:102:22)
    at Promise.then.completed (C:\Users\ch\aszune\aszune-ai-bot\node_modules\jest-circus\build\utils.js:298:28)
    at new Promise (&lt;anonymous&gt;)
    at callAsyncCircusFn (C:\Users\ch\aszune\aszune-ai-bot\node_modules\jest-circus\build\utils.js:231:10)
    at _callCircusTest (C:\Users\ch\aszune\aszune-ai-bot\node_modules\jest-circus\build\run.js:316:40)
    at processTicksAndRejections (node:internal/process/task_queues:95:5)
    at _runTest (C:\Users\ch\aszune\aszune-ai-bot\node_modules\jest-circus\build\run.js:252:3)
    at _runTestsForDescribeBlock (C:\Users\ch\aszune\aszune-ai-bot\node_modules\jest-circus\build\run.js:126:9)
    at _runTestsForDescribeBlock (C:\Users\ch\aszune\aszune-ai-bot\node_modules\jest-circus\build\run.js:121:9)
    at run (C:\Users\ch\aszune\aszune-ai-bot\node_modules\jest-circus\build\run.js:71:3)
    at runAndTransformResultsToJestFormat (C:\Users\ch\aszune\aszune-ai-bot\node_modules\jest-circus\build\legacy-code-todo-rewrite\jestAdapterInit.js:122:21)
    at jestAdapter (C:\Users\ch\aszune\aszune-ai-bot\node_modules\jest-circus\build\legacy-code-todo-rewrite\jestAdapter.js:79:19)
    at runTestInternal (C:\Users\ch\aszune\aszune-ai-bot\node_modules\jest-runner\build\runTest.js:367:16)
    at runTest (C:\Users\ch\aszune\aszune-ai-bot\node_modules\jest-runner\build\runTest.js:444:34)
    at Object.worker (C:\Users\ch\aszune\aszune-ai-bot\node_modules\jest-runner\build\testWorker.js:106:12)</failure>
    </testcase>
    <testcase classname="Memory Monitor - Checking should handle memory check errors gracefully" name="Memory Monitor - Checking should handle memory check errors gracefully" time="0.001">
      <failure>TypeError: Cannot read properties of undefined (reading &apos;message&apos;)
    at MemoryMonitor.message [as checkMemoryUsage] (C:\Users\ch\aszune\aszune-ai-bot\src\utils\memory-monitor.js:89:57)
    at Object.checkMemoryUsage (C:\Users\ch\aszune\aszune-ai-bot\__tests__\unit\memory-monitor-checking.test.js:115:19)
    at Promise.then.completed (C:\Users\ch\aszune\aszune-ai-bot\node_modules\jest-circus\build\utils.js:298:28)
    at new Promise (&lt;anonymous&gt;)
    at callAsyncCircusFn (C:\Users\ch\aszune\aszune-ai-bot\node_modules\jest-circus\build\utils.js:231:10)
    at _callCircusTest (C:\Users\ch\aszune\aszune-ai-bot\node_modules\jest-circus\build\run.js:316:40)
    at processTicksAndRejections (node:internal/process/task_queues:95:5)
    at _runTest (C:\Users\ch\aszune\aszune-ai-bot\node_modules\jest-circus\build\run.js:252:3)
    at _runTestsForDescribeBlock (C:\Users\ch\aszune\aszune-ai-bot\node_modules\jest-circus\build\run.js:126:9)
    at _runTestsForDescribeBlock (C:\Users\ch\aszune\aszune-ai-bot\node_modules\jest-circus\build\run.js:121:9)
    at run (C:\Users\ch\aszune\aszune-ai-bot\node_modules\jest-circus\build\run.js:71:3)
    at runAndTransformResultsToJestFormat (C:\Users\ch\aszune\aszune-ai-bot\node_modules\jest-circus\build\legacy-code-todo-rewrite\jestAdapterInit.js:122:21)
    at jestAdapter (C:\Users\ch\aszune\aszune-ai-bot\node_modules\jest-circus\build\legacy-code-todo-rewrite\jestAdapter.js:79:19)
    at runTestInternal (C:\Users\ch\aszune\aszune-ai-bot\node_modules\jest-runner\build\runTest.js:367:16)
    at runTest (C:\Users\ch\aszune\aszune-ai-bot\node_modules\jest-runner\build\runTest.js:444:34)
    at Object.worker (C:\Users\ch\aszune\aszune-ai-bot\node_modules\jest-runner\build\testWorker.js:106:12)</failure>
    </testcase>
    <testcase classname="Memory Monitor - Checking should force garbage collection when not recently called" name="Memory Monitor - Checking should force garbage collection when not recently called" time="0.296">
    </testcase>
    <testcase classname="Memory Monitor - Checking should not force garbage collection if recently called" name="Memory Monitor - Checking should not force garbage collection if recently called" time="0.004">
    </testcase>
    <testcase classname="Memory Monitor - Checking should handle garbage collection when gc is not available" name="Memory Monitor - Checking should handle garbage collection when gc is not available" time="0.37">
    </testcase>
    <testcase classname="Memory Monitor - Checking should handle garbage collection errors" name="Memory Monitor - Checking should handle garbage collection errors" time="0.001">
      <failure>TypeError: Cannot read properties of undefined (reading &apos;message&apos;)
    at MemoryMonitor.message (C:\Users\ch\aszune\aszune-ai-bot\src\utils\memory-monitor.js:124:63)
    at MemoryMonitor.&lt;anonymous&gt; (C:\Users\ch\aszune\aszune-ai-bot\node_modules\jest-mock\build\index.js:794:25)
    at C:\Users\ch\aszune\aszune-ai-bot\node_modules\jest-mock\build\index.js:397:39
    at MemoryMonitor.&lt;anonymous&gt; (C:\Users\ch\aszune\aszune-ai-bot\node_modules\jest-mock\build\index.js:404:13)
    at MemoryMonitor.mockConstructor [as forceGarbageCollection] (C:\Users\ch\aszune\aszune-ai-bot\node_modules\jest-mock\build\index.js:148:19)
    at Object.forceGarbageCollection (C:\Users\ch\aszune\aszune-ai-bot\__tests__\unit\memory-monitor-checking.test.js:156:19)
    at Promise.then.completed (C:\Users\ch\aszune\aszune-ai-bot\node_modules\jest-circus\build\utils.js:298:28)
    at new Promise (&lt;anonymous&gt;)
    at callAsyncCircusFn (C:\Users\ch\aszune\aszune-ai-bot\node_modules\jest-circus\build\utils.js:231:10)
    at _callCircusTest (C:\Users\ch\aszune\aszune-ai-bot\node_modules\jest-circus\build\run.js:316:40)
    at processTicksAndRejections (node:internal/process/task_queues:95:5)
    at _runTest (C:\Users\ch\aszune\aszune-ai-bot\node_modules\jest-circus\build\run.js:252:3)
    at _runTestsForDescribeBlock (C:\Users\ch\aszune\aszune-ai-bot\node_modules\jest-circus\build\run.js:126:9)
    at _runTestsForDescribeBlock (C:\Users\ch\aszune\aszune-ai-bot\node_modules\jest-circus\build\run.js:121:9)
    at run (C:\Users\ch\aszune\aszune-ai-bot\node_modules\jest-circus\build\run.js:71:3)
    at runAndTransformResultsToJestFormat (C:\Users\ch\aszune\aszune-ai-bot\node_modules\jest-circus\build\legacy-code-todo-rewrite\jestAdapterInit.js:122:21)
    at jestAdapter (C:\Users\ch\aszune\aszune-ai-bot\node_modules\jest-circus\build\legacy-code-todo-rewrite\jestAdapter.js:79:19)
    at runTestInternal (C:\Users\ch\aszune\aszune-ai-bot\node_modules\jest-runner\build\runTest.js:367:16)
    at runTest (C:\Users\ch\aszune\aszune-ai-bot\node_modules\jest-runner\build\runTest.js:444:34)
    at Object.worker (C:\Users\ch\aszune\aszune-ai-bot\node_modules\jest-runner\build\testWorker.js:106:12)</failure>
    </testcase>
  </testsuite>
  <testsuite name="Commands - Slash Commands Data" errors="0" failures="0" skipped="0" timestamp="2025-09-24T07:38:57" time="2.592" tests="1">
    <testcase classname="Commands - Slash Commands Data getSlashCommandsData should return an array of slash command data" name="Commands - Slash Commands Data getSlashCommandsData should return an array of slash command data" time="0.039">
    </testcase>
  </testsuite>
  <testsuite name="Bot Edge Cases" errors="0" failures="0" skipped="0" timestamp="2025-09-24T07:38:58" time="1.794" tests="6">
    <testcase classname="Bot Edge Cases handles empty message" name="Bot Edge Cases handles empty message" time="0.006">
    </testcase>
    <testcase classname="Bot Edge Cases handles very long message and truncates history" name="Bot Edge Cases handles very long message and truncates history" time="0.002">
    </testcase>
    <testcase classname="Bot Edge Cases handles API failure for chat completions" name="Bot Edge Cases handles API failure for chat completions" time="0.002">
    </testcase>
    <testcase classname="Bot Edge Cases reacts with correct emoji for hello" name="Bot Edge Cases reacts with correct emoji for hello" time="0.002">
    </testcase>
    <testcase classname="Bot Edge Cases does not react for non-keyword" name="Bot Edge Cases does not react for non-keyword" time="0.001">
    </testcase>
    <testcase classname="Bot Edge Cases handles missing environment variables gracefully" name="Bot Edge Cases handles missing environment variables gracefully" time="0.055">
    </testcase>
  </testsuite>
  <testsuite name="Bot Initialization" errors="0" failures="0" skipped="0" timestamp="2025-09-24T07:38:59" time="1.739" tests="2">
    <testcase classname="Bot Initialization should create a Discord client and log in" name="Bot Initialization should create a Discord client and log in" time="0.986">
    </testcase>
    <testcase classname="Bot Initialization should register event handlers" name="Bot Initialization should register event handlers" time="0.024">
    </testcase>
  </testsuite>
  <testsuite name="Enhanced Message Chunker" errors="0" failures="0" skipped="0" timestamp="2025-09-24T07:39:00" time="0.965" tests="5">
    <testcase classname="Enhanced Message Chunker processes source references correctly" name="Enhanced Message Chunker processes source references correctly" time="0.01">
    </testcase>
    <testcase classname="Enhanced Message Chunker handles YouTube links in sources correctly" name="Enhanced Message Chunker handles YouTube links in sources correctly" time="0.002">
    </testcase>
    <testcase classname="Enhanced Message Chunker preserves formatting for multiple source references" name="Enhanced Message Chunker preserves formatting for multiple source references" time="0.001">
    </testcase>
    <testcase classname="Enhanced Message Chunker chunking preserves source references across chunks" name="Enhanced Message Chunker chunking preserves source references across chunks" time="0.171">
    </testcase>
    <testcase classname="Enhanced Message Chunker handles URLs split between chunks" name="Enhanced Message Chunker handles URLs split between chunks" time="0.027">
    </testcase>
  </testsuite>
  <testsuite name="Error handling" errors="0" failures="0" skipped="0" timestamp="2025-09-24T07:39:00" time="0.976" tests="2">
    <testcase classname="Error handling handles failed Perplexity API response during chat" name="Error handling handles failed Perplexity API response during chat" time="0.077">
    </testcase>
    <testcase classname="Error handling handles failed summary API response" name="Error handling handles failed summary API response" time="0.01">
    </testcase>
  </testsuite>
  <testsuite name="Bot Main Entry Point (index.js)" errors="0" failures="0" skipped="0" timestamp="2025-09-24T07:39:01" time="1.023" tests="7">
    <testcase classname="Bot Main Entry Point (index.js) should create a Discord client and log in" name="Bot Main Entry Point (index.js) should create a Discord client and log in" time="0.249">
    </testcase>
    <testcase classname="Bot Main Entry Point (index.js) Graceful Shutdown should register handler for SIGINT signal" name="Bot Main Entry Point (index.js) Graceful Shutdown should register handler for SIGINT signal" time="0.013">
    </testcase>
    <testcase classname="Bot Main Entry Point (index.js) Graceful Shutdown should register handler for SIGTERM signal" name="Bot Main Entry Point (index.js) Graceful Shutdown should register handler for SIGTERM signal" time="0.019">
    </testcase>
    <testcase classname="Bot Main Entry Point (index.js) Graceful Shutdown should register handler for uncaughtException" name="Bot Main Entry Point (index.js) Graceful Shutdown should register handler for uncaughtException" time="0.015">
    </testcase>
    <testcase classname="Bot Main Entry Point (index.js) Graceful Shutdown should call shutdown when uncaught exception occurs" name="Bot Main Entry Point (index.js) Graceful Shutdown should call shutdown when uncaught exception occurs" time="0.028">
    </testcase>
    <testcase classname="Bot Main Entry Point (index.js) Graceful Shutdown should log an error and exit if shutdown fails" name="Bot Main Entry Point (index.js) Graceful Shutdown should log an error and exit if shutdown fails" time="0.056">
    </testcase>
    <testcase classname="Bot Main Entry Point (index.js) Graceful Shutdown should register handler for unhandled promise rejections" name="Bot Main Entry Point (index.js) Graceful Shutdown should register handler for unhandled promise rejections" time="0.023">
    </testcase>
  </testsuite>
  <testsuite name="URL Formatter" errors="0" failures="0" skipped="0" timestamp="2025-09-24T07:39:01" time="1.124" tests="24">
    <testcase classname="URL Formatter formatSocialMediaLinks should format Reddit URLs" name="URL Formatter formatSocialMediaLinks should format Reddit URLs" time="0.007">
    </testcase>
    <testcase classname="URL Formatter formatSocialMediaLinks should format Reddit subreddit references" name="URL Formatter formatSocialMediaLinks should format Reddit subreddit references" time="0.003">
    </testcase>
    <testcase classname="URL Formatter formatSocialMediaLinks should format Imgur URLs" name="URL Formatter formatSocialMediaLinks should format Imgur URLs" time="0.001">
    </testcase>
    <testcase classname="URL Formatter formatSocialMediaLinks should format GitHub URLs" name="URL Formatter formatSocialMediaLinks should format GitHub URLs" time="0.001">
    </testcase>
    <testcase classname="URL Formatter formatSocialMediaLinks should format Twitter URLs" name="URL Formatter formatSocialMediaLinks should format Twitter URLs" time="0.001">
    </testcase>
    <testcase classname="URL Formatter formatSocialMediaLinks should format X.com URLs" name="URL Formatter formatSocialMediaLinks should format X.com URLs" time="0.001">
    </testcase>
    <testcase classname="URL Formatter formatSocialMediaLinks should handle text without URLs" name="URL Formatter formatSocialMediaLinks should handle text without URLs" time="0.001">
    </testcase>
    <testcase classname="URL Formatter formatSocialMediaLinks should handle empty input" name="URL Formatter formatSocialMediaLinks should handle empty input" time="0">
    </testcase>
    <testcase classname="URL Formatter formatSocialMediaLinks should handle null input" name="URL Formatter formatSocialMediaLinks should handle null input" time="0.29">
    </testcase>
    <testcase classname="URL Formatter formatYouTubeLinks should format YouTube URLs" name="URL Formatter formatYouTubeLinks should format YouTube URLs" time="0.002">
    </testcase>
    <testcase classname="URL Formatter formatYouTubeLinks should format YouTube short URLs" name="URL Formatter formatYouTubeLinks should format YouTube short URLs" time="0.002">
    </testcase>
    <testcase classname="URL Formatter formatYouTubeLinks should handle text without YouTube URLs" name="URL Formatter formatYouTubeLinks should handle text without YouTube URLs" time="0.001">
    </testcase>
    <testcase classname="URL Formatter fixLinkFormatting should format HTTP URLs" name="URL Formatter fixLinkFormatting should format HTTP URLs" time="0.001">
    </testcase>
    <testcase classname="URL Formatter fixLinkFormatting should format HTTPS URLs" name="URL Formatter fixLinkFormatting should format HTTPS URLs" time="0.001">
    </testcase>
    <testcase classname="URL Formatter fixLinkFormatting should handle text without URLs" name="URL Formatter fixLinkFormatting should handle text without URLs" time="0">
    </testcase>
    <testcase classname="URL Formatter formatAllUrls should format all types of URLs" name="URL Formatter formatAllUrls should format all types of URLs" time="0.003">
    </testcase>
    <testcase classname="URL Formatter formatAllUrls should handle complex text with multiple URLs" name="URL Formatter formatAllUrls should handle complex text with multiple URLs" time="0.001">
    </testcase>
    <testcase classname="URL Formatter formatAllUrls should handle text without URLs" name="URL Formatter formatAllUrls should handle text without URLs" time="0.001">
    </testcase>
    <testcase classname="URL Formatter formatAllUrls should handle empty input" name="URL Formatter formatAllUrls should handle empty input" time="0.001">
    </testcase>
    <testcase classname="URL Formatter formatAllUrls should handle null input" name="URL Formatter formatAllUrls should handle null input" time="0.165">
    </testcase>
    <testcase classname="URL Formatter Error handling should handle errors in formatSocialMediaLinks gracefully" name="URL Formatter Error handling should handle errors in formatSocialMediaLinks gracefully" time="0.02">
    </testcase>
    <testcase classname="URL Formatter Error handling should handle errors in formatYouTubeLinks gracefully" name="URL Formatter Error handling should handle errors in formatYouTubeLinks gracefully" time="0.008">
    </testcase>
    <testcase classname="URL Formatter Error handling should handle errors in fixLinkFormatting gracefully" name="URL Formatter Error handling should handle errors in fixLinkFormatting gracefully" time="0.007">
    </testcase>
    <testcase classname="URL Formatter Error handling should handle errors in formatAllUrls gracefully" name="URL Formatter Error handling should handle errors in formatAllUrls gracefully" time="0.017">
    </testcase>
  </testsuite>
  <testsuite name="EnhancedCache" errors="0" failures="0" skipped="0" timestamp="2025-09-24T07:39:01" time="1.269" tests="22">
    <testcase classname="EnhancedCache Basic Operations should set and get values" name="EnhancedCache Basic Operations should set and get values" time="0.004">
    </testcase>
    <testcase classname="EnhancedCache Basic Operations should return null for non-existent keys" name="EnhancedCache Basic Operations should return null for non-existent keys" time="0.001">
    </testcase>
    <testcase classname="EnhancedCache Basic Operations should check if key exists by getting it" name="EnhancedCache Basic Operations should check if key exists by getting it" time="0.009">
    </testcase>
    <testcase classname="EnhancedCache Basic Operations should delete keys" name="EnhancedCache Basic Operations should delete keys" time="0.001">
    </testcase>
    <testcase classname="EnhancedCache Basic Operations should clear all entries" name="EnhancedCache Basic Operations should clear all entries" time="0.001">
    </testcase>
    <testcase classname="EnhancedCache TTL (Time To Live) should respect TTL for individual entries" name="EnhancedCache TTL (Time To Live) should respect TTL for individual entries" time="0.172">
    </testcase>
    <testcase classname="EnhancedCache TTL (Time To Live) should not expire entries before TTL" name="EnhancedCache TTL (Time To Live) should not expire entries before TTL" time="0.115">
    </testcase>
    <testcase classname="EnhancedCache TTL (Time To Live) should use default TTL when not specified" name="EnhancedCache TTL (Time To Live) should use default TTL when not specified" time="0.001">
    </testcase>
    <testcase classname="EnhancedCache Size Management should track cache size" name="EnhancedCache Size Management should track cache size" time="0.001">
    </testcase>
    <testcase classname="EnhancedCache Size Management should respect maxEntries limit" name="EnhancedCache Size Management should respect maxEntries limit" time="0.002">
    </testcase>
    <testcase classname="EnhancedCache Size Management should respect maxSize limit" name="EnhancedCache Size Management should respect maxSize limit" time="0.001">
    </testcase>
    <testcase classname="EnhancedCache Eviction Strategies should use LRU eviction strategy" name="EnhancedCache Eviction Strategies should use LRU eviction strategy" time="0.001">
    </testcase>
    <testcase classname="EnhancedCache Eviction Strategies should use LFU eviction strategy" name="EnhancedCache Eviction Strategies should use LFU eviction strategy" time="0.001">
    </testcase>
    <testcase classname="EnhancedCache Statistics and Metrics should track hit and miss statistics" name="EnhancedCache Statistics and Metrics should track hit and miss statistics" time="0.003">
    </testcase>
    <testcase classname="EnhancedCache Error Handling should handle errors in set operation gracefully" name="EnhancedCache Error Handling should handle errors in set operation gracefully" time="0.012">
    </testcase>
    <testcase classname="EnhancedCache Error Handling should handle errors in get operation gracefully" name="EnhancedCache Error Handling should handle errors in get operation gracefully" time="0.018">
    </testcase>
    <testcase classname="EnhancedCache Cache Entry should calculate size correctly" name="EnhancedCache Cache Entry should calculate size correctly" time="0.013">
    </testcase>
    <testcase classname="EnhancedCache Cache Entry should handle size calculation errors" name="EnhancedCache Cache Entry should handle size calculation errors" time="0.021">
    </testcase>
    <testcase classname="EnhancedCache Cache Entry should check if entry is expired" name="EnhancedCache Cache Entry should check if entry is expired" time="0.186">
    </testcase>
    <testcase classname="EnhancedCache Cache Entry should update access time and count" name="EnhancedCache Cache Entry should update access time and count" time="0.02">
    </testcase>
    <testcase classname="EnhancedCache Configuration should use default configuration when none provided" name="EnhancedCache Configuration should use default configuration when none provided" time="0.001">
    </testcase>
    <testcase classname="EnhancedCache Configuration should use provided configuration" name="EnhancedCache Configuration should use provided configuration" time="0.002">
    </testcase>
  </testsuite>
  <testsuite name="Conversation Manager" errors="0" failures="0" skipped="0" timestamp="2025-09-24T07:39:01" time="0.959" tests="15">
    <testcase classname="Conversation Manager getHistory returns empty array for new users" name="Conversation Manager getHistory returns empty array for new users" time="0.008">
    </testcase>
    <testcase classname="Conversation Manager getHistory returns conversation history for existing users" name="Conversation Manager getHistory returns conversation history for existing users" time="0.002">
    </testcase>
    <testcase classname="Conversation Manager addMessage adds a message to conversation history" name="Conversation Manager addMessage adds a message to conversation history" time="0.004">
    </testcase>
    <testcase classname="Conversation Manager addMessage updates user stats when adding a user message" name="Conversation Manager addMessage updates user stats when adding a user message" time="0.002">
    </testcase>
    <testcase classname="Conversation Manager addMessage trims conversation history when it exceeds the maximum length" name="Conversation Manager addMessage trims conversation history when it exceeds the maximum length" time="0.006">
    </testcase>
    <testcase classname="Conversation Manager clearHistory clears conversation history for a user" name="Conversation Manager clearHistory clears conversation history for a user" time="0.002">
    </testcase>
    <testcase classname="Conversation Manager isRateLimited returns false for users with no recent messages" name="Conversation Manager isRateLimited returns false for users with no recent messages" time="0.001">
    </testcase>
    <testcase classname="Conversation Manager isRateLimited returns true for users with recent messages" name="Conversation Manager isRateLimited returns true for users with recent messages" time="0.001">
    </testcase>
    <testcase classname="Conversation Manager isRateLimited returns false after the rate limit window passes" name="Conversation Manager isRateLimited returns false after the rate limit window passes" time="0.001">
    </testcase>
    <testcase classname="Conversation Manager getUserStats returns default stats for new users" name="Conversation Manager getUserStats returns default stats for new users" time="0.001">
    </testcase>
    <testcase classname="Conversation Manager getUserStats returns user stats for existing users" name="Conversation Manager getUserStats returns user stats for existing users" time="0.001">
    </testcase>
    <testcase classname="Conversation Manager updateUserStats increments message count" name="Conversation Manager updateUserStats increments message count" time="0">
    </testcase>
    <testcase classname="Conversation Manager updateUserStats increments summary count" name="Conversation Manager updateUserStats increments summary count" time="0">
    </testcase>
    <testcase classname="Conversation Manager destroy clears intervals and saves user stats" name="Conversation Manager destroy clears intervals and saves user stats" time="0.195">
    </testcase>
    <testcase classname="Conversation Manager destroy handles errors when saving user stats during shutdown" name="Conversation Manager destroy handles errors when saving user stats during shutdown" time="0.116">
    </testcase>
  </testsuite>
  <testsuite name="Perplexity Service" errors="0" failures="0" skipped="0" timestamp="2025-09-24T07:39:01" time="1.058" tests="4">
    <testcase classname="Perplexity Service sendChatRequest sends a request to the API with correct parameters" name="Perplexity Service sendChatRequest sends a request to the API with correct parameters" time="0.009">
    </testcase>
    <testcase classname="Perplexity Service sendChatRequest throws an error when API request fails" name="Perplexity Service sendChatRequest throws an error when API request fails" time="0.445">
    </testcase>
    <testcase classname="Perplexity Service generateSummary generates a summary with correct system prompt" name="Perplexity Service generateSummary generates a summary with correct system prompt" time="0.013">
    </testcase>
    <testcase classname="Perplexity Service generateTextSummary generates a text summary with correct system prompt" name="Perplexity Service generateTextSummary generates a text summary with correct system prompt" time="0.001">
    </testcase>
  </testsuite>
  <testsuite name="Chat Service" errors="0" failures="0" skipped="0" timestamp="2025-09-24T07:39:01" time="0.97" tests="6">
    <testcase classname="Chat Service handles a normal message and sends a reply" name="Chat Service handles a normal message and sends a reply" time="0.2">
    </testcase>
    <testcase classname="Chat Service calls command handler for messages starting with &quot;!&quot;" name="Chat Service calls command handler for messages starting with &quot;!&quot;" time="0.004">
    </testcase>
    <testcase classname="Chat Service ignores messages from bots" name="Chat Service ignores messages from bots" time="0.004">
    </testcase>
    <testcase classname="Chat Service applies rate limiting" name="Chat Service applies rate limiting" time="0.009">
    </testcase>
    <testcase classname="Chat Service handles API errors gracefully" name="Chat Service handles API errors gracefully" time="0.091">
    </testcase>
    <testcase classname="Chat Service adds the bot response to conversation history" name="Chat Service adds the bot response to conversation history" time="0.006">
    </testcase>
  </testsuite>
  <testsuite name="Main entry point" errors="0" failures="0" skipped="0" timestamp="2025-09-24T07:39:01" time="1.074" tests="3">
    <testcase classname="Main entry point should initialize bot with Pi optimizations" name="Main entry point should initialize bot with Pi optimizations" time="0.37">
    </testcase>
    <testcase classname="Main entry point should initialize bot without Pi optimizations" name="Main entry point should initialize bot without Pi optimizations" time="0.035">
    </testcase>
    <testcase classname="Main entry point should handle errors during initialization" name="Main entry point should handle errors during initialization" time="0.043">
    </testcase>
  </testsuite>
  <testsuite name="Cache Pruner" errors="0" failures="0" skipped="0" timestamp="2025-09-24T07:39:02" time="0.685" tests="8">
    <testcase classname="Cache Pruner _initializePruningSchedule should set up interval based on config" name="Cache Pruner _initializePruningSchedule should set up interval based on config" time="0.017">
    </testcase>
    <testcase classname="Cache Pruner _initializePruningSchedule should execute pruneCache on interval" name="Cache Pruner _initializePruningSchedule should execute pruneCache on interval" time="0.002">
    </testcase>
    <testcase classname="Cache Pruner pruneCache should call both pruning methods" name="Cache Pruner pruneCache should call both pruning methods" time="0.003">
    </testcase>
    <testcase classname="Cache Pruner pruneCache should handle errors" name="Cache Pruner pruneCache should handle errors" time="0.065">
    </testcase>
    <testcase classname="Cache Pruner _pruneQuestionCache should prune when over max entries" name="Cache Pruner _pruneQuestionCache should prune when over max entries" time="0.004">
    </testcase>
    <testcase classname="Cache Pruner _pruneQuestionCache should not prune when under max entries" name="Cache Pruner _pruneQuestionCache should not prune when under max entries" time="0.003">
    </testcase>
    <testcase classname="Cache Pruner _pruneQuestionCache should handle missing file gracefully" name="Cache Pruner _pruneQuestionCache should handle missing file gracefully" time="0.001">
    </testcase>
    <testcase classname="Cache Pruner getStatus should return correct status information" name="Cache Pruner getStatus should return correct status information" time="0.002">
    </testcase>
  </testsuite>
  <testsuite name="Performance Monitor" errors="0" failures="0" skipped="0" timestamp="2025-09-24T07:39:02" time="0.613" tests="13">
    <testcase classname="Performance Monitor initialize should start monitoring in production environment" name="Performance Monitor initialize should start monitoring in production environment" time="0.004">
    </testcase>
    <testcase classname="Performance Monitor initialize should not start monitoring when disabled" name="Performance Monitor initialize should not start monitoring when disabled" time="0.002">
    </testcase>
    <testcase classname="Performance Monitor initialize should not start monitoring in non-production environment" name="Performance Monitor initialize should not start monitoring in non-production environment" time="0.001">
    </testcase>
    <testcase classname="Performance Monitor shutdown should clear the interval when shutdown is called" name="Performance Monitor shutdown should clear the interval when shutdown is called" time="0.011">
    </testcase>
    <testcase classname="Performance Monitor shutdown should do nothing if already stopped" name="Performance Monitor shutdown should do nothing if already stopped" time="0.001">
    </testcase>
    <testcase classname="Performance Monitor throttle functions getThrottleFactor should return current factor when enabled" name="Performance Monitor throttle functions getThrottleFactor should return current factor when enabled" time="0.001">
    </testcase>
    <testcase classname="Performance Monitor throttle functions getThrottleFactor should return 1 when disabled" name="Performance Monitor throttle functions getThrottleFactor should return 1 when disabled" time="0.004">
    </testcase>
    <testcase classname="Performance Monitor throttle functions throttleTime should multiply by throttle factor when enabled" name="Performance Monitor throttle functions throttleTime should multiply by throttle factor when enabled" time="0.001">
    </testcase>
    <testcase classname="Performance Monitor throttle functions throttleTime should not throttle below minimum valid interval" name="Performance Monitor throttle functions throttleTime should not throttle below minimum valid interval" time="0.001">
    </testcase>
    <testcase classname="Performance Monitor throttle functions throttleTask should apply delay based on throttle factor" name="Performance Monitor throttle functions throttleTask should apply delay based on throttle factor" time="0.002">
    </testcase>
    <testcase classname="Performance Monitor _getCpuInfo should calculate idle and total CPU time" name="Performance Monitor _getCpuInfo should calculate idle and total CPU time" time="0.001">
    </testcase>
    <testcase classname="Performance Monitor _checkPerformance should calculate CPU usage and update state" name="Performance Monitor _checkPerformance should calculate CPU usage and update state" time="0.004">
    </testcase>
    <testcase classname="Performance Monitor _checkPerformance should handle errors gracefully" name="Performance Monitor _checkPerformance should handle errors gracefully" time="0.05">
    </testcase>
  </testsuite>
  <testsuite name="Message Formatter" errors="0" failures="0" skipped="0" timestamp="2025-09-24T07:39:02" time="0.593" tests="7">
    <testcase classname="Message Formatter formatResponse should format a response message with default options" name="Message Formatter formatResponse should format a response message with default options" time="0.004">
    </testcase>
    <testcase classname="Message Formatter formatResponse should remove excessive whitespace" name="Message Formatter formatResponse should remove excessive whitespace" time="0.004">
    </testcase>
    <testcase classname="Message Formatter formatResponse should truncate long messages" name="Message Formatter formatResponse should truncate long messages" time="0.018">
    </testcase>
    <testcase classname="Message Formatter createCompactEmbed should return original embed when not in compact mode" name="Message Formatter createCompactEmbed should return original embed when not in compact mode" time="0.001">
    </testcase>
    <testcase classname="Message Formatter createCompactEmbed should simplify description in compact mode" name="Message Formatter createCompactEmbed should simplify description in compact mode" time="0.001">
    </testcase>
    <testcase classname="Message Formatter createCompactEmbed should limit fields in compact mode" name="Message Formatter createCompactEmbed should limit fields in compact mode" time="0.001">
    </testcase>
    <testcase classname="Message Formatter createCompactEmbed should remove footer in low CPU mode" name="Message Formatter createCompactEmbed should remove footer in low CPU mode" time="0.001">
    </testcase>
  </testsuite>
  <testsuite name="Connection Throttler" errors="0" failures="0" skipped="0" timestamp="2025-09-24T07:39:02" time="0.568" tests="5">
    <testcase classname="Connection Throttler executeRequest should execute requests immediately when under max connections" name="Connection Throttler executeRequest should execute requests immediately when under max connections" time="0.004">
    </testcase>
    <testcase classname="Connection Throttler executeRequest should queue requests when at max connections" name="Connection Throttler executeRequest should queue requests when at max connections" time="0.006">
    </testcase>
    <testcase classname="Connection Throttler executeRequest should handle errors in requests" name="Connection Throttler executeRequest should handle errors in requests" time="0.024">
    </testcase>
    <testcase classname="Connection Throttler executeRequest should process next queue item after completion" name="Connection Throttler executeRequest should process next queue item after completion" time="0.002">
    </testcase>
    <testcase classname="Connection Throttler clearQueue should clear all queued requests" name="Connection Throttler clearQueue should clear all queued requests" time="0.002">
    </testcase>
  </testsuite>
  <testsuite name="Logger" errors="0" failures="0" skipped="0" timestamp="2025-09-24T07:39:02" time="0.54" tests="9">
    <testcase classname="Logger logs debug messages" name="Logger logs debug messages" time="0.003">
    </testcase>
    <testcase classname="Logger logs debug messages with data" name="Logger logs debug messages with data" time="0.015">
    </testcase>
    <testcase classname="Logger logs info messages" name="Logger logs info messages" time="0.002">
    </testcase>
    <testcase classname="Logger logs warning messages" name="Logger logs warning messages" time="0.002">
    </testcase>
    <testcase classname="Logger logs error messages" name="Logger logs error messages" time="0.001">
    </testcase>
    <testcase classname="Logger logs error messages with error object" name="Logger logs error messages with error object" time="0.018">
    </testcase>
    <testcase classname="Logger handles API errors" name="Logger handles API errors" time="0.002">
    </testcase>
    <testcase classname="Logger provides user-friendly error messages" name="Logger provides user-friendly error messages" time="0.002">
    </testcase>
    <testcase classname="Logger handles different error types properly" name="Logger handles different error types properly" time="0.003">
    </testcase>
  </testsuite>
  <testsuite name="Config" errors="0" failures="0" skipped="0" timestamp="2025-09-24T07:39:02" time="0.723" tests="7">
    <testcase classname="Config basic configuration exports required configuration settings" name="Config basic configuration exports required configuration settings" time="0.013">
    </testcase>
    <testcase classname="Config basic configuration should have required environment variables available" name="Config basic configuration should have required environment variables available" time="0.008">
    </testcase>
    <testcase classname="Config nested configuration should have API configuration" name="Config nested configuration should have API configuration" time="0.008">
    </testcase>
    <testcase classname="Config nested configuration should have system messages defined" name="Config nested configuration should have system messages defined" time="0.007">
    </testcase>
    <testcase classname="Config nested configuration should have emoji reactions defined" name="Config nested configuration should have emoji reactions defined" time="0.02">
    </testcase>
    <testcase classname="Config initializePiOptimizations should have initializePiOptimizations function available" name="Config initializePiOptimizations should have initializePiOptimizations function available" time="0.007">
    </testcase>
    <testcase classname="Config initializePiOptimizations should return a promise when initializePiOptimizations is called" name="Config initializePiOptimizations should return a promise when initializePiOptimizations is called" time="0.008">
    </testcase>
  </testsuite>
  <testsuite name="Logger - Branch Coverage Tests" errors="0" failures="0" skipped="0" timestamp="2025-09-24T07:39:02" time="0.639" tests="12">
    <testcase classname="Logger - Branch Coverage Tests skips debug logs when log level is higher" name="Logger - Branch Coverage Tests skips debug logs when log level is higher" time="0.018">
    </testcase>
    <testcase classname="Logger - Branch Coverage Tests skips info logs when log level is higher" name="Logger - Branch Coverage Tests skips info logs when log level is higher" time="0.013">
    </testcase>
    <testcase classname="Logger - Branch Coverage Tests skips warning logs when log level is higher" name="Logger - Branch Coverage Tests skips warning logs when log level is higher" time="0.004">
    </testcase>
    <testcase classname="Logger - Branch Coverage Tests handles directory creation failure" name="Logger - Branch Coverage Tests handles directory creation failure" time="0.006">
    </testcase>
    <testcase classname="Logger - Branch Coverage Tests tests log file rotation" name="Logger - Branch Coverage Tests tests log file rotation" time="0.004">
    </testcase>
    <testcase classname="Logger - Branch Coverage Tests handles custom log size limit" name="Logger - Branch Coverage Tests handles custom log size limit" time="0.004">
    </testcase>
    <testcase classname="Logger - Branch Coverage Tests handles file stat errors during log rotation" name="Logger - Branch Coverage Tests handles file stat errors during log rotation" time="0.009">
    </testcase>
    <testcase classname="Logger - Branch Coverage Tests handles request errors in error method" name="Logger - Branch Coverage Tests handles request errors in error method" time="0.025">
    </testcase>
    <testcase classname="Logger - Branch Coverage Tests handles invalid log levels" name="Logger - Branch Coverage Tests handles invalid log levels" time="0.011">
    </testcase>
    <testcase classname="Logger - Branch Coverage Tests handles file write errors" name="Logger - Branch Coverage Tests handles file write errors" time="0.007">
    </testcase>
    <testcase classname="Logger - Branch Coverage Tests handles errors during log rotation" name="Logger - Branch Coverage Tests handles errors during log rotation" time="0.009">
    </testcase>
    <testcase classname="Logger - Branch Coverage Tests handles unlink errors during log cleanup" name="Logger - Branch Coverage Tests handles unlink errors during log cleanup" time="0.011">
    </testcase>
  </testsuite>
  <testsuite name="Debouncer" errors="0" failures="0" skipped="0" timestamp="2025-09-24T07:39:03" time="0.579" tests="4">
    <testcase classname="Debouncer debounce should delay function execution" name="Debouncer debounce should delay function execution" time="0.009">
    </testcase>
    <testcase classname="Debouncer debounce should only execute once for multiple rapid calls" name="Debouncer debounce should only execute once for multiple rapid calls" time="0.002">
    </testcase>
    <testcase classname="Debouncer debounce should reset the timer when called again during wait time" name="Debouncer debounce should reset the timer when called again during wait time" time="0.004">
    </testcase>
    <testcase classname="Debouncer debounce should pass arguments to the debounced function" name="Debouncer debounce should pass arguments to the debounced function" time="0.002">
    </testcase>
  </testsuite>
  <testsuite name="EmojiManager" errors="0" failures="0" skipped="0" timestamp="2025-09-24T07:39:03" time="0.537" tests="7">
    <testcase classname="EmojiManager adds emojis to response based on keywords" name="EmojiManager adds emojis to response based on keywords" time="0.005">
    </testcase>
    <testcase classname="EmojiManager adds multiple emojis when multiple keywords are found" name="EmojiManager adds multiple emojis when multiple keywords are found" time="0.002">
    </testcase>
    <testcase classname="EmojiManager does not add emojis when no keywords are found" name="EmojiManager does not add emojis when no keywords are found" time="0.001">
    </testcase>
    <testcase classname="EmojiManager gets reactions for a message based on keywords" name="EmojiManager gets reactions for a message based on keywords" time="0.005">
    </testcase>
    <testcase classname="EmojiManager returns empty array when no reaction keywords are found" name="EmojiManager returns empty array when no reaction keywords are found" time="0.001">
    </testcase>
    <testcase classname="EmojiManager adds reactions to a message" name="EmojiManager adds reactions to a message" time="0.003">
    </testcase>
    <testcase classname="EmojiManager handles errors when adding reactions" name="EmojiManager handles errors when adding reactions" time="0.002">
    </testcase>
  </testsuite>
  <testsuite name="Undici mock helpers" errors="0" failures="0" skipped="0" timestamp="2025-09-24T07:39:03" time="0.584" tests="3">
    <testcase classname="Undici mock helpers should create a success response with expected structure" name="Undici mock helpers should create a success response with expected structure" time="0.005">
    </testcase>
    <testcase classname="Undici mock helpers should create an error response with expected structure" name="Undici mock helpers should create an error response with expected structure" time="0.003">
    </testcase>
    <testcase classname="Undici mock helpers should use default status code for error responses" name="Undici mock helpers should use default status code for error responses" time="0.001">
    </testcase>
  </testsuite>
  <testsuite name="Test Utilities" errors="0" failures="0" skipped="0" timestamp="2025-09-24T07:39:03" time="0.574" tests="5">
    <testcase classname="Test Utilities createMockMessage creates a default mock message with expected properties" name="Test Utilities createMockMessage creates a default mock message with expected properties" time="0.004">
    </testcase>
    <testcase classname="Test Utilities createMockMessage allows custom options" name="Test Utilities createMockMessage allows custom options" time="0.006">
    </testcase>
    <testcase classname="Test Utilities createMockInteraction creates a default mock interaction with expected properties" name="Test Utilities createMockInteraction creates a default mock interaction with expected properties" time="0.003">
    </testcase>
    <testcase classname="Test Utilities createMockInteraction allows custom options" name="Test Utilities createMockInteraction allows custom options" time="0.013">
    </testcase>
    <testcase classname="Test Utilities resetMocks resets all mocks" name="Test Utilities resetMocks resets all mocks" time="0.007">
    </testcase>
  </testsuite>
  <testsuite name="DataStorage" errors="0" failures="0" skipped="0" timestamp="2025-09-24T07:39:03" time="0.527" tests="9">
    <testcase classname="DataStorage init should create data directory if it does not exist" name="DataStorage init should create data directory if it does not exist" time="0.002">
    </testcase>
    <testcase classname="DataStorage init should not create directory if already initialized" name="DataStorage init should not create directory if already initialized" time="0.001">
    </testcase>
    <testcase classname="DataStorage init should throw and log error if mkdir fails" name="DataStorage init should throw and log error if mkdir fails" time="0.032">
    </testcase>
    <testcase classname="DataStorage saveUserStats should save user stats to file" name="DataStorage saveUserStats should save user stats to file" time="0.003">
    </testcase>
    <testcase classname="DataStorage saveUserStats should log error if writeFile fails" name="DataStorage saveUserStats should log error if writeFile fails" time="0.001">
    </testcase>
    <testcase classname="DataStorage loadUserStats should load user stats from file" name="DataStorage loadUserStats should load user stats from file" time="0.002">
    </testcase>
    <testcase classname="DataStorage loadUserStats should return empty object if file does not exist" name="DataStorage loadUserStats should return empty object if file does not exist" time="0.002">
    </testcase>
    <testcase classname="DataStorage loadUserStats should return empty object and log error if readFile fails for other reasons" name="DataStorage loadUserStats should return empty object and log error if readFile fails for other reasons" time="0.001">
    </testcase>
    <testcase classname="DataStorage loadUserStats should return empty object and log error if JSON parsing fails" name="DataStorage loadUserStats should return empty object and log error if JSON parsing fails" time="0.002">
    </testcase>
  </testsuite>
  <testsuite name="Bot Error Handling" errors="0" failures="0" skipped="0" timestamp="2025-09-24T07:39:03" time="0.5" tests="2">
    <testcase classname="Bot Error Handling should log uncaught exceptions" name="Bot Error Handling should log uncaught exceptions" time="0.002">
    </testcase>
    <testcase classname="Bot Error Handling should log unhandled promise rejections" name="Bot Error Handling should log unhandled promise rejections" time="0.001">
    </testcase>
  </testsuite>
  <testsuite name="Discord.js mock" errors="0" failures="0" skipped="0" timestamp="2025-09-24T07:39:03" time="0.478" tests="3">
    <testcase classname="Discord.js mock Client mock exists" name="Discord.js mock Client mock exists" time="0.002">
    </testcase>
    <testcase classname="Discord.js mock Client mock has required methods" name="Discord.js mock Client mock has required methods" time="0.002">
    </testcase>
    <testcase classname="Discord.js mock SlashCommandBuilder mock exists" name="Discord.js mock SlashCommandBuilder mock exists" time="0">
    </testcase>
  </testsuite>
  <testsuite name="Command Handling" errors="0" failures="0" skipped="0" timestamp="2025-09-24T07:38:57" time="6.156" tests="12">
    <testcase classname="Command Handling responds to !clearhistory and clears the conversation history" name="Command Handling responds to !clearhistory and clears the conversation history" time="0.005">
    </testcase>
    <testcase classname="Command Handling !help command replies with help message" name="Command Handling !help command replies with help message" time="0.002">
    </testcase>
    <testcase classname="Command Handling !summary command replies with summary" name="Command Handling !summary command replies with summary" time="0.002">
    </testcase>
    <testcase classname="Command Handling !summarise command replies with text summary" name="Command Handling !summarise command replies with text summary" time="0.006">
    </testcase>
    <testcase classname="Command Handling !summerise command (alternative spelling) replies with text summary" name="Command Handling !summerise command (alternative spelling) replies with text summary" time="0.002">
    </testcase>
    <testcase classname="Command Handling !summarise command with no text returns usage message" name="Command Handling !summarise command with no text returns usage message" time="0.003">
    </testcase>
    <testcase classname="Command Handling !summerise command with no text returns usage message" name="Command Handling !summerise command with no text returns usage message" time="0.005">
    </testcase>
    <testcase classname="Command Handling !summary command uses UK English in prompt" name="Command Handling !summary command uses UK English in prompt" time="0.002">
    </testcase>
    <testcase classname="Command Handling rate limiting prevents spam" name="Command Handling rate limiting prevents spam" time="0.001">
    </testcase>
    <testcase classname="Command Handling unknown command is ignored" name="Command Handling unknown command is ignored" time="0.001">
    </testcase>
    <testcase classname="Command Handling !summary with no conversation history" name="Command Handling !summary with no conversation history" time="0.001">
    </testcase>
    <testcase classname="Command Handling !stats command replies with user stats" name="Command Handling !stats command replies with user stats" time="0.001">
    </testcase>
  </testsuite>
  <testsuite name="Message Chunker" errors="0" failures="0" skipped="0" timestamp="2025-09-24T07:39:03" time="0.606" tests="5">
    <testcase classname="Message Chunker should not chunk message that fits within max length" name="Message Chunker should not chunk message that fits within max length" time="0.004">
    </testcase>
    <testcase classname="Message Chunker should chunk a message that exceeds max length" name="Message Chunker should chunk a message that exceeds max length" time="0.003">
    </testcase>
    <testcase classname="Message Chunker should preserve paragraph breaks when possible" name="Message Chunker should preserve paragraph breaks when possible" time="0.003">
    </testcase>
    <testcase classname="Message Chunker should add correct chunk numbering" name="Message Chunker should add correct chunk numbering" time="0.004">
    </testcase>
    <testcase classname="Message Chunker should not cut off sentences at chunk boundaries" name="Message Chunker should not cut off sentences at chunk boundaries" time="0.004">
    </testcase>
  </testsuite>
  <testsuite name="Lazy Loader" errors="0" failures="0" skipped="0" timestamp="2025-09-24T07:39:03" time="0.752" tests="4">
    <testcase classname="Lazy Loader basic functionality should return a function that loads a module when called" name="Lazy Loader basic functionality should return a function that loads a module when called" time="0.004">
    </testcase>
    <testcase classname="Lazy Loader basic functionality should handle modules with methods" name="Lazy Loader basic functionality should handle modules with methods" time="0.003">
    </testcase>
    <testcase classname="Lazy Loader memoization should memoize the loaded module" name="Lazy Loader memoization should memoize the loaded module" time="0.002">
    </testcase>
    <testcase classname="Lazy Loader error handling should handle errors in the loader function" name="Lazy Loader error handling should handle errors in the loader function" time="0.026">
    </testcase>
  </testsuite>
  <testsuite name="Message flow" errors="0" failures="0" skipped="0" timestamp="2025-09-24T07:39:03" time="0.403" tests="1">
    <testcase classname="Message flow adds user and assistant messages to conversationHistory" name="Message flow adds user and assistant messages to conversationHistory" time="0.003">
    </testcase>
  </testsuite>
  <testsuite name="Discord.js mock" errors="0" failures="0" skipped="0" timestamp="2025-09-24T07:39:03" time="0.411" tests="3">
    <testcase classname="Discord.js mock Client mock exists" name="Discord.js mock Client mock exists" time="0.003">
    </testcase>
    <testcase classname="Discord.js mock Client mock has required methods" name="Discord.js mock Client mock has required methods" time="0.002">
    </testcase>
    <testcase classname="Discord.js mock SlashCommandBuilder mock exists" name="Discord.js mock SlashCommandBuilder mock exists" time="0">
    </testcase>
  </testsuite>
  <testsuite name="PerplexitySecure Service" errors="0" failures="0" skipped="0" timestamp="2025-09-24T07:38:57" time="6.441" tests="14">
    <testcase classname="PerplexitySecure Service generateChatResponse should handle rate limiting with 429 status code" name="PerplexitySecure Service generateChatResponse should handle rate limiting with 429 status code" time="0.535">
    </testcase>
    <testcase classname="PerplexitySecure Service generateChatResponse should handle server errors with 500+ status code" name="PerplexitySecure Service generateChatResponse should handle server errors with 500+ status code" time="0.267">
    </testcase>
    <testcase classname="PerplexitySecure Service generateChatResponse should handle network errors" name="PerplexitySecure Service generateChatResponse should handle network errors" time="0.152">
    </testcase>
    <testcase classname="PerplexitySecure Service generateChatResponse should handle parsing errors in response" name="PerplexitySecure Service generateChatResponse should handle parsing errors in response" time="2.201">
    </testcase>
    <testcase classname="PerplexitySecure Service generateChatResponse should successfully generate a chat response" name="PerplexitySecure Service generateChatResponse should successfully generate a chat response" time="0.111">
    </testcase>
    <testcase classname="PerplexitySecure Service generateSummary should generate a summary of conversation history" name="PerplexitySecure Service generateSummary should generate a summary of conversation history" time="0.002">
    </testcase>
    <testcase classname="PerplexitySecure Service generateSummary should handle errors in summary generation" name="PerplexitySecure Service generateSummary should handle errors in summary generation" time="0.076">
    </testcase>
    <testcase classname="PerplexitySecure Service question caching should return cached response if available" name="PerplexitySecure Service question caching should return cached response if available" time="0.003">
    </testcase>
    <testcase classname="PerplexitySecure Service question caching should save response to cache on successful API call" name="PerplexitySecure Service question caching should save response to cache on successful API call" time="0.109">
    </testcase>
    <testcase classname="PerplexitySecure Service question caching should handle cache directory creation when it doesnt exist" name="PerplexitySecure Service question caching should handle cache directory creation when it doesnt exist" time="0.761">
    </testcase>
    <testcase classname="PerplexitySecure Service question caching should skip caching when disabled" name="PerplexitySecure Service question caching should skip caching when disabled" time="0.002">
    </testcase>
    <testcase classname="PerplexitySecure Service question caching should handle expired cache entries" name="PerplexitySecure Service question caching should handle expired cache entries" time="0.028">
    </testcase>
    <testcase classname="PerplexitySecure Service file permission security should set secure file permissions when writing to cache" name="PerplexitySecure Service file permission security should set secure file permissions when writing to cache" time="0.057">
    </testcase>
    <testcase classname="PerplexitySecure Service retry mechanism should retry API calls on transient errors" name="PerplexitySecure Service retry mechanism should retry API calls on transient errors" time="1.095">
    </testcase>
  </testsuite>
  <testsuite name="Undici Mock" errors="0" failures="0" skipped="0" timestamp="2025-09-24T07:39:03" time="0.425" tests="1">
    <testcase classname="Undici Mock should exist" name="Undici Mock should exist" time="0.001">
    </testcase>
  </testsuite>
  <testsuite name="Discord mock" errors="0" failures="0" skipped="0" timestamp="2025-09-24T07:39:03" time="0.4" tests="1">
    <testcase classname="Discord mock Mock is valid" name="Discord mock Mock is valid" time="0.002">
    </testcase>
  </testsuite>
  <testsuite name="appendEmoji" errors="0" failures="0" skipped="0" timestamp="2025-09-24T07:39:03" time="0.414" tests="8">
    <testcase classname="appendEmoji adds the correct emoji for known keywords" name="appendEmoji adds the correct emoji for known keywords" time="0.004">
    </testcase>
    <testcase classname="appendEmoji does not modify the text if no keyword is present" name="appendEmoji does not modify the text if no keyword is present" time="0.001">
    </testcase>
    <testcase classname="appendEmoji is case-insensitive" name="appendEmoji is case-insensitive" time="0.001">
    </testcase>
    <testcase classname="appendEmoji can add multiple emojis" name="appendEmoji can add multiple emojis" time="0.003">
    </testcase>
    <testcase classname="appendEmoji does not add emoji for keywords inside other words" name="appendEmoji does not add emoji for keywords inside other words" time="0.003">
    </testcase>
    <testcase classname="appendEmoji adds all matching emojis in correct order" name="appendEmoji adds all matching emojis in correct order" time="0.001">
    </testcase>
    <testcase classname="appendEmoji handles empty string" name="appendEmoji handles empty string" time="0">
    </testcase>
    <testcase classname="appendEmoji handles string with only emojis as keywords" name="appendEmoji handles string with only emojis as keywords" time="0">
    </testcase>
  </testsuite>
  <testsuite name="Logger Mock" errors="0" failures="0" skipped="0" timestamp="2025-09-24T07:39:03" time="0.424" tests="4">
    <testcase classname="Logger Mock logger mock exists" name="Logger Mock logger mock exists" time="0.001">
    </testcase>
    <testcase classname="Logger Mock logger mock has required methods" name="Logger Mock logger mock has required methods" time="0.001">
    </testcase>
    <testcase classname="Logger Mock handleError returns a value" name="Logger Mock handleError returns a value" time="0.001">
    </testcase>
    <testcase classname="Logger Mock _formatMessage returns a formatted message" name="Logger Mock _formatMessage returns a formatted message" time="0.001">
    </testcase>
  </testsuite>
  <testsuite name="index.js - Function Branch Coverage" errors="0" failures="5" skipped="0" timestamp="2025-09-24T07:38:53" time="11.574" tests="5">
    <testcase classname="index.js - Function Branch Coverage bootWithOptimizations function should handle errors in Pi optimization initialization" name="index.js - Function Branch Coverage bootWithOptimizations function should handle errors in Pi optimization initialization" time="6.676">
      <failure>TypeError: Cannot read properties of undefined (reading &apos;PERPLEXITY&apos;)
    at new PERPLEXITY (C:\Users\ch\aszune\aszune-ai-bot\src\services\perplexity-secure.js:53:31)
    at Object.&lt;anonymous&gt; (C:\Users\ch\aszune\aszune-ai-bot\src\services\perplexity-secure.js:901:18)
    at Runtime._execModule (C:\Users\ch\aszune\aszune-ai-bot\node_modules\jest-runtime\build\index.js:1439:24)
    at Runtime._loadModule (C:\Users\ch\aszune\aszune-ai-bot\node_modules\jest-runtime\build\index.js:1022:12)
    at Runtime.requireModule (C:\Users\ch\aszune\aszune-ai-bot\node_modules\jest-runtime\build\index.js:882:12)
    at Runtime.requireModuleOrMock (C:\Users\ch\aszune\aszune-ai-bot\node_modules\jest-runtime\build\index.js:1048:21)
    at Object.require (C:\Users\ch\aszune\aszune-ai-bot\src\services\chat.js:5:27)
    at Runtime._execModule (C:\Users\ch\aszune\aszune-ai-bot\node_modules\jest-runtime\build\index.js:1439:24)
    at Runtime._loadModule (C:\Users\ch\aszune\aszune-ai-bot\node_modules\jest-runtime\build\index.js:1022:12)
    at Runtime.requireModule (C:\Users\ch\aszune\aszune-ai-bot\node_modules\jest-runtime\build\index.js:882:12)
    at Runtime.requireModuleOrMock (C:\Users\ch\aszune\aszune-ai-bot\node_modules\jest-runtime\build\index.js:1048:21)
    at Object.require (C:\Users\ch\aszune\aszune-ai-bot\src\index.js:35:27)
    at Runtime._execModule (C:\Users\ch\aszune\aszune-ai-bot\node_modules\jest-runtime\build\index.js:1439:24)
    at Runtime._loadModule (C:\Users\ch\aszune\aszune-ai-bot\node_modules\jest-runtime\build\index.js:1022:12)
    at Runtime.requireModule (C:\Users\ch\aszune\aszune-ai-bot\node_modules\jest-runtime\build\index.js:882:12)
    at Runtime.requireModuleOrMock (C:\Users\ch\aszune\aszune-ai-bot\node_modules\jest-runtime\build\index.js:1048:21)
    at Object.require (C:\Users\ch\aszune\aszune-ai-bot\__tests__\unit\index-branch-coverage-functions.test.js:33:15)
    at Promise.then.completed (C:\Users\ch\aszune\aszune-ai-bot\node_modules\jest-circus\build\utils.js:298:28)
    at new Promise (&lt;anonymous&gt;)
    at callAsyncCircusFn (C:\Users\ch\aszune\aszune-ai-bot\node_modules\jest-circus\build\utils.js:231:10)
    at _callCircusHook (C:\Users\ch\aszune\aszune-ai-bot\node_modules\jest-circus\build\run.js:281:40)
    at processTicksAndRejections (node:internal/process/task_queues:95:5)
    at _runTest (C:\Users\ch\aszune\aszune-ai-bot\node_modules\jest-circus\build\run.js:246:5)
    at _runTestsForDescribeBlock (C:\Users\ch\aszune\aszune-ai-bot\node_modules\jest-circus\build\run.js:126:9)
    at _runTestsForDescribeBlock (C:\Users\ch\aszune\aszune-ai-bot\node_modules\jest-circus\build\run.js:121:9)
    at _runTestsForDescribeBlock (C:\Users\ch\aszune\aszune-ai-bot\node_modules\jest-circus\build\run.js:121:9)
    at run (C:\Users\ch\aszune\aszune-ai-bot\node_modules\jest-circus\build\run.js:71:3)
    at runAndTransformResultsToJestFormat (C:\Users\ch\aszune\aszune-ai-bot\node_modules\jest-circus\build\legacy-code-todo-rewrite\jestAdapterInit.js:122:21)
    at jestAdapter (C:\Users\ch\aszune\aszune-ai-bot\node_modules\jest-circus\build\legacy-code-todo-rewrite\jestAdapter.js:79:19)
    at runTestInternal (C:\Users\ch\aszune\aszune-ai-bot\node_modules\jest-runner\build\runTest.js:367:16)
    at runTest (C:\Users\ch\aszune\aszune-ai-bot\node_modules\jest-runner\build\runTest.js:444:34)
    at Object.worker (C:\Users\ch\aszune\aszune-ai-bot\node_modules\jest-runner\build\testWorker.js:106:12)</failure>
    </testcase>
    <testcase classname="index.js - Function Branch Coverage bootWithOptimizations function should not call initialization when PI_OPTIMIZATIONS is disabled" name="index.js - Function Branch Coverage bootWithOptimizations function should not call initialization when PI_OPTIMIZATIONS is disabled" time="0.862">
      <failure>TypeError: Cannot read properties of undefined (reading &apos;PERPLEXITY&apos;)
    at new PERPLEXITY (C:\Users\ch\aszune\aszune-ai-bot\src\services\perplexity-secure.js:53:31)
    at Object.&lt;anonymous&gt; (C:\Users\ch\aszune\aszune-ai-bot\src\services\perplexity-secure.js:901:18)
    at Runtime._execModule (C:\Users\ch\aszune\aszune-ai-bot\node_modules\jest-runtime\build\index.js:1439:24)
    at Runtime._loadModule (C:\Users\ch\aszune\aszune-ai-bot\node_modules\jest-runtime\build\index.js:1022:12)
    at Runtime.requireModule (C:\Users\ch\aszune\aszune-ai-bot\node_modules\jest-runtime\build\index.js:882:12)
    at Runtime.requireModuleOrMock (C:\Users\ch\aszune\aszune-ai-bot\node_modules\jest-runtime\build\index.js:1048:21)
    at Object.require (C:\Users\ch\aszune\aszune-ai-bot\src\services\chat.js:5:27)
    at Runtime._execModule (C:\Users\ch\aszune\aszune-ai-bot\node_modules\jest-runtime\build\index.js:1439:24)
    at Runtime._loadModule (C:\Users\ch\aszune\aszune-ai-bot\node_modules\jest-runtime\build\index.js:1022:12)
    at Runtime.requireModule (C:\Users\ch\aszune\aszune-ai-bot\node_modules\jest-runtime\build\index.js:882:12)
    at Runtime.requireModuleOrMock (C:\Users\ch\aszune\aszune-ai-bot\node_modules\jest-runtime\build\index.js:1048:21)
    at Object.require (C:\Users\ch\aszune\aszune-ai-bot\src\index.js:35:27)
    at Runtime._execModule (C:\Users\ch\aszune\aszune-ai-bot\node_modules\jest-runtime\build\index.js:1439:24)
    at Runtime._loadModule (C:\Users\ch\aszune\aszune-ai-bot\node_modules\jest-runtime\build\index.js:1022:12)
    at Runtime.requireModule (C:\Users\ch\aszune\aszune-ai-bot\node_modules\jest-runtime\build\index.js:882:12)
    at Runtime.requireModuleOrMock (C:\Users\ch\aszune\aszune-ai-bot\node_modules\jest-runtime\build\index.js:1048:21)
    at Object.require (C:\Users\ch\aszune\aszune-ai-bot\__tests__\unit\index-branch-coverage-functions.test.js:33:15)
    at Promise.then.completed (C:\Users\ch\aszune\aszune-ai-bot\node_modules\jest-circus\build\utils.js:298:28)
    at new Promise (&lt;anonymous&gt;)
    at callAsyncCircusFn (C:\Users\ch\aszune\aszune-ai-bot\node_modules\jest-circus\build\utils.js:231:10)
    at _callCircusHook (C:\Users\ch\aszune\aszune-ai-bot\node_modules\jest-circus\build\run.js:281:40)
    at processTicksAndRejections (node:internal/process/task_queues:95:5)
    at _runTest (C:\Users\ch\aszune\aszune-ai-bot\node_modules\jest-circus\build\run.js:246:5)
    at _runTestsForDescribeBlock (C:\Users\ch\aszune\aszune-ai-bot\node_modules\jest-circus\build\run.js:126:9)
    at _runTestsForDescribeBlock (C:\Users\ch\aszune\aszune-ai-bot\node_modules\jest-circus\build\run.js:121:9)
    at _runTestsForDescribeBlock (C:\Users\ch\aszune\aszune-ai-bot\node_modules\jest-circus\build\run.js:121:9)
    at run (C:\Users\ch\aszune\aszune-ai-bot\node_modules\jest-circus\build\run.js:71:3)
    at runAndTransformResultsToJestFormat (C:\Users\ch\aszune\aszune-ai-bot\node_modules\jest-circus\build\legacy-code-todo-rewrite\jestAdapterInit.js:122:21)
    at jestAdapter (C:\Users\ch\aszune\aszune-ai-bot\node_modules\jest-circus\build\legacy-code-todo-rewrite\jestAdapter.js:79:19)
    at runTestInternal (C:\Users\ch\aszune\aszune-ai-bot\node_modules\jest-runner\build\runTest.js:367:16)
    at runTest (C:\Users\ch\aszune\aszune-ai-bot\node_modules\jest-runner\build\runTest.js:444:34)
    at Object.worker (C:\Users\ch\aszune\aszune-ai-bot\node_modules\jest-runner\build\testWorker.js:106:12)</failure>
    </testcase>
    <testcase classname="index.js - Function Branch Coverage registerSlashCommands function should handle client not being ready" name="index.js - Function Branch Coverage registerSlashCommands function should handle client not being ready" time="0.053">
      <failure>TypeError: Cannot read properties of undefined (reading &apos;PERPLEXITY&apos;)
    at new PERPLEXITY (C:\Users\ch\aszune\aszune-ai-bot\src\services\perplexity-secure.js:53:31)
    at Object.&lt;anonymous&gt; (C:\Users\ch\aszune\aszune-ai-bot\src\services\perplexity-secure.js:901:18)
    at Runtime._execModule (C:\Users\ch\aszune\aszune-ai-bot\node_modules\jest-runtime\build\index.js:1439:24)
    at Runtime._loadModule (C:\Users\ch\aszune\aszune-ai-bot\node_modules\jest-runtime\build\index.js:1022:12)
    at Runtime.requireModule (C:\Users\ch\aszune\aszune-ai-bot\node_modules\jest-runtime\build\index.js:882:12)
    at Runtime.requireModuleOrMock (C:\Users\ch\aszune\aszune-ai-bot\node_modules\jest-runtime\build\index.js:1048:21)
    at Object.require (C:\Users\ch\aszune\aszune-ai-bot\src\services\chat.js:5:27)
    at Runtime._execModule (C:\Users\ch\aszune\aszune-ai-bot\node_modules\jest-runtime\build\index.js:1439:24)
    at Runtime._loadModule (C:\Users\ch\aszune\aszune-ai-bot\node_modules\jest-runtime\build\index.js:1022:12)
    at Runtime.requireModule (C:\Users\ch\aszune\aszune-ai-bot\node_modules\jest-runtime\build\index.js:882:12)
    at Runtime.requireModuleOrMock (C:\Users\ch\aszune\aszune-ai-bot\node_modules\jest-runtime\build\index.js:1048:21)
    at Object.require (C:\Users\ch\aszune\aszune-ai-bot\src\index.js:35:27)
    at Runtime._execModule (C:\Users\ch\aszune\aszune-ai-bot\node_modules\jest-runtime\build\index.js:1439:24)
    at Runtime._loadModule (C:\Users\ch\aszune\aszune-ai-bot\node_modules\jest-runtime\build\index.js:1022:12)
    at Runtime.requireModule (C:\Users\ch\aszune\aszune-ai-bot\node_modules\jest-runtime\build\index.js:882:12)
    at Runtime.requireModuleOrMock (C:\Users\ch\aszune\aszune-ai-bot\node_modules\jest-runtime\build\index.js:1048:21)
    at Object.require (C:\Users\ch\aszune\aszune-ai-bot\__tests__\unit\index-branch-coverage-functions.test.js:100:15)
    at Promise.then.completed (C:\Users\ch\aszune\aszune-ai-bot\node_modules\jest-circus\build\utils.js:298:28)
    at new Promise (&lt;anonymous&gt;)
    at callAsyncCircusFn (C:\Users\ch\aszune\aszune-ai-bot\node_modules\jest-circus\build\utils.js:231:10)
    at _callCircusHook (C:\Users\ch\aszune\aszune-ai-bot\node_modules\jest-circus\build\run.js:281:40)
    at processTicksAndRejections (node:internal/process/task_queues:95:5)
    at _runTest (C:\Users\ch\aszune\aszune-ai-bot\node_modules\jest-circus\build\run.js:246:5)
    at _runTestsForDescribeBlock (C:\Users\ch\aszune\aszune-ai-bot\node_modules\jest-circus\build\run.js:126:9)
    at _runTestsForDescribeBlock (C:\Users\ch\aszune\aszune-ai-bot\node_modules\jest-circus\build\run.js:121:9)
    at _runTestsForDescribeBlock (C:\Users\ch\aszune\aszune-ai-bot\node_modules\jest-circus\build\run.js:121:9)
    at run (C:\Users\ch\aszune\aszune-ai-bot\node_modules\jest-circus\build\run.js:71:3)
    at runAndTransformResultsToJestFormat (C:\Users\ch\aszune\aszune-ai-bot\node_modules\jest-circus\build\legacy-code-todo-rewrite\jestAdapterInit.js:122:21)
    at jestAdapter (C:\Users\ch\aszune\aszune-ai-bot\node_modules\jest-circus\build\legacy-code-todo-rewrite\jestAdapter.js:79:19)
    at runTestInternal (C:\Users\ch\aszune\aszune-ai-bot\node_modules\jest-runner\build\runTest.js:367:16)
    at runTest (C:\Users\ch\aszune\aszune-ai-bot\node_modules\jest-runner\build\runTest.js:444:34)
    at Object.worker (C:\Users\ch\aszune\aszune-ai-bot\node_modules\jest-runner\build\testWorker.js:106:12)</failure>
    </testcase>
    <testcase classname="index.js - Function Branch Coverage registerSlashCommands function should handle errors during slash command registration" name="index.js - Function Branch Coverage registerSlashCommands function should handle errors during slash command registration" time="0.047">
      <failure>TypeError: Cannot read properties of undefined (reading &apos;PERPLEXITY&apos;)
    at new PERPLEXITY (C:\Users\ch\aszune\aszune-ai-bot\src\services\perplexity-secure.js:53:31)
    at Object.&lt;anonymous&gt; (C:\Users\ch\aszune\aszune-ai-bot\src\services\perplexity-secure.js:901:18)
    at Runtime._execModule (C:\Users\ch\aszune\aszune-ai-bot\node_modules\jest-runtime\build\index.js:1439:24)
    at Runtime._loadModule (C:\Users\ch\aszune\aszune-ai-bot\node_modules\jest-runtime\build\index.js:1022:12)
    at Runtime.requireModule (C:\Users\ch\aszune\aszune-ai-bot\node_modules\jest-runtime\build\index.js:882:12)
    at Runtime.requireModuleOrMock (C:\Users\ch\aszune\aszune-ai-bot\node_modules\jest-runtime\build\index.js:1048:21)
    at Object.require (C:\Users\ch\aszune\aszune-ai-bot\src\services\chat.js:5:27)
    at Runtime._execModule (C:\Users\ch\aszune\aszune-ai-bot\node_modules\jest-runtime\build\index.js:1439:24)
    at Runtime._loadModule (C:\Users\ch\aszune\aszune-ai-bot\node_modules\jest-runtime\build\index.js:1022:12)
    at Runtime.requireModule (C:\Users\ch\aszune\aszune-ai-bot\node_modules\jest-runtime\build\index.js:882:12)
    at Runtime.requireModuleOrMock (C:\Users\ch\aszune\aszune-ai-bot\node_modules\jest-runtime\build\index.js:1048:21)
    at Object.require (C:\Users\ch\aszune\aszune-ai-bot\src\index.js:35:27)
    at Runtime._execModule (C:\Users\ch\aszune\aszune-ai-bot\node_modules\jest-runtime\build\index.js:1439:24)
    at Runtime._loadModule (C:\Users\ch\aszune\aszune-ai-bot\node_modules\jest-runtime\build\index.js:1022:12)
    at Runtime.requireModule (C:\Users\ch\aszune\aszune-ai-bot\node_modules\jest-runtime\build\index.js:882:12)
    at Runtime.requireModuleOrMock (C:\Users\ch\aszune\aszune-ai-bot\node_modules\jest-runtime\build\index.js:1048:21)
    at Object.require (C:\Users\ch\aszune\aszune-ai-bot\__tests__\unit\index-branch-coverage-functions.test.js:100:15)
    at Promise.then.completed (C:\Users\ch\aszune\aszune-ai-bot\node_modules\jest-circus\build\utils.js:298:28)
    at new Promise (&lt;anonymous&gt;)
    at callAsyncCircusFn (C:\Users\ch\aszune\aszune-ai-bot\node_modules\jest-circus\build\utils.js:231:10)
    at _callCircusHook (C:\Users\ch\aszune\aszune-ai-bot\node_modules\jest-circus\build\run.js:281:40)
    at processTicksAndRejections (node:internal/process/task_queues:95:5)
    at _runTest (C:\Users\ch\aszune\aszune-ai-bot\node_modules\jest-circus\build\run.js:246:5)
    at _runTestsForDescribeBlock (C:\Users\ch\aszune\aszune-ai-bot\node_modules\jest-circus\build\run.js:126:9)
    at _runTestsForDescribeBlock (C:\Users\ch\aszune\aszune-ai-bot\node_modules\jest-circus\build\run.js:121:9)
    at _runTestsForDescribeBlock (C:\Users\ch\aszune\aszune-ai-bot\node_modules\jest-circus\build\run.js:121:9)
    at run (C:\Users\ch\aszune\aszune-ai-bot\node_modules\jest-circus\build\run.js:71:3)
    at runAndTransformResultsToJestFormat (C:\Users\ch\aszune\aszune-ai-bot\node_modules\jest-circus\build\legacy-code-todo-rewrite\jestAdapterInit.js:122:21)
    at jestAdapter (C:\Users\ch\aszune\aszune-ai-bot\node_modules\jest-circus\build\legacy-code-todo-rewrite\jestAdapter.js:79:19)
    at runTestInternal (C:\Users\ch\aszune\aszune-ai-bot\node_modules\jest-runner\build\runTest.js:367:16)
    at runTest (C:\Users\ch\aszune\aszune-ai-bot\node_modules\jest-runner\build\runTest.js:444:34)
    at Object.worker (C:\Users\ch\aszune\aszune-ai-bot\node_modules\jest-runner\build\testWorker.js:106:12)</failure>
    </testcase>
    <testcase classname="index.js - Function Branch Coverage Multiple shutdown attempts should prevent multiple simultaneous shutdown attempts" name="index.js - Function Branch Coverage Multiple shutdown attempts should prevent multiple simultaneous shutdown attempts" time="0.062">
      <failure>TypeError: Cannot read properties of undefined (reading &apos;PERPLEXITY&apos;)
    at new PERPLEXITY (C:\Users\ch\aszune\aszune-ai-bot\src\services\perplexity-secure.js:53:31)
    at Object.&lt;anonymous&gt; (C:\Users\ch\aszune\aszune-ai-bot\src\services\perplexity-secure.js:901:18)
    at Runtime._execModule (C:\Users\ch\aszune\aszune-ai-bot\node_modules\jest-runtime\build\index.js:1439:24)
    at Runtime._loadModule (C:\Users\ch\aszune\aszune-ai-bot\node_modules\jest-runtime\build\index.js:1022:12)
    at Runtime.requireModule (C:\Users\ch\aszune\aszune-ai-bot\node_modules\jest-runtime\build\index.js:882:12)
    at Runtime.requireModuleOrMock (C:\Users\ch\aszune\aszune-ai-bot\node_modules\jest-runtime\build\index.js:1048:21)
    at Object.require (C:\Users\ch\aszune\aszune-ai-bot\src\services\chat.js:5:27)
    at Runtime._execModule (C:\Users\ch\aszune\aszune-ai-bot\node_modules\jest-runtime\build\index.js:1439:24)
    at Runtime._loadModule (C:\Users\ch\aszune\aszune-ai-bot\node_modules\jest-runtime\build\index.js:1022:12)
    at Runtime.requireModule (C:\Users\ch\aszune\aszune-ai-bot\node_modules\jest-runtime\build\index.js:882:12)
    at Runtime.requireModuleOrMock (C:\Users\ch\aszune\aszune-ai-bot\node_modules\jest-runtime\build\index.js:1048:21)
    at Object.require (C:\Users\ch\aszune\aszune-ai-bot\src\index.js:35:27)
    at Runtime._execModule (C:\Users\ch\aszune\aszune-ai-bot\node_modules\jest-runtime\build\index.js:1439:24)
    at Runtime._loadModule (C:\Users\ch\aszune\aszune-ai-bot\node_modules\jest-runtime\build\index.js:1022:12)
    at Runtime.requireModule (C:\Users\ch\aszune\aszune-ai-bot\node_modules\jest-runtime\build\index.js:882:12)
    at Runtime.requireModuleOrMock (C:\Users\ch\aszune\aszune-ai-bot\node_modules\jest-runtime\build\index.js:1048:21)
    at Object.require (C:\Users\ch\aszune\aszune-ai-bot\__tests__\unit\index-branch-coverage-functions.test.js:151:15)
    at Promise.then.completed (C:\Users\ch\aszune\aszune-ai-bot\node_modules\jest-circus\build\utils.js:298:28)
    at new Promise (&lt;anonymous&gt;)
    at callAsyncCircusFn (C:\Users\ch\aszune\aszune-ai-bot\node_modules\jest-circus\build\utils.js:231:10)
    at _callCircusHook (C:\Users\ch\aszune\aszune-ai-bot\node_modules\jest-circus\build\run.js:281:40)
    at processTicksAndRejections (node:internal/process/task_queues:95:5)
    at _runTest (C:\Users\ch\aszune\aszune-ai-bot\node_modules\jest-circus\build\run.js:246:5)
    at _runTestsForDescribeBlock (C:\Users\ch\aszune\aszune-ai-bot\node_modules\jest-circus\build\run.js:126:9)
    at _runTestsForDescribeBlock (C:\Users\ch\aszune\aszune-ai-bot\node_modules\jest-circus\build\run.js:121:9)
    at _runTestsForDescribeBlock (C:\Users\ch\aszune\aszune-ai-bot\node_modules\jest-circus\build\run.js:121:9)
    at run (C:\Users\ch\aszune\aszune-ai-bot\node_modules\jest-circus\build\run.js:71:3)
    at runAndTransformResultsToJestFormat (C:\Users\ch\aszune\aszune-ai-bot\node_modules\jest-circus\build\legacy-code-todo-rewrite\jestAdapterInit.js:122:21)
    at jestAdapter (C:\Users\ch\aszune\aszune-ai-bot\node_modules\jest-circus\build\legacy-code-todo-rewrite\jestAdapter.js:79:19)
    at runTestInternal (C:\Users\ch\aszune\aszune-ai-bot\node_modules\jest-runner\build\runTest.js:367:16)
    at runTest (C:\Users\ch\aszune\aszune-ai-bot\node_modules\jest-runner\build\runTest.js:444:34)
    at Object.worker (C:\Users\ch\aszune\aszune-ai-bot\node_modules\jest-runner\build\testWorker.js:106:12)</failure>
    </testcase>
  </testsuite>
</testsuites>