<?xml version="1.0" encoding="UTF-8"?>
<testsuites name="jest tests" tests="171" failures="28" errors="0" time="9.587">
  <testsuite name="__tests__\unit\logger.test.js" errors="0" failures="0" skipped="0" timestamp="2025-07-14T21:14:00" time="2.3" tests="32">
    <testcase classname="Logger Constructor log level initialization" name="Logger Constructor log level initialization uses explicit LOG_LEVEL when provided" time="0.049">
    </testcase>
    <testcase classname="Logger Constructor log level initialization" name="Logger Constructor log level initialization uses INFO level for test environment by default" time="0.004">
    </testcase>
    <testcase classname="Logger Constructor log level initialization" name="Logger Constructor log level initialization uses INFO level for production environment by default" time="0.004">
    </testcase>
    <testcase classname="Logger Constructor log level initialization" name="Logger Constructor log level initialization uses DEBUG level for development (default) environment" time="0.005">
    </testcase>
    <testcase classname="Logger Constructor log level initialization" name="Logger Constructor log level initialization handles invalid LOG_LEVEL by defaulting to INFO" time="0.018">
    </testcase>
    <testcase classname="Logger" name="Logger logs debug messages" time="0.002">
    </testcase>
    <testcase classname="Logger" name="Logger logs debug messages with data" time="0.007">
    </testcase>
    <testcase classname="Logger" name="Logger logs info messages" time="0.002">
    </testcase>
    <testcase classname="Logger" name="Logger logs warning messages" time="0.003">
    </testcase>
    <testcase classname="Logger" name="Logger logs error messages" time="0.002">
    </testcase>
    <testcase classname="Logger" name="Logger logs error messages with error object" time="0.06">
    </testcase>
    <testcase classname="Logger" name="Logger handles API errors" time="0.004">
    </testcase>
    <testcase classname="Logger" name="Logger handles request errors with no response" time="0.01">
    </testcase>
    <testcase classname="Logger" name="Logger handles general errors with stack trace" time="0.003">
    </testcase>
    <testcase classname="Logger" name="Logger handles general errors without stack trace" time="0.002">
    </testcase>
    <testcase classname="Logger" name="Logger provides user-friendly error messages" time="0.003">
    </testcase>
    <testcase classname="Logger" name="Logger customizes error messages based on error type" time="0.007">
    </testcase>
    <testcase classname="Logger Log level filtering" name="Logger Log level filtering does not log debug messages when log level is WARN" time="0.002">
    </testcase>
    <testcase classname="Logger Log level filtering" name="Logger Log level filtering does not log info messages when log level is WARN" time="0.002">
    </testcase>
    <testcase classname="Logger Log level filtering" name="Logger Log level filtering logs warn messages when log level is WARN" time="0.002">
    </testcase>
    <testcase classname="Logger Log level filtering" name="Logger Log level filtering logs error messages when log level is WARN" time="0.012">
    </testcase>
    <testcase classname="Logger SILENT log level" name="Logger SILENT log level does not log any messages when log level is SILENT" time="0.002">
    </testcase>
    <testcase classname="Logger" name="Logger handles errors with default context" time="0.002">
    </testcase>
    <testcase classname="Logger Additional error logging branches" name="Logger Additional error logging branches handles API errors with missing data property" time="0.002">
    </testcase>
    <testcase classname="Logger Additional error logging branches" name="Logger Additional error logging branches handles null error objects" time="0.002">
    </testcase>
    <testcase classname="Logger Additional error logging branches" name="Logger Additional error logging branches handles undefined error objects" time="0.002">
    </testcase>
    <testcase classname="Logger Additional error logging branches" name="Logger Additional error logging branches handles error objects without message property" time="0.001">
    </testcase>
    <testcase classname="Logger" name="Logger handles timeout error messages correctly" time="0.002">
    </testcase>
    <testcase classname="Logger" name="Logger handles network errors correctly" time="0.003">
    </testcase>
    <testcase classname="Logger" name="Logger formats errors with status codes correctly" time="0.005">
    </testcase>
    <testcase classname="Logger" name="Logger formats log messages with timestamp and level" time="0.002">
    </testcase>
    <testcase classname="Logger" name="Logger handles API errors with response but no status" time="0.002">
    </testcase>
  </testsuite>
  <testsuite name="__tests__\unit\storage.test.js" errors="0" failures="0" skipped="0" timestamp="2025-07-14T21:14:00" time="2.442" tests="9">
    <testcase classname="DataStorage init" name="DataStorage init should create data directory if it does not exist" time="0.02">
    </testcase>
    <testcase classname="DataStorage init" name="DataStorage init should not create directory if already initialized" time="0.002">
    </testcase>
    <testcase classname="DataStorage init" name="DataStorage init should throw and log error if mkdir fails" time="0.046">
    </testcase>
    <testcase classname="DataStorage saveUserStats" name="DataStorage saveUserStats should save user stats to file" time="0.001">
    </testcase>
    <testcase classname="DataStorage saveUserStats" name="DataStorage saveUserStats should log error if writeFile fails" time="0.005">
    </testcase>
    <testcase classname="DataStorage loadUserStats" name="DataStorage loadUserStats should load user stats from file" time="0.002">
    </testcase>
    <testcase classname="DataStorage loadUserStats" name="DataStorage loadUserStats should return empty object if file does not exist" time="0">
    </testcase>
    <testcase classname="DataStorage loadUserStats" name="DataStorage loadUserStats should return empty object and log error if readFile fails for other reasons" time="0.001">
    </testcase>
    <testcase classname="DataStorage loadUserStats" name="DataStorage loadUserStats should return empty object and log error if JSON parsing fails" time="0.002">
    </testcase>
  </testsuite>
  <testsuite name="__tests__\integration\messageFlow.test.js" errors="0" failures="0" skipped="0" timestamp="2025-07-14T21:14:00" time="2.486" tests="1">
    <testcase classname="Message flow" name="Message flow adds user and assistant messages to conversationHistory" time="0.018">
    </testcase>
  </testsuite>
  <testsuite name="__tests__\utils\testUtils.test.js" errors="0" failures="0" skipped="0" timestamp="2025-07-14T21:14:00" time="2.276" tests="8">
    <testcase classname="Test Utilities createMockMessage" name="Test Utilities createMockMessage should create a default mock message" time="0.021">
    </testcase>
    <testcase classname="Test Utilities createMockMessage" name="Test Utilities createMockMessage should create a mock message with custom content" time="0.002">
    </testcase>
    <testcase classname="Test Utilities createMockMessage" name="Test Utilities createMockMessage should create a mock message from a bot" time="0.001">
    </testcase>
    <testcase classname="Test Utilities createMockMessage" name="Test Utilities createMockMessage should create a mock message with a custom user ID" time="0.001">
    </testcase>
    <testcase classname="Test Utilities createMockInteraction" name="Test Utilities createMockInteraction should create a default mock interaction" time="0.003">
    </testcase>
    <testcase classname="Test Utilities createMockInteraction" name="Test Utilities createMockInteraction should create a mock interaction with a custom user ID" time="0.005">
    </testcase>
    <testcase classname="Test Utilities createMockInteraction" name="Test Utilities createMockInteraction should create a mock interaction with a custom command name" time="0.003">
    </testcase>
    <testcase classname="Test Utilities resetMocks" name="Test Utilities resetMocks should reset all mocks" time="0.004">
    </testcase>
  </testsuite>
  <testsuite name="__tests__\unit\emoji.test.js" errors="0" failures="0" skipped="0" timestamp="2025-07-14T21:14:00" time="2.524" tests="8">
    <testcase classname="EmojiManager" name="EmojiManager adds the correct emoji for known keywords" time="0.017">
    </testcase>
    <testcase classname="EmojiManager" name="EmojiManager does not modify the text if no keyword is present" time="0">
    </testcase>
    <testcase classname="EmojiManager" name="EmojiManager is case-insensitive" time="0.001">
    </testcase>
    <testcase classname="EmojiManager" name="EmojiManager can add multiple emojis" time="0.001">
    </testcase>
    <testcase classname="EmojiManager" name="EmojiManager does not add emoji for keywords inside other words" time="0">
    </testcase>
    <testcase classname="EmojiManager" name="EmojiManager adds all matching emojis" time="0.005">
    </testcase>
    <testcase classname="EmojiManager" name="EmojiManager handles empty string" time="0.001">
    </testcase>
    <testcase classname="EmojiManager" name="EmojiManager can get reactions for a message" time="0.002">
    </testcase>
  </testsuite>
  <testsuite name="__tests__\unit\testUtils-helper.test.js" errors="0" failures="0" skipped="0" timestamp="2025-07-14T21:14:00" time="2.757" tests="3">
    <testcase classname="Test Utils Helper createMockObject" name="Test Utils Helper createMockObject creates mock functions for all methods in an object" time="0.013">
    </testcase>
    <testcase classname="Test Utils Helper delay" name="Test Utils Helper delay returns a promise that resolves after specified time" time="0.086">
    </testcase>
    <testcase classname="Test Utils Helper deepClone" name="Test Utils Helper deepClone creates a deep clone of an object" time="0.005">
    </testcase>
  </testsuite>
  <testsuite name="__tests__\unit\errors.test.js" errors="0" failures="0" skipped="0" timestamp="2025-07-14T21:14:02" time="0.319" tests="11">
    <testcase classname="Error Classes AszaiBotError" name="Error Classes AszaiBotError creates a base error with proper name" time="0.002">
    </testcase>
    <testcase classname="Error Classes CacheError" name="Error Classes CacheError creates a cache error with details" time="0.001">
    </testcase>
    <testcase classname="Error Classes CacheError" name="Error Classes CacheError handles missing details" time="0">
    </testcase>
    <testcase classname="Error Classes Specific Cache Errors" name="Error Classes Specific Cache Errors creates a CacheInitializationError" time="0.001">
    </testcase>
    <testcase classname="Error Classes Specific Cache Errors" name="Error Classes Specific Cache Errors creates a CacheSaveError" time="0.001">
    </testcase>
    <testcase classname="Error Classes Specific Cache Errors" name="Error Classes Specific Cache Errors creates a CacheReadError" time="0.006">
    </testcase>
    <testcase classname="Error Classes Specific Cache Errors" name="Error Classes Specific Cache Errors creates a CacheValueError" time="0.001">
    </testcase>
    <testcase classname="Error Classes ApiError" name="Error Classes ApiError creates an API error with status code and response" time="0">
    </testcase>
    <testcase classname="Error Classes ApiError" name="Error Classes ApiError handles missing response" time="0">
    </testcase>
    <testcase classname="Error Classes RateLimitError" name="Error Classes RateLimitError creates a rate limit error with retry-after value" time="0.002">
    </testcase>
    <testcase classname="Error Classes RateLimitError" name="Error Classes RateLimitError handles missing retry-after value" time="0">
    </testcase>
  </testsuite>
  <testsuite name="__tests__\unit\config.test.js" errors="0" failures="0" skipped="0" timestamp="2025-07-14T21:14:02" time="0.528" tests="1">
    <testcase classname="Config" name="Config exports required configuration settings" time="0.02">
    </testcase>
  </testsuite>
  <testsuite name="__tests__\unit\testUtils.test.js" errors="0" failures="0" skipped="0" timestamp="2025-07-14T21:14:02" time="0.326" tests="5">
    <testcase classname="Test Utilities createMockMessage" name="Test Utilities createMockMessage creates a default mock message with expected properties" time="0.003">
    </testcase>
    <testcase classname="Test Utilities createMockMessage" name="Test Utilities createMockMessage allows custom options" time="0.001">
    </testcase>
    <testcase classname="Test Utilities createMockInteraction" name="Test Utilities createMockInteraction creates a default mock interaction with expected properties" time="0.001">
    </testcase>
    <testcase classname="Test Utilities createMockInteraction" name="Test Utilities createMockInteraction allows custom options" time="0.002">
    </testcase>
    <testcase classname="Test Utilities resetMocks" name="Test Utilities resetMocks resets all mocks" time="0.001">
    </testcase>
  </testsuite>
  <testsuite name="__tests__\integration\error.test.js" errors="0" failures="0" skipped="0" timestamp="2025-07-14T21:14:00" time="2.811" tests="2">
    <testcase classname="Error handling" name="Error handling handles failed Perplexity API response" time="0.286">
    </testcase>
    <testcase classname="Error handling" name="Error handling handles failed summary API response" time="0.048">
    </testcase>
  </testsuite>
  <testsuite name="__tests__\unit\emoji-manager.test.js" errors="0" failures="0" skipped="0" timestamp="2025-07-14T21:14:03" time="0.313" tests="7">
    <testcase classname="EmojiManager" name="EmojiManager adds emojis to response based on keywords" time="0.002">
    </testcase>
    <testcase classname="EmojiManager" name="EmojiManager adds multiple emojis when multiple keywords are found" time="0.001">
    </testcase>
    <testcase classname="EmojiManager" name="EmojiManager does not add emojis when no keywords are found" time="0.001">
    </testcase>
    <testcase classname="EmojiManager" name="EmojiManager gets reactions for a message based on keywords" time="0.001">
    </testcase>
    <testcase classname="EmojiManager" name="EmojiManager returns empty array when no reaction keywords are found" time="0.001">
    </testcase>
    <testcase classname="EmojiManager" name="EmojiManager adds reactions to a message" time="0.001">
    </testcase>
    <testcase classname="EmojiManager" name="EmojiManager handles errors when adding reactions" time="0.001">
    </testcase>
  </testsuite>
  <testsuite name="__tests__\unit\conversation-manager.test.js" errors="0" failures="0" skipped="0" timestamp="2025-07-14T21:14:00" time="2.753" tests="13">
    <testcase classname="Conversation Manager getHistory" name="Conversation Manager getHistory returns empty array for new users" time="0.091">
    </testcase>
    <testcase classname="Conversation Manager getHistory" name="Conversation Manager getHistory returns conversation history for existing users" time="0.001">
    </testcase>
    <testcase classname="Conversation Manager addMessage" name="Conversation Manager addMessage adds a message to conversation history" time="0.001">
    </testcase>
    <testcase classname="Conversation Manager addMessage" name="Conversation Manager addMessage updates user stats when adding a user message" time="0.004">
    </testcase>
    <testcase classname="Conversation Manager addMessage" name="Conversation Manager addMessage trims conversation history when it exceeds the maximum length" time="0.012">
    </testcase>
    <testcase classname="Conversation Manager clearHistory" name="Conversation Manager clearHistory clears conversation history for a user" time="0.001">
    </testcase>
    <testcase classname="Conversation Manager isRateLimited" name="Conversation Manager isRateLimited returns false for users with no recent messages" time="0.001">
    </testcase>
    <testcase classname="Conversation Manager isRateLimited" name="Conversation Manager isRateLimited returns true for users with recent messages" time="0">
    </testcase>
    <testcase classname="Conversation Manager isRateLimited" name="Conversation Manager isRateLimited returns false after the rate limit window passes" time="0.001">
    </testcase>
    <testcase classname="Conversation Manager getUserStats" name="Conversation Manager getUserStats returns default stats for new users" time="0">
    </testcase>
    <testcase classname="Conversation Manager getUserStats" name="Conversation Manager getUserStats returns user stats for existing users" time="0.001">
    </testcase>
    <testcase classname="Conversation Manager updateUserStats" name="Conversation Manager updateUserStats increments message count" time="0">
    </testcase>
    <testcase classname="Conversation Manager updateUserStats" name="Conversation Manager updateUserStats increments summary count" time="0">
    </testcase>
  </testsuite>
  <testsuite name="__tests__\unit\fallback-service.test.js" errors="0" failures="0" skipped="0" timestamp="2025-07-14T21:14:00" time="2.948" tests="1">
    <testcase classname="Fallback Service" name="Fallback Service should return a generic fallback response" time="0.477">
    </testcase>
  </testsuite>
  <testsuite name="__tests__\unit\perplexity-service.test.js" errors="0" failures="0" skipped="0" timestamp="2025-07-14T21:14:00" time="3.489" tests="4">
    <testcase classname="Perplexity Service sendChatRequest" name="Perplexity Service sendChatRequest sends a request to the API with correct parameters" time="0.052">
    </testcase>
    <testcase classname="Perplexity Service sendChatRequest" name="Perplexity Service sendChatRequest throws an error when API request fails" time="0.292">
    </testcase>
    <testcase classname="Perplexity Service generateSummary" name="Perplexity Service generateSummary generates a summary with correct system prompt" time="0.002">
    </testcase>
    <testcase classname="Perplexity Service generateChatResponse" name="Perplexity Service generateChatResponse generates a chat response with correct system prompt" time="0.001">
    </testcase>
  </testsuite>
  <testsuite name="__tests__\integration\command.test.js" errors="0" failures="0" skipped="0" timestamp="2025-07-14T21:14:00" time="4.621" tests="12">
    <testcase classname="Command Handling" name="Command Handling responds to !clearhistory and clears the conversation history" time="0.028">
    </testcase>
    <testcase classname="Command Handling" name="Command Handling !help command replies with help message" time="0.001">
    </testcase>
    <testcase classname="Command Handling" name="Command Handling !summary command replies with summary" time="0.001">
    </testcase>
    <testcase classname="Command Handling" name="Command Handling !summarise command replies with text summary" time="0.003">
    </testcase>
    <testcase classname="Command Handling" name="Command Handling !summerise command (alternative spelling) replies with text summary" time="0">
    </testcase>
    <testcase classname="Command Handling" name="Command Handling !summarise command with no text returns usage message" time="0">
    </testcase>
    <testcase classname="Command Handling" name="Command Handling !summerise command with no text returns usage message" time="0.001">
    </testcase>
    <testcase classname="Command Handling" name="Command Handling !summary command uses UK English in prompt" time="0.001">
    </testcase>
    <testcase classname="Command Handling" name="Command Handling rate limiting prevents spam" time="0.001">
    </testcase>
    <testcase classname="Command Handling" name="Command Handling unknown command is ignored" time="0.003">
    </testcase>
    <testcase classname="Command Handling" name="Command Handling !summary with no conversation history" time="0.001">
    </testcase>
    <testcase classname="Command Handling" name="Command Handling !stats command replies with user stats" time="0.001">
    </testcase>
  </testsuite>
  <testsuite name="__tests__\unit\commands.test.js" errors="0" failures="0" skipped="0" timestamp="2025-07-14T21:14:00" time="4.76" tests="20">
    <testcase classname="Command Handlers getSlashCommandsData" name="Command Handlers getSlashCommandsData should return an array of slash command data" time="0.031">
    </testcase>
    <testcase classname="Command Handlers handleTextCommand" name="Command Handlers handleTextCommand should handle !help command" time="0.004">
    </testcase>
    <testcase classname="Command Handlers handleTextCommand" name="Command Handlers handleTextCommand should handle !clearhistory command" time="0.001">
    </testcase>
    <testcase classname="Command Handlers handleTextCommand" name="Command Handlers handleTextCommand should handle !summary command with history" time="0.003">
    </testcase>
    <testcase classname="Command Handlers handleTextCommand" name="Command Handlers handleTextCommand should handle !summary command with no history" time="0.001">
    </testcase>
    <testcase classname="Command Handlers handleTextCommand" name="Command Handlers handleTextCommand should handle !summary command with only assistant messages in history" time="0.001">
    </testcase>
    <testcase classname="Command Handlers handleTextCommand" name="Command Handlers handleTextCommand should handle errors during text command execution" time="0.001">
    </testcase>
    <testcase classname="Command Handlers handleTextCommand" name="Command Handlers handleTextCommand should handle !summary command API error" time="0.001">
    </testcase>
    <testcase classname="Command Handlers handleTextCommand" name="Command Handlers handleTextCommand should handle !stats command" time="0.001">
    </testcase>
    <testcase classname="Command Handlers handleTextCommand" name="Command Handlers handleTextCommand should return null for unknown command" time="0.001">
    </testcase>
    <testcase classname="Command Handlers handleSlashCommand" name="Command Handlers handleSlashCommand should handle /help command" time="0.001">
    </testcase>
    <testcase classname="Command Handlers handleSlashCommand" name="Command Handlers handleSlashCommand should handle /clearhistory command" time="0.001">
    </testcase>
    <testcase classname="Command Handlers handleSlashCommand" name="Command Handlers handleSlashCommand should handle /summary command with history" time="0.001">
    </testcase>
    <testcase classname="Command Handlers handleSlashCommand" name="Command Handlers handleSlashCommand should handle /summary command API error" time="0.001">
    </testcase>
    <testcase classname="Command Handlers handleSlashCommand" name="Command Handlers handleSlashCommand should handle /summary command with only assistant messages in history" time="0.001">
    </testcase>
    <testcase classname="Command Handlers handleSlashCommand" name="Command Handlers handleSlashCommand should handle /summary command with no history" time="0">
    </testcase>
    <testcase classname="Command Handlers handleSlashCommand" name="Command Handlers handleSlashCommand should handle /stats command" time="0.001">
    </testcase>
    <testcase classname="Command Handlers handleSlashCommand" name="Command Handlers handleSlashCommand should handle command execution error when not deferred" time="0.001">
    </testcase>
    <testcase classname="Command Handlers handleSlashCommand" name="Command Handlers handleSlashCommand should handle unknown command" time="0.002">
    </testcase>
    <testcase classname="Command Handlers handleSlashCommand" name="Command Handlers handleSlashCommand should handle command execution error" time="0.001">
    </testcase>
  </testsuite>
  <testsuite name="__tests__\integration\botEdgeCases.test.js" errors="0" failures="0" skipped="0" timestamp="2025-07-14T21:14:00" time="4.805" tests="6">
    <testcase classname="Bot Edge Cases" name="Bot Edge Cases handles empty message" time="0.046">
    </testcase>
    <testcase classname="Bot Edge Cases" name="Bot Edge Cases handles very long message and truncates history" time="0.011">
    </testcase>
    <testcase classname="Bot Edge Cases" name="Bot Edge Cases handles API failure for chat completions" time="0.006">
    </testcase>
    <testcase classname="Bot Edge Cases" name="Bot Edge Cases reacts with correct emoji for hello" time="0.002">
    </testcase>
    <testcase classname="Bot Edge Cases" name="Bot Edge Cases does not react for non-keyword" time="0.005">
    </testcase>
    <testcase classname="Bot Edge Cases" name="Bot Edge Cases handles missing environment variables gracefully" time="1.954">
    </testcase>
  </testsuite>
  <testsuite name="__tests__\unit\index.test.js" errors="0" failures="12" skipped="0" timestamp="2025-07-14T21:14:00" time="5.197" tests="12">
    <testcase classname="Bot Main Entry Point (index.js)" name="Bot Main Entry Point (index.js) should create a Discord client with the correct intents" time="2.455">
      <failure>Jest encountered an unexpected token

Jest failed to parse a file. This happens e.g. when your code or its dependencies use non-standard JavaScript syntax, or when Jest is not configured to support such syntax.

Out of the box Jest supports Babel, which will be used to transform your files into valid JS based on your Babel configuration.

By default &quot;node_modules&quot; folder is ignored by transformers.

Here&apos;s what you can do:
 • If you are trying to use ECMAScript Modules, see https://jestjs.io/docs/ecmascript-modules for how to enable it.
 • If you are trying to use TypeScript, see https://jestjs.io/docs/getting-started#using-typescript
 • To have some of your &quot;node_modules&quot; files transformed, you can specify a custom &quot;transformIgnorePatterns&quot; in your config.
 • If you need a custom transformation specify a &quot;transform&quot; option in your config.
 • If you simply want to mock your non-JS modules (e.g. binary assets) you can stub them out with the &quot;moduleNameMapper&quot; config option.

You&apos;ll find more details and examples of these config options in the docs:
https://jestjs.io/docs/configuration
For information about custom transformations, see:
https://jestjs.io/docs/code-transformation

Details:

SyntaxError: C:\Users\chris\aszune-ai\aszune-ai-bot\src\services\cache.js: Missing semicolon. (589:33)

  587 |    * @returns {number} - Similarity score between 0 and 1
  588 |    */
&gt; 589 |   calculateSimilarity(str1, str2) {
      |                                  ^
  590 |     try {
  591 |       // Quick equality check for exact match
  592 |       if (str1 === str2) return 1.0;
    at constructor (C:\Users\chris\aszune-ai\aszune-ai-bot\node_modules\@babel\parser\src\parse-error.ts:95:45)
    at Parser.toParseError [as raise] (C:\Users\chris\aszune-ai\aszune-ai-bot\node_modules\@babel\parser\src\tokenizer\index.ts:1497:19)
    at Parser.raise [as semicolon] (C:\Users\chris\aszune-ai\aszune-ai-bot\node_modules\@babel\parser\src\parser\util.ts:150:10)
    at Parser.semicolon [as parseExpressionStatement] (C:\Users\chris\aszune-ai\aszune-ai-bot\node_modules\@babel\parser\src\parser\statement.ts:1322:10)
    at Parser.parseExpressionStatement [as parseStatementContent] (C:\Users\chris\aszune-ai\aszune-ai-bot\node_modules\@babel\parser\src\parser\statement.ts:656:19)
    at Parser.parseStatementContent [as parseStatementLike] (C:\Users\chris\aszune-ai\aszune-ai-bot\node_modules\@babel\parser\src\parser\statement.ts:437:17)
    at Parser.parseStatementLike [as parseModuleItem] (C:\Users\chris\aszune-ai\aszune-ai-bot\node_modules\@babel\parser\src\parser\statement.ts:374:17)
    at Parser.parseModuleItem [as parseBlockOrModuleBlockBody] (C:\Users\chris\aszune-ai\aszune-ai-bot\node_modules\@babel\parser\src\parser\statement.ts:1402:16)
    at Parser.parseBlockOrModuleBlockBody [as parseBlockBody] (C:\Users\chris\aszune-ai\aszune-ai-bot\node_modules\@babel\parser\src\parser\statement.ts:1376:10)
    at Parser.parseBlockBody [as parseProgram] (C:\Users\chris\aszune-ai\aszune-ai-bot\node_modules\@babel\parser\src\parser\statement.ts:225:10)
    at Parser.parseProgram [as parseTopLevel] (C:\Users\chris\aszune-ai\aszune-ai-bot\node_modules\@babel\parser\src\parser\statement.ts:203:25)
    at Parser.parseTopLevel [as parse] (C:\Users\chris\aszune-ai\aszune-ai-bot\node_modules\@babel\parser\src\parser\index.ts:93:10)
    at parse (C:\Users\chris\aszune-ai\aszune-ai-bot\node_modules\@babel\parser\src\index.ts:92:38)
    at parser (C:\Users\chris\aszune-ai\aszune-ai-bot\node_modules\@babel\core\src\parser\index.ts:28:19)
    at parser.next (&lt;anonymous&gt;)
    at normalizeFile (C:\Users\chris\aszune-ai\aszune-ai-bot\node_modules\@babel\core\src\transformation\normalize-file.ts:49:24)
    at normalizeFile.next (&lt;anonymous&gt;)
    at run (C:\Users\chris\aszune-ai\aszune-ai-bot\node_modules\@babel\core\src\transformation\index.ts:40:36)
    at run.next (&lt;anonymous&gt;)
    at transform (C:\Users\chris\aszune-ai\aszune-ai-bot\node_modules\@babel\core\src\transform.ts:29:20)
    at transform.next (&lt;anonymous&gt;)
    at evaluateSync (C:\Users\chris\aszune-ai\aszune-ai-bot\node_modules\gensync\index.js:251:28)
    at sync (C:\Users\chris\aszune-ai\aszune-ai-bot\node_modules\gensync\index.js:89:14)
    at fn (C:\Users\chris\aszune-ai\aszune-ai-bot\node_modules\@babel\core\src\errors\rewrite-stack-trace.ts:99:14)
    at transformSync (C:\Users\chris\aszune-ai\aszune-ai-bot\node_modules\@babel\core\src\transform.ts:66:52)
    at Object.process (C:\Users\chris\aszune-ai\aszune-ai-bot\node_modules\babel-jest\build\index.js:273:57)
    at ScriptTransformer.transformSource (C:\Users\chris\aszune-ai\aszune-ai-bot\node_modules\@jest\transform\build\ScriptTransformer.js:545:31)
    at ScriptTransformer._transformAndBuildScript (C:\Users\chris\aszune-ai\aszune-ai-bot\node_modules\@jest\transform\build\ScriptTransformer.js:674:40)
    at ScriptTransformer.transform (C:\Users\chris\aszune-ai\aszune-ai-bot\node_modules\@jest\transform\build\ScriptTransformer.js:726:19)
    at Runtime.transformFile (C:\Users\chris\aszune-ai\aszune-ai-bot\node_modules\jest-runtime\build\index.js:1465:53)
    at Runtime._execModule (C:\Users\chris\aszune-ai\aszune-ai-bot\node_modules\jest-runtime\build\index.js:1397:34)
    at Runtime._loadModule (C:\Users\chris\aszune-ai\aszune-ai-bot\node_modules\jest-runtime\build\index.js:1022:12)
    at Runtime.requireModule (C:\Users\chris\aszune-ai\aszune-ai-bot\node_modules\jest-runtime\build\index.js:882:12)
    at Runtime.requireModuleOrMock (C:\Users\chris\aszune-ai\aszune-ai-bot\node_modules\jest-runtime\build\index.js:1048:21)
    at Object.require (C:\Users\chris\aszune-ai\aszune-ai-bot\src\services\chat.js:11:22)
    at Runtime._execModule (C:\Users\chris\aszune-ai\aszune-ai-bot\node_modules\jest-runtime\build\index.js:1439:24)
    at Runtime._loadModule (C:\Users\chris\aszune-ai\aszune-ai-bot\node_modules\jest-runtime\build\index.js:1022:12)
    at Runtime.requireModule (C:\Users\chris\aszune-ai\aszune-ai-bot\node_modules\jest-runtime\build\index.js:882:12)
    at Runtime._generateMock (C:\Users\chris\aszune-ai\aszune-ai-bot\node_modules\jest-runtime\build\index.js:1690:34)
    at Runtime.requireMock (C:\Users\chris\aszune-ai\aszune-ai-bot\node_modules\jest-runtime\build\index.js:996:39)
    at Runtime.requireModuleOrMock (C:\Users\chris\aszune-ai\aszune-ai-bot\node_modules\jest-runtime\build\index.js:1046:21)
    at Object.require (C:\Users\chris\aszune-ai\aszune-ai-bot\__tests__\unit\index.test.js:96:19)
    at Promise.then.completed (C:\Users\chris\aszune-ai\aszune-ai-bot\node_modules\jest-circus\build\utils.js:298:28)
    at new Promise (&lt;anonymous&gt;)
    at callAsyncCircusFn (C:\Users\chris\aszune-ai\aszune-ai-bot\node_modules\jest-circus\build\utils.js:231:10)
    at _callCircusHook (C:\Users\chris\aszune-ai\aszune-ai-bot\node_modules\jest-circus\build\run.js:281:40)
    at processTicksAndRejections (node:internal/process/task_queues:105:5)
    at _runTest (C:\Users\chris\aszune-ai\aszune-ai-bot\node_modules\jest-circus\build\run.js:246:5)
    at _runTestsForDescribeBlock (C:\Users\chris\aszune-ai\aszune-ai-bot\node_modules\jest-circus\build\run.js:126:9)
    at _runTestsForDescribeBlock (C:\Users\chris\aszune-ai\aszune-ai-bot\node_modules\jest-circus\build\run.js:121:9)
    at run (C:\Users\chris\aszune-ai\aszune-ai-bot\node_modules\jest-circus\build\run.js:71:3)
    at runAndTransformResultsToJestFormat (C:\Users\chris\aszune-ai\aszune-ai-bot\node_modules\jest-circus\build\legacy-code-todo-rewrite\jestAdapterInit.js:122:21)
    at jestAdapter (C:\Users\chris\aszune-ai\aszune-ai-bot\node_modules\jest-circus\build\legacy-code-todo-rewrite\jestAdapter.js:79:19)
    at runTestInternal (C:\Users\chris\aszune-ai\aszune-ai-bot\node_modules\jest-runner\build\runTest.js:367:16)
    at runTest (C:\Users\chris\aszune-ai\aszune-ai-bot\node_modules\jest-runner\build\runTest.js:444:34)
    at Object.worker (C:\Users\chris\aszune-ai\aszune-ai-bot\node_modules\jest-runner\build\testWorker.js:106:12)</failure>
    </testcase>
    <testcase classname="Bot Main Entry Point (index.js)" name="Bot Main Entry Point (index.js) should log in the client" time="0.084">
      <failure>Jest encountered an unexpected token

Jest failed to parse a file. This happens e.g. when your code or its dependencies use non-standard JavaScript syntax, or when Jest is not configured to support such syntax.

Out of the box Jest supports Babel, which will be used to transform your files into valid JS based on your Babel configuration.

By default &quot;node_modules&quot; folder is ignored by transformers.

Here&apos;s what you can do:
 • If you are trying to use ECMAScript Modules, see https://jestjs.io/docs/ecmascript-modules for how to enable it.
 • If you are trying to use TypeScript, see https://jestjs.io/docs/getting-started#using-typescript
 • To have some of your &quot;node_modules&quot; files transformed, you can specify a custom &quot;transformIgnorePatterns&quot; in your config.
 • If you need a custom transformation specify a &quot;transform&quot; option in your config.
 • If you simply want to mock your non-JS modules (e.g. binary assets) you can stub them out with the &quot;moduleNameMapper&quot; config option.

You&apos;ll find more details and examples of these config options in the docs:
https://jestjs.io/docs/configuration
For information about custom transformations, see:
https://jestjs.io/docs/code-transformation

Details:

SyntaxError: C:\Users\chris\aszune-ai\aszune-ai-bot\src\services\cache.js: Missing semicolon. (589:33)

  587 |    * @returns {number} - Similarity score between 0 and 1
  588 |    */
&gt; 589 |   calculateSimilarity(str1, str2) {
      |                                  ^
  590 |     try {
  591 |       // Quick equality check for exact match
  592 |       if (str1 === str2) return 1.0;
    at constructor (C:\Users\chris\aszune-ai\aszune-ai-bot\node_modules\@babel\parser\src\parse-error.ts:95:45)
    at Parser.toParseError [as raise] (C:\Users\chris\aszune-ai\aszune-ai-bot\node_modules\@babel\parser\src\tokenizer\index.ts:1497:19)
    at Parser.raise [as semicolon] (C:\Users\chris\aszune-ai\aszune-ai-bot\node_modules\@babel\parser\src\parser\util.ts:150:10)
    at Parser.semicolon [as parseExpressionStatement] (C:\Users\chris\aszune-ai\aszune-ai-bot\node_modules\@babel\parser\src\parser\statement.ts:1322:10)
    at Parser.parseExpressionStatement [as parseStatementContent] (C:\Users\chris\aszune-ai\aszune-ai-bot\node_modules\@babel\parser\src\parser\statement.ts:656:19)
    at Parser.parseStatementContent [as parseStatementLike] (C:\Users\chris\aszune-ai\aszune-ai-bot\node_modules\@babel\parser\src\parser\statement.ts:437:17)
    at Parser.parseStatementLike [as parseModuleItem] (C:\Users\chris\aszune-ai\aszune-ai-bot\node_modules\@babel\parser\src\parser\statement.ts:374:17)
    at Parser.parseModuleItem [as parseBlockOrModuleBlockBody] (C:\Users\chris\aszune-ai\aszune-ai-bot\node_modules\@babel\parser\src\parser\statement.ts:1402:16)
    at Parser.parseBlockOrModuleBlockBody [as parseBlockBody] (C:\Users\chris\aszune-ai\aszune-ai-bot\node_modules\@babel\parser\src\parser\statement.ts:1376:10)
    at Parser.parseBlockBody [as parseProgram] (C:\Users\chris\aszune-ai\aszune-ai-bot\node_modules\@babel\parser\src\parser\statement.ts:225:10)
    at Parser.parseProgram [as parseTopLevel] (C:\Users\chris\aszune-ai\aszune-ai-bot\node_modules\@babel\parser\src\parser\statement.ts:203:25)
    at Parser.parseTopLevel [as parse] (C:\Users\chris\aszune-ai\aszune-ai-bot\node_modules\@babel\parser\src\parser\index.ts:93:10)
    at parse (C:\Users\chris\aszune-ai\aszune-ai-bot\node_modules\@babel\parser\src\index.ts:92:38)
    at parser (C:\Users\chris\aszune-ai\aszune-ai-bot\node_modules\@babel\core\src\parser\index.ts:28:19)
    at parser.next (&lt;anonymous&gt;)
    at normalizeFile (C:\Users\chris\aszune-ai\aszune-ai-bot\node_modules\@babel\core\src\transformation\normalize-file.ts:49:24)
    at normalizeFile.next (&lt;anonymous&gt;)
    at run (C:\Users\chris\aszune-ai\aszune-ai-bot\node_modules\@babel\core\src\transformation\index.ts:40:36)
    at run.next (&lt;anonymous&gt;)
    at transform (C:\Users\chris\aszune-ai\aszune-ai-bot\node_modules\@babel\core\src\transform.ts:29:20)
    at transform.next (&lt;anonymous&gt;)
    at evaluateSync (C:\Users\chris\aszune-ai\aszune-ai-bot\node_modules\gensync\index.js:251:28)
    at sync (C:\Users\chris\aszune-ai\aszune-ai-bot\node_modules\gensync\index.js:89:14)
    at fn (C:\Users\chris\aszune-ai\aszune-ai-bot\node_modules\@babel\core\src\errors\rewrite-stack-trace.ts:99:14)
    at transformSync (C:\Users\chris\aszune-ai\aszune-ai-bot\node_modules\@babel\core\src\transform.ts:66:52)
    at Object.process (C:\Users\chris\aszune-ai\aszune-ai-bot\node_modules\babel-jest\build\index.js:273:57)
    at ScriptTransformer.transformSource (C:\Users\chris\aszune-ai\aszune-ai-bot\node_modules\@jest\transform\build\ScriptTransformer.js:545:31)
    at ScriptTransformer._transformAndBuildScript (C:\Users\chris\aszune-ai\aszune-ai-bot\node_modules\@jest\transform\build\ScriptTransformer.js:674:40)
    at ScriptTransformer.transform (C:\Users\chris\aszune-ai\aszune-ai-bot\node_modules\@jest\transform\build\ScriptTransformer.js:726:19)
    at Runtime.transformFile (C:\Users\chris\aszune-ai\aszune-ai-bot\node_modules\jest-runtime\build\index.js:1465:53)
    at Runtime._execModule (C:\Users\chris\aszune-ai\aszune-ai-bot\node_modules\jest-runtime\build\index.js:1397:34)
    at Runtime._loadModule (C:\Users\chris\aszune-ai\aszune-ai-bot\node_modules\jest-runtime\build\index.js:1022:12)
    at Runtime.requireModule (C:\Users\chris\aszune-ai\aszune-ai-bot\node_modules\jest-runtime\build\index.js:882:12)
    at Runtime.requireModuleOrMock (C:\Users\chris\aszune-ai\aszune-ai-bot\node_modules\jest-runtime\build\index.js:1048:21)
    at Object.require (C:\Users\chris\aszune-ai\aszune-ai-bot\src\index.js:13:22)
    at Runtime._execModule (C:\Users\chris\aszune-ai\aszune-ai-bot\node_modules\jest-runtime\build\index.js:1439:24)
    at Runtime._loadModule (C:\Users\chris\aszune-ai\aszune-ai-bot\node_modules\jest-runtime\build\index.js:1022:12)
    at Runtime.requireModule (C:\Users\chris\aszune-ai\aszune-ai-bot\node_modules\jest-runtime\build\index.js:882:12)
    at Runtime.requireModuleOrMock (C:\Users\chris\aszune-ai\aszune-ai-bot\node_modules\jest-runtime\build\index.js:1048:21)
    at Object.require (C:\Users\chris\aszune-ai\aszune-ai-bot\__tests__\unit\index.test.js:103:5)
    at Promise.then.completed (C:\Users\chris\aszune-ai\aszune-ai-bot\node_modules\jest-circus\build\utils.js:298:28)
    at new Promise (&lt;anonymous&gt;)
    at callAsyncCircusFn (C:\Users\chris\aszune-ai\aszune-ai-bot\node_modules\jest-circus\build\utils.js:231:10)
    at _callCircusHook (C:\Users\chris\aszune-ai\aszune-ai-bot\node_modules\jest-circus\build\run.js:281:40)
    at processTicksAndRejections (node:internal/process/task_queues:105:5)
    at _runTest (C:\Users\chris\aszune-ai\aszune-ai-bot\node_modules\jest-circus\build\run.js:246:5)
    at _runTestsForDescribeBlock (C:\Users\chris\aszune-ai\aszune-ai-bot\node_modules\jest-circus\build\run.js:126:9)
    at _runTestsForDescribeBlock (C:\Users\chris\aszune-ai\aszune-ai-bot\node_modules\jest-circus\build\run.js:121:9)
    at run (C:\Users\chris\aszune-ai\aszune-ai-bot\node_modules\jest-circus\build\run.js:71:3)
    at runAndTransformResultsToJestFormat (C:\Users\chris\aszune-ai\aszune-ai-bot\node_modules\jest-circus\build\legacy-code-todo-rewrite\jestAdapterInit.js:122:21)
    at jestAdapter (C:\Users\chris\aszune-ai\aszune-ai-bot\node_modules\jest-circus\build\legacy-code-todo-rewrite\jestAdapter.js:79:19)
    at runTestInternal (C:\Users\chris\aszune-ai\aszune-ai-bot\node_modules\jest-runner\build\runTest.js:367:16)
    at runTest (C:\Users\chris\aszune-ai\aszune-ai-bot\node_modules\jest-runner\build\runTest.js:444:34)
    at Object.worker (C:\Users\chris\aszune-ai\aszune-ai-bot\node_modules\jest-runner\build\testWorker.js:106:12)</failure>
    </testcase>
    <testcase classname="Bot Main Entry Point (index.js) Event Handlers" name="Bot Main Entry Point (index.js) Event Handlers should handle the &quot;ready&quot; event and register slash commands" time="0.05">
      <failure>Jest encountered an unexpected token

Jest failed to parse a file. This happens e.g. when your code or its dependencies use non-standard JavaScript syntax, or when Jest is not configured to support such syntax.

Out of the box Jest supports Babel, which will be used to transform your files into valid JS based on your Babel configuration.

By default &quot;node_modules&quot; folder is ignored by transformers.

Here&apos;s what you can do:
 • If you are trying to use ECMAScript Modules, see https://jestjs.io/docs/ecmascript-modules for how to enable it.
 • If you are trying to use TypeScript, see https://jestjs.io/docs/getting-started#using-typescript
 • To have some of your &quot;node_modules&quot; files transformed, you can specify a custom &quot;transformIgnorePatterns&quot; in your config.
 • If you need a custom transformation specify a &quot;transform&quot; option in your config.
 • If you simply want to mock your non-JS modules (e.g. binary assets) you can stub them out with the &quot;moduleNameMapper&quot; config option.

You&apos;ll find more details and examples of these config options in the docs:
https://jestjs.io/docs/configuration
For information about custom transformations, see:
https://jestjs.io/docs/code-transformation

Details:

SyntaxError: C:\Users\chris\aszune-ai\aszune-ai-bot\src\services\cache.js: Missing semicolon. (589:33)

  587 |    * @returns {number} - Similarity score between 0 and 1
  588 |    */
&gt; 589 |   calculateSimilarity(str1, str2) {
      |                                  ^
  590 |     try {
  591 |       // Quick equality check for exact match
  592 |       if (str1 === str2) return 1.0;
    at constructor (C:\Users\chris\aszune-ai\aszune-ai-bot\node_modules\@babel\parser\src\parse-error.ts:95:45)
    at Parser.toParseError [as raise] (C:\Users\chris\aszune-ai\aszune-ai-bot\node_modules\@babel\parser\src\tokenizer\index.ts:1497:19)
    at Parser.raise [as semicolon] (C:\Users\chris\aszune-ai\aszune-ai-bot\node_modules\@babel\parser\src\parser\util.ts:150:10)
    at Parser.semicolon [as parseExpressionStatement] (C:\Users\chris\aszune-ai\aszune-ai-bot\node_modules\@babel\parser\src\parser\statement.ts:1322:10)
    at Parser.parseExpressionStatement [as parseStatementContent] (C:\Users\chris\aszune-ai\aszune-ai-bot\node_modules\@babel\parser\src\parser\statement.ts:656:19)
    at Parser.parseStatementContent [as parseStatementLike] (C:\Users\chris\aszune-ai\aszune-ai-bot\node_modules\@babel\parser\src\parser\statement.ts:437:17)
    at Parser.parseStatementLike [as parseModuleItem] (C:\Users\chris\aszune-ai\aszune-ai-bot\node_modules\@babel\parser\src\parser\statement.ts:374:17)
    at Parser.parseModuleItem [as parseBlockOrModuleBlockBody] (C:\Users\chris\aszune-ai\aszune-ai-bot\node_modules\@babel\parser\src\parser\statement.ts:1402:16)
    at Parser.parseBlockOrModuleBlockBody [as parseBlockBody] (C:\Users\chris\aszune-ai\aszune-ai-bot\node_modules\@babel\parser\src\parser\statement.ts:1376:10)
    at Parser.parseBlockBody [as parseProgram] (C:\Users\chris\aszune-ai\aszune-ai-bot\node_modules\@babel\parser\src\parser\statement.ts:225:10)
    at Parser.parseProgram [as parseTopLevel] (C:\Users\chris\aszune-ai\aszune-ai-bot\node_modules\@babel\parser\src\parser\statement.ts:203:25)
    at Parser.parseTopLevel [as parse] (C:\Users\chris\aszune-ai\aszune-ai-bot\node_modules\@babel\parser\src\parser\index.ts:93:10)
    at parse (C:\Users\chris\aszune-ai\aszune-ai-bot\node_modules\@babel\parser\src\index.ts:92:38)
    at parser (C:\Users\chris\aszune-ai\aszune-ai-bot\node_modules\@babel\core\src\parser\index.ts:28:19)
    at parser.next (&lt;anonymous&gt;)
    at normalizeFile (C:\Users\chris\aszune-ai\aszune-ai-bot\node_modules\@babel\core\src\transformation\normalize-file.ts:49:24)
    at normalizeFile.next (&lt;anonymous&gt;)
    at run (C:\Users\chris\aszune-ai\aszune-ai-bot\node_modules\@babel\core\src\transformation\index.ts:40:36)
    at run.next (&lt;anonymous&gt;)
    at transform (C:\Users\chris\aszune-ai\aszune-ai-bot\node_modules\@babel\core\src\transform.ts:29:20)
    at transform.next (&lt;anonymous&gt;)
    at evaluateSync (C:\Users\chris\aszune-ai\aszune-ai-bot\node_modules\gensync\index.js:251:28)
    at sync (C:\Users\chris\aszune-ai\aszune-ai-bot\node_modules\gensync\index.js:89:14)
    at fn (C:\Users\chris\aszune-ai\aszune-ai-bot\node_modules\@babel\core\src\errors\rewrite-stack-trace.ts:99:14)
    at transformSync (C:\Users\chris\aszune-ai\aszune-ai-bot\node_modules\@babel\core\src\transform.ts:66:52)
    at Object.process (C:\Users\chris\aszune-ai\aszune-ai-bot\node_modules\babel-jest\build\index.js:273:57)
    at ScriptTransformer.transformSource (C:\Users\chris\aszune-ai\aszune-ai-bot\node_modules\@jest\transform\build\ScriptTransformer.js:545:31)
    at ScriptTransformer._transformAndBuildScript (C:\Users\chris\aszune-ai\aszune-ai-bot\node_modules\@jest\transform\build\ScriptTransformer.js:674:40)
    at ScriptTransformer.transform (C:\Users\chris\aszune-ai\aszune-ai-bot\node_modules\@jest\transform\build\ScriptTransformer.js:726:19)
    at Runtime.transformFile (C:\Users\chris\aszune-ai\aszune-ai-bot\node_modules\jest-runtime\build\index.js:1465:53)
    at Runtime._execModule (C:\Users\chris\aszune-ai\aszune-ai-bot\node_modules\jest-runtime\build\index.js:1397:34)
    at Runtime._loadModule (C:\Users\chris\aszune-ai\aszune-ai-bot\node_modules\jest-runtime\build\index.js:1022:12)
    at Runtime.requireModule (C:\Users\chris\aszune-ai\aszune-ai-bot\node_modules\jest-runtime\build\index.js:882:12)
    at Runtime.requireModuleOrMock (C:\Users\chris\aszune-ai\aszune-ai-bot\node_modules\jest-runtime\build\index.js:1048:21)
    at Object.require (C:\Users\chris\aszune-ai\aszune-ai-bot\src\index.js:13:22)
    at Runtime._execModule (C:\Users\chris\aszune-ai\aszune-ai-bot\node_modules\jest-runtime\build\index.js:1439:24)
    at Runtime._loadModule (C:\Users\chris\aszune-ai\aszune-ai-bot\node_modules\jest-runtime\build\index.js:1022:12)
    at Runtime.requireModule (C:\Users\chris\aszune-ai\aszune-ai-bot\node_modules\jest-runtime\build\index.js:882:12)
    at Runtime.requireModuleOrMock (C:\Users\chris\aszune-ai\aszune-ai-bot\node_modules\jest-runtime\build\index.js:1048:21)
    at Object.require (C:\Users\chris\aszune-ai\aszune-ai-bot\__tests__\unit\index.test.js:103:5)
    at Promise.then.completed (C:\Users\chris\aszune-ai\aszune-ai-bot\node_modules\jest-circus\build\utils.js:298:28)
    at new Promise (&lt;anonymous&gt;)
    at callAsyncCircusFn (C:\Users\chris\aszune-ai\aszune-ai-bot\node_modules\jest-circus\build\utils.js:231:10)
    at _callCircusHook (C:\Users\chris\aszune-ai\aszune-ai-bot\node_modules\jest-circus\build\run.js:281:40)
    at processTicksAndRejections (node:internal/process/task_queues:105:5)
    at _runTest (C:\Users\chris\aszune-ai\aszune-ai-bot\node_modules\jest-circus\build\run.js:246:5)
    at _runTestsForDescribeBlock (C:\Users\chris\aszune-ai\aszune-ai-bot\node_modules\jest-circus\build\run.js:126:9)
    at _runTestsForDescribeBlock (C:\Users\chris\aszune-ai\aszune-ai-bot\node_modules\jest-circus\build\run.js:121:9)
    at _runTestsForDescribeBlock (C:\Users\chris\aszune-ai\aszune-ai-bot\node_modules\jest-circus\build\run.js:121:9)
    at run (C:\Users\chris\aszune-ai\aszune-ai-bot\node_modules\jest-circus\build\run.js:71:3)
    at runAndTransformResultsToJestFormat (C:\Users\chris\aszune-ai\aszune-ai-bot\node_modules\jest-circus\build\legacy-code-todo-rewrite\jestAdapterInit.js:122:21)
    at jestAdapter (C:\Users\chris\aszune-ai\aszune-ai-bot\node_modules\jest-circus\build\legacy-code-todo-rewrite\jestAdapter.js:79:19)
    at runTestInternal (C:\Users\chris\aszune-ai\aszune-ai-bot\node_modules\jest-runner\build\runTest.js:367:16)
    at runTest (C:\Users\chris\aszune-ai\aszune-ai-bot\node_modules\jest-runner\build\runTest.js:444:34)
    at Object.worker (C:\Users\chris\aszune-ai\aszune-ai-bot\node_modules\jest-runner\build\testWorker.js:106:12)</failure>
    </testcase>
    <testcase classname="Bot Main Entry Point (index.js) Event Handlers" name="Bot Main Entry Point (index.js) Event Handlers should handle the &quot;messageCreate&quot; event" time="0.052">
      <failure>Jest encountered an unexpected token

Jest failed to parse a file. This happens e.g. when your code or its dependencies use non-standard JavaScript syntax, or when Jest is not configured to support such syntax.

Out of the box Jest supports Babel, which will be used to transform your files into valid JS based on your Babel configuration.

By default &quot;node_modules&quot; folder is ignored by transformers.

Here&apos;s what you can do:
 • If you are trying to use ECMAScript Modules, see https://jestjs.io/docs/ecmascript-modules for how to enable it.
 • If you are trying to use TypeScript, see https://jestjs.io/docs/getting-started#using-typescript
 • To have some of your &quot;node_modules&quot; files transformed, you can specify a custom &quot;transformIgnorePatterns&quot; in your config.
 • If you need a custom transformation specify a &quot;transform&quot; option in your config.
 • If you simply want to mock your non-JS modules (e.g. binary assets) you can stub them out with the &quot;moduleNameMapper&quot; config option.

You&apos;ll find more details and examples of these config options in the docs:
https://jestjs.io/docs/configuration
For information about custom transformations, see:
https://jestjs.io/docs/code-transformation

Details:

SyntaxError: C:\Users\chris\aszune-ai\aszune-ai-bot\src\services\cache.js: Missing semicolon. (589:33)

  587 |    * @returns {number} - Similarity score between 0 and 1
  588 |    */
&gt; 589 |   calculateSimilarity(str1, str2) {
      |                                  ^
  590 |     try {
  591 |       // Quick equality check for exact match
  592 |       if (str1 === str2) return 1.0;
    at constructor (C:\Users\chris\aszune-ai\aszune-ai-bot\node_modules\@babel\parser\src\parse-error.ts:95:45)
    at Parser.toParseError [as raise] (C:\Users\chris\aszune-ai\aszune-ai-bot\node_modules\@babel\parser\src\tokenizer\index.ts:1497:19)
    at Parser.raise [as semicolon] (C:\Users\chris\aszune-ai\aszune-ai-bot\node_modules\@babel\parser\src\parser\util.ts:150:10)
    at Parser.semicolon [as parseExpressionStatement] (C:\Users\chris\aszune-ai\aszune-ai-bot\node_modules\@babel\parser\src\parser\statement.ts:1322:10)
    at Parser.parseExpressionStatement [as parseStatementContent] (C:\Users\chris\aszune-ai\aszune-ai-bot\node_modules\@babel\parser\src\parser\statement.ts:656:19)
    at Parser.parseStatementContent [as parseStatementLike] (C:\Users\chris\aszune-ai\aszune-ai-bot\node_modules\@babel\parser\src\parser\statement.ts:437:17)
    at Parser.parseStatementLike [as parseModuleItem] (C:\Users\chris\aszune-ai\aszune-ai-bot\node_modules\@babel\parser\src\parser\statement.ts:374:17)
    at Parser.parseModuleItem [as parseBlockOrModuleBlockBody] (C:\Users\chris\aszune-ai\aszune-ai-bot\node_modules\@babel\parser\src\parser\statement.ts:1402:16)
    at Parser.parseBlockOrModuleBlockBody [as parseBlockBody] (C:\Users\chris\aszune-ai\aszune-ai-bot\node_modules\@babel\parser\src\parser\statement.ts:1376:10)
    at Parser.parseBlockBody [as parseProgram] (C:\Users\chris\aszune-ai\aszune-ai-bot\node_modules\@babel\parser\src\parser\statement.ts:225:10)
    at Parser.parseProgram [as parseTopLevel] (C:\Users\chris\aszune-ai\aszune-ai-bot\node_modules\@babel\parser\src\parser\statement.ts:203:25)
    at Parser.parseTopLevel [as parse] (C:\Users\chris\aszune-ai\aszune-ai-bot\node_modules\@babel\parser\src\parser\index.ts:93:10)
    at parse (C:\Users\chris\aszune-ai\aszune-ai-bot\node_modules\@babel\parser\src\index.ts:92:38)
    at parser (C:\Users\chris\aszune-ai\aszune-ai-bot\node_modules\@babel\core\src\parser\index.ts:28:19)
    at parser.next (&lt;anonymous&gt;)
    at normalizeFile (C:\Users\chris\aszune-ai\aszune-ai-bot\node_modules\@babel\core\src\transformation\normalize-file.ts:49:24)
    at normalizeFile.next (&lt;anonymous&gt;)
    at run (C:\Users\chris\aszune-ai\aszune-ai-bot\node_modules\@babel\core\src\transformation\index.ts:40:36)
    at run.next (&lt;anonymous&gt;)
    at transform (C:\Users\chris\aszune-ai\aszune-ai-bot\node_modules\@babel\core\src\transform.ts:29:20)
    at transform.next (&lt;anonymous&gt;)
    at evaluateSync (C:\Users\chris\aszune-ai\aszune-ai-bot\node_modules\gensync\index.js:251:28)
    at sync (C:\Users\chris\aszune-ai\aszune-ai-bot\node_modules\gensync\index.js:89:14)
    at fn (C:\Users\chris\aszune-ai\aszune-ai-bot\node_modules\@babel\core\src\errors\rewrite-stack-trace.ts:99:14)
    at transformSync (C:\Users\chris\aszune-ai\aszune-ai-bot\node_modules\@babel\core\src\transform.ts:66:52)
    at Object.process (C:\Users\chris\aszune-ai\aszune-ai-bot\node_modules\babel-jest\build\index.js:273:57)
    at ScriptTransformer.transformSource (C:\Users\chris\aszune-ai\aszune-ai-bot\node_modules\@jest\transform\build\ScriptTransformer.js:545:31)
    at ScriptTransformer._transformAndBuildScript (C:\Users\chris\aszune-ai\aszune-ai-bot\node_modules\@jest\transform\build\ScriptTransformer.js:674:40)
    at ScriptTransformer.transform (C:\Users\chris\aszune-ai\aszune-ai-bot\node_modules\@jest\transform\build\ScriptTransformer.js:726:19)
    at Runtime.transformFile (C:\Users\chris\aszune-ai\aszune-ai-bot\node_modules\jest-runtime\build\index.js:1465:53)
    at Runtime._execModule (C:\Users\chris\aszune-ai\aszune-ai-bot\node_modules\jest-runtime\build\index.js:1397:34)
    at Runtime._loadModule (C:\Users\chris\aszune-ai\aszune-ai-bot\node_modules\jest-runtime\build\index.js:1022:12)
    at Runtime.requireModule (C:\Users\chris\aszune-ai\aszune-ai-bot\node_modules\jest-runtime\build\index.js:882:12)
    at Runtime.requireModuleOrMock (C:\Users\chris\aszune-ai\aszune-ai-bot\node_modules\jest-runtime\build\index.js:1048:21)
    at Object.require (C:\Users\chris\aszune-ai\aszune-ai-bot\src\index.js:13:22)
    at Runtime._execModule (C:\Users\chris\aszune-ai\aszune-ai-bot\node_modules\jest-runtime\build\index.js:1439:24)
    at Runtime._loadModule (C:\Users\chris\aszune-ai\aszune-ai-bot\node_modules\jest-runtime\build\index.js:1022:12)
    at Runtime.requireModule (C:\Users\chris\aszune-ai\aszune-ai-bot\node_modules\jest-runtime\build\index.js:882:12)
    at Runtime.requireModuleOrMock (C:\Users\chris\aszune-ai\aszune-ai-bot\node_modules\jest-runtime\build\index.js:1048:21)
    at Object.require (C:\Users\chris\aszune-ai\aszune-ai-bot\__tests__\unit\index.test.js:103:5)
    at Promise.then.completed (C:\Users\chris\aszune-ai\aszune-ai-bot\node_modules\jest-circus\build\utils.js:298:28)
    at new Promise (&lt;anonymous&gt;)
    at callAsyncCircusFn (C:\Users\chris\aszune-ai\aszune-ai-bot\node_modules\jest-circus\build\utils.js:231:10)
    at _callCircusHook (C:\Users\chris\aszune-ai\aszune-ai-bot\node_modules\jest-circus\build\run.js:281:40)
    at processTicksAndRejections (node:internal/process/task_queues:105:5)
    at _runTest (C:\Users\chris\aszune-ai\aszune-ai-bot\node_modules\jest-circus\build\run.js:246:5)
    at _runTestsForDescribeBlock (C:\Users\chris\aszune-ai\aszune-ai-bot\node_modules\jest-circus\build\run.js:126:9)
    at _runTestsForDescribeBlock (C:\Users\chris\aszune-ai\aszune-ai-bot\node_modules\jest-circus\build\run.js:121:9)
    at _runTestsForDescribeBlock (C:\Users\chris\aszune-ai\aszune-ai-bot\node_modules\jest-circus\build\run.js:121:9)
    at run (C:\Users\chris\aszune-ai\aszune-ai-bot\node_modules\jest-circus\build\run.js:71:3)
    at runAndTransformResultsToJestFormat (C:\Users\chris\aszune-ai\aszune-ai-bot\node_modules\jest-circus\build\legacy-code-todo-rewrite\jestAdapterInit.js:122:21)
    at jestAdapter (C:\Users\chris\aszune-ai\aszune-ai-bot\node_modules\jest-circus\build\legacy-code-todo-rewrite\jestAdapter.js:79:19)
    at runTestInternal (C:\Users\chris\aszune-ai\aszune-ai-bot\node_modules\jest-runner\build\runTest.js:367:16)
    at runTest (C:\Users\chris\aszune-ai\aszune-ai-bot\node_modules\jest-runner\build\runTest.js:444:34)
    at Object.worker (C:\Users\chris\aszune-ai\aszune-ai-bot\node_modules\jest-runner\build\testWorker.js:106:12)</failure>
    </testcase>
    <testcase classname="Bot Main Entry Point (index.js) Event Handlers" name="Bot Main Entry Point (index.js) Event Handlers should handle the &quot;interactionCreate&quot; event for a slash command" time="0.064">
      <failure>Jest encountered an unexpected token

Jest failed to parse a file. This happens e.g. when your code or its dependencies use non-standard JavaScript syntax, or when Jest is not configured to support such syntax.

Out of the box Jest supports Babel, which will be used to transform your files into valid JS based on your Babel configuration.

By default &quot;node_modules&quot; folder is ignored by transformers.

Here&apos;s what you can do:
 • If you are trying to use ECMAScript Modules, see https://jestjs.io/docs/ecmascript-modules for how to enable it.
 • If you are trying to use TypeScript, see https://jestjs.io/docs/getting-started#using-typescript
 • To have some of your &quot;node_modules&quot; files transformed, you can specify a custom &quot;transformIgnorePatterns&quot; in your config.
 • If you need a custom transformation specify a &quot;transform&quot; option in your config.
 • If you simply want to mock your non-JS modules (e.g. binary assets) you can stub them out with the &quot;moduleNameMapper&quot; config option.

You&apos;ll find more details and examples of these config options in the docs:
https://jestjs.io/docs/configuration
For information about custom transformations, see:
https://jestjs.io/docs/code-transformation

Details:

SyntaxError: C:\Users\chris\aszune-ai\aszune-ai-bot\src\services\cache.js: Missing semicolon. (589:33)

  587 |    * @returns {number} - Similarity score between 0 and 1
  588 |    */
&gt; 589 |   calculateSimilarity(str1, str2) {
      |                                  ^
  590 |     try {
  591 |       // Quick equality check for exact match
  592 |       if (str1 === str2) return 1.0;
    at constructor (C:\Users\chris\aszune-ai\aszune-ai-bot\node_modules\@babel\parser\src\parse-error.ts:95:45)
    at Parser.toParseError [as raise] (C:\Users\chris\aszune-ai\aszune-ai-bot\node_modules\@babel\parser\src\tokenizer\index.ts:1497:19)
    at Parser.raise [as semicolon] (C:\Users\chris\aszune-ai\aszune-ai-bot\node_modules\@babel\parser\src\parser\util.ts:150:10)
    at Parser.semicolon [as parseExpressionStatement] (C:\Users\chris\aszune-ai\aszune-ai-bot\node_modules\@babel\parser\src\parser\statement.ts:1322:10)
    at Parser.parseExpressionStatement [as parseStatementContent] (C:\Users\chris\aszune-ai\aszune-ai-bot\node_modules\@babel\parser\src\parser\statement.ts:656:19)
    at Parser.parseStatementContent [as parseStatementLike] (C:\Users\chris\aszune-ai\aszune-ai-bot\node_modules\@babel\parser\src\parser\statement.ts:437:17)
    at Parser.parseStatementLike [as parseModuleItem] (C:\Users\chris\aszune-ai\aszune-ai-bot\node_modules\@babel\parser\src\parser\statement.ts:374:17)
    at Parser.parseModuleItem [as parseBlockOrModuleBlockBody] (C:\Users\chris\aszune-ai\aszune-ai-bot\node_modules\@babel\parser\src\parser\statement.ts:1402:16)
    at Parser.parseBlockOrModuleBlockBody [as parseBlockBody] (C:\Users\chris\aszune-ai\aszune-ai-bot\node_modules\@babel\parser\src\parser\statement.ts:1376:10)
    at Parser.parseBlockBody [as parseProgram] (C:\Users\chris\aszune-ai\aszune-ai-bot\node_modules\@babel\parser\src\parser\statement.ts:225:10)
    at Parser.parseProgram [as parseTopLevel] (C:\Users\chris\aszune-ai\aszune-ai-bot\node_modules\@babel\parser\src\parser\statement.ts:203:25)
    at Parser.parseTopLevel [as parse] (C:\Users\chris\aszune-ai\aszune-ai-bot\node_modules\@babel\parser\src\parser\index.ts:93:10)
    at parse (C:\Users\chris\aszune-ai\aszune-ai-bot\node_modules\@babel\parser\src\index.ts:92:38)
    at parser (C:\Users\chris\aszune-ai\aszune-ai-bot\node_modules\@babel\core\src\parser\index.ts:28:19)
    at parser.next (&lt;anonymous&gt;)
    at normalizeFile (C:\Users\chris\aszune-ai\aszune-ai-bot\node_modules\@babel\core\src\transformation\normalize-file.ts:49:24)
    at normalizeFile.next (&lt;anonymous&gt;)
    at run (C:\Users\chris\aszune-ai\aszune-ai-bot\node_modules\@babel\core\src\transformation\index.ts:40:36)
    at run.next (&lt;anonymous&gt;)
    at transform (C:\Users\chris\aszune-ai\aszune-ai-bot\node_modules\@babel\core\src\transform.ts:29:20)
    at transform.next (&lt;anonymous&gt;)
    at evaluateSync (C:\Users\chris\aszune-ai\aszune-ai-bot\node_modules\gensync\index.js:251:28)
    at sync (C:\Users\chris\aszune-ai\aszune-ai-bot\node_modules\gensync\index.js:89:14)
    at fn (C:\Users\chris\aszune-ai\aszune-ai-bot\node_modules\@babel\core\src\errors\rewrite-stack-trace.ts:99:14)
    at transformSync (C:\Users\chris\aszune-ai\aszune-ai-bot\node_modules\@babel\core\src\transform.ts:66:52)
    at Object.process (C:\Users\chris\aszune-ai\aszune-ai-bot\node_modules\babel-jest\build\index.js:273:57)
    at ScriptTransformer.transformSource (C:\Users\chris\aszune-ai\aszune-ai-bot\node_modules\@jest\transform\build\ScriptTransformer.js:545:31)
    at ScriptTransformer._transformAndBuildScript (C:\Users\chris\aszune-ai\aszune-ai-bot\node_modules\@jest\transform\build\ScriptTransformer.js:674:40)
    at ScriptTransformer.transform (C:\Users\chris\aszune-ai\aszune-ai-bot\node_modules\@jest\transform\build\ScriptTransformer.js:726:19)
    at Runtime.transformFile (C:\Users\chris\aszune-ai\aszune-ai-bot\node_modules\jest-runtime\build\index.js:1465:53)
    at Runtime._execModule (C:\Users\chris\aszune-ai\aszune-ai-bot\node_modules\jest-runtime\build\index.js:1397:34)
    at Runtime._loadModule (C:\Users\chris\aszune-ai\aszune-ai-bot\node_modules\jest-runtime\build\index.js:1022:12)
    at Runtime.requireModule (C:\Users\chris\aszune-ai\aszune-ai-bot\node_modules\jest-runtime\build\index.js:882:12)
    at Runtime.requireModuleOrMock (C:\Users\chris\aszune-ai\aszune-ai-bot\node_modules\jest-runtime\build\index.js:1048:21)
    at Object.require (C:\Users\chris\aszune-ai\aszune-ai-bot\src\index.js:13:22)
    at Runtime._execModule (C:\Users\chris\aszune-ai\aszune-ai-bot\node_modules\jest-runtime\build\index.js:1439:24)
    at Runtime._loadModule (C:\Users\chris\aszune-ai\aszune-ai-bot\node_modules\jest-runtime\build\index.js:1022:12)
    at Runtime.requireModule (C:\Users\chris\aszune-ai\aszune-ai-bot\node_modules\jest-runtime\build\index.js:882:12)
    at Runtime.requireModuleOrMock (C:\Users\chris\aszune-ai\aszune-ai-bot\node_modules\jest-runtime\build\index.js:1048:21)
    at Object.require (C:\Users\chris\aszune-ai\aszune-ai-bot\__tests__\unit\index.test.js:103:5)
    at Promise.then.completed (C:\Users\chris\aszune-ai\aszune-ai-bot\node_modules\jest-circus\build\utils.js:298:28)
    at new Promise (&lt;anonymous&gt;)
    at callAsyncCircusFn (C:\Users\chris\aszune-ai\aszune-ai-bot\node_modules\jest-circus\build\utils.js:231:10)
    at _callCircusHook (C:\Users\chris\aszune-ai\aszune-ai-bot\node_modules\jest-circus\build\run.js:281:40)
    at processTicksAndRejections (node:internal/process/task_queues:105:5)
    at _runTest (C:\Users\chris\aszune-ai\aszune-ai-bot\node_modules\jest-circus\build\run.js:246:5)
    at _runTestsForDescribeBlock (C:\Users\chris\aszune-ai\aszune-ai-bot\node_modules\jest-circus\build\run.js:126:9)
    at _runTestsForDescribeBlock (C:\Users\chris\aszune-ai\aszune-ai-bot\node_modules\jest-circus\build\run.js:121:9)
    at _runTestsForDescribeBlock (C:\Users\chris\aszune-ai\aszune-ai-bot\node_modules\jest-circus\build\run.js:121:9)
    at run (C:\Users\chris\aszune-ai\aszune-ai-bot\node_modules\jest-circus\build\run.js:71:3)
    at runAndTransformResultsToJestFormat (C:\Users\chris\aszune-ai\aszune-ai-bot\node_modules\jest-circus\build\legacy-code-todo-rewrite\jestAdapterInit.js:122:21)
    at jestAdapter (C:\Users\chris\aszune-ai\aszune-ai-bot\node_modules\jest-circus\build\legacy-code-todo-rewrite\jestAdapter.js:79:19)
    at runTestInternal (C:\Users\chris\aszune-ai\aszune-ai-bot\node_modules\jest-runner\build\runTest.js:367:16)
    at runTest (C:\Users\chris\aszune-ai\aszune-ai-bot\node_modules\jest-runner\build\runTest.js:444:34)
    at Object.worker (C:\Users\chris\aszune-ai\aszune-ai-bot\node_modules\jest-runner\build\testWorker.js:106:12)</failure>
    </testcase>
    <testcase classname="Bot Main Entry Point (index.js) Event Handlers" name="Bot Main Entry Point (index.js) Event Handlers should ignore non-slash command interactions" time="0.048">
      <failure>Jest encountered an unexpected token

Jest failed to parse a file. This happens e.g. when your code or its dependencies use non-standard JavaScript syntax, or when Jest is not configured to support such syntax.

Out of the box Jest supports Babel, which will be used to transform your files into valid JS based on your Babel configuration.

By default &quot;node_modules&quot; folder is ignored by transformers.

Here&apos;s what you can do:
 • If you are trying to use ECMAScript Modules, see https://jestjs.io/docs/ecmascript-modules for how to enable it.
 • If you are trying to use TypeScript, see https://jestjs.io/docs/getting-started#using-typescript
 • To have some of your &quot;node_modules&quot; files transformed, you can specify a custom &quot;transformIgnorePatterns&quot; in your config.
 • If you need a custom transformation specify a &quot;transform&quot; option in your config.
 • If you simply want to mock your non-JS modules (e.g. binary assets) you can stub them out with the &quot;moduleNameMapper&quot; config option.

You&apos;ll find more details and examples of these config options in the docs:
https://jestjs.io/docs/configuration
For information about custom transformations, see:
https://jestjs.io/docs/code-transformation

Details:

SyntaxError: C:\Users\chris\aszune-ai\aszune-ai-bot\src\services\cache.js: Missing semicolon. (589:33)

  587 |    * @returns {number} - Similarity score between 0 and 1
  588 |    */
&gt; 589 |   calculateSimilarity(str1, str2) {
      |                                  ^
  590 |     try {
  591 |       // Quick equality check for exact match
  592 |       if (str1 === str2) return 1.0;
    at constructor (C:\Users\chris\aszune-ai\aszune-ai-bot\node_modules\@babel\parser\src\parse-error.ts:95:45)
    at Parser.toParseError [as raise] (C:\Users\chris\aszune-ai\aszune-ai-bot\node_modules\@babel\parser\src\tokenizer\index.ts:1497:19)
    at Parser.raise [as semicolon] (C:\Users\chris\aszune-ai\aszune-ai-bot\node_modules\@babel\parser\src\parser\util.ts:150:10)
    at Parser.semicolon [as parseExpressionStatement] (C:\Users\chris\aszune-ai\aszune-ai-bot\node_modules\@babel\parser\src\parser\statement.ts:1322:10)
    at Parser.parseExpressionStatement [as parseStatementContent] (C:\Users\chris\aszune-ai\aszune-ai-bot\node_modules\@babel\parser\src\parser\statement.ts:656:19)
    at Parser.parseStatementContent [as parseStatementLike] (C:\Users\chris\aszune-ai\aszune-ai-bot\node_modules\@babel\parser\src\parser\statement.ts:437:17)
    at Parser.parseStatementLike [as parseModuleItem] (C:\Users\chris\aszune-ai\aszune-ai-bot\node_modules\@babel\parser\src\parser\statement.ts:374:17)
    at Parser.parseModuleItem [as parseBlockOrModuleBlockBody] (C:\Users\chris\aszune-ai\aszune-ai-bot\node_modules\@babel\parser\src\parser\statement.ts:1402:16)
    at Parser.parseBlockOrModuleBlockBody [as parseBlockBody] (C:\Users\chris\aszune-ai\aszune-ai-bot\node_modules\@babel\parser\src\parser\statement.ts:1376:10)
    at Parser.parseBlockBody [as parseProgram] (C:\Users\chris\aszune-ai\aszune-ai-bot\node_modules\@babel\parser\src\parser\statement.ts:225:10)
    at Parser.parseProgram [as parseTopLevel] (C:\Users\chris\aszune-ai\aszune-ai-bot\node_modules\@babel\parser\src\parser\statement.ts:203:25)
    at Parser.parseTopLevel [as parse] (C:\Users\chris\aszune-ai\aszune-ai-bot\node_modules\@babel\parser\src\parser\index.ts:93:10)
    at parse (C:\Users\chris\aszune-ai\aszune-ai-bot\node_modules\@babel\parser\src\index.ts:92:38)
    at parser (C:\Users\chris\aszune-ai\aszune-ai-bot\node_modules\@babel\core\src\parser\index.ts:28:19)
    at parser.next (&lt;anonymous&gt;)
    at normalizeFile (C:\Users\chris\aszune-ai\aszune-ai-bot\node_modules\@babel\core\src\transformation\normalize-file.ts:49:24)
    at normalizeFile.next (&lt;anonymous&gt;)
    at run (C:\Users\chris\aszune-ai\aszune-ai-bot\node_modules\@babel\core\src\transformation\index.ts:40:36)
    at run.next (&lt;anonymous&gt;)
    at transform (C:\Users\chris\aszune-ai\aszune-ai-bot\node_modules\@babel\core\src\transform.ts:29:20)
    at transform.next (&lt;anonymous&gt;)
    at evaluateSync (C:\Users\chris\aszune-ai\aszune-ai-bot\node_modules\gensync\index.js:251:28)
    at sync (C:\Users\chris\aszune-ai\aszune-ai-bot\node_modules\gensync\index.js:89:14)
    at fn (C:\Users\chris\aszune-ai\aszune-ai-bot\node_modules\@babel\core\src\errors\rewrite-stack-trace.ts:99:14)
    at transformSync (C:\Users\chris\aszune-ai\aszune-ai-bot\node_modules\@babel\core\src\transform.ts:66:52)
    at Object.process (C:\Users\chris\aszune-ai\aszune-ai-bot\node_modules\babel-jest\build\index.js:273:57)
    at ScriptTransformer.transformSource (C:\Users\chris\aszune-ai\aszune-ai-bot\node_modules\@jest\transform\build\ScriptTransformer.js:545:31)
    at ScriptTransformer._transformAndBuildScript (C:\Users\chris\aszune-ai\aszune-ai-bot\node_modules\@jest\transform\build\ScriptTransformer.js:674:40)
    at ScriptTransformer.transform (C:\Users\chris\aszune-ai\aszune-ai-bot\node_modules\@jest\transform\build\ScriptTransformer.js:726:19)
    at Runtime.transformFile (C:\Users\chris\aszune-ai\aszune-ai-bot\node_modules\jest-runtime\build\index.js:1465:53)
    at Runtime._execModule (C:\Users\chris\aszune-ai\aszune-ai-bot\node_modules\jest-runtime\build\index.js:1397:34)
    at Runtime._loadModule (C:\Users\chris\aszune-ai\aszune-ai-bot\node_modules\jest-runtime\build\index.js:1022:12)
    at Runtime.requireModule (C:\Users\chris\aszune-ai\aszune-ai-bot\node_modules\jest-runtime\build\index.js:882:12)
    at Runtime.requireModuleOrMock (C:\Users\chris\aszune-ai\aszune-ai-bot\node_modules\jest-runtime\build\index.js:1048:21)
    at Object.require (C:\Users\chris\aszune-ai\aszune-ai-bot\src\index.js:13:22)
    at Runtime._execModule (C:\Users\chris\aszune-ai\aszune-ai-bot\node_modules\jest-runtime\build\index.js:1439:24)
    at Runtime._loadModule (C:\Users\chris\aszune-ai\aszune-ai-bot\node_modules\jest-runtime\build\index.js:1022:12)
    at Runtime.requireModule (C:\Users\chris\aszune-ai\aszune-ai-bot\node_modules\jest-runtime\build\index.js:882:12)
    at Runtime.requireModuleOrMock (C:\Users\chris\aszune-ai\aszune-ai-bot\node_modules\jest-runtime\build\index.js:1048:21)
    at Object.require (C:\Users\chris\aszune-ai\aszune-ai-bot\__tests__\unit\index.test.js:103:5)
    at Promise.then.completed (C:\Users\chris\aszune-ai\aszune-ai-bot\node_modules\jest-circus\build\utils.js:298:28)
    at new Promise (&lt;anonymous&gt;)
    at callAsyncCircusFn (C:\Users\chris\aszune-ai\aszune-ai-bot\node_modules\jest-circus\build\utils.js:231:10)
    at _callCircusHook (C:\Users\chris\aszune-ai\aszune-ai-bot\node_modules\jest-circus\build\run.js:281:40)
    at processTicksAndRejections (node:internal/process/task_queues:105:5)
    at _runTest (C:\Users\chris\aszune-ai\aszune-ai-bot\node_modules\jest-circus\build\run.js:246:5)
    at _runTestsForDescribeBlock (C:\Users\chris\aszune-ai\aszune-ai-bot\node_modules\jest-circus\build\run.js:126:9)
    at _runTestsForDescribeBlock (C:\Users\chris\aszune-ai\aszune-ai-bot\node_modules\jest-circus\build\run.js:121:9)
    at _runTestsForDescribeBlock (C:\Users\chris\aszune-ai\aszune-ai-bot\node_modules\jest-circus\build\run.js:121:9)
    at run (C:\Users\chris\aszune-ai\aszune-ai-bot\node_modules\jest-circus\build\run.js:71:3)
    at runAndTransformResultsToJestFormat (C:\Users\chris\aszune-ai\aszune-ai-bot\node_modules\jest-circus\build\legacy-code-todo-rewrite\jestAdapterInit.js:122:21)
    at jestAdapter (C:\Users\chris\aszune-ai\aszune-ai-bot\node_modules\jest-circus\build\legacy-code-todo-rewrite\jestAdapter.js:79:19)
    at runTestInternal (C:\Users\chris\aszune-ai\aszune-ai-bot\node_modules\jest-runner\build\runTest.js:367:16)
    at runTest (C:\Users\chris\aszune-ai\aszune-ai-bot\node_modules\jest-runner\build\runTest.js:444:34)
    at Object.worker (C:\Users\chris\aszune-ai\aszune-ai-bot\node_modules\jest-runner\build\testWorker.js:106:12)</failure>
    </testcase>
    <testcase classname="Bot Main Entry Point (index.js) Event Handlers" name="Bot Main Entry Point (index.js) Event Handlers should handle the &quot;error&quot; event" time="0.032">
      <failure>Jest encountered an unexpected token

Jest failed to parse a file. This happens e.g. when your code or its dependencies use non-standard JavaScript syntax, or when Jest is not configured to support such syntax.

Out of the box Jest supports Babel, which will be used to transform your files into valid JS based on your Babel configuration.

By default &quot;node_modules&quot; folder is ignored by transformers.

Here&apos;s what you can do:
 • If you are trying to use ECMAScript Modules, see https://jestjs.io/docs/ecmascript-modules for how to enable it.
 • If you are trying to use TypeScript, see https://jestjs.io/docs/getting-started#using-typescript
 • To have some of your &quot;node_modules&quot; files transformed, you can specify a custom &quot;transformIgnorePatterns&quot; in your config.
 • If you need a custom transformation specify a &quot;transform&quot; option in your config.
 • If you simply want to mock your non-JS modules (e.g. binary assets) you can stub them out with the &quot;moduleNameMapper&quot; config option.

You&apos;ll find more details and examples of these config options in the docs:
https://jestjs.io/docs/configuration
For information about custom transformations, see:
https://jestjs.io/docs/code-transformation

Details:

SyntaxError: C:\Users\chris\aszune-ai\aszune-ai-bot\src\services\cache.js: Missing semicolon. (589:33)

  587 |    * @returns {number} - Similarity score between 0 and 1
  588 |    */
&gt; 589 |   calculateSimilarity(str1, str2) {
      |                                  ^
  590 |     try {
  591 |       // Quick equality check for exact match
  592 |       if (str1 === str2) return 1.0;
    at constructor (C:\Users\chris\aszune-ai\aszune-ai-bot\node_modules\@babel\parser\src\parse-error.ts:95:45)
    at Parser.toParseError [as raise] (C:\Users\chris\aszune-ai\aszune-ai-bot\node_modules\@babel\parser\src\tokenizer\index.ts:1497:19)
    at Parser.raise [as semicolon] (C:\Users\chris\aszune-ai\aszune-ai-bot\node_modules\@babel\parser\src\parser\util.ts:150:10)
    at Parser.semicolon [as parseExpressionStatement] (C:\Users\chris\aszune-ai\aszune-ai-bot\node_modules\@babel\parser\src\parser\statement.ts:1322:10)
    at Parser.parseExpressionStatement [as parseStatementContent] (C:\Users\chris\aszune-ai\aszune-ai-bot\node_modules\@babel\parser\src\parser\statement.ts:656:19)
    at Parser.parseStatementContent [as parseStatementLike] (C:\Users\chris\aszune-ai\aszune-ai-bot\node_modules\@babel\parser\src\parser\statement.ts:437:17)
    at Parser.parseStatementLike [as parseModuleItem] (C:\Users\chris\aszune-ai\aszune-ai-bot\node_modules\@babel\parser\src\parser\statement.ts:374:17)
    at Parser.parseModuleItem [as parseBlockOrModuleBlockBody] (C:\Users\chris\aszune-ai\aszune-ai-bot\node_modules\@babel\parser\src\parser\statement.ts:1402:16)
    at Parser.parseBlockOrModuleBlockBody [as parseBlockBody] (C:\Users\chris\aszune-ai\aszune-ai-bot\node_modules\@babel\parser\src\parser\statement.ts:1376:10)
    at Parser.parseBlockBody [as parseProgram] (C:\Users\chris\aszune-ai\aszune-ai-bot\node_modules\@babel\parser\src\parser\statement.ts:225:10)
    at Parser.parseProgram [as parseTopLevel] (C:\Users\chris\aszune-ai\aszune-ai-bot\node_modules\@babel\parser\src\parser\statement.ts:203:25)
    at Parser.parseTopLevel [as parse] (C:\Users\chris\aszune-ai\aszune-ai-bot\node_modules\@babel\parser\src\parser\index.ts:93:10)
    at parse (C:\Users\chris\aszune-ai\aszune-ai-bot\node_modules\@babel\parser\src\index.ts:92:38)
    at parser (C:\Users\chris\aszune-ai\aszune-ai-bot\node_modules\@babel\core\src\parser\index.ts:28:19)
    at parser.next (&lt;anonymous&gt;)
    at normalizeFile (C:\Users\chris\aszune-ai\aszune-ai-bot\node_modules\@babel\core\src\transformation\normalize-file.ts:49:24)
    at normalizeFile.next (&lt;anonymous&gt;)
    at run (C:\Users\chris\aszune-ai\aszune-ai-bot\node_modules\@babel\core\src\transformation\index.ts:40:36)
    at run.next (&lt;anonymous&gt;)
    at transform (C:\Users\chris\aszune-ai\aszune-ai-bot\node_modules\@babel\core\src\transform.ts:29:20)
    at transform.next (&lt;anonymous&gt;)
    at evaluateSync (C:\Users\chris\aszune-ai\aszune-ai-bot\node_modules\gensync\index.js:251:28)
    at sync (C:\Users\chris\aszune-ai\aszune-ai-bot\node_modules\gensync\index.js:89:14)
    at fn (C:\Users\chris\aszune-ai\aszune-ai-bot\node_modules\@babel\core\src\errors\rewrite-stack-trace.ts:99:14)
    at transformSync (C:\Users\chris\aszune-ai\aszune-ai-bot\node_modules\@babel\core\src\transform.ts:66:52)
    at Object.process (C:\Users\chris\aszune-ai\aszune-ai-bot\node_modules\babel-jest\build\index.js:273:57)
    at ScriptTransformer.transformSource (C:\Users\chris\aszune-ai\aszune-ai-bot\node_modules\@jest\transform\build\ScriptTransformer.js:545:31)
    at ScriptTransformer._transformAndBuildScript (C:\Users\chris\aszune-ai\aszune-ai-bot\node_modules\@jest\transform\build\ScriptTransformer.js:674:40)
    at ScriptTransformer.transform (C:\Users\chris\aszune-ai\aszune-ai-bot\node_modules\@jest\transform\build\ScriptTransformer.js:726:19)
    at Runtime.transformFile (C:\Users\chris\aszune-ai\aszune-ai-bot\node_modules\jest-runtime\build\index.js:1465:53)
    at Runtime._execModule (C:\Users\chris\aszune-ai\aszune-ai-bot\node_modules\jest-runtime\build\index.js:1397:34)
    at Runtime._loadModule (C:\Users\chris\aszune-ai\aszune-ai-bot\node_modules\jest-runtime\build\index.js:1022:12)
    at Runtime.requireModule (C:\Users\chris\aszune-ai\aszune-ai-bot\node_modules\jest-runtime\build\index.js:882:12)
[...]
    at Runtime._execModule (C:\Users\chris\aszune-ai\aszune-ai-bot\node_modules\jest-runtime\build\index.js:1439:24)
    at Runtime._loadModule (C:\Users\chris\aszune-ai\aszune-ai-bot\node_modules\jest-runtime\build\index.js:1022:12)
    at Runtime.requireModule (C:\Users\chris\aszune-ai\aszune-ai-bot\node_modules\jest-runtime\build\index.js:882:12)
    at Runtime.requireModuleOrMock (C:\Users\chris\aszune-ai\aszune-ai-bot\node_modules\jest-runtime\build\index.js:1048:21)
    at Object.require (C:\Users\chris\aszune-ai\aszune-ai-bot\src\index.js:9:31)
    at Runtime._execModule (C:\Users\chris\aszune-ai\aszune-ai-bot\node_modules\jest-runtime\build\index.js:1439:24)
    at Runtime._loadModule (C:\Users\chris\aszune-ai\aszune-ai-bot\node_modules\jest-runtime\build\index.js:1022:12)
    at Runtime.requireModule (C:\Users\chris\aszune-ai\aszune-ai-bot\node_modules\jest-runtime\build\index.js:882:12)
    at Runtime.requireModuleOrMock (C:\Users\chris\aszune-ai\aszune-ai-bot\node_modules\jest-runtime\build\index.js:1048:21)
    at Object.require (C:\Users\chris\aszune-ai\aszune-ai-bot\__tests__\integration\bot.test.js:76:9)
    at Promise.then.completed (C:\Users\chris\aszune-ai\aszune-ai-bot\node_modules\jest-circus\build\utils.js:298:28)
    at new Promise (&lt;anonymous&gt;)
    at callAsyncCircusFn (C:\Users\chris\aszune-ai\aszune-ai-bot\node_modules\jest-circus\build\utils.js:231:10)
    at _callCircusHook (C:\Users\chris\aszune-ai\aszune-ai-bot\node_modules\jest-circus\build\run.js:281:40)
    at _runTest (C:\Users\chris\aszune-ai\aszune-ai-bot\node_modules\jest-circus\build\run.js:246:5)
    at _runTestsForDescribeBlock (C:\Users\chris\aszune-ai\aszune-ai-bot\node_modules\jest-circus\build\run.js:126:9)
    at _runTestsForDescribeBlock (C:\Users\chris\aszune-ai\aszune-ai-bot\node_modules\jest-circus\build\run.js:121:9)
    at run (C:\Users\chris\aszune-ai\aszune-ai-bot\node_modules\jest-circus\build\run.js:71:3)
    at runAndTransformResultsToJestFormat (C:\Users\chris\aszune-ai\aszune-ai-bot\node_modules\jest-circus\build\legacy-code-todo-rewrite\jestAdapterInit.js:122:21)
    at jestAdapter (C:\Users\chris\aszune-ai\aszune-ai-bot\node_modules\jest-circus\build\legacy-code-todo-rewrite\jestAdapter.js:79:19)
    at runTestInternal (C:\Users\chris\aszune-ai\aszune-ai-bot\node_modules\jest-runner\build\runTest.js:367:16)
    at runTest (C:\Users\chris\aszune-ai\aszune-ai-bot\node_modules\jest-runner\build\runTest.js:444:34)
    at Object.worker (C:\Users\chris\aszune-ai\aszune-ai-bot\node_modules\jest-runner\build\testWorker.js:106:12)</failure>
    </testcase>
    <testcase classname="Bot integration" name="Bot integration rate limits user messages" time="0.238">
      <failure>TypeError: CacheService is not a constructor
    at Object.&lt;anonymous&gt; (C:\Users\chris\aszune-ai\aszune-ai-bot\src\services\chat.js:13:22)
    at Runtime._execModule (C:\Users\chris\aszune-ai\aszune-ai-bot\node_modules\jest-runtime\build\index.js:1439:24)
    at Runtime._loadModule (C:\Users\chris\aszune-ai\aszune-ai-bot\node_modules\jest-runtime\build\index.js:1022:12)
    at Runtime.requireModule (C:\Users\chris\aszune-ai\aszune-ai-bot\node_modules\jest-runtime\build\index.js:882:12)
    at Runtime.requireModuleOrMock (C:\Users\chris\aszune-ai\aszune-ai-bot\node_modules\jest-runtime\build\index.js:1048:21)
    at Object.require (C:\Users\chris\aszune-ai\aszune-ai-bot\src\index.js:9:31)
    at Runtime._execModule (C:\Users\chris\aszune-ai\aszune-ai-bot\node_modules\jest-runtime\build\index.js:1439:24)
    at Runtime._loadModule (C:\Users\chris\aszune-ai\aszune-ai-bot\node_modules\jest-runtime\build\index.js:1022:12)
    at Runtime.requireModule (C:\Users\chris\aszune-ai\aszune-ai-bot\node_modules\jest-runtime\build\index.js:882:12)
    at Runtime.requireModuleOrMock (C:\Users\chris\aszune-ai\aszune-ai-bot\node_modules\jest-runtime\build\index.js:1048:21)
    at Object.require (C:\Users\chris\aszune-ai\aszune-ai-bot\__tests__\integration\bot.test.js:76:9)
    at Promise.then.completed (C:\Users\chris\aszune-ai\aszune-ai-bot\node_modules\jest-circus\build\utils.js:298:28)
    at new Promise (&lt;anonymous&gt;)
    at callAsyncCircusFn (C:\Users\chris\aszune-ai\aszune-ai-bot\node_modules\jest-circus\build\utils.js:231:10)
    at _callCircusHook (C:\Users\chris\aszune-ai\aszune-ai-bot\node_modules\jest-circus\build\run.js:281:40)
    at _runTest (C:\Users\chris\aszune-ai\aszune-ai-bot\node_modules\jest-circus\build\run.js:246:5)
    at _runTestsForDescribeBlock (C:\Users\chris\aszune-ai\aszune-ai-bot\node_modules\jest-circus\build\run.js:126:9)
    at _runTestsForDescribeBlock (C:\Users\chris\aszune-ai\aszune-ai-bot\node_modules\jest-circus\build\run.js:121:9)
    at run (C:\Users\chris\aszune-ai\aszune-ai-bot\node_modules\jest-circus\build\run.js:71:3)
    at runAndTransformResultsToJestFormat (C:\Users\chris\aszune-ai\aszune-ai-bot\node_modules\jest-circus\build\legacy-code-todo-rewrite\jestAdapterInit.js:122:21)
    at jestAdapter (C:\Users\chris\aszune-ai\aszune-ai-bot\node_modules\jest-circus\build\legacy-code-todo-rewrite\jestAdapter.js:79:19)
    at runTestInternal (C:\Users\chris\aszune-ai\aszune-ai-bot\node_modules\jest-runner\build\runTest.js:367:16)
    at runTest (C:\Users\chris\aszune-ai\aszune-ai-bot\node_modules\jest-runner\build\runTest.js:444:34)
    at Object.worker (C:\Users\chris\aszune-ai\aszune-ai-bot\node_modules\jest-runner\build\testWorker.js:106:12)</failure>
    </testcase>
    <testcase classname="Bot integration" name="Bot integration handles API error when replying" time="0.219">
      <failure>TypeError: CacheService is not a constructor
    at Object.&lt;anonymous&gt; (C:\Users\chris\aszune-ai\aszune-ai-bot\src\services\chat.js:13:22)
    at Runtime._execModule (C:\Users\chris\aszune-ai\aszune-ai-bot\node_modules\jest-runtime\build\index.js:1439:24)
    at Runtime._loadModule (C:\Users\chris\aszune-ai\aszune-ai-bot\node_modules\jest-runtime\build\index.js:1022:12)
    at Runtime.requireModule (C:\Users\chris\aszune-ai\aszune-ai-bot\node_modules\jest-runtime\build\index.js:882:12)
    at Runtime.requireModuleOrMock (C:\Users\chris\aszune-ai\aszune-ai-bot\node_modules\jest-runtime\build\index.js:1048:21)
    at Object.require (C:\Users\chris\aszune-ai\aszune-ai-bot\src\index.js:9:31)
    at Runtime._execModule (C:\Users\chris\aszune-ai\aszune-ai-bot\node_modules\jest-runtime\build\index.js:1439:24)
    at Runtime._loadModule (C:\Users\chris\aszune-ai\aszune-ai-bot\node_modules\jest-runtime\build\index.js:1022:12)
    at Runtime.requireModule (C:\Users\chris\aszune-ai\aszune-ai-bot\node_modules\jest-runtime\build\index.js:882:12)
    at Runtime.requireModuleOrMock (C:\Users\chris\aszune-ai\aszune-ai-bot\node_modules\jest-runtime\build\index.js:1048:21)
    at Object.require (C:\Users\chris\aszune-ai\aszune-ai-bot\__tests__\integration\bot.test.js:76:9)
    at Promise.then.completed (C:\Users\chris\aszune-ai\aszune-ai-bot\node_modules\jest-circus\build\utils.js:298:28)
    at new Promise (&lt;anonymous&gt;)
    at callAsyncCircusFn (C:\Users\chris\aszune-ai\aszune-ai-bot\node_modules\jest-circus\build\utils.js:231:10)
    at _callCircusHook (C:\Users\chris\aszune-ai\aszune-ai-bot\node_modules\jest-circus\build\run.js:281:40)
    at _runTest (C:\Users\chris\aszune-ai\aszune-ai-bot\node_modules\jest-circus\build\run.js:246:5)
    at _runTestsForDescribeBlock (C:\Users\chris\aszune-ai\aszune-ai-bot\node_modules\jest-circus\build\run.js:126:9)
    at _runTestsForDescribeBlock (C:\Users\chris\aszune-ai\aszune-ai-bot\node_modules\jest-circus\build\run.js:121:9)
    at run (C:\Users\chris\aszune-ai\aszune-ai-bot\node_modules\jest-circus\build\run.js:71:3)
    at runAndTransformResultsToJestFormat (C:\Users\chris\aszune-ai\aszune-ai-bot\node_modules\jest-circus\build\legacy-code-todo-rewrite\jestAdapterInit.js:122:21)
    at jestAdapter (C:\Users\chris\aszune-ai\aszune-ai-bot\node_modules\jest-circus\build\legacy-code-todo-rewrite\jestAdapter.js:79:19)
    at runTestInternal (C:\Users\chris\aszune-ai\aszune-ai-bot\node_modules\jest-runner\build\runTest.js:367:16)
    at runTest (C:\Users\chris\aszune-ai\aszune-ai-bot\node_modules\jest-runner\build\runTest.js:444:34)
    at Object.worker (C:\Users\chris\aszune-ai\aszune-ai-bot\node_modules\jest-runner\build\testWorker.js:106:12)</failure>
    </testcase>
    <testcase classname="Bot integration" name="Bot integration handles API error when summarising" time="0.24">
      <failure>TypeError: CacheService is not a constructor
    at Object.&lt;anonymous&gt; (C:\Users\chris\aszune-ai\aszune-ai-bot\src\services\chat.js:13:22)
    at Runtime._execModule (C:\Users\chris\aszune-ai\aszune-ai-bot\node_modules\jest-runtime\build\index.js:1439:24)
    at Runtime._loadModule (C:\Users\chris\aszune-ai\aszune-ai-bot\node_modules\jest-runtime\build\index.js:1022:12)
    at Runtime.requireModule (C:\Users\chris\aszune-ai\aszune-ai-bot\node_modules\jest-runtime\build\index.js:882:12)
    at Runtime.requireModuleOrMock (C:\Users\chris\aszune-ai\aszune-ai-bot\node_modules\jest-runtime\build\index.js:1048:21)
    at Object.require (C:\Users\chris\aszune-ai\aszune-ai-bot\src\index.js:9:31)
    at Runtime._execModule (C:\Users\chris\aszune-ai\aszune-ai-bot\node_modules\jest-runtime\build\index.js:1439:24)
    at Runtime._loadModule (C:\Users\chris\aszune-ai\aszune-ai-bot\node_modules\jest-runtime\build\index.js:1022:12)
    at Runtime.requireModule (C:\Users\chris\aszune-ai\aszune-ai-bot\node_modules\jest-runtime\build\index.js:882:12)
    at Runtime.requireModuleOrMock (C:\Users\chris\aszune-ai\aszune-ai-bot\node_modules\jest-runtime\build\index.js:1048:21)
    at Object.require (C:\Users\chris\aszune-ai\aszune-ai-bot\__tests__\integration\bot.test.js:76:9)
    at Promise.then.completed (C:\Users\chris\aszune-ai\aszune-ai-bot\node_modules\jest-circus\build\utils.js:298:28)
    at new Promise (&lt;anonymous&gt;)
    at callAsyncCircusFn (C:\Users\chris\aszune-ai\aszune-ai-bot\node_modules\jest-circus\build\utils.js:231:10)
    at _callCircusHook (C:\Users\chris\aszune-ai\aszune-ai-bot\node_modules\jest-circus\build\run.js:281:40)
    at _runTest (C:\Users\chris\aszune-ai\aszune-ai-bot\node_modules\jest-circus\build\run.js:246:5)
    at _runTestsForDescribeBlock (C:\Users\chris\aszune-ai\aszune-ai-bot\node_modules\jest-circus\build\run.js:126:9)
    at _runTestsForDescribeBlock (C:\Users\chris\aszune-ai\aszune-ai-bot\node_modules\jest-circus\build\run.js:121:9)
    at run (C:\Users\chris\aszune-ai\aszune-ai-bot\node_modules\jest-circus\build\run.js:71:3)
    at runAndTransformResultsToJestFormat (C:\Users\chris\aszune-ai\aszune-ai-bot\node_modules\jest-circus\build\legacy-code-todo-rewrite\jestAdapterInit.js:122:21)
    at jestAdapter (C:\Users\chris\aszune-ai\aszune-ai-bot\node_modules\jest-circus\build\legacy-code-todo-rewrite\jestAdapter.js:79:19)
    at runTestInternal (C:\Users\chris\aszune-ai\aszune-ai-bot\node_modules\jest-runner\build\runTest.js:367:16)
    at runTest (C:\Users\chris\aszune-ai\aszune-ai-bot\node_modules\jest-runner\build\runTest.js:444:34)
    at Object.worker (C:\Users\chris\aszune-ai\aszune-ai-bot\node_modules\jest-runner\build\testWorker.js:106:12)</failure>
    </testcase>
    <testcase classname="Bot integration" name="Bot integration handles empty message gracefully" time="0.206">
      <failure>TypeError: CacheService is not a constructor
    at Object.&lt;anonymous&gt; (C:\Users\chris\aszune-ai\aszune-ai-bot\src\services\chat.js:13:22)
    at Runtime._execModule (C:\Users\chris\aszune-ai\aszune-ai-bot\node_modules\jest-runtime\build\index.js:1439:24)
    at Runtime._loadModule (C:\Users\chris\aszune-ai\aszune-ai-bot\node_modules\jest-runtime\build\index.js:1022:12)
    at Runtime.requireModule (C:\Users\chris\aszune-ai\aszune-ai-bot\node_modules\jest-runtime\build\index.js:882:12)
    at Runtime.requireModuleOrMock (C:\Users\chris\aszune-ai\aszune-ai-bot\node_modules\jest-runtime\build\index.js:1048:21)
    at Object.require (C:\Users\chris\aszune-ai\aszune-ai-bot\src\index.js:9:31)
    at Runtime._execModule (C:\Users\chris\aszune-ai\aszune-ai-bot\node_modules\jest-runtime\build\index.js:1439:24)
    at Runtime._loadModule (C:\Users\chris\aszune-ai\aszune-ai-bot\node_modules\jest-runtime\build\index.js:1022:12)
    at Runtime.requireModule (C:\Users\chris\aszune-ai\aszune-ai-bot\node_modules\jest-runtime\build\index.js:882:12)
    at Runtime.requireModuleOrMock (C:\Users\chris\aszune-ai\aszune-ai-bot\node_modules\jest-runtime\build\index.js:1048:21)
    at Object.require (C:\Users\chris\aszune-ai\aszune-ai-bot\__tests__\integration\bot.test.js:76:9)
    at Promise.then.completed (C:\Users\chris\aszune-ai\aszune-ai-bot\node_modules\jest-circus\build\utils.js:298:28)
    at new Promise (&lt;anonymous&gt;)
    at callAsyncCircusFn (C:\Users\chris\aszune-ai\aszune-ai-bot\node_modules\jest-circus\build\utils.js:231:10)
    at _callCircusHook (C:\Users\chris\aszune-ai\aszune-ai-bot\node_modules\jest-circus\build\run.js:281:40)
    at _runTest (C:\Users\chris\aszune-ai\aszune-ai-bot\node_modules\jest-circus\build\run.js:246:5)
    at _runTestsForDescribeBlock (C:\Users\chris\aszune-ai\aszune-ai-bot\node_modules\jest-circus\build\run.js:126:9)
    at _runTestsForDescribeBlock (C:\Users\chris\aszune-ai\aszune-ai-bot\node_modules\jest-circus\build\run.js:121:9)
    at run (C:\Users\chris\aszune-ai\aszune-ai-bot\node_modules\jest-circus\build\run.js:71:3)
    at runAndTransformResultsToJestFormat (C:\Users\chris\aszune-ai\aszune-ai-bot\node_modules\jest-circus\build\legacy-code-todo-rewrite\jestAdapterInit.js:122:21)
    at jestAdapter (C:\Users\chris\aszune-ai\aszune-ai-bot\node_modules\jest-circus\build\legacy-code-todo-rewrite\jestAdapter.js:79:19)
    at runTestInternal (C:\Users\chris\aszune-ai\aszune-ai-bot\node_modules\jest-runner\build\runTest.js:367:16)
    at runTest (C:\Users\chris\aszune-ai\aszune-ai-bot\node_modules\jest-runner\build\runTest.js:444:34)
    at Object.worker (C:\Users\chris\aszune-ai\aszune-ai-bot\node_modules\jest-runner\build\testWorker.js:106:12)</failure>
    </testcase>
    <testcase classname="Bot integration" name="Bot integration truncates very long conversation history" time="0.236">
      <failure>TypeError: CacheService is not a constructor
    at Object.&lt;anonymous&gt; (C:\Users\chris\aszune-ai\aszune-ai-bot\src\services\chat.js:13:22)
    at Runtime._execModule (C:\Users\chris\aszune-ai\aszune-ai-bot\node_modules\jest-runtime\build\index.js:1439:24)
    at Runtime._loadModule (C:\Users\chris\aszune-ai\aszune-ai-bot\node_modules\jest-runtime\build\index.js:1022:12)
    at Runtime.requireModule (C:\Users\chris\aszune-ai\aszune-ai-bot\node_modules\jest-runtime\build\index.js:882:12)
    at Runtime.requireModuleOrMock (C:\Users\chris\aszune-ai\aszune-ai-bot\node_modules\jest-runtime\build\index.js:1048:21)
    at Object.require (C:\Users\chris\aszune-ai\aszune-ai-bot\src\index.js:9:31)
    at Runtime._execModule (C:\Users\chris\aszune-ai\aszune-ai-bot\node_modules\jest-runtime\build\index.js:1439:24)
    at Runtime._loadModule (C:\Users\chris\aszune-ai\aszune-ai-bot\node_modules\jest-runtime\build\index.js:1022:12)
    at Runtime.requireModule (C:\Users\chris\aszune-ai\aszune-ai-bot\node_modules\jest-runtime\build\index.js:882:12)
    at Runtime.requireModuleOrMock (C:\Users\chris\aszune-ai\aszune-ai-bot\node_modules\jest-runtime\build\index.js:1048:21)
    at Object.require (C:\Users\chris\aszune-ai\aszune-ai-bot\__tests__\integration\bot.test.js:76:9)
    at Promise.then.completed (C:\Users\chris\aszune-ai\aszune-ai-bot\node_modules\jest-circus\build\utils.js:298:28)
    at new Promise (&lt;anonymous&gt;)
    at callAsyncCircusFn (C:\Users\chris\aszune-ai\aszune-ai-bot\node_modules\jest-circus\build\utils.js:231:10)
    at _callCircusHook (C:\Users\chris\aszune-ai\aszune-ai-bot\node_modules\jest-circus\build\run.js:281:40)
    at _runTest (C:\Users\chris\aszune-ai\aszune-ai-bot\node_modules\jest-circus\build\run.js:246:5)
    at _runTestsForDescribeBlock (C:\Users\chris\aszune-ai\aszune-ai-bot\node_modules\jest-circus\build\run.js:126:9)
    at _runTestsForDescribeBlock (C:\Users\chris\aszune-ai\aszune-ai-bot\node_modules\jest-circus\build\run.js:121:9)
    at run (C:\Users\chris\aszune-ai\aszune-ai-bot\node_modules\jest-circus\build\run.js:71:3)
    at runAndTransformResultsToJestFormat (C:\Users\chris\aszune-ai\aszune-ai-bot\node_modules\jest-circus\build\legacy-code-todo-rewrite\jestAdapterInit.js:122:21)
    at jestAdapter (C:\Users\chris\aszune-ai\aszune-ai-bot\node_modules\jest-circus\build\legacy-code-todo-rewrite\jestAdapter.js:79:19)
    at runTestInternal (C:\Users\chris\aszune-ai\aszune-ai-bot\node_modules\jest-runner\build\runTest.js:367:16)
    at runTest (C:\Users\chris\aszune-ai\aszune-ai-bot\node_modules\jest-runner\build\runTest.js:444:34)
    at Object.worker (C:\Users\chris\aszune-ai\aszune-ai-bot\node_modules\jest-runner\build\testWorker.js:106:12)</failure>
    </testcase>
    <testcase classname="Bot integration" name="Bot integration handles missing environment variables gracefully" time="0.225">
      <failure>TypeError: CacheService is not a constructor
    at Object.&lt;anonymous&gt; (C:\Users\chris\aszune-ai\aszune-ai-bot\src\services\chat.js:13:22)
    at Runtime._execModule (C:\Users\chris\aszune-ai\aszune-ai-bot\node_modules\jest-runtime\build\index.js:1439:24)
    at Runtime._loadModule (C:\Users\chris\aszune-ai\aszune-ai-bot\node_modules\jest-runtime\build\index.js:1022:12)
    at Runtime.requireModule (C:\Users\chris\aszune-ai\aszune-ai-bot\node_modules\jest-runtime\build\index.js:882:12)
    at Runtime.requireModuleOrMock (C:\Users\chris\aszune-ai\aszune-ai-bot\node_modules\jest-runtime\build\index.js:1048:21)
    at Object.require (C:\Users\chris\aszune-ai\aszune-ai-bot\src\index.js:9:31)
    at Runtime._execModule (C:\Users\chris\aszune-ai\aszune-ai-bot\node_modules\jest-runtime\build\index.js:1439:24)
    at Runtime._loadModule (C:\Users\chris\aszune-ai\aszune-ai-bot\node_modules\jest-runtime\build\index.js:1022:12)
    at Runtime.requireModule (C:\Users\chris\aszune-ai\aszune-ai-bot\node_modules\jest-runtime\build\index.js:882:12)
    at Runtime.requireModuleOrMock (C:\Users\chris\aszune-ai\aszune-ai-bot\node_modules\jest-runtime\build\index.js:1048:21)
    at Object.require (C:\Users\chris\aszune-ai\aszune-ai-bot\__tests__\integration\bot.test.js:76:9)
    at Promise.then.completed (C:\Users\chris\aszune-ai\aszune-ai-bot\node_modules\jest-circus\build\utils.js:298:28)
    at new Promise (&lt;anonymous&gt;)
    at callAsyncCircusFn (C:\Users\chris\aszune-ai\aszune-ai-bot\node_modules\jest-circus\build\utils.js:231:10)
    at _callCircusHook (C:\Users\chris\aszune-ai\aszune-ai-bot\node_modules\jest-circus\build\run.js:281:40)
    at _runTest (C:\Users\chris\aszune-ai\aszune-ai-bot\node_modules\jest-circus\build\run.js:246:5)
    at _runTestsForDescribeBlock (C:\Users\chris\aszune-ai\aszune-ai-bot\node_modules\jest-circus\build\run.js:126:9)
    at _runTestsForDescribeBlock (C:\Users\chris\aszune-ai\aszune-ai-bot\node_modules\jest-circus\build\run.js:121:9)
    at run (C:\Users\chris\aszune-ai\aszune-ai-bot\node_modules\jest-circus\build\run.js:71:3)
    at runAndTransformResultsToJestFormat (C:\Users\chris\aszune-ai\aszune-ai-bot\node_modules\jest-circus\build\legacy-code-todo-rewrite\jestAdapterInit.js:122:21)
    at jestAdapter (C:\Users\chris\aszune-ai\aszune-ai-bot\node_modules\jest-circus\build\legacy-code-todo-rewrite\jestAdapter.js:79:19)
    at runTestInternal (C:\Users\chris\aszune-ai\aszune-ai-bot\node_modules\jest-runner\build\runTest.js:367:16)
    at runTest (C:\Users\chris\aszune-ai\aszune-ai-bot\node_modules\jest-runner\build\runTest.js:444:34)
    at Object.worker (C:\Users\chris\aszune-ai\aszune-ai-bot\node_modules\jest-runner\build\testWorker.js:106:12)</failure>
    </testcase>
  </testsuite>
</testsuites>