<?xml version="1.0" encoding="UTF-8"?>
<testsuites name="jest tests" tests="488" failures="150" errors="0" time="41.322">
  <testsuite name="InputValidator - Sanitization" errors="0" failures="6" skipped="0" timestamp="2025-09-24T08:29:03" time="11.072" tests="9">
    <testcase classname="InputValidator - Sanitization validateAndSanitize should validate and sanitize clean input" name="InputValidator - Sanitization validateAndSanitize should validate and sanitize clean input" time="0.29">
    </testcase>
    <testcase classname="InputValidator - Sanitization validateAndSanitize should sanitize HTML content" name="InputValidator - Sanitization validateAndSanitize should sanitize HTML content" time="0.01">
    </testcase>
    <testcase classname="InputValidator - Sanitization validateAndSanitize should reject dangerous content" name="InputValidator - Sanitization validateAndSanitize should reject dangerous content" time="0.037">
      <failure>Error: expect(received).toBe(expected) // Object.is equality

Expected: false
Received: true
    at Object.toBe (C:\Users\ch\aszune\aszune-ai-bot\__tests__\unit\input-validator-sanitization.test.js:38:28)
    at Promise.then.completed (C:\Users\ch\aszune\aszune-ai-bot\node_modules\jest-circus\build\utils.js:298:28)
    at new Promise (&lt;anonymous&gt;)
    at callAsyncCircusFn (C:\Users\ch\aszune\aszune-ai-bot\node_modules\jest-circus\build\utils.js:231:10)
    at _callCircusTest (C:\Users\ch\aszune\aszune-ai-bot\node_modules\jest-circus\build\run.js:316:40)
    at processTicksAndRejections (node:internal/process/task_queues:95:5)
    at _runTest (C:\Users\ch\aszune\aszune-ai-bot\node_modules\jest-circus\build\run.js:252:3)
    at _runTestsForDescribeBlock (C:\Users\ch\aszune\aszune-ai-bot\node_modules\jest-circus\build\run.js:126:9)
    at _runTestsForDescribeBlock (C:\Users\ch\aszune\aszune-ai-bot\node_modules\jest-circus\build\run.js:121:9)
    at _runTestsForDescribeBlock (C:\Users\ch\aszune\aszune-ai-bot\node_modules\jest-circus\build\run.js:121:9)
    at run (C:\Users\ch\aszune\aszune-ai-bot\node_modules\jest-circus\build\run.js:71:3)
    at runAndTransformResultsToJestFormat (C:\Users\ch\aszune\aszune-ai-bot\node_modules\jest-circus\build\legacy-code-todo-rewrite\jestAdapterInit.js:122:21)
    at jestAdapter (C:\Users\ch\aszune\aszune-ai-bot\node_modules\jest-circus\build\legacy-code-todo-rewrite\jestAdapter.js:79:19)
    at runTestInternal (C:\Users\ch\aszune\aszune-ai-bot\node_modules\jest-runner\build\runTest.js:367:16)
    at runTest (C:\Users\ch\aszune\aszune-ai-bot\node_modules\jest-runner\build\runTest.js:444:34)
    at Object.worker (C:\Users\ch\aszune\aszune-ai-bot\node_modules\jest-runner\build\testWorker.js:106:12)</failure>
    </testcase>
    <testcase classname="InputValidator - Sanitization validateAndSanitize should handle empty input" name="InputValidator - Sanitization validateAndSanitize should handle empty input" time="0.002">
      <failure>Error: expect(received).toBe(expected) // Object.is equality

Expected: true
Received: false
    at Object.toBe (C:\Users\ch\aszune\aszune-ai-bot\__tests__\unit\input-validator-sanitization.test.js:45:28)
    at Promise.then.completed (C:\Users\ch\aszune\aszune-ai-bot\node_modules\jest-circus\build\utils.js:298:28)
    at new Promise (&lt;anonymous&gt;)
    at callAsyncCircusFn (C:\Users\ch\aszune\aszune-ai-bot\node_modules\jest-circus\build\utils.js:231:10)
    at _callCircusTest (C:\Users\ch\aszune\aszune-ai-bot\node_modules\jest-circus\build\run.js:316:40)
    at processTicksAndRejections (node:internal/process/task_queues:95:5)
    at _runTest (C:\Users\ch\aszune\aszune-ai-bot\node_modules\jest-circus\build\run.js:252:3)
    at _runTestsForDescribeBlock (C:\Users\ch\aszune\aszune-ai-bot\node_modules\jest-circus\build\run.js:126:9)
    at _runTestsForDescribeBlock (C:\Users\ch\aszune\aszune-ai-bot\node_modules\jest-circus\build\run.js:121:9)
    at _runTestsForDescribeBlock (C:\Users\ch\aszune\aszune-ai-bot\node_modules\jest-circus\build\run.js:121:9)
    at run (C:\Users\ch\aszune\aszune-ai-bot\node_modules\jest-circus\build\run.js:71:3)
    at runAndTransformResultsToJestFormat (C:\Users\ch\aszune\aszune-ai-bot\node_modules\jest-circus\build\legacy-code-todo-rewrite\jestAdapterInit.js:122:21)
    at jestAdapter (C:\Users\ch\aszune\aszune-ai-bot\node_modules\jest-circus\build\legacy-code-todo-rewrite\jestAdapter.js:79:19)
    at runTestInternal (C:\Users\ch\aszune\aszune-ai-bot\node_modules\jest-runner\build\runTest.js:367:16)
    at runTest (C:\Users\ch\aszune\aszune-ai-bot\node_modules\jest-runner\build\runTest.js:444:34)
    at Object.worker (C:\Users\ch\aszune\aszune-ai-bot\node_modules\jest-runner\build\testWorker.js:106:12)</failure>
    </testcase>
    <testcase classname="InputValidator - Sanitization validateAndSanitize should handle null input" name="InputValidator - Sanitization validateAndSanitize should handle null input" time="0.003">
    </testcase>
    <testcase classname="InputValidator - Sanitization validateAndSanitize should validate different input types" name="InputValidator - Sanitization validateAndSanitize should validate different input types" time="0.003">
      <failure>Error: expect(received).toBe(expected) // Object.is equality

Expected: false
Received: true
    at toBe (C:\Users\ch\aszune\aszune-ai-bot\__tests__\unit\input-validator-sanitization.test.js:68:30)
    at Array.forEach (&lt;anonymous&gt;)
    at Object.forEach (C:\Users\ch\aszune\aszune-ai-bot\__tests__\unit\input-validator-sanitization.test.js:66:17)
    at Promise.then.completed (C:\Users\ch\aszune\aszune-ai-bot\node_modules\jest-circus\build\utils.js:298:28)
    at new Promise (&lt;anonymous&gt;)
    at callAsyncCircusFn (C:\Users\ch\aszune\aszune-ai-bot\node_modules\jest-circus\build\utils.js:231:10)
    at _callCircusTest (C:\Users\ch\aszune\aszune-ai-bot\node_modules\jest-circus\build\run.js:316:40)
    at processTicksAndRejections (node:internal/process/task_queues:95:5)
    at _runTest (C:\Users\ch\aszune\aszune-ai-bot\node_modules\jest-circus\build\run.js:252:3)
    at _runTestsForDescribeBlock (C:\Users\ch\aszune\aszune-ai-bot\node_modules\jest-circus\build\run.js:126:9)
    at _runTestsForDescribeBlock (C:\Users\ch\aszune\aszune-ai-bot\node_modules\jest-circus\build\run.js:121:9)
    at _runTestsForDescribeBlock (C:\Users\ch\aszune\aszune-ai-bot\node_modules\jest-circus\build\run.js:121:9)
    at run (C:\Users\ch\aszune\aszune-ai-bot\node_modules\jest-circus\build\run.js:71:3)
    at runAndTransformResultsToJestFormat (C:\Users\ch\aszune\aszune-ai-bot\node_modules\jest-circus\build\legacy-code-todo-rewrite\jestAdapterInit.js:122:21)
    at jestAdapter (C:\Users\ch\aszune\aszune-ai-bot\node_modules\jest-circus\build\legacy-code-todo-rewrite\jestAdapter.js:79:19)
    at runTestInternal (C:\Users\ch\aszune\aszune-ai-bot\node_modules\jest-runner\build\runTest.js:367:16)
    at runTest (C:\Users\ch\aszune\aszune-ai-bot\node_modules\jest-runner\build\runTest.js:444:34)
    at Object.worker (C:\Users\ch\aszune\aszune-ai-bot\node_modules\jest-runner\build\testWorker.js:106:12)</failure>
    </testcase>
    <testcase classname="InputValidator - Sanitization validation patterns should have correct validation patterns" name="InputValidator - Sanitization validation patterns should have correct validation patterns" time="0.01">
      <failure>Error: expect(received).toHaveProperty(path)

Expected path: &quot;USER_ID&quot;
Received path: []

Received value: {&quot;ALPHANUMERIC&quot;: /^[a-zA-Z0-9]+$/, &quot;ALPHANUMERIC_WITH_SPACES&quot;: /^[a-zA-Z0-9\s]+$/, &quot;COMMAND_NAME&quot;: /^[a-zA-Z0-9_-]{1,32}$/, &quot;COMMAND_PREFIX&quot;: /^[!/]/, &quot;DISCORD_SNOWFLAKE&quot;: /^\d{17,19}$/, &quot;DISCORD_USER_ID&quot;: /^\d{17,19}$/, &quot;EMAIL_PATTERN&quot;: /^[^\s@]+@[^\s@]+\.[^\s@]+$/, &quot;FILENAME&quot;: /^[a-zA-Z0-9._-]{1,255}$/, &quot;FLOAT&quot;: /^-?\d+\.?\d*$/, &quot;INTEGER&quot;: /^-?\d+$/, &quot;MESSAGE_CONTENT&quot;: /^[\s\S]{1,4000}$/, &quot;PATH&quot;: /^[a-zA-Z0-9._\-/\\]{1,500}$/, &quot;POSITIVE_INTEGER&quot;: /^\d+$/, &quot;SAFE_TEXT&quot;: /^[a-zA-Z0-9\s.,!?@#$%^&amp;*()_+\-=[\]{};&apos;:&quot;\\|,.&lt;&gt;/~`]+$/, &quot;URL_PATTERN&quot;: /^https?:\/\/[^\s/$.?#].[^\s]*$/i}
    at Object.toHaveProperty (C:\Users\ch\aszune\aszune-ai-bot\__tests__\unit\input-validator-sanitization.test.js:75:35)
    at Promise.then.completed (C:\Users\ch\aszune\aszune-ai-bot\node_modules\jest-circus\build\utils.js:298:28)
    at new Promise (&lt;anonymous&gt;)
    at callAsyncCircusFn (C:\Users\ch\aszune\aszune-ai-bot\node_modules\jest-circus\build\utils.js:231:10)
    at _callCircusTest (C:\Users\ch\aszune\aszune-ai-bot\node_modules\jest-circus\build\run.js:316:40)
    at processTicksAndRejections (node:internal/process/task_queues:95:5)
    at _runTest (C:\Users\ch\aszune\aszune-ai-bot\node_modules\jest-circus\build\run.js:252:3)
    at _runTestsForDescribeBlock (C:\Users\ch\aszune\aszune-ai-bot\node_modules\jest-circus\build\run.js:126:9)
    at _runTestsForDescribeBlock (C:\Users\ch\aszune\aszune-ai-bot\node_modules\jest-circus\build\run.js:121:9)
    at _runTestsForDescribeBlock (C:\Users\ch\aszune\aszune-ai-bot\node_modules\jest-circus\build\run.js:121:9)
    at run (C:\Users\ch\aszune\aszune-ai-bot\node_modules\jest-circus\build\run.js:71:3)
    at runAndTransformResultsToJestFormat (C:\Users\ch\aszune\aszune-ai-bot\node_modules\jest-circus\build\legacy-code-todo-rewrite\jestAdapterInit.js:122:21)
    at jestAdapter (C:\Users\ch\aszune\aszune-ai-bot\node_modules\jest-circus\build\legacy-code-todo-rewrite\jestAdapter.js:79:19)
    at runTestInternal (C:\Users\ch\aszune\aszune-ai-bot\node_modules\jest-runner\build\runTest.js:367:16)
    at runTest (C:\Users\ch\aszune\aszune-ai-bot\node_modules\jest-runner\build\runTest.js:444:34)
    at Object.worker (C:\Users\ch\aszune\aszune-ai-bot\node_modules\jest-runner\build\testWorker.js:106:12)</failure>
    </testcase>
    <testcase classname="InputValidator - Sanitization validation patterns should have correct validation limits" name="InputValidator - Sanitization validation patterns should have correct validation limits" time="0.001">
      <failure>Error: expect(received).toHaveProperty(path)

Expected path: &quot;TEXT_MAX_LENGTH&quot;
Received path: []

Received value: {&quot;MAX_COMMAND_LENGTH&quot;: 100, &quot;MAX_FILENAME_LENGTH&quot;: 255, &quot;MAX_HISTORY_LENGTH&quot;: 50, &quot;MAX_MESSAGE_LENGTH&quot;: 4000, &quot;MAX_PASSWORD_LENGTH&quot;: 128, &quot;MAX_PATH_LENGTH&quot;: 500, &quot;MAX_URL_LENGTH&quot;: 2048, &quot;MAX_USERNAME_LENGTH&quot;: 32, &quot;MIN_PASSWORD_LENGTH&quot;: 8}
    at Object.toHaveProperty (C:\Users\ch\aszune\aszune-ai-bot\__tests__\unit\input-validator-sanitization.test.js:82:33)
    at Promise.then.completed (C:\Users\ch\aszune\aszune-ai-bot\node_modules\jest-circus\build\utils.js:298:28)
    at new Promise (&lt;anonymous&gt;)
    at callAsyncCircusFn (C:\Users\ch\aszune\aszune-ai-bot\node_modules\jest-circus\build\utils.js:231:10)
    at _callCircusTest (C:\Users\ch\aszune\aszune-ai-bot\node_modules\jest-circus\build\run.js:316:40)
    at processTicksAndRejections (node:internal/process/task_queues:95:5)
    at _runTest (C:\Users\ch\aszune\aszune-ai-bot\node_modules\jest-circus\build\run.js:252:3)
    at _runTestsForDescribeBlock (C:\Users\ch\aszune\aszune-ai-bot\node_modules\jest-circus\build\run.js:126:9)
    at _runTestsForDescribeBlock (C:\Users\ch\aszune\aszune-ai-bot\node_modules\jest-circus\build\run.js:121:9)
    at _runTestsForDescribeBlock (C:\Users\ch\aszune\aszune-ai-bot\node_modules\jest-circus\build\run.js:121:9)
    at run (C:\Users\ch\aszune\aszune-ai-bot\node_modules\jest-circus\build\run.js:71:3)
    at runAndTransformResultsToJestFormat (C:\Users\ch\aszune\aszune-ai-bot\node_modules\jest-circus\build\legacy-code-todo-rewrite\jestAdapterInit.js:122:21)
    at jestAdapter (C:\Users\ch\aszune\aszune-ai-bot\node_modules\jest-circus\build\legacy-code-todo-rewrite\jestAdapter.js:79:19)
    at runTestInternal (C:\Users\ch\aszune\aszune-ai-bot\node_modules\jest-runner\build\runTest.js:367:16)
    at runTest (C:\Users\ch\aszune\aszune-ai-bot\node_modules\jest-runner\build\runTest.js:444:34)
    at Object.worker (C:\Users\ch\aszune\aszune-ai-bot\node_modules\jest-runner\build\testWorker.js:106:12)</failure>
    </testcase>
    <testcase classname="InputValidator - Sanitization validation patterns should have dangerous patterns defined" name="InputValidator - Sanitization validation patterns should have dangerous patterns defined" time="0.003">
      <failure>Error: expect(received).toBe(expected) // Object.is equality

Expected: true
Received: false
    at Object.toBe (C:\Users\ch\aszune\aszune-ai-bot\__tests__\unit\input-validator-sanitization.test.js:90:49)
    at Promise.then.completed (C:\Users\ch\aszune\aszune-ai-bot\node_modules\jest-circus\build\utils.js:298:28)
    at new Promise (&lt;anonymous&gt;)
    at callAsyncCircusFn (C:\Users\ch\aszune\aszune-ai-bot\node_modules\jest-circus\build\utils.js:231:10)
    at _callCircusTest (C:\Users\ch\aszune\aszune-ai-bot\node_modules\jest-circus\build\run.js:316:40)
    at processTicksAndRejections (node:internal/process/task_queues:95:5)
    at _runTest (C:\Users\ch\aszune\aszune-ai-bot\node_modules\jest-circus\build\run.js:252:3)
    at _runTestsForDescribeBlock (C:\Users\ch\aszune\aszune-ai-bot\node_modules\jest-circus\build\run.js:126:9)
    at _runTestsForDescribeBlock (C:\Users\ch\aszune\aszune-ai-bot\node_modules\jest-circus\build\run.js:121:9)
    at _runTestsForDescribeBlock (C:\Users\ch\aszune\aszune-ai-bot\node_modules\jest-circus\build\run.js:121:9)
    at run (C:\Users\ch\aszune\aszune-ai-bot\node_modules\jest-circus\build\run.js:71:3)
    at runAndTransformResultsToJestFormat (C:\Users\ch\aszune\aszune-ai-bot\node_modules\jest-circus\build\legacy-code-todo-rewrite\jestAdapterInit.js:122:21)
    at jestAdapter (C:\Users\ch\aszune\aszune-ai-bot\node_modules\jest-circus\build\legacy-code-todo-rewrite\jestAdapter.js:79:19)
    at runTestInternal (C:\Users\ch\aszune\aszune-ai-bot\node_modules\jest-runner\build\runTest.js:367:16)
    at runTest (C:\Users\ch\aszune\aszune-ai-bot\node_modules\jest-runner\build\runTest.js:444:34)
    at Object.worker (C:\Users\ch\aszune\aszune-ai-bot\node_modules\jest-runner\build\testWorker.js:106:12)</failure>
    </testcase>
  </testsuite>
  <testsuite name="InputValidator - General Validation" errors="0" failures="8" skipped="0" timestamp="2025-09-24T08:29:04" time="11.268" tests="8">
    <testcase classname="InputValidator - General Validation validateInput should validate text input correctly" name="InputValidator - General Validation validateInput should validate text input correctly" time="0.159">
      <failure>TypeError: InputValidator.validateInput is not a function
    at validateInput (C:\Users\ch\aszune\aszune-ai-bot\__tests__\unit\input-validator-validation.test.js:22:39)
    at Array.forEach (&lt;anonymous&gt;)
    at Object.forEach (C:\Users\ch\aszune\aszune-ai-bot\__tests__\unit\input-validator-validation.test.js:21:19)
    at Promise.then.completed (C:\Users\ch\aszune\aszune-ai-bot\node_modules\jest-circus\build\utils.js:298:28)
    at new Promise (&lt;anonymous&gt;)
    at callAsyncCircusFn (C:\Users\ch\aszune\aszune-ai-bot\node_modules\jest-circus\build\utils.js:231:10)
    at _callCircusTest (C:\Users\ch\aszune\aszune-ai-bot\node_modules\jest-circus\build\run.js:316:40)
    at processTicksAndRejections (node:internal/process/task_queues:95:5)
    at _runTest (C:\Users\ch\aszune\aszune-ai-bot\node_modules\jest-circus\build\run.js:252:3)
    at _runTestsForDescribeBlock (C:\Users\ch\aszune\aszune-ai-bot\node_modules\jest-circus\build\run.js:126:9)
    at _runTestsForDescribeBlock (C:\Users\ch\aszune\aszune-ai-bot\node_modules\jest-circus\build\run.js:121:9)
    at _runTestsForDescribeBlock (C:\Users\ch\aszune\aszune-ai-bot\node_modules\jest-circus\build\run.js:121:9)
    at run (C:\Users\ch\aszune\aszune-ai-bot\node_modules\jest-circus\build\run.js:71:3)
    at runAndTransformResultsToJestFormat (C:\Users\ch\aszune\aszune-ai-bot\node_modules\jest-circus\build\legacy-code-todo-rewrite\jestAdapterInit.js:122:21)
    at jestAdapter (C:\Users\ch\aszune\aszune-ai-bot\node_modules\jest-circus\build\legacy-code-todo-rewrite\jestAdapter.js:79:19)
    at runTestInternal (C:\Users\ch\aszune\aszune-ai-bot\node_modules\jest-runner\build\runTest.js:367:16)
    at runTest (C:\Users\ch\aszune\aszune-ai-bot\node_modules\jest-runner\build\runTest.js:444:34)
    at Object.worker (C:\Users\ch\aszune\aszune-ai-bot\node_modules\jest-runner\build\testWorker.js:106:12)</failure>
    </testcase>
    <testcase classname="InputValidator - General Validation validateInput should reject inputs that exceed length limits" name="InputValidator - General Validation validateInput should reject inputs that exceed length limits" time="0.001">
      <failure>TypeError: InputValidator.validateInput is not a function
    at Object.validateInput (C:\Users\ch\aszune\aszune-ai-bot\__tests__\unit\input-validator-validation.test.js:30:37)
    at Promise.then.completed (C:\Users\ch\aszune\aszune-ai-bot\node_modules\jest-circus\build\utils.js:298:28)
    at new Promise (&lt;anonymous&gt;)
    at callAsyncCircusFn (C:\Users\ch\aszune\aszune-ai-bot\node_modules\jest-circus\build\utils.js:231:10)
    at _callCircusTest (C:\Users\ch\aszune\aszune-ai-bot\node_modules\jest-circus\build\run.js:316:40)
    at processTicksAndRejections (node:internal/process/task_queues:95:5)
    at _runTest (C:\Users\ch\aszune\aszune-ai-bot\node_modules\jest-circus\build\run.js:252:3)
    at _runTestsForDescribeBlock (C:\Users\ch\aszune\aszune-ai-bot\node_modules\jest-circus\build\run.js:126:9)
    at _runTestsForDescribeBlock (C:\Users\ch\aszune\aszune-ai-bot\node_modules\jest-circus\build\run.js:121:9)
    at _runTestsForDescribeBlock (C:\Users\ch\aszune\aszune-ai-bot\node_modules\jest-circus\build\run.js:121:9)
    at run (C:\Users\ch\aszune\aszune-ai-bot\node_modules\jest-circus\build\run.js:71:3)
    at runAndTransformResultsToJestFormat (C:\Users\ch\aszune\aszune-ai-bot\node_modules\jest-circus\build\legacy-code-todo-rewrite\jestAdapterInit.js:122:21)
    at jestAdapter (C:\Users\ch\aszune\aszune-ai-bot\node_modules\jest-circus\build\legacy-code-todo-rewrite\jestAdapter.js:79:19)
    at runTestInternal (C:\Users\ch\aszune\aszune-ai-bot\node_modules\jest-runner\build\runTest.js:367:16)
    at runTest (C:\Users\ch\aszune\aszune-ai-bot\node_modules\jest-runner\build\runTest.js:444:34)
    at Object.worker (C:\Users\ch\aszune\aszune-ai-bot\node_modules\jest-runner\build\testWorker.js:106:12)</failure>
    </testcase>
    <testcase classname="InputValidator - General Validation validateInput should reject inputs with dangerous patterns" name="InputValidator - General Validation validateInput should reject inputs with dangerous patterns" time="0.004">
      <failure>TypeError: InputValidator.validateInput is not a function
    at validateInput (C:\Users\ch\aszune\aszune-ai-bot\__tests__\unit\input-validator-validation.test.js:45:39)
    at Array.forEach (&lt;anonymous&gt;)
    at Object.forEach (C:\Users\ch\aszune\aszune-ai-bot\__tests__\unit\input-validator-validation.test.js:44:23)
    at Promise.then.completed (C:\Users\ch\aszune\aszune-ai-bot\node_modules\jest-circus\build\utils.js:298:28)
    at new Promise (&lt;anonymous&gt;)
    at callAsyncCircusFn (C:\Users\ch\aszune\aszune-ai-bot\node_modules\jest-circus\build\utils.js:231:10)
    at _callCircusTest (C:\Users\ch\aszune\aszune-ai-bot\node_modules\jest-circus\build\run.js:316:40)
    at processTicksAndRejections (node:internal/process/task_queues:95:5)
    at _runTest (C:\Users\ch\aszune\aszune-ai-bot\node_modules\jest-circus\build\run.js:252:3)
    at _runTestsForDescribeBlock (C:\Users\ch\aszune\aszune-ai-bot\node_modules\jest-circus\build\run.js:126:9)
    at _runTestsForDescribeBlock (C:\Users\ch\aszune\aszune-ai-bot\node_modules\jest-circus\build\run.js:121:9)
    at _runTestsForDescribeBlock (C:\Users\ch\aszune\aszune-ai-bot\node_modules\jest-circus\build\run.js:121:9)
    at run (C:\Users\ch\aszune\aszune-ai-bot\node_modules\jest-circus\build\run.js:71:3)
    at runAndTransformResultsToJestFormat (C:\Users\ch\aszune\aszune-ai-bot\node_modules\jest-circus\build\legacy-code-todo-rewrite\jestAdapterInit.js:122:21)
    at jestAdapter (C:\Users\ch\aszune\aszune-ai-bot\node_modules\jest-circus\build\legacy-code-todo-rewrite\jestAdapter.js:79:19)
    at runTestInternal (C:\Users\ch\aszune\aszune-ai-bot\node_modules\jest-runner\build\runTest.js:367:16)
    at runTest (C:\Users\ch\aszune\aszune-ai-bot\node_modules\jest-runner\build\runTest.js:444:34)
    at Object.worker (C:\Users\ch\aszune\aszune-ai-bot\node_modules\jest-runner\build\testWorker.js:106:12)</failure>
    </testcase>
    <testcase classname="InputValidator - General Validation validateInput should validate email format" name="InputValidator - General Validation validateInput should validate email format" time="0.002">
      <failure>TypeError: InputValidator.validateInput is not a function
    at validateInput (C:\Users\ch\aszune\aszune-ai-bot\__tests__\unit\input-validator-validation.test.js:66:39)
    at Array.forEach (&lt;anonymous&gt;)
    at Object.forEach (C:\Users\ch\aszune\aszune-ai-bot\__tests__\unit\input-validator-validation.test.js:65:19)
    at Promise.then.completed (C:\Users\ch\aszune\aszune-ai-bot\node_modules\jest-circus\build\utils.js:298:28)
    at new Promise (&lt;anonymous&gt;)
    at callAsyncCircusFn (C:\Users\ch\aszune\aszune-ai-bot\node_modules\jest-circus\build\utils.js:231:10)
    at _callCircusTest (C:\Users\ch\aszune\aszune-ai-bot\node_modules\jest-circus\build\run.js:316:40)
    at processTicksAndRejections (node:internal/process/task_queues:95:5)
    at _runTest (C:\Users\ch\aszune\aszune-ai-bot\node_modules\jest-circus\build\run.js:252:3)
    at _runTestsForDescribeBlock (C:\Users\ch\aszune\aszune-ai-bot\node_modules\jest-circus\build\run.js:126:9)
    at _runTestsForDescribeBlock (C:\Users\ch\aszune\aszune-ai-bot\node_modules\jest-circus\build\run.js:121:9)
    at _runTestsForDescribeBlock (C:\Users\ch\aszune\aszune-ai-bot\node_modules\jest-circus\build\run.js:121:9)
    at run (C:\Users\ch\aszune\aszune-ai-bot\node_modules\jest-circus\build\run.js:71:3)
    at runAndTransformResultsToJestFormat (C:\Users\ch\aszune\aszune-ai-bot\node_modules\jest-circus\build\legacy-code-todo-rewrite\jestAdapterInit.js:122:21)
    at jestAdapter (C:\Users\ch\aszune\aszune-ai-bot\node_modules\jest-circus\build\legacy-code-todo-rewrite\jestAdapter.js:79:19)
    at runTestInternal (C:\Users\ch\aszune\aszune-ai-bot\node_modules\jest-runner\build\runTest.js:367:16)
    at runTest (C:\Users\ch\aszune\aszune-ai-bot\node_modules\jest-runner\build\runTest.js:444:34)
    at Object.worker (C:\Users\ch\aszune\aszune-ai-bot\node_modules\jest-runner\build\testWorker.js:106:12)</failure>
    </testcase>
    <testcase classname="InputValidator - General Validation validateInput should validate URL format" name="InputValidator - General Validation validateInput should validate URL format" time="0.005">
      <failure>TypeError: InputValidator.validateInput is not a function
    at validateInput (C:\Users\ch\aszune\aszune-ai-bot\__tests__\unit\input-validator-validation.test.js:90:39)
    at Array.forEach (&lt;anonymous&gt;)
    at Object.forEach (C:\Users\ch\aszune\aszune-ai-bot\__tests__\unit\input-validator-validation.test.js:89:17)
    at Promise.then.completed (C:\Users\ch\aszune\aszune-ai-bot\node_modules\jest-circus\build\utils.js:298:28)
    at new Promise (&lt;anonymous&gt;)
    at callAsyncCircusFn (C:\Users\ch\aszune\aszune-ai-bot\node_modules\jest-circus\build\utils.js:231:10)
    at _callCircusTest (C:\Users\ch\aszune\aszune-ai-bot\node_modules\jest-circus\build\run.js:316:40)
    at processTicksAndRejections (node:internal/process/task_queues:95:5)
    at _runTest (C:\Users\ch\aszune\aszune-ai-bot\node_modules\jest-circus\build\run.js:252:3)
    at _runTestsForDescribeBlock (C:\Users\ch\aszune\aszune-ai-bot\node_modules\jest-circus\build\run.js:126:9)
    at _runTestsForDescribeBlock (C:\Users\ch\aszune\aszune-ai-bot\node_modules\jest-circus\build\run.js:121:9)
    at _runTestsForDescribeBlock (C:\Users\ch\aszune\aszune-ai-bot\node_modules\jest-circus\build\run.js:121:9)
    at run (C:\Users\ch\aszune\aszune-ai-bot\node_modules\jest-circus\build\run.js:71:3)
    at runAndTransformResultsToJestFormat (C:\Users\ch\aszune\aszune-ai-bot\node_modules\jest-circus\build\legacy-code-todo-rewrite\jestAdapterInit.js:122:21)
    at jestAdapter (C:\Users\ch\aszune\aszune-ai-bot\node_modules\jest-circus\build\legacy-code-todo-rewrite\jestAdapter.js:79:19)
    at runTestInternal (C:\Users\ch\aszune\aszune-ai-bot\node_modules\jest-runner\build\runTest.js:367:16)
    at runTest (C:\Users\ch\aszune\aszune-ai-bot\node_modules\jest-runner\build\runTest.js:444:34)
    at Object.worker (C:\Users\ch\aszune\aszune-ai-bot\node_modules\jest-runner\build\testWorker.js:106:12)</failure>
    </testcase>
    <testcase classname="InputValidator - General Validation sanitizeInput should sanitize HTML content" name="InputValidator - General Validation sanitizeInput should sanitize HTML content" time="0.002">
      <failure>TypeError: InputValidator.sanitizeInput is not a function
    at Object.sanitizeInput (C:\Users\ch\aszune\aszune-ai-bot\__tests__\unit\input-validator-validation.test.js:104:37)
    at Promise.then.completed (C:\Users\ch\aszune\aszune-ai-bot\node_modules\jest-circus\build\utils.js:298:28)
    at new Promise (&lt;anonymous&gt;)
    at callAsyncCircusFn (C:\Users\ch\aszune\aszune-ai-bot\node_modules\jest-circus\build\utils.js:231:10)
    at _callCircusTest (C:\Users\ch\aszune\aszune-ai-bot\node_modules\jest-circus\build\run.js:316:40)
    at processTicksAndRejections (node:internal/process/task_queues:95:5)
    at _runTest (C:\Users\ch\aszune\aszune-ai-bot\node_modules\jest-circus\build\run.js:252:3)
    at _runTestsForDescribeBlock (C:\Users\ch\aszune\aszune-ai-bot\node_modules\jest-circus\build\run.js:126:9)
    at _runTestsForDescribeBlock (C:\Users\ch\aszune\aszune-ai-bot\node_modules\jest-circus\build\run.js:121:9)
    at _runTestsForDescribeBlock (C:\Users\ch\aszune\aszune-ai-bot\node_modules\jest-circus\build\run.js:121:9)
    at run (C:\Users\ch\aszune\aszune-ai-bot\node_modules\jest-circus\build\run.js:71:3)
    at runAndTransformResultsToJestFormat (C:\Users\ch\aszune\aszune-ai-bot\node_modules\jest-circus\build\legacy-code-todo-rewrite\jestAdapterInit.js:122:21)
    at jestAdapter (C:\Users\ch\aszune\aszune-ai-bot\node_modules\jest-circus\build\legacy-code-todo-rewrite\jestAdapter.js:79:19)
    at runTestInternal (C:\Users\ch\aszune\aszune-ai-bot\node_modules\jest-runner\build\runTest.js:367:16)
    at runTest (C:\Users\ch\aszune\aszune-ai-bot\node_modules\jest-runner\build\runTest.js:444:34)
    at Object.worker (C:\Users\ch\aszune\aszune-ai-bot\node_modules\jest-runner\build\testWorker.js:106:12)</failure>
    </testcase>
    <testcase classname="InputValidator - General Validation sanitizeInput should remove dangerous scripts" name="InputValidator - General Validation sanitizeInput should remove dangerous scripts" time="0.001">
      <failure>TypeError: InputValidator.sanitizeInput is not a function
    at Object.sanitizeInput (C:\Users\ch\aszune\aszune-ai-bot\__tests__\unit\input-validator-validation.test.js:113:37)
    at Promise.then.completed (C:\Users\ch\aszune\aszune-ai-bot\node_modules\jest-circus\build\utils.js:298:28)
    at new Promise (&lt;anonymous&gt;)
    at callAsyncCircusFn (C:\Users\ch\aszune\aszune-ai-bot\node_modules\jest-circus\build\utils.js:231:10)
    at _callCircusTest (C:\Users\ch\aszune\aszune-ai-bot\node_modules\jest-circus\build\run.js:316:40)
    at processTicksAndRejections (node:internal/process/task_queues:95:5)
    at _runTest (C:\Users\ch\aszune\aszune-ai-bot\node_modules\jest-circus\build\run.js:252:3)
    at _runTestsForDescribeBlock (C:\Users\ch\aszune\aszune-ai-bot\node_modules\jest-circus\build\run.js:126:9)
    at _runTestsForDescribeBlock (C:\Users\ch\aszune\aszune-ai-bot\node_modules\jest-circus\build\run.js:121:9)
    at _runTestsForDescribeBlock (C:\Users\ch\aszune\aszune-ai-bot\node_modules\jest-circus\build\run.js:121:9)
    at run (C:\Users\ch\aszune\aszune-ai-bot\node_modules\jest-circus\build\run.js:71:3)
    at runAndTransformResultsToJestFormat (C:\Users\ch\aszune\aszune-ai-bot\node_modules\jest-circus\build\legacy-code-todo-rewrite\jestAdapterInit.js:122:21)
    at jestAdapter (C:\Users\ch\aszune\aszune-ai-bot\node_modules\jest-circus\build\legacy-code-todo-rewrite\jestAdapter.js:79:19)
    at runTestInternal (C:\Users\ch\aszune\aszune-ai-bot\node_modules\jest-runner\build\runTest.js:367:16)
    at runTest (C:\Users\ch\aszune\aszune-ai-bot\node_modules\jest-runner\build\runTest.js:444:34)
    at Object.worker (C:\Users\ch\aszune\aszune-ai-bot\node_modules\jest-runner\build\testWorker.js:106:12)</failure>
    </testcase>
    <testcase classname="InputValidator - General Validation sanitizeInput should preserve safe content" name="InputValidator - General Validation sanitizeInput should preserve safe content" time="0.002">
      <failure>TypeError: InputValidator.sanitizeInput is not a function
    at Object.sanitizeInput (C:\Users\ch\aszune\aszune-ai-bot\__tests__\unit\input-validator-validation.test.js:123:37)
    at Promise.then.completed (C:\Users\ch\aszune\aszune-ai-bot\node_modules\jest-circus\build\utils.js:298:28)
    at new Promise (&lt;anonymous&gt;)
    at callAsyncCircusFn (C:\Users\ch\aszune\aszune-ai-bot\node_modules\jest-circus\build\utils.js:231:10)
    at _callCircusTest (C:\Users\ch\aszune\aszune-ai-bot\node_modules\jest-circus\build\run.js:316:40)
    at processTicksAndRejections (node:internal/process/task_queues:95:5)
    at _runTest (C:\Users\ch\aszune\aszune-ai-bot\node_modules\jest-circus\build\run.js:252:3)
    at _runTestsForDescribeBlock (C:\Users\ch\aszune\aszune-ai-bot\node_modules\jest-circus\build\run.js:126:9)
    at _runTestsForDescribeBlock (C:\Users\ch\aszune\aszune-ai-bot\node_modules\jest-circus\build\run.js:121:9)
    at _runTestsForDescribeBlock (C:\Users\ch\aszune\aszune-ai-bot\node_modules\jest-circus\build\run.js:121:9)
    at run (C:\Users\ch\aszune\aszune-ai-bot\node_modules\jest-circus\build\run.js:71:3)
    at runAndTransformResultsToJestFormat (C:\Users\ch\aszune\aszune-ai-bot\node_modules\jest-circus\build\legacy-code-todo-rewrite\jestAdapterInit.js:122:21)
    at jestAdapter (C:\Users\ch\aszune\aszune-ai-bot\node_modules\jest-circus\build\legacy-code-todo-rewrite\jestAdapter.js:79:19)
    at runTestInternal (C:\Users\ch\aszune\aszune-ai-bot\node_modules\jest-runner\build\runTest.js:367:16)
    at runTest (C:\Users\ch\aszune\aszune-ai-bot\node_modules\jest-runner\build\runTest.js:444:34)
    at Object.worker (C:\Users\ch\aszune\aszune-ai-bot\node_modules\jest-runner\build\testWorker.js:106:12)</failure>
    </testcase>
  </testsuite>
  <testsuite name="InputValidator - User ID" errors="0" failures="2" skipped="0" timestamp="2025-09-24T08:29:04" time="11.38" tests="4">
    <testcase classname="InputValidator - User ID validateUserId should validate correct Discord user IDs" name="InputValidator - User ID validateUserId should validate correct Discord user IDs" time="0.14">
    </testcase>
    <testcase classname="InputValidator - User ID validateUserId should reject invalid user IDs" name="InputValidator - User ID validateUserId should reject invalid user IDs" time="0.03">
      <failure>Error: expect(received).toBe(expected) // Object.is equality

Expected: false
Received: true
    at toBe (C:\Users\ch\aszune\aszune-ai-bot\__tests__\unit\input-validator-userid.test.js:34:30)
    at Array.forEach (&lt;anonymous&gt;)
    at Object.forEach (C:\Users\ch\aszune\aszune-ai-bot\__tests__\unit\input-validator-userid.test.js:32:18)
    at Promise.then.completed (C:\Users\ch\aszune\aszune-ai-bot\node_modules\jest-circus\build\utils.js:298:28)
    at new Promise (&lt;anonymous&gt;)
    at callAsyncCircusFn (C:\Users\ch\aszune\aszune-ai-bot\node_modules\jest-circus\build\utils.js:231:10)
    at _callCircusTest (C:\Users\ch\aszune\aszune-ai-bot\node_modules\jest-circus\build\run.js:316:40)
    at processTicksAndRejections (node:internal/process/task_queues:95:5)
    at _runTest (C:\Users\ch\aszune\aszune-ai-bot\node_modules\jest-circus\build\run.js:252:3)
    at _runTestsForDescribeBlock (C:\Users\ch\aszune\aszune-ai-bot\node_modules\jest-circus\build\run.js:126:9)
    at _runTestsForDescribeBlock (C:\Users\ch\aszune\aszune-ai-bot\node_modules\jest-circus\build\run.js:121:9)
    at _runTestsForDescribeBlock (C:\Users\ch\aszune\aszune-ai-bot\node_modules\jest-circus\build\run.js:121:9)
    at run (C:\Users\ch\aszune\aszune-ai-bot\node_modules\jest-circus\build\run.js:71:3)
    at runAndTransformResultsToJestFormat (C:\Users\ch\aszune\aszune-ai-bot\node_modules\jest-circus\build\legacy-code-todo-rewrite\jestAdapterInit.js:122:21)
    at jestAdapter (C:\Users\ch\aszune\aszune-ai-bot\node_modules\jest-circus\build\legacy-code-todo-rewrite\jestAdapter.js:79:19)
    at runTestInternal (C:\Users\ch\aszune\aszune-ai-bot\node_modules\jest-runner\build\runTest.js:367:16)
    at runTest (C:\Users\ch\aszune\aszune-ai-bot\node_modules\jest-runner\build\runTest.js:444:34)
    at Object.worker (C:\Users\ch\aszune\aszune-ai-bot\node_modules\jest-runner\build\testWorker.js:106:12)</failure>
    </testcase>
    <testcase classname="InputValidator - User ID validateUserId should accept valid user IDs" name="InputValidator - User ID validateUserId should accept valid user IDs" time="0.022">
    </testcase>
    <testcase classname="InputValidator - User ID validateUserId should handle edge cases" name="InputValidator - User ID validateUserId should handle edge cases" time="0.003">
      <failure>Error: expect(received).toBe(expected) // Object.is equality

Expected: false
Received: true
    at toBe (C:\Users\ch\aszune\aszune-ai-bot\__tests__\unit\input-validator-userid.test.js:60:30)
    at Array.forEach (&lt;anonymous&gt;)
    at Object.forEach (C:\Users\ch\aszune\aszune-ai-bot\__tests__\unit\input-validator-userid.test.js:58:17)
    at Promise.then.completed (C:\Users\ch\aszune\aszune-ai-bot\node_modules\jest-circus\build\utils.js:298:28)
    at new Promise (&lt;anonymous&gt;)
    at callAsyncCircusFn (C:\Users\ch\aszune\aszune-ai-bot\node_modules\jest-circus\build\utils.js:231:10)
    at _callCircusTest (C:\Users\ch\aszune\aszune-ai-bot\node_modules\jest-circus\build\run.js:316:40)
    at processTicksAndRejections (node:internal/process/task_queues:95:5)
    at _runTest (C:\Users\ch\aszune\aszune-ai-bot\node_modules\jest-circus\build\run.js:252:3)
    at _runTestsForDescribeBlock (C:\Users\ch\aszune\aszune-ai-bot\node_modules\jest-circus\build\run.js:126:9)
    at _runTestsForDescribeBlock (C:\Users\ch\aszune\aszune-ai-bot\node_modules\jest-circus\build\run.js:121:9)
    at _runTestsForDescribeBlock (C:\Users\ch\aszune\aszune-ai-bot\node_modules\jest-circus\build\run.js:121:9)
    at run (C:\Users\ch\aszune\aszune-ai-bot\node_modules\jest-circus\build\run.js:71:3)
    at runAndTransformResultsToJestFormat (C:\Users\ch\aszune\aszune-ai-bot\node_modules\jest-circus\build\legacy-code-todo-rewrite\jestAdapterInit.js:122:21)
    at jestAdapter (C:\Users\ch\aszune\aszune-ai-bot\node_modules\jest-circus\build\legacy-code-todo-rewrite\jestAdapter.js:79:19)
    at runTestInternal (C:\Users\ch\aszune\aszune-ai-bot\node_modules\jest-runner\build\runTest.js:367:16)
    at runTest (C:\Users\ch\aszune\aszune-ai-bot\node_modules\jest-runner\build\runTest.js:444:34)
    at Object.worker (C:\Users\ch\aszune\aszune-ai-bot\node_modules\jest-runner\build\testWorker.js:106:12)</failure>
    </testcase>
  </testsuite>
  <testsuite name="Commands - Slash Command Handler" errors="0" failures="16" skipped="0" timestamp="2025-09-24T08:29:04" time="13.185" tests="18">
    <testcase classname="Commands - Slash Command Handler handleSlashCommand should handle /help command" name="Commands - Slash Command Handler handleSlashCommand should handle /help command" time="0.153">
    </testcase>
    <testcase classname="Commands - Slash Command Handler handleSlashCommand should handle /clearhistory command" name="Commands - Slash Command Handler handleSlashCommand should handle /clearhistory command" time="0.051">
      <failure>Error: expect(jest.fn()).toHaveBeenCalledWith(...expected)

Expected: &quot;Conversation history cleared!&quot;
Received: &quot;Your conversation history has been cleared.&quot;

Number of calls: 1
    at Object.toHaveBeenCalledWith (C:\Users\ch\aszune\aszune-ai-bot\__tests__\unit\commands-slash-handler.test.js:60:33)
    at processTicksAndRejections (node:internal/process/task_queues:95:5)</failure>
    </testcase>
    <testcase classname="Commands - Slash Command Handler handleSlashCommand should handle /summary command with history" name="Commands - Slash Command Handler handleSlashCommand should handle /summary command with history" time="0.049">
      <failure>Error: expect(jest.fn()).toHaveBeenCalled()

Expected number of calls: &gt;= 1
Received number of calls:    0
    at Object.toHaveBeenCalled (C:\Users\ch\aszune\aszune-ai-bot\__tests__\unit\commands-slash-handler.test.js:73:33)
    at processTicksAndRejections (node:internal/process/task_queues:95:5)</failure>
    </testcase>
    <testcase classname="Commands - Slash Command Handler handleSlashCommand should handle /summary command API error" name="Commands - Slash Command Handler handleSlashCommand should handle /summary command API error" time="0.09">
      <failure>Error: expect(jest.fn()).toHaveBeenCalledWith(...expected)

Expected: StringContaining &quot;error&quot;

Number of calls: 0
    at Object.toHaveBeenCalledWith (C:\Users\ch\aszune\aszune-ai-bot\__tests__\unit\commands-slash-handler.test.js:85:33)
    at processTicksAndRejections (node:internal/process/task_queues:95:5)</failure>
    </testcase>
    <testcase classname="Commands - Slash Command Handler handleSlashCommand should handle /summary command with only assistant messages in history" name="Commands - Slash Command Handler handleSlashCommand should handle /summary command with only assistant messages in history" time="0.004">
      <failure>Error: expect(jest.fn()).toHaveBeenCalledWith(...expected)

Expected: &quot;No conversation history to summarize.&quot;
Received: &quot;No conversation history to summarise.&quot;

Number of calls: 1
    at Object.toHaveBeenCalledWith (C:\Users\ch\aszune\aszune-ai-bot\__tests__\unit\commands-slash-handler.test.js:96:33)
    at processTicksAndRejections (node:internal/process/task_queues:95:5)</failure>
    </testcase>
    <testcase classname="Commands - Slash Command Handler handleSlashCommand should handle /summary command with no history" name="Commands - Slash Command Handler handleSlashCommand should handle /summary command with no history" time="0.019">
      <failure>Error: expect(jest.fn()).toHaveBeenCalledWith(...expected)

Expected: &quot;No conversation history to summarize.&quot;
Received: &quot;No conversation history to summarise.&quot;

Number of calls: 1
    at Object.toHaveBeenCalledWith (C:\Users\ch\aszune\aszune-ai-bot\__tests__\unit\commands-slash-handler.test.js:105:33)
    at processTicksAndRejections (node:internal/process/task_queues:95:5)</failure>
    </testcase>
    <testcase classname="Commands - Slash Command Handler handleSlashCommand should handle /stats command" name="Commands - Slash Command Handler handleSlashCommand should handle /stats command" time="0.006">
      <failure>Error: expect(jest.fn()).toHaveBeenCalledWith(...expected)

Expected: StringContaining &quot;messages&quot;
Received: &quot;**Your Aszai Bot Stats:**
Messages sent: 10
Summaries requested: 2&quot;

Number of calls: 1
    at Object.toHaveBeenCalledWith (C:\Users\ch\aszune\aszune-ai-bot\__tests__\unit\commands-slash-handler.test.js:113:33)
    at processTicksAndRejections (node:internal/process/task_queues:95:5)</failure>
    </testcase>
    <testcase classname="Commands - Slash Command Handler handleSlashCommand should handle /summarise command with text" name="Commands - Slash Command Handler handleSlashCommand should handle /summarise command with text" time="0.006">
      <failure>Error: expect(jest.fn()).toHaveBeenCalledWith(...expected)

Expected: &quot;Hello world&quot;

Number of calls: 0
    at Object.toHaveBeenCalledWith (C:\Users\ch\aszune\aszune-ai-bot\__tests__\unit\commands-slash-handler.test.js:126:49)
    at processTicksAndRejections (node:internal/process/task_queues:95:5)</failure>
    </testcase>
    <testcase classname="Commands - Slash Command Handler handleSlashCommand should handle /summarise command without text" name="Commands - Slash Command Handler handleSlashCommand should handle /summarise command without text" time="0.021">
      <failure>Error: expect(jest.fn()).toHaveBeenCalledWith(...expected)

Expected: &quot;Please provide text to summarize.&quot;
Received: &quot;Please provide the text you want summarised. Usage: `!summarise &lt;text&gt;` or `!summerise &lt;text&gt;`&quot;

Number of calls: 1
    at Object.toHaveBeenCalledWith (C:\Users\ch\aszune\aszune-ai-bot\__tests__\unit\commands-slash-handler.test.js:140:33)
    at processTicksAndRejections (node:internal/process/task_queues:95:5)</failure>
    </testcase>
    <testcase classname="Commands - Slash Command Handler handleSlashCommand should handle /summarise command with empty text" name="Commands - Slash Command Handler handleSlashCommand should handle /summarise command with empty text" time="0.004">
      <failure>Error: expect(jest.fn()).toHaveBeenCalledWith(...expected)

Expected: &quot;Please provide text to summarize.&quot;
Received: &quot;Please provide the text you want summarised. Usage: `!summarise &lt;text&gt;` or `!summerise &lt;text&gt;`&quot;

Number of calls: 1
    at Object.toHaveBeenCalledWith (C:\Users\ch\aszune\aszune-ai-bot\__tests__\unit\commands-slash-handler.test.js:153:33)
    at processTicksAndRejections (node:internal/process/task_queues:95:5)</failure>
    </testcase>
    <testcase classname="Commands - Slash Command Handler handleSlashCommand should handle /summarise command with invalid text" name="Commands - Slash Command Handler handleSlashCommand should handle /summarise command with invalid text" time="0.005">
      <failure>Error: expect(jest.fn()).toHaveBeenCalledWith(...expected)

Expected: StringContaining &quot;invalid&quot;
Received: &quot;❌ Invalid text input: Message contains potentially dangerous content&quot;

Number of calls: 1
    at Object.toHaveBeenCalledWith (C:\Users\ch\aszune\aszune-ai-bot\__tests__\unit\commands-slash-handler.test.js:166:33)
    at processTicksAndRejections (node:internal/process/task_queues:95:5)</failure>
    </testcase>
    <testcase classname="Commands - Slash Command Handler handleSlashCommand should handle /summarise command API error" name="Commands - Slash Command Handler handleSlashCommand should handle /summarise command API error" time="0.002">
      <failure>Error: expect(jest.fn()).toHaveBeenCalledWith(...expected)

Expected: StringContaining &quot;error&quot;

Number of calls: 0
    at Object.toHaveBeenCalledWith (C:\Users\ch\aszune\aszune-ai-bot\__tests__\unit\commands-slash-handler.test.js:180:33)
    at processTicksAndRejections (node:internal/process/task_queues:95:5)</failure>
    </testcase>
    <testcase classname="Commands - Slash Command Handler handleSlashCommand should handle command execution error when not deferred" name="Commands - Slash Command Handler handleSlashCommand should handle command execution error when not deferred" time="0.005">
      <failure>Error: Reply failed
    at Object.&lt;anonymous&gt; (C:\Users\ch\aszune\aszune-ai-bot\__tests__\unit\commands-slash-handler.test.js:185:43)
    at Promise.then.completed (C:\Users\ch\aszune\aszune-ai-bot\node_modules\jest-circus\build\utils.js:298:28)
    at new Promise (&lt;anonymous&gt;)
    at callAsyncCircusFn (C:\Users\ch\aszune\aszune-ai-bot\node_modules\jest-circus\build\utils.js:231:10)
    at _callCircusTest (C:\Users\ch\aszune\aszune-ai-bot\node_modules\jest-circus\build\run.js:316:40)
    at processTicksAndRejections (node:internal/process/task_queues:95:5)
    at _runTest (C:\Users\ch\aszune\aszune-ai-bot\node_modules\jest-circus\build\run.js:252:3)
    at _runTestsForDescribeBlock (C:\Users\ch\aszune\aszune-ai-bot\node_modules\jest-circus\build\run.js:126:9)
    at _runTestsForDescribeBlock (C:\Users\ch\aszune\aszune-ai-bot\node_modules\jest-circus\build\run.js:121:9)
    at _runTestsForDescribeBlock (C:\Users\ch\aszune\aszune-ai-bot\node_modules\jest-circus\build\run.js:121:9)
    at run (C:\Users\ch\aszune\aszune-ai-bot\node_modules\jest-circus\build\run.js:71:3)
    at runAndTransformResultsToJestFormat (C:\Users\ch\aszune\aszune-ai-bot\node_modules\jest-circus\build\legacy-code-todo-rewrite\jestAdapterInit.js:122:21)
    at jestAdapter (C:\Users\ch\aszune\aszune-ai-bot\node_modules\jest-circus\build\legacy-code-todo-rewrite\jestAdapter.js:79:19)
    at runTestInternal (C:\Users\ch\aszune\aszune-ai-bot\node_modules\jest-runner\build\runTest.js:367:16)
    at runTest (C:\Users\ch\aszune\aszune-ai-bot\node_modules\jest-runner\build\runTest.js:444:34)
    at Object.worker (C:\Users\ch\aszune\aszune-ai-bot\node_modules\jest-runner\build\testWorker.js:106:12)</failure>
    </testcase>
    <testcase classname="Commands - Slash Command Handler handleSlashCommand should handle unknown command" name="Commands - Slash Command Handler handleSlashCommand should handle unknown command" time="0.007">
      <failure>Error: expect(jest.fn()).toHaveBeenCalledWith(...expected)

Expected: &quot;Unknown command.&quot;
Received: {&quot;content&quot;: &quot;Unknown command&quot;, &quot;ephemeral&quot;: true}

Number of calls: 1
    at Object.toHaveBeenCalledWith (C:\Users\ch\aszune\aszune-ai-bot\__tests__\unit\commands-slash-handler.test.js:196:33)
    at processTicksAndRejections (node:internal/process/task_queues:95:5)</failure>
    </testcase>
    <testcase classname="Commands - Slash Command Handler handleSlashCommand should handle command execution error" name="Commands - Slash Command Handler handleSlashCommand should handle command execution error" time="0.003">
      <failure>Error: Reply failed
    at Object.&lt;anonymous&gt; (C:\Users\ch\aszune\aszune-ai-bot\__tests__\unit\commands-slash-handler.test.js:201:43)
    at Promise.then.completed (C:\Users\ch\aszune\aszune-ai-bot\node_modules\jest-circus\build\utils.js:298:28)
    at new Promise (&lt;anonymous&gt;)
    at callAsyncCircusFn (C:\Users\ch\aszune\aszune-ai-bot\node_modules\jest-circus\build\utils.js:231:10)
    at _callCircusTest (C:\Users\ch\aszune\aszune-ai-bot\node_modules\jest-circus\build\run.js:316:40)
    at processTicksAndRejections (node:internal/process/task_queues:95:5)
    at _runTest (C:\Users\ch\aszune\aszune-ai-bot\node_modules\jest-circus\build\run.js:252:3)
    at _runTestsForDescribeBlock (C:\Users\ch\aszune\aszune-ai-bot\node_modules\jest-circus\build\run.js:126:9)
    at _runTestsForDescribeBlock (C:\Users\ch\aszune\aszune-ai-bot\node_modules\jest-circus\build\run.js:121:9)
    at _runTestsForDescribeBlock (C:\Users\ch\aszune\aszune-ai-bot\node_modules\jest-circus\build\run.js:121:9)
    at run (C:\Users\ch\aszune\aszune-ai-bot\node_modules\jest-circus\build\run.js:71:3)
    at runAndTransformResultsToJestFormat (C:\Users\ch\aszune\aszune-ai-bot\node_modules\jest-circus\build\legacy-code-todo-rewrite\jestAdapterInit.js:122:21)
    at jestAdapter (C:\Users\ch\aszune\aszune-ai-bot\node_modules\jest-circus\build\legacy-code-todo-rewrite\jestAdapter.js:79:19)
    at runTestInternal (C:\Users\ch\aszune\aszune-ai-bot\node_modules\jest-runner\build\runTest.js:367:16)
    at runTest (C:\Users\ch\aszune\aszune-ai-bot\node_modules\jest-runner\build\runTest.js:444:34)
    at Object.worker (C:\Users\ch\aszune\aszune-ai-bot\node_modules\jest-runner\build\testWorker.js:106:12)</failure>
    </testcase>
    <testcase classname="Commands - Slash Command Handler handleSlashCommand should handle slash command with invalid user ID" name="Commands - Slash Command Handler handleSlashCommand should handle slash command with invalid user ID" time="0.003">
    </testcase>
    <testcase classname="Commands - Slash Command Handler handleSlashCommand should handle slash command when already replied" name="Commands - Slash Command Handler handleSlashCommand should handle slash command when already replied" time="0.004">
      <failure>Error: expect(jest.fn()).not.toHaveBeenCalled()

Expected number of calls: 0
Received number of calls: 1

1: &quot;**Aszai Bot Commands:**
`/help` or `!help` - Show this help message
`/clearhistory` or `!clearhistory` - Clear your conversation history
`/summary` or `!summary` - Summarise your current conversation
`/summarise` or `!summarise &lt;text&gt;` or `!summerise &lt;text&gt;` - Summarise provided text
`/stats` or `!stats` - Show your usage stats
Simply chat as normal to talk to the bot!&quot;
    at Object.toHaveBeenCalled (C:\Users\ch\aszune\aszune-ai-bot\__tests__\unit\commands-slash-handler.test.js:225:37)
    at processTicksAndRejections (node:internal/process/task_queues:95:5)</failure>
    </testcase>
    <testcase classname="Commands - Slash Command Handler handleSlashCommand should handle slash command when already deferred and replied" name="Commands - Slash Command Handler handleSlashCommand should handle slash command when already deferred and replied" time="0.002">
      <failure>Error: expect(jest.fn()).not.toHaveBeenCalled()

Expected number of calls: 0
Received number of calls: 1

1: &quot;**Aszai Bot Commands:**
`/help` or `!help` - Show this help message
`/clearhistory` or `!clearhistory` - Clear your conversation history
`/summary` or `!summary` - Summarise your current conversation
`/summarise` or `!summarise &lt;text&gt;` or `!summerise &lt;text&gt;` - Summarise provided text
`/stats` or `!stats` - Show your usage stats
Simply chat as normal to talk to the bot!&quot;
    at Object.toHaveBeenCalled (C:\Users\ch\aszune\aszune-ai-bot\__tests__\unit\commands-slash-handler.test.js:235:37)
    at processTicksAndRejections (node:internal/process/task_queues:95:5)</failure>
    </testcase>
  </testsuite>
  <testsuite name="Memory Monitor - Utils" errors="0" failures="5" skipped="0" timestamp="2025-09-24T08:29:03" time="12.666" tests="6">
    <testcase classname="Memory Monitor - Utils should return memory usage information" name="Memory Monitor - Utils should return memory usage information" time="0.151">
      <failure>Error: expect(received).toHaveProperty(path)

Expected path: &quot;heapUsedPercent&quot;
Received path: []

Received value: {&quot;external&quot;: 10485760, &quot;heapTotal&quot;: 83886080, &quot;heapUsed&quot;: 52428800, &quot;isLowMemory&quot;: false, &quot;percentUsed&quot;: 25, &quot;rss&quot;: 104857600}
    at Object.toHaveProperty (C:\Users\ch\aszune\aszune-ai-bot\__tests__\unit\memory-monitor-utils.test.js:64:19)
    at Promise.then.completed (C:\Users\ch\aszune\aszune-ai-bot\node_modules\jest-circus\build\utils.js:298:28)
    at new Promise (&lt;anonymous&gt;)
    at callAsyncCircusFn (C:\Users\ch\aszune\aszune-ai-bot\node_modules\jest-circus\build\utils.js:231:10)
    at _callCircusTest (C:\Users\ch\aszune\aszune-ai-bot\node_modules\jest-circus\build\run.js:316:40)
    at processTicksAndRejections (node:internal/process/task_queues:95:5)
    at _runTest (C:\Users\ch\aszune\aszune-ai-bot\node_modules\jest-circus\build\run.js:252:3)
    at _runTestsForDescribeBlock (C:\Users\ch\aszune\aszune-ai-bot\node_modules\jest-circus\build\run.js:126:9)
    at _runTestsForDescribeBlock (C:\Users\ch\aszune\aszune-ai-bot\node_modules\jest-circus\build\run.js:121:9)
    at run (C:\Users\ch\aszune\aszune-ai-bot\node_modules\jest-circus\build\run.js:71:3)
    at runAndTransformResultsToJestFormat (C:\Users\ch\aszune\aszune-ai-bot\node_modules\jest-circus\build\legacy-code-todo-rewrite\jestAdapterInit.js:122:21)
    at jestAdapter (C:\Users\ch\aszune\aszune-ai-bot\node_modules\jest-circus\build\legacy-code-todo-rewrite\jestAdapter.js:79:19)
    at runTestInternal (C:\Users\ch\aszune\aszune-ai-bot\node_modules\jest-runner\build\runTest.js:367:16)
    at runTest (C:\Users\ch\aszune\aszune-ai-bot\node_modules\jest-runner\build\runTest.js:444:34)
    at Object.worker (C:\Users\ch\aszune\aszune-ai-bot\node_modules\jest-runner\build\testWorker.js:106:12)</failure>
    </testcase>
    <testcase classname="Memory Monitor - Utils should calculate memory usage percentage correctly" name="Memory Monitor - Utils should calculate memory usage percentage correctly" time="0.017">
      <failure>Error: expect(received).toBe(expected) // Object.is equality

Expected: 25
Received: undefined
    at Object.toBe (C:\Users\ch\aszune\aszune-ai-bot\__tests__\unit\memory-monitor-utils.test.js:71:35)
    at Promise.then.completed (C:\Users\ch\aszune\aszune-ai-bot\node_modules\jest-circus\build\utils.js:298:28)
    at new Promise (&lt;anonymous&gt;)
    at callAsyncCircusFn (C:\Users\ch\aszune\aszune-ai-bot\node_modules\jest-circus\build\utils.js:231:10)
    at _callCircusTest (C:\Users\ch\aszune\aszune-ai-bot\node_modules\jest-circus\build\run.js:316:40)
    at processTicksAndRejections (node:internal/process/task_queues:95:5)
    at _runTest (C:\Users\ch\aszune\aszune-ai-bot\node_modules\jest-circus\build\run.js:252:3)
    at _runTestsForDescribeBlock (C:\Users\ch\aszune\aszune-ai-bot\node_modules\jest-circus\build\run.js:126:9)
    at _runTestsForDescribeBlock (C:\Users\ch\aszune\aszune-ai-bot\node_modules\jest-circus\build\run.js:121:9)
    at run (C:\Users\ch\aszune\aszune-ai-bot\node_modules\jest-circus\build\run.js:71:3)
    at runAndTransformResultsToJestFormat (C:\Users\ch\aszune\aszune-ai-bot\node_modules\jest-circus\build\legacy-code-todo-rewrite\jestAdapterInit.js:122:21)
    at jestAdapter (C:\Users\ch\aszune\aszune-ai-bot\node_modules\jest-circus\build\legacy-code-todo-rewrite\jestAdapter.js:79:19)
    at runTestInternal (C:\Users\ch\aszune\aszune-ai-bot\node_modules\jest-runner\build\runTest.js:367:16)
    at runTest (C:\Users\ch\aszune\aszune-ai-bot\node_modules\jest-runner\build\runTest.js:444:34)
    at Object.worker (C:\Users\ch\aszune\aszune-ai-bot\node_modules\jest-runner\build\testWorker.js:106:12)</failure>
    </testcase>
    <testcase classname="Memory Monitor - Utils should handle memory usage errors" name="Memory Monitor - Utils should handle memory usage errors" time="0.004">
      <failure>TypeError: Cannot read properties of undefined (reading &apos;message&apos;)
    at MemoryMonitor.message [as getMemoryUsage] (C:\Users\ch\aszune\aszune-ai-bot\src\utils\memory-monitor.js:145:57)
    at Object.getMemoryUsage (C:\Users\ch\aszune\aszune-ai-bot\__tests__\unit\memory-monitor-utils.test.js:80:33)
    at Promise.then.completed (C:\Users\ch\aszune\aszune-ai-bot\node_modules\jest-circus\build\utils.js:298:28)
    at new Promise (&lt;anonymous&gt;)
    at callAsyncCircusFn (C:\Users\ch\aszune\aszune-ai-bot\node_modules\jest-circus\build\utils.js:231:10)
    at _callCircusTest (C:\Users\ch\aszune\aszune-ai-bot\node_modules\jest-circus\build\run.js:316:40)
    at processTicksAndRejections (node:internal/process/task_queues:95:5)
    at _runTest (C:\Users\ch\aszune\aszune-ai-bot\node_modules\jest-circus\build\run.js:252:3)
    at _runTestsForDescribeBlock (C:\Users\ch\aszune\aszune-ai-bot\node_modules\jest-circus\build\run.js:126:9)
    at _runTestsForDescribeBlock (C:\Users\ch\aszune\aszune-ai-bot\node_modules\jest-circus\build\run.js:121:9)
    at run (C:\Users\ch\aszune\aszune-ai-bot\node_modules\jest-circus\build\run.js:71:3)
    at runAndTransformResultsToJestFormat (C:\Users\ch\aszune\aszune-ai-bot\node_modules\jest-circus\build\legacy-code-todo-rewrite\jestAdapterInit.js:122:21)
    at jestAdapter (C:\Users\ch\aszune\aszune-ai-bot\node_modules\jest-circus\build\legacy-code-todo-rewrite\jestAdapter.js:79:19)
    at runTestInternal (C:\Users\ch\aszune\aszune-ai-bot\node_modules\jest-runner\build\runTest.js:367:16)
    at runTest (C:\Users\ch\aszune\aszune-ai-bot\node_modules\jest-runner\build\runTest.js:444:34)
    at Object.worker (C:\Users\ch\aszune\aszune-ai-bot\node_modules\jest-runner\build\testWorker.js:106:12)</failure>
    </testcase>
    <testcase classname="Memory Monitor - Utils should return status information" name="Memory Monitor - Utils should return status information" time="0.011">
      <failure>Error: expect(received).toHaveProperty(path)

Expected path: &quot;checkIntervalMs&quot;
Received path: []

Received value: {&quot;criticalMemory&quot;: 262144000, &quot;initialized&quot;: true, &quot;isLowMemory&quot;: true, &quot;lastGcTime&quot;: 1234567890, &quot;memoryLimit&quot;: 209715200, &quot;memoryUsage&quot;: {&quot;external&quot;: 10485760, &quot;heapTotal&quot;: 83886080, &quot;heapUsed&quot;: 52428800, &quot;isLowMemory&quot;: true, &quot;percentUsed&quot;: 25, &quot;rss&quot;: 104857600}}
    at Object.toHaveProperty (C:\Users\ch\aszune\aszune-ai-bot\__tests__\unit\memory-monitor-utils.test.js:107:20)
    at Promise.then.completed (C:\Users\ch\aszune\aszune-ai-bot\node_modules\jest-circus\build\utils.js:298:28)
    at new Promise (&lt;anonymous&gt;)
    at callAsyncCircusFn (C:\Users\ch\aszune\aszune-ai-bot\node_modules\jest-circus\build\utils.js:231:10)
    at _callCircusTest (C:\Users\ch\aszune\aszune-ai-bot\node_modules\jest-circus\build\run.js:316:40)
    at processTicksAndRejections (node:internal/process/task_queues:95:5)
    at _runTest (C:\Users\ch\aszune\aszune-ai-bot\node_modules\jest-circus\build\run.js:252:3)
    at _runTestsForDescribeBlock (C:\Users\ch\aszune\aszune-ai-bot\node_modules\jest-circus\build\run.js:126:9)
    at _runTestsForDescribeBlock (C:\Users\ch\aszune\aszune-ai-bot\node_modules\jest-circus\build\run.js:121:9)
    at run (C:\Users\ch\aszune\aszune-ai-bot\node_modules\jest-circus\build\run.js:71:3)
    at runAndTransformResultsToJestFormat (C:\Users\ch\aszune\aszune-ai-bot\node_modules\jest-circus\build\legacy-code-todo-rewrite\jestAdapterInit.js:122:21)
    at jestAdapter (C:\Users\ch\aszune\aszune-ai-bot\node_modules\jest-circus\build\legacy-code-todo-rewrite\jestAdapter.js:79:19)
    at runTestInternal (C:\Users\ch\aszune\aszune-ai-bot\node_modules\jest-runner\build\runTest.js:367:16)
    at runTest (C:\Users\ch\aszune\aszune-ai-bot\node_modules\jest-runner\build\runTest.js:444:34)
    at Object.worker (C:\Users\ch\aszune\aszune-ai-bot\node_modules\jest-runner\build\testWorker.js:106:12)</failure>
    </testcase>
    <testcase classname="Memory Monitor - Utils should handle configuration-based initialization" name="Memory Monitor - Utils should handle configuration-based initialization" time="0.032">
      <failure>Error: expect(jest.fn()).toHaveBeenCalledWith(...expected)

Expected: Any&lt;Function&gt;, 60000

Number of calls: 0
    at Object.toHaveBeenCalledWith (C:\Users\ch\aszune\aszune-ai-bot\__tests__\unit\memory-monitor-utils.test.js:113:25)
    at Promise.then.completed (C:\Users\ch\aszune\aszune-ai-bot\node_modules\jest-circus\build\utils.js:298:28)
    at new Promise (&lt;anonymous&gt;)
    at callAsyncCircusFn (C:\Users\ch\aszune\aszune-ai-bot\node_modules\jest-circus\build\utils.js:231:10)
    at _callCircusTest (C:\Users\ch\aszune\aszune-ai-bot\node_modules\jest-circus\build\run.js:316:40)
    at processTicksAndRejections (node:internal/process/task_queues:95:5)
    at _runTest (C:\Users\ch\aszune\aszune-ai-bot\node_modules\jest-circus\build\run.js:252:3)
    at _runTestsForDescribeBlock (C:\Users\ch\aszune\aszune-ai-bot\node_modules\jest-circus\build\run.js:126:9)
    at _runTestsForDescribeBlock (C:\Users\ch\aszune\aszune-ai-bot\node_modules\jest-circus\build\run.js:121:9)
    at run (C:\Users\ch\aszune\aszune-ai-bot\node_modules\jest-circus\build\run.js:71:3)
    at runAndTransformResultsToJestFormat (C:\Users\ch\aszune\aszune-ai-bot\node_modules\jest-circus\build\legacy-code-todo-rewrite\jestAdapterInit.js:122:21)
    at jestAdapter (C:\Users\ch\aszune\aszune-ai-bot\node_modules\jest-circus\build\legacy-code-todo-rewrite\jestAdapter.js:79:19)
    at runTestInternal (C:\Users\ch\aszune\aszune-ai-bot\node_modules\jest-runner\build\runTest.js:367:16)
    at runTest (C:\Users\ch\aszune\aszune-ai-bot\node_modules\jest-runner\build\runTest.js:444:34)
    at Object.worker (C:\Users\ch\aszune\aszune-ai-bot\node_modules\jest-runner\build\testWorker.js:106:12)</failure>
    </testcase>
    <testcase classname="Memory Monitor - Utils should handle memory threshold detection" name="Memory Monitor - Utils should handle memory threshold detection" time="0.683">
    </testcase>
  </testsuite>
  <testsuite name="Pi Detector - Config Generation" errors="0" failures="8" skipped="0" timestamp="2025-09-24T08:29:03" time="11.849" tests="8">
    <testcase classname="Pi Detector - Config Generation generateOptimizedConfig should generate config for Pi 4 with 2GB" name="Pi Detector - Config Generation generateOptimizedConfig should generate config for Pi 4 with 2GB" time="0.163">
      <failure>Error: expect(received).toBe(expected) // Object.is equality

Expected: true
Received: false
    at Object.toBe (C:\Users\ch\aszune\aszune-ai-bot\__tests__\unit\pi-detector-config.test.js:38:35)
    at Promise.then.completed (C:\Users\ch\aszune\aszune-ai-bot\node_modules\jest-circus\build\utils.js:298:28)
    at new Promise (&lt;anonymous&gt;)
    at callAsyncCircusFn (C:\Users\ch\aszune\aszune-ai-bot\node_modules\jest-circus\build\utils.js:231:10)
    at _callCircusTest (C:\Users\ch\aszune\aszune-ai-bot\node_modules\jest-circus\build\run.js:316:40)
    at processTicksAndRejections (node:internal/process/task_queues:95:5)
    at _runTest (C:\Users\ch\aszune\aszune-ai-bot\node_modules\jest-circus\build\run.js:252:3)
    at _runTestsForDescribeBlock (C:\Users\ch\aszune\aszune-ai-bot\node_modules\jest-circus\build\run.js:126:9)
    at _runTestsForDescribeBlock (C:\Users\ch\aszune\aszune-ai-bot\node_modules\jest-circus\build\run.js:121:9)
    at _runTestsForDescribeBlock (C:\Users\ch\aszune\aszune-ai-bot\node_modules\jest-circus\build\run.js:121:9)
    at run (C:\Users\ch\aszune\aszune-ai-bot\node_modules\jest-circus\build\run.js:71:3)
    at runAndTransformResultsToJestFormat (C:\Users\ch\aszune\aszune-ai-bot\node_modules\jest-circus\build\legacy-code-todo-rewrite\jestAdapterInit.js:122:21)
    at jestAdapter (C:\Users\ch\aszune\aszune-ai-bot\node_modules\jest-circus\build\legacy-code-todo-rewrite\jestAdapter.js:79:19)
    at runTestInternal (C:\Users\ch\aszune\aszune-ai-bot\node_modules\jest-runner\build\runTest.js:367:16)
    at runTest (C:\Users\ch\aszune\aszune-ai-bot\node_modules\jest-runner\build\runTest.js:444:34)
    at Object.worker (C:\Users\ch\aszune\aszune-ai-bot\node_modules\jest-runner\build\testWorker.js:106:12)</failure>
    </testcase>
    <testcase classname="Pi Detector - Config Generation generateOptimizedConfig should generate config for Pi 4 with 1GB" name="Pi Detector - Config Generation generateOptimizedConfig should generate config for Pi 4 with 1GB" time="0.006">
      <failure>Error: expect(received).toBe(expected) // Object.is equality

Expected: true
Received: false
    at Object.toBe (C:\Users\ch\aszune\aszune-ai-bot\__tests__\unit\pi-detector-config.test.js:55:35)
    at Promise.then.completed (C:\Users\ch\aszune\aszune-ai-bot\node_modules\jest-circus\build\utils.js:298:28)
    at new Promise (&lt;anonymous&gt;)
    at callAsyncCircusFn (C:\Users\ch\aszune\aszune-ai-bot\node_modules\jest-circus\build\utils.js:231:10)
    at _callCircusTest (C:\Users\ch\aszune\aszune-ai-bot\node_modules\jest-circus\build\run.js:316:40)
    at processTicksAndRejections (node:internal/process/task_queues:95:5)
    at _runTest (C:\Users\ch\aszune\aszune-ai-bot\node_modules\jest-circus\build\run.js:252:3)
    at _runTestsForDescribeBlock (C:\Users\ch\aszune\aszune-ai-bot\node_modules\jest-circus\build\run.js:126:9)
    at _runTestsForDescribeBlock (C:\Users\ch\aszune\aszune-ai-bot\node_modules\jest-circus\build\run.js:121:9)
    at _runTestsForDescribeBlock (C:\Users\ch\aszune\aszune-ai-bot\node_modules\jest-circus\build\run.js:121:9)
    at run (C:\Users\ch\aszune\aszune-ai-bot\node_modules\jest-circus\build\run.js:71:3)
    at runAndTransformResultsToJestFormat (C:\Users\ch\aszune\aszune-ai-bot\node_modules\jest-circus\build\legacy-code-todo-rewrite\jestAdapterInit.js:122:21)
    at jestAdapter (C:\Users\ch\aszune\aszune-ai-bot\node_modules\jest-circus\build\legacy-code-todo-rewrite\jestAdapter.js:79:19)
    at runTestInternal (C:\Users\ch\aszune\aszune-ai-bot\node_modules\jest-runner\build\runTest.js:367:16)
    at runTest (C:\Users\ch\aszune\aszune-ai-bot\node_modules\jest-runner\build\runTest.js:444:34)
    at Object.worker (C:\Users\ch\aszune\aszune-ai-bot\node_modules\jest-runner\build\testWorker.js:106:12)</failure>
    </testcase>
    <testcase classname="Pi Detector - Config Generation generateOptimizedConfig should generate config for Pi 4 with 4GB" name="Pi Detector - Config Generation generateOptimizedConfig should generate config for Pi 4 with 4GB" time="0.005">
      <failure>Error: expect(received).toBe(expected) // Object.is equality

Expected: 4
Received: 5
    at Object.toBe (C:\Users\ch\aszune\aszune-ai-bot\__tests__\unit\pi-detector-config.test.js:73:38)
    at Promise.then.completed (C:\Users\ch\aszune\aszune-ai-bot\node_modules\jest-circus\build\utils.js:298:28)
    at new Promise (&lt;anonymous&gt;)
    at callAsyncCircusFn (C:\Users\ch\aszune\aszune-ai-bot\node_modules\jest-circus\build\utils.js:231:10)
    at _callCircusTest (C:\Users\ch\aszune\aszune-ai-bot\node_modules\jest-circus\build\run.js:316:40)
    at processTicksAndRejections (node:internal/process/task_queues:95:5)
    at _runTest (C:\Users\ch\aszune\aszune-ai-bot\node_modules\jest-circus\build\run.js:252:3)
    at _runTestsForDescribeBlock (C:\Users\ch\aszune\aszune-ai-bot\node_modules\jest-circus\build\run.js:126:9)
    at _runTestsForDescribeBlock (C:\Users\ch\aszune\aszune-ai-bot\node_modules\jest-circus\build\run.js:121:9)
    at _runTestsForDescribeBlock (C:\Users\ch\aszune\aszune-ai-bot\node_modules\jest-circus\build\run.js:121:9)
    at run (C:\Users\ch\aszune\aszune-ai-bot\node_modules\jest-circus\build\run.js:71:3)
    at runAndTransformResultsToJestFormat (C:\Users\ch\aszune\aszune-ai-bot\node_modules\jest-circus\build\legacy-code-todo-rewrite\jestAdapterInit.js:122:21)
    at jestAdapter (C:\Users\ch\aszune\aszune-ai-bot\node_modules\jest-circus\build\legacy-code-todo-rewrite\jestAdapter.js:79:19)
    at runTestInternal (C:\Users\ch\aszune\aszune-ai-bot\node_modules\jest-runner\build\runTest.js:367:16)
    at runTest (C:\Users\ch\aszune\aszune-ai-bot\node_modules\jest-runner\build\runTest.js:444:34)
    at Object.worker (C:\Users\ch\aszune\aszune-ai-bot\node_modules\jest-runner\build\testWorker.js:106:12)</failure>
    </testcase>
    <testcase classname="Pi Detector - Config Generation generateOptimizedConfig should generate config for Pi 3" name="Pi Detector - Config Generation generateOptimizedConfig should generate config for Pi 3" time="0.004">
      <failure>Error: expect(received).toBe(expected) // Object.is equality

Expected: 5
Received: undefined
    at Object.toBe (C:\Users\ch\aszune\aszune-ai-bot\__tests__\unit\pi-detector-config.test.js:91:34)
    at Promise.then.completed (C:\Users\ch\aszune\aszune-ai-bot\node_modules\jest-circus\build\utils.js:298:28)
    at new Promise (&lt;anonymous&gt;)
    at callAsyncCircusFn (C:\Users\ch\aszune\aszune-ai-bot\node_modules\jest-circus\build\utils.js:231:10)
    at _callCircusTest (C:\Users\ch\aszune\aszune-ai-bot\node_modules\jest-circus\build\run.js:316:40)
    at processTicksAndRejections (node:internal/process/task_queues:95:5)
    at _runTest (C:\Users\ch\aszune\aszune-ai-bot\node_modules\jest-circus\build\run.js:252:3)
    at _runTestsForDescribeBlock (C:\Users\ch\aszune\aszune-ai-bot\node_modules\jest-circus\build\run.js:126:9)
    at _runTestsForDescribeBlock (C:\Users\ch\aszune\aszune-ai-bot\node_modules\jest-circus\build\run.js:121:9)
    at _runTestsForDescribeBlock (C:\Users\ch\aszune\aszune-ai-bot\node_modules\jest-circus\build\run.js:121:9)
    at run (C:\Users\ch\aszune\aszune-ai-bot\node_modules\jest-circus\build\run.js:71:3)
    at runAndTransformResultsToJestFormat (C:\Users\ch\aszune\aszune-ai-bot\node_modules\jest-circus\build\legacy-code-todo-rewrite\jestAdapterInit.js:122:21)
    at jestAdapter (C:\Users\ch\aszune\aszune-ai-bot\node_modules\jest-circus\build\legacy-code-todo-rewrite\jestAdapter.js:79:19)
    at runTestInternal (C:\Users\ch\aszune\aszune-ai-bot\node_modules\jest-runner\build\runTest.js:367:16)
    at runTest (C:\Users\ch\aszune\aszune-ai-bot\node_modules\jest-runner\build\runTest.js:444:34)
    at Object.worker (C:\Users\ch\aszune\aszune-ai-bot\node_modules\jest-runner\build\testWorker.js:106:12)</failure>
    </testcase>
    <testcase classname="Pi Detector - Config Generation generateOptimizedConfig should generate config for Pi 5 with 4GB" name="Pi Detector - Config Generation generateOptimizedConfig should generate config for Pi 5 with 4GB" time="0.005">
      <failure>Error: expect(received).toBe(expected) // Object.is equality

Expected: 6
Received: 10
    at Object.toBe (C:\Users\ch\aszune\aszune-ai-bot\__tests__\unit\pi-detector-config.test.js:107:38)
    at Promise.then.completed (C:\Users\ch\aszune\aszune-ai-bot\node_modules\jest-circus\build\utils.js:298:28)
    at new Promise (&lt;anonymous&gt;)
    at callAsyncCircusFn (C:\Users\ch\aszune\aszune-ai-bot\node_modules\jest-circus\build\utils.js:231:10)
    at _callCircusTest (C:\Users\ch\aszune\aszune-ai-bot\node_modules\jest-circus\build\run.js:316:40)
    at processTicksAndRejections (node:internal/process/task_queues:95:5)
    at _runTest (C:\Users\ch\aszune\aszune-ai-bot\node_modules\jest-circus\build\run.js:252:3)
    at _runTestsForDescribeBlock (C:\Users\ch\aszune\aszune-ai-bot\node_modules\jest-circus\build\run.js:126:9)
    at _runTestsForDescribeBlock (C:\Users\ch\aszune\aszune-ai-bot\node_modules\jest-circus\build\run.js:121:9)
    at _runTestsForDescribeBlock (C:\Users\ch\aszune\aszune-ai-bot\node_modules\jest-circus\build\run.js:121:9)
    at run (C:\Users\ch\aszune\aszune-ai-bot\node_modules\jest-circus\build\run.js:71:3)
    at runAndTransformResultsToJestFormat (C:\Users\ch\aszune\aszune-ai-bot\node_modules\jest-circus\build\legacy-code-todo-rewrite\jestAdapterInit.js:122:21)
    at jestAdapter (C:\Users\ch\aszune\aszune-ai-bot\node_modules\jest-circus\build\legacy-code-todo-rewrite\jestAdapter.js:79:19)
    at runTestInternal (C:\Users\ch\aszune\aszune-ai-bot\node_modules\jest-runner\build\runTest.js:367:16)
    at runTest (C:\Users\ch\aszune\aszune-ai-bot\node_modules\jest-runner\build\runTest.js:444:34)
    at Object.worker (C:\Users\ch\aszune\aszune-ai-bot\node_modules\jest-runner\build\testWorker.js:106:12)</failure>
    </testcase>
    <testcase classname="Pi Detector - Config Generation generateOptimizedConfig should generate config for Pi 5 with 8GB" name="Pi Detector - Config Generation generateOptimizedConfig should generate config for Pi 5 with 8GB" time="0.024">
      <failure>Error: expect(received).toBe(expected) // Object.is equality

Expected: 8
Received: 10
    at Object.toBe (C:\Users\ch\aszune\aszune-ai-bot\__tests__\unit\pi-detector-config.test.js:124:38)
    at Promise.then.completed (C:\Users\ch\aszune\aszune-ai-bot\node_modules\jest-circus\build\utils.js:298:28)
    at new Promise (&lt;anonymous&gt;)
    at callAsyncCircusFn (C:\Users\ch\aszune\aszune-ai-bot\node_modules\jest-circus\build\utils.js:231:10)
    at _callCircusTest (C:\Users\ch\aszune\aszune-ai-bot\node_modules\jest-circus\build\run.js:316:40)
    at processTicksAndRejections (node:internal/process/task_queues:95:5)
    at _runTest (C:\Users\ch\aszune\aszune-ai-bot\node_modules\jest-circus\build\run.js:252:3)
    at _runTestsForDescribeBlock (C:\Users\ch\aszune\aszune-ai-bot\node_modules\jest-circus\build\run.js:126:9)
    at _runTestsForDescribeBlock (C:\Users\ch\aszune\aszune-ai-bot\node_modules\jest-circus\build\run.js:121:9)
    at _runTestsForDescribeBlock (C:\Users\ch\aszune\aszune-ai-bot\node_modules\jest-circus\build\run.js:121:9)
    at run (C:\Users\ch\aszune\aszune-ai-bot\node_modules\jest-circus\build\run.js:71:3)
    at runAndTransformResultsToJestFormat (C:\Users\ch\aszune\aszune-ai-bot\node_modules\jest-circus\build\legacy-code-todo-rewrite\jestAdapterInit.js:122:21)
    at jestAdapter (C:\Users\ch\aszune\aszune-ai-bot\node_modules\jest-circus\build\legacy-code-todo-rewrite\jestAdapter.js:79:19)
    at runTestInternal (C:\Users\ch\aszune\aszune-ai-bot\node_modules\jest-runner\build\runTest.js:367:16)
    at runTest (C:\Users\ch\aszune\aszune-ai-bot\node_modules\jest-runner\build\runTest.js:444:34)
    at Object.worker (C:\Users\ch\aszune\aszune-ai-bot\node_modules\jest-runner\build\testWorker.js:106:12)</failure>
    </testcase>
    <testcase classname="Pi Detector - Config Generation generateOptimizedConfig should generate config for unknown Pi model" name="Pi Detector - Config Generation generateOptimizedConfig should generate config for unknown Pi model" time="0.003">
      <failure>Error: expect(received).toBe(expected) // Object.is equality

Expected: 10
Received: undefined
    at Object.toBe (C:\Users\ch\aszune\aszune-ai-bot\__tests__\unit\pi-detector-config.test.js:142:34)
    at Promise.then.completed (C:\Users\ch\aszune\aszune-ai-bot\node_modules\jest-circus\build\utils.js:298:28)
    at new Promise (&lt;anonymous&gt;)
    at callAsyncCircusFn (C:\Users\ch\aszune\aszune-ai-bot\node_modules\jest-circus\build\utils.js:231:10)
    at _callCircusTest (C:\Users\ch\aszune\aszune-ai-bot\node_modules\jest-circus\build\run.js:316:40)
    at processTicksAndRejections (node:internal/process/task_queues:95:5)
    at _runTest (C:\Users\ch\aszune\aszune-ai-bot\node_modules\jest-circus\build\run.js:252:3)
    at _runTestsForDescribeBlock (C:\Users\ch\aszune\aszune-ai-bot\node_modules\jest-circus\build\run.js:126:9)
    at _runTestsForDescribeBlock (C:\Users\ch\aszune\aszune-ai-bot\node_modules\jest-circus\build\run.js:121:9)
    at _runTestsForDescribeBlock (C:\Users\ch\aszune\aszune-ai-bot\node_modules\jest-circus\build\run.js:121:9)
    at run (C:\Users\ch\aszune\aszune-ai-bot\node_modules\jest-circus\build\run.js:71:3)
    at runAndTransformResultsToJestFormat (C:\Users\ch\aszune\aszune-ai-bot\node_modules\jest-circus\build\legacy-code-todo-rewrite\jestAdapterInit.js:122:21)
    at jestAdapter (C:\Users\ch\aszune\aszune-ai-bot\node_modules\jest-circus\build\legacy-code-todo-rewrite\jestAdapter.js:79:19)
    at runTestInternal (C:\Users\ch\aszune\aszune-ai-bot\node_modules\jest-runner\build\runTest.js:367:16)
    at runTest (C:\Users\ch\aszune\aszune-ai-bot\node_modules\jest-runner\build\runTest.js:444:34)
    at Object.worker (C:\Users\ch\aszune\aszune-ai-bot\node_modules\jest-runner\build\testWorker.js:106:12)</failure>
    </testcase>
    <testcase classname="Pi Detector - Config Generation generateOptimizedConfig should generate config for non-Pi systems" name="Pi Detector - Config Generation generateOptimizedConfig should generate config for non-Pi systems" time="0.002">
      <failure>Error: expect(received).toBe(expected) // Object.is equality

Expected: false
Received: true
    at Object.toBe (C:\Users\ch\aszune\aszune-ai-bot\__tests__\unit\pi-detector-config.test.js:156:30)
    at Promise.then.completed (C:\Users\ch\aszune\aszune-ai-bot\node_modules\jest-circus\build\utils.js:298:28)
    at new Promise (&lt;anonymous&gt;)
    at callAsyncCircusFn (C:\Users\ch\aszune\aszune-ai-bot\node_modules\jest-circus\build\utils.js:231:10)
    at _callCircusTest (C:\Users\ch\aszune\aszune-ai-bot\node_modules\jest-circus\build\run.js:316:40)
    at processTicksAndRejections (node:internal/process/task_queues:95:5)
    at _runTest (C:\Users\ch\aszune\aszune-ai-bot\node_modules\jest-circus\build\run.js:252:3)
    at _runTestsForDescribeBlock (C:\Users\ch\aszune\aszune-ai-bot\node_modules\jest-circus\build\run.js:126:9)
    at _runTestsForDescribeBlock (C:\Users\ch\aszune\aszune-ai-bot\node_modules\jest-circus\build\run.js:121:9)
    at _runTestsForDescribeBlock (C:\Users\ch\aszune\aszune-ai-bot\node_modules\jest-circus\build\run.js:121:9)
    at run (C:\Users\ch\aszune\aszune-ai-bot\node_modules\jest-circus\build\run.js:71:3)
    at runAndTransformResultsToJestFormat (C:\Users\ch\aszune\aszune-ai-bot\node_modules\jest-circus\build\legacy-code-todo-rewrite\jestAdapterInit.js:122:21)
    at jestAdapter (C:\Users\ch\aszune\aszune-ai-bot\node_modules\jest-circus\build\legacy-code-todo-rewrite\jestAdapter.js:79:19)
    at runTestInternal (C:\Users\ch\aszune\aszune-ai-bot\node_modules\jest-runner\build\runTest.js:367:16)
    at runTest (C:\Users\ch\aszune\aszune-ai-bot\node_modules\jest-runner\build\runTest.js:444:34)
    at Object.worker (C:\Users\ch\aszune\aszune-ai-bot\node_modules\jest-runner\build\testWorker.js:106:12)</failure>
    </testcase>
  </testsuite>
  <testsuite name="Memory Monitor - Checking" errors="0" failures="3" skipped="0" timestamp="2025-09-24T08:29:03" time="13.899" tests="8">
    <testcase classname="Memory Monitor - Checking should trigger garbage collection when memory exceeds limit" name="Memory Monitor - Checking should trigger garbage collection when memory exceeds limit" time="0.89">
    </testcase>
    <testcase classname="Memory Monitor - Checking should clear low memory flag when memory usage drops" name="Memory Monitor - Checking should clear low memory flag when memory usage drops" time="0.005">
    </testcase>
    <testcase classname="Memory Monitor - Checking should handle critical memory threshold" name="Memory Monitor - Checking should handle critical memory threshold" time="0.03">
      <failure>Error: expect(jest.fn()).toHaveBeenCalledWith(...expected)

Expected: Any&lt;Error&gt;, &quot;Memory usage exceeded critical threshold&quot;

Number of calls: 0
    at Object.toHaveBeenCalledWith (C:\Users\ch\aszune\aszune-ai-bot\__tests__\unit\memory-monitor-checking.test.js:102:22)
    at Promise.then.completed (C:\Users\ch\aszune\aszune-ai-bot\node_modules\jest-circus\build\utils.js:298:28)
    at new Promise (&lt;anonymous&gt;)
    at callAsyncCircusFn (C:\Users\ch\aszune\aszune-ai-bot\node_modules\jest-circus\build\utils.js:231:10)
    at _callCircusTest (C:\Users\ch\aszune\aszune-ai-bot\node_modules\jest-circus\build\run.js:316:40)
    at processTicksAndRejections (node:internal/process/task_queues:95:5)
    at _runTest (C:\Users\ch\aszune\aszune-ai-bot\node_modules\jest-circus\build\run.js:252:3)
    at _runTestsForDescribeBlock (C:\Users\ch\aszune\aszune-ai-bot\node_modules\jest-circus\build\run.js:126:9)
    at _runTestsForDescribeBlock (C:\Users\ch\aszune\aszune-ai-bot\node_modules\jest-circus\build\run.js:121:9)
    at run (C:\Users\ch\aszune\aszune-ai-bot\node_modules\jest-circus\build\run.js:71:3)
    at runAndTransformResultsToJestFormat (C:\Users\ch\aszune\aszune-ai-bot\node_modules\jest-circus\build\legacy-code-todo-rewrite\jestAdapterInit.js:122:21)
    at jestAdapter (C:\Users\ch\aszune\aszune-ai-bot\node_modules\jest-circus\build\legacy-code-todo-rewrite\jestAdapter.js:79:19)
    at runTestInternal (C:\Users\ch\aszune\aszune-ai-bot\node_modules\jest-runner\build\runTest.js:367:16)
    at runTest (C:\Users\ch\aszune\aszune-ai-bot\node_modules\jest-runner\build\runTest.js:444:34)
    at Object.worker (C:\Users\ch\aszune\aszune-ai-bot\node_modules\jest-runner\build\testWorker.js:106:12)</failure>
    </testcase>
[...]
    at runTestInternal (C:\Users\ch\aszune\aszune-ai-bot\node_modules\jest-runner\build\runTest.js:367:16)
    at runTest (C:\Users\ch\aszune\aszune-ai-bot\node_modules\jest-runner\build\runTest.js:444:34)
    at Object.worker (C:\Users\ch\aszune\aszune-ai-bot\node_modules\jest-runner\build\testWorker.js:106:12)</failure>
    </testcase>
  </testsuite>
  <testsuite name="Discord.js mock" errors="0" failures="0" skipped="0" timestamp="2025-09-24T08:29:33" time="0.939" tests="3">
    <testcase classname="Discord.js mock Client mock exists" name="Discord.js mock Client mock exists" time="0.003">
    </testcase>
    <testcase classname="Discord.js mock Client mock has required methods" name="Discord.js mock Client mock has required methods" time="0.004">
    </testcase>
    <testcase classname="Discord.js mock SlashCommandBuilder mock exists" name="Discord.js mock SlashCommandBuilder mock exists" time="0.001">
    </testcase>
  </testsuite>
  <testsuite name="Undici Mock" errors="0" failures="0" skipped="0" timestamp="2025-09-24T08:29:33" time="0.959" tests="1">
    <testcase classname="Undici Mock should exist" name="Undici Mock should exist" time="0.003">
    </testcase>
  </testsuite>
  <testsuite name="EmojiManager" errors="0" failures="0" skipped="0" timestamp="2025-09-24T08:29:33" time="0.935" tests="7">
    <testcase classname="EmojiManager adds emojis to response based on keywords" name="EmojiManager adds emojis to response based on keywords" time="0.003">
    </testcase>
    <testcase classname="EmojiManager adds multiple emojis when multiple keywords are found" name="EmojiManager adds multiple emojis when multiple keywords are found" time="0.008">
    </testcase>
    <testcase classname="EmojiManager does not add emojis when no keywords are found" name="EmojiManager does not add emojis when no keywords are found" time="0.003">
    </testcase>
    <testcase classname="EmojiManager gets reactions for a message based on keywords" name="EmojiManager gets reactions for a message based on keywords" time="0.002">
    </testcase>
    <testcase classname="EmojiManager returns empty array when no reaction keywords are found" name="EmojiManager returns empty array when no reaction keywords are found" time="0.002">
    </testcase>
    <testcase classname="EmojiManager adds reactions to a message" name="EmojiManager adds reactions to a message" time="0.003">
    </testcase>
    <testcase classname="EmojiManager handles errors when adding reactions" name="EmojiManager handles errors when adding reactions" time="0.019">
    </testcase>
  </testsuite>
  <testsuite name="Discord.js mock" errors="0" failures="0" skipped="0" timestamp="2025-09-24T08:29:33" time="1.032" tests="3">
    <testcase classname="Discord.js mock Client mock exists" name="Discord.js mock Client mock exists" time="0.007">
    </testcase>
    <testcase classname="Discord.js mock Client mock has required methods" name="Discord.js mock Client mock has required methods" time="0.003">
    </testcase>
    <testcase classname="Discord.js mock SlashCommandBuilder mock exists" name="Discord.js mock SlashCommandBuilder mock exists" time="0.001">
    </testcase>
  </testsuite>
  <testsuite name="Command Handling - Advanced" errors="0" failures="0" skipped="0" timestamp="2025-09-24T08:29:23" time="11.31" tests="12">
    <testcase classname="Command Handling - Advanced !summarise command with text parameter" name="Command Handling - Advanced !summarise command with text parameter" time="0.013">
    </testcase>
    <testcase classname="Command Handling - Advanced !summerise command with text parameter (alternative spelling)" name="Command Handling - Advanced !summerise command with text parameter (alternative spelling)" time="0.003">
    </testcase>
    <testcase classname="Command Handling - Advanced handles empty summarise command" name="Command Handling - Advanced handles empty summarise command" time="0.001">
    </testcase>
    <testcase classname="Command Handling - Advanced handles summarise command with only whitespace" name="Command Handling - Advanced handles summarise command with only whitespace" time="0.003">
    </testcase>
    <testcase classname="Command Handling - Advanced handles very long text in summarise command" name="Command Handling - Advanced handles very long text in summarise command" time="0.004">
    </testcase>
    <testcase classname="Command Handling - Advanced handles special characters in summarise command" name="Command Handling - Advanced handles special characters in summarise command" time="0.004">
    </testcase>
    <testcase classname="Command Handling - Advanced handles multiline text in summarise command" name="Command Handling - Advanced handles multiline text in summarise command" time="0.002">
    </testcase>
    <testcase classname="Command Handling - Advanced handles command with extra parameters" name="Command Handling - Advanced handles command with extra parameters" time="0.004">
    </testcase>
    <testcase classname="Command Handling - Advanced handles case insensitive commands" name="Command Handling - Advanced handles case insensitive commands" time="0.005">
    </testcase>
    <testcase classname="Command Handling - Advanced handles command with markdown formatting" name="Command Handling - Advanced handles command with markdown formatting" time="0.001">
    </testcase>
    <testcase classname="Command Handling - Advanced handles command with URLs" name="Command Handling - Advanced handles command with URLs" time="0.011">
    </testcase>
    <testcase classname="Command Handling - Advanced handles command with emojis" name="Command Handling - Advanced handles command with emojis" time="0.004">
    </testcase>
  </testsuite>
  <testsuite name="Discord mock" errors="0" failures="0" skipped="0" timestamp="2025-09-24T08:29:33" time="0.969" tests="1">
    <testcase classname="Discord mock Mock is valid" name="Discord mock Mock is valid" time="0.002">
    </testcase>
  </testsuite>
  <testsuite name="Command Handling - Basic" errors="0" failures="0" skipped="0" timestamp="2025-09-24T08:29:23" time="11.322" tests="6">
    <testcase classname="Command Handling - Basic responds to !clearhistory and clears the conversation history" name="Command Handling - Basic responds to !clearhistory and clears the conversation history" time="0.011">
    </testcase>
    <testcase classname="Command Handling - Basic !help command replies with help message" name="Command Handling - Basic !help command replies with help message" time="0.004">
    </testcase>
    <testcase classname="Command Handling - Basic !summary command replies with summary message" name="Command Handling - Basic !summary command replies with summary message" time="0.005">
    </testcase>
    <testcase classname="Command Handling - Basic !stats command replies with stats message" name="Command Handling - Basic !stats command replies with stats message" time="0.011">
    </testcase>
    <testcase classname="Command Handling - Basic handles unknown commands gracefully" name="Command Handling - Basic handles unknown commands gracefully" time="0.004">
    </testcase>
    <testcase classname="Command Handling - Basic ignores messages that do not start with !" name="Command Handling - Basic ignores messages that do not start with !" time="0.004">
    </testcase>
  </testsuite>
  <testsuite name="Message flow" errors="0" failures="0" skipped="0" timestamp="2025-09-24T08:29:34" time="0.985" tests="1">
    <testcase classname="Message flow adds user and assistant messages to conversationHistory" name="Message flow adds user and assistant messages to conversationHistory" time="0.009">
    </testcase>
  </testsuite>
  <testsuite name="EnhancedCache - Statistics" errors="0" failures="5" skipped="0" timestamp="2025-09-24T08:29:35" time="3.381" tests="13">
    <testcase classname="EnhancedCache - Statistics Statistics and Metrics should track hit and miss statistics" name="EnhancedCache - Statistics Statistics and Metrics should track hit and miss statistics" time="0.029">
    </testcase>
    <testcase classname="EnhancedCache - Statistics Statistics and Metrics should track memory usage" name="EnhancedCache - Statistics Statistics and Metrics should track memory usage" time="0.01">
      <failure>Error: expect(received).toBe(expected) // Object.is equality

Expected: 2
Received: 1
    at Object.toBe (C:\Users\ch\aszune\aszune-ai-bot\__tests__\unit\enhanced-cache-stats.test.js:46:32)
    at Promise.then.completed (C:\Users\ch\aszune\aszune-ai-bot\node_modules\jest-circus\build\utils.js:298:28)
    at new Promise (&lt;anonymous&gt;)
    at callAsyncCircusFn (C:\Users\ch\aszune\aszune-ai-bot\node_modules\jest-circus\build\utils.js:231:10)
    at _callCircusTest (C:\Users\ch\aszune\aszune-ai-bot\node_modules\jest-circus\build\run.js:316:40)
    at processTicksAndRejections (node:internal/process/task_queues:95:5)
    at _runTest (C:\Users\ch\aszune\aszune-ai-bot\node_modules\jest-circus\build\run.js:252:3)
    at _runTestsForDescribeBlock (C:\Users\ch\aszune\aszune-ai-bot\node_modules\jest-circus\build\run.js:126:9)
    at _runTestsForDescribeBlock (C:\Users\ch\aszune\aszune-ai-bot\node_modules\jest-circus\build\run.js:121:9)
    at _runTestsForDescribeBlock (C:\Users\ch\aszune\aszune-ai-bot\node_modules\jest-circus\build\run.js:121:9)
    at run (C:\Users\ch\aszune\aszune-ai-bot\node_modules\jest-circus\build\run.js:71:3)
    at runAndTransformResultsToJestFormat (C:\Users\ch\aszune\aszune-ai-bot\node_modules\jest-circus\build\legacy-code-todo-rewrite\jestAdapterInit.js:122:21)
    at jestAdapter (C:\Users\ch\aszune\aszune-ai-bot\node_modules\jest-circus\build\legacy-code-todo-rewrite\jestAdapter.js:79:19)
    at runTestInternal (C:\Users\ch\aszune\aszune-ai-bot\node_modules\jest-runner\build\runTest.js:367:16)
    at runTest (C:\Users\ch\aszune\aszune-ai-bot\node_modules\jest-runner\build\runTest.js:444:34)
    at Object.worker (C:\Users\ch\aszune\aszune-ai-bot\node_modules\jest-runner\build\testWorker.js:106:12)</failure>
    </testcase>
    <testcase classname="EnhancedCache - Statistics Statistics and Metrics should track eviction count" name="EnhancedCache - Statistics Statistics and Metrics should track eviction count" time="0.002">
    </testcase>
    <testcase classname="EnhancedCache - Statistics Statistics and Metrics should provide detailed cache information" name="EnhancedCache - Statistics Statistics and Metrics should provide detailed cache information" time="0.008">
      <failure>Error: expect(received).toHaveLength(expected)

Expected length: 2
Received length: 1
Received array:  [{&quot;accessCount&quot;: 0, &quot;age&quot;: 1, &quot;isExpired&quot;: false, &quot;key&quot;: &quot;key2&quot;, &quot;lastAccessed&quot;: 1758702579012, &quot;size&quot;: 128, &quot;tags&quot;: [], &quot;value&quot;: &quot;value2&quot;}]
    at Object.toHaveLength (C:\Users\ch\aszune\aszune-ai-bot\__tests__\unit\enhanced-cache-stats.test.js:69:36)
    at Promise.then.completed (C:\Users\ch\aszune\aszune-ai-bot\node_modules\jest-circus\build\utils.js:298:28)
    at new Promise (&lt;anonymous&gt;)
    at callAsyncCircusFn (C:\Users\ch\aszune\aszune-ai-bot\node_modules\jest-circus\build\utils.js:231:10)
    at _callCircusTest (C:\Users\ch\aszune\aszune-ai-bot\node_modules\jest-circus\build\run.js:316:40)
    at processTicksAndRejections (node:internal/process/task_queues:95:5)
    at _runTest (C:\Users\ch\aszune\aszune-ai-bot\node_modules\jest-circus\build\run.js:252:3)
    at _runTestsForDescribeBlock (C:\Users\ch\aszune\aszune-ai-bot\node_modules\jest-circus\build\run.js:126:9)
    at _runTestsForDescribeBlock (C:\Users\ch\aszune\aszune-ai-bot\node_modules\jest-circus\build\run.js:121:9)
    at _runTestsForDescribeBlock (C:\Users\ch\aszune\aszune-ai-bot\node_modules\jest-circus\build\run.js:121:9)
    at run (C:\Users\ch\aszune\aszune-ai-bot\node_modules\jest-circus\build\run.js:71:3)
    at runAndTransformResultsToJestFormat (C:\Users\ch\aszune\aszune-ai-bot\node_modules\jest-circus\build\legacy-code-todo-rewrite\jestAdapterInit.js:122:21)
    at jestAdapter (C:\Users\ch\aszune\aszune-ai-bot\node_modules\jest-circus\build\legacy-code-todo-rewrite\jestAdapter.js:79:19)
    at runTestInternal (C:\Users\ch\aszune\aszune-ai-bot\node_modules\jest-runner\build\runTest.js:367:16)
    at runTest (C:\Users\ch\aszune\aszune-ai-bot\node_modules\jest-runner\build\runTest.js:444:34)
    at Object.worker (C:\Users\ch\aszune\aszune-ai-bot\node_modules\jest-runner\build\testWorker.js:106:12)</failure>
    </testcase>
    <testcase classname="EnhancedCache - Statistics Error Handling should handle invalid keys gracefully" name="EnhancedCache - Statistics Error Handling should handle invalid keys gracefully" time="0.002">
    </testcase>
    <testcase classname="EnhancedCache - Statistics Error Handling should handle invalid values gracefully" name="EnhancedCache - Statistics Error Handling should handle invalid values gracefully" time="0.001">
    </testcase>
    <testcase classname="EnhancedCache - Statistics Error Handling should handle cache operations during shutdown" name="EnhancedCache - Statistics Error Handling should handle cache operations during shutdown" time="0.001">
    </testcase>
    <testcase classname="EnhancedCache - Statistics Cache Entry should create cache entries with correct properties" name="EnhancedCache - Statistics Cache Entry should create cache entries with correct properties" time="0.003">
      <failure>Error: expect(received).toBeDefined()

Received: undefined
    at Object.toBeDefined (C:\Users\ch\aszune\aszune-ai-bot\__tests__\unit\enhanced-cache-stats.test.js:100:31)
    at Promise.then.completed (C:\Users\ch\aszune\aszune-ai-bot\node_modules\jest-circus\build\utils.js:298:28)
    at new Promise (&lt;anonymous&gt;)
    at callAsyncCircusFn (C:\Users\ch\aszune\aszune-ai-bot\node_modules\jest-circus\build\utils.js:231:10)
    at _callCircusTest (C:\Users\ch\aszune\aszune-ai-bot\node_modules\jest-circus\build\run.js:316:40)
    at processTicksAndRejections (node:internal/process/task_queues:95:5)
    at _runTest (C:\Users\ch\aszune\aszune-ai-bot\node_modules\jest-circus\build\run.js:252:3)
    at _runTestsForDescribeBlock (C:\Users\ch\aszune\aszune-ai-bot\node_modules\jest-circus\build\run.js:126:9)
    at _runTestsForDescribeBlock (C:\Users\ch\aszune\aszune-ai-bot\node_modules\jest-circus\build\run.js:121:9)
    at _runTestsForDescribeBlock (C:\Users\ch\aszune\aszune-ai-bot\node_modules\jest-circus\build\run.js:121:9)
    at run (C:\Users\ch\aszune\aszune-ai-bot\node_modules\jest-circus\build\run.js:71:3)
    at runAndTransformResultsToJestFormat (C:\Users\ch\aszune\aszune-ai-bot\node_modules\jest-circus\build\legacy-code-todo-rewrite\jestAdapterInit.js:122:21)
    at jestAdapter (C:\Users\ch\aszune\aszune-ai-bot\node_modules\jest-circus\build\legacy-code-todo-rewrite\jestAdapter.js:79:19)
    at runTestInternal (C:\Users\ch\aszune\aszune-ai-bot\node_modules\jest-runner\build\runTest.js:367:16)
    at runTest (C:\Users\ch\aszune\aszune-ai-bot\node_modules\jest-runner\build\runTest.js:444:34)
    at Object.worker (C:\Users\ch\aszune\aszune-ai-bot\node_modules\jest-runner\build\testWorker.js:106:12)</failure>
    </testcase>
    <testcase classname="EnhancedCache - Statistics Cache Entry should track access count correctly" name="EnhancedCache - Statistics Cache Entry should track access count correctly" time="0.003">
    </testcase>
    <testcase classname="EnhancedCache - Statistics Cache Entry should update last accessed time on get" name="EnhancedCache - Statistics Cache Entry should update last accessed time on get" time="0.001">
    </testcase>
    <testcase classname="EnhancedCache - Statistics Configuration should accept custom configuration" name="EnhancedCache - Statistics Configuration should accept custom configuration" time="0.001">
      <failure>Error: expect(received).toBe(expected) // Object.is equality

Expected: 20
Received: undefined
    at Object.toBe (C:\Users\ch\aszune\aszune-ai-bot\__tests__\unit\enhanced-cache-stats.test.js:142:49)
    at Promise.then.completed (C:\Users\ch\aszune\aszune-ai-bot\node_modules\jest-circus\build\utils.js:298:28)
    at new Promise (&lt;anonymous&gt;)
    at callAsyncCircusFn (C:\Users\ch\aszune\aszune-ai-bot\node_modules\jest-circus\build\utils.js:231:10)
    at _callCircusTest (C:\Users\ch\aszune\aszune-ai-bot\node_modules\jest-circus\build\run.js:316:40)
    at processTicksAndRejections (node:internal/process/task_queues:95:5)
    at _runTest (C:\Users\ch\aszune\aszune-ai-bot\node_modules\jest-circus\build\run.js:252:3)
    at _runTestsForDescribeBlock (C:\Users\ch\aszune\aszune-ai-bot\node_modules\jest-circus\build\run.js:126:9)
    at _runTestsForDescribeBlock (C:\Users\ch\aszune\aszune-ai-bot\node_modules\jest-circus\build\run.js:121:9)
    at _runTestsForDescribeBlock (C:\Users\ch\aszune\aszune-ai-bot\node_modules\jest-circus\build\run.js:121:9)
    at run (C:\Users\ch\aszune\aszune-ai-bot\node_modules\jest-circus\build\run.js:71:3)
    at runAndTransformResultsToJestFormat (C:\Users\ch\aszune\aszune-ai-bot\node_modules\jest-circus\build\legacy-code-todo-rewrite\jestAdapterInit.js:122:21)
    at jestAdapter (C:\Users\ch\aszune\aszune-ai-bot\node_modules\jest-circus\build\legacy-code-todo-rewrite\jestAdapter.js:79:19)
    at runTestInternal (C:\Users\ch\aszune\aszune-ai-bot\node_modules\jest-runner\build\runTest.js:367:16)
    at runTest (C:\Users\ch\aszune\aszune-ai-bot\node_modules\jest-runner\build\runTest.js:444:34)
    at Object.worker (C:\Users\ch\aszune\aszune-ai-bot\node_modules\jest-runner\build\testWorker.js:106:12)</failure>
    </testcase>
    <testcase classname="EnhancedCache - Statistics Configuration should use default configuration when none provided" name="EnhancedCache - Statistics Configuration should use default configuration when none provided" time="0.004">
      <failure>Error: expect(received).toBeDefined()

Received: undefined
    at Object.toBeDefined (C:\Users\ch\aszune\aszune-ai-bot\__tests__\unit\enhanced-cache-stats.test.js:150:32)
    at Promise.then.completed (C:\Users\ch\aszune\aszune-ai-bot\node_modules\jest-circus\build\utils.js:298:28)
    at new Promise (&lt;anonymous&gt;)
    at callAsyncCircusFn (C:\Users\ch\aszune\aszune-ai-bot\node_modules\jest-circus\build\utils.js:231:10)
    at _callCircusTest (C:\Users\ch\aszune\aszune-ai-bot\node_modules\jest-circus\build\run.js:316:40)
    at processTicksAndRejections (node:internal/process/task_queues:95:5)
    at _runTest (C:\Users\ch\aszune\aszune-ai-bot\node_modules\jest-circus\build\run.js:252:3)
    at _runTestsForDescribeBlock (C:\Users\ch\aszune\aszune-ai-bot\node_modules\jest-circus\build\run.js:126:9)
    at _runTestsForDescribeBlock (C:\Users\ch\aszune\aszune-ai-bot\node_modules\jest-circus\build\run.js:121:9)
    at _runTestsForDescribeBlock (C:\Users\ch\aszune\aszune-ai-bot\node_modules\jest-circus\build\run.js:121:9)
    at run (C:\Users\ch\aszune\aszune-ai-bot\node_modules\jest-circus\build\run.js:71:3)
    at runAndTransformResultsToJestFormat (C:\Users\ch\aszune\aszune-ai-bot\node_modules\jest-circus\build\legacy-code-todo-rewrite\jestAdapterInit.js:122:21)
    at jestAdapter (C:\Users\ch\aszune\aszune-ai-bot\node_modules\jest-circus\build\legacy-code-todo-rewrite\jestAdapter.js:79:19)
    at runTestInternal (C:\Users\ch\aszune\aszune-ai-bot\node_modules\jest-runner\build\runTest.js:367:16)
    at runTest (C:\Users\ch\aszune\aszune-ai-bot\node_modules\jest-runner\build\runTest.js:444:34)
    at Object.worker (C:\Users\ch\aszune\aszune-ai-bot\node_modules\jest-runner\build\testWorker.js:106:12)</failure>
    </testcase>
    <testcase classname="EnhancedCache - Statistics Configuration should handle invalid configuration gracefully" name="EnhancedCache - Statistics Configuration should handle invalid configuration gracefully" time="0.003">
    </testcase>
  </testsuite>
</testsuites>