<?xml version="1.0" encoding="UTF-8"?>
<testsuites name="jest tests" tests="364" failures="84" errors="0" time="13.223">
  <testsuite name="Memory Monitor - Core" errors="0" failures="0" skipped="0" timestamp="2025-09-24T07:38:53" time="3.908" tests="7">
    <testcase classname="Memory Monitor - Core should have correct default values" name="Memory Monitor - Core should have correct default values" time="0.081">
    </testcase>
    <testcase classname="Memory Monitor - Core should initialize successfully" name="Memory Monitor - Core should initialize successfully" time="0.014">
    </testcase>
    <testcase classname="Memory Monitor - Core should not initialize if already initialized" name="Memory Monitor - Core should not initialize if already initialized" time="0.004">
    </testcase>
    <testcase classname="Memory Monitor - Core should setup memory check interval on initialization" name="Memory Monitor - Core should setup memory check interval on initialization" time="0.002">
    </testcase>
    <testcase classname="Memory Monitor - Core should shutdown successfully when initialized" name="Memory Monitor - Core should shutdown successfully when initialized" time="0.002">
    </testcase>
    <testcase classname="Memory Monitor - Core should handle shutdown when not initialized" name="Memory Monitor - Core should handle shutdown when not initialized" time="0.001">
    </testcase>
    <testcase classname="Memory Monitor - Core should clear interval on shutdown" name="Memory Monitor - Core should clear interval on shutdown" time="0.001">
    </testcase>
  </testsuite>
  <testsuite name="Pi Detector - Detection" errors="0" failures="2" skipped="0" timestamp="2025-09-24T07:38:53" time="4.042" tests="8">
    <testcase classname="Pi Detector - Detection detectPiModel should detect Raspberry Pi 4" name="Pi Detector - Detection detectPiModel should detect Raspberry Pi 4" time="0.031">
    </testcase>
    <testcase classname="Pi Detector - Detection detectPiModel should detect Raspberry Pi 3" name="Pi Detector - Detection detectPiModel should detect Raspberry Pi 3" time="0.002">
    </testcase>
    <testcase classname="Pi Detector - Detection detectPiModel should detect Raspberry Pi 5" name="Pi Detector - Detection detectPiModel should detect Raspberry Pi 5" time="0.003">
    </testcase>
    <testcase classname="Pi Detector - Detection detectPiModel should handle CPU frequency detection" name="Pi Detector - Detection detectPiModel should handle CPU frequency detection" time="0.003">
      <failure>Error: expect(received).toBeDefined()

Received: undefined
    at Object.toBeDefined (C:\Users\ch\aszune\aszune-ai-bot\__tests__\unit\pi-detector-detection.test.js:88:40)
    at processTicksAndRejections (node:internal/process/task_queues:95:5)</failure>
    </testcase>
    <testcase classname="Pi Detector - Detection detectPiModel should handle temperature reading failure" name="Pi Detector - Detection detectPiModel should handle temperature reading failure" time="0.002">
    </testcase>
    <testcase classname="Pi Detector - Detection detectPiModel should handle non-Pi systems" name="Pi Detector - Detection detectPiModel should handle non-Pi systems" time="0.001">
    </testcase>
    <testcase classname="Pi Detector - Detection detectPiModel should handle non-Linux systems" name="Pi Detector - Detection detectPiModel should handle non-Linux systems" time="0.001">
    </testcase>
    <testcase classname="Pi Detector - Detection detectPiModel should handle errors gracefully" name="Pi Detector - Detection detectPiModel should handle errors gracefully" time="0.003">
      <failure>Error: expect(jest.fn()).toHaveBeenCalled()

Expected number of calls: &gt;= 1
Received number of calls:    0
    at Object.toHaveBeenCalled (C:\Users\ch\aszune\aszune-ai-bot\__tests__\unit\pi-detector-detection.test.js:129:28)
    at processTicksAndRejections (node:internal/process/task_queues:95:5)</failure>
    </testcase>
  </testsuite>
  <testsuite name="Pi Detector - Config Generation" errors="0" failures="8" skipped="0" timestamp="2025-09-24T07:38:53" time="4.099" tests="8">
    <testcase classname="Pi Detector - Config Generation generateOptimizedConfig should generate config for Pi 4 with 2GB" name="Pi Detector - Config Generation generateOptimizedConfig should generate config for Pi 4 with 2GB" time="0.04">
      <failure>Error: expect(received).toBe(expected) // Object.is equality

Expected: true
Received: false
    at Object.toBe (C:\Users\ch\aszune\aszune-ai-bot\__tests__\unit\pi-detector-config.test.js:38:35)
    at Promise.then.completed (C:\Users\ch\aszune\aszune-ai-bot\node_modules\jest-circus\build\utils.js:298:28)
    at new Promise (&lt;anonymous&gt;)
    at callAsyncCircusFn (C:\Users\ch\aszune\aszune-ai-bot\node_modules\jest-circus\build\utils.js:231:10)
    at _callCircusTest (C:\Users\ch\aszune\aszune-ai-bot\node_modules\jest-circus\build\run.js:316:40)
    at processTicksAndRejections (node:internal/process/task_queues:95:5)
    at _runTest (C:\Users\ch\aszune\aszune-ai-bot\node_modules\jest-circus\build\run.js:252:3)
    at _runTestsForDescribeBlock (C:\Users\ch\aszune\aszune-ai-bot\node_modules\jest-circus\build\run.js:126:9)
    at _runTestsForDescribeBlock (C:\Users\ch\aszune\aszune-ai-bot\node_modules\jest-circus\build\run.js:121:9)
    at _runTestsForDescribeBlock (C:\Users\ch\aszune\aszune-ai-bot\node_modules\jest-circus\build\run.js:121:9)
    at run (C:\Users\ch\aszune\aszune-ai-bot\node_modules\jest-circus\build\run.js:71:3)
    at runAndTransformResultsToJestFormat (C:\Users\ch\aszune\aszune-ai-bot\node_modules\jest-circus\build\legacy-code-todo-rewrite\jestAdapterInit.js:122:21)
    at jestAdapter (C:\Users\ch\aszune\aszune-ai-bot\node_modules\jest-circus\build\legacy-code-todo-rewrite\jestAdapter.js:79:19)
    at runTestInternal (C:\Users\ch\aszune\aszune-ai-bot\node_modules\jest-runner\build\runTest.js:367:16)
    at runTest (C:\Users\ch\aszune\aszune-ai-bot\node_modules\jest-runner\build\runTest.js:444:34)
    at Object.worker (C:\Users\ch\aszune\aszune-ai-bot\node_modules\jest-runner\build\testWorker.js:106:12)</failure>
    </testcase>
    <testcase classname="Pi Detector - Config Generation generateOptimizedConfig should generate config for Pi 4 with 1GB" name="Pi Detector - Config Generation generateOptimizedConfig should generate config for Pi 4 with 1GB" time="0.002">
      <failure>Error: expect(received).toBe(expected) // Object.is equality

Expected: true
Received: false
    at Object.toBe (C:\Users\ch\aszune\aszune-ai-bot\__tests__\unit\pi-detector-config.test.js:55:35)
    at Promise.then.completed (C:\Users\ch\aszune\aszune-ai-bot\node_modules\jest-circus\build\utils.js:298:28)
    at new Promise (&lt;anonymous&gt;)
    at callAsyncCircusFn (C:\Users\ch\aszune\aszune-ai-bot\node_modules\jest-circus\build\utils.js:231:10)
    at _callCircusTest (C:\Users\ch\aszune\aszune-ai-bot\node_modules\jest-circus\build\run.js:316:40)
    at processTicksAndRejections (node:internal/process/task_queues:95:5)
    at _runTest (C:\Users\ch\aszune\aszune-ai-bot\node_modules\jest-circus\build\run.js:252:3)
    at _runTestsForDescribeBlock (C:\Users\ch\aszune\aszune-ai-bot\node_modules\jest-circus\build\run.js:126:9)
    at _runTestsForDescribeBlock (C:\Users\ch\aszune\aszune-ai-bot\node_modules\jest-circus\build\run.js:121:9)
    at _runTestsForDescribeBlock (C:\Users\ch\aszune\aszune-ai-bot\node_modules\jest-circus\build\run.js:121:9)
    at run (C:\Users\ch\aszune\aszune-ai-bot\node_modules\jest-circus\build\run.js:71:3)
    at runAndTransformResultsToJestFormat (C:\Users\ch\aszune\aszune-ai-bot\node_modules\jest-circus\build\legacy-code-todo-rewrite\jestAdapterInit.js:122:21)
    at jestAdapter (C:\Users\ch\aszune\aszune-ai-bot\node_modules\jest-circus\build\legacy-code-todo-rewrite\jestAdapter.js:79:19)
    at runTestInternal (C:\Users\ch\aszune\aszune-ai-bot\node_modules\jest-runner\build\runTest.js:367:16)
    at runTest (C:\Users\ch\aszune\aszune-ai-bot\node_modules\jest-runner\build\runTest.js:444:34)
    at Object.worker (C:\Users\ch\aszune\aszune-ai-bot\node_modules\jest-runner\build\testWorker.js:106:12)</failure>
    </testcase>
    <testcase classname="Pi Detector - Config Generation generateOptimizedConfig should generate config for Pi 4 with 4GB" name="Pi Detector - Config Generation generateOptimizedConfig should generate config for Pi 4 with 4GB" time="0.001">
      <failure>Error: expect(received).toBe(expected) // Object.is equality

Expected: 4
Received: 5
    at Object.toBe (C:\Users\ch\aszune\aszune-ai-bot\__tests__\unit\pi-detector-config.test.js:73:38)
    at Promise.then.completed (C:\Users\ch\aszune\aszune-ai-bot\node_modules\jest-circus\build\utils.js:298:28)
    at new Promise (&lt;anonymous&gt;)
    at callAsyncCircusFn (C:\Users\ch\aszune\aszune-ai-bot\node_modules\jest-circus\build\utils.js:231:10)
    at _callCircusTest (C:\Users\ch\aszune\aszune-ai-bot\node_modules\jest-circus\build\run.js:316:40)
    at processTicksAndRejections (node:internal/process/task_queues:95:5)
    at _runTest (C:\Users\ch\aszune\aszune-ai-bot\node_modules\jest-circus\build\run.js:252:3)
    at _runTestsForDescribeBlock (C:\Users\ch\aszune\aszune-ai-bot\node_modules\jest-circus\build\run.js:126:9)
    at _runTestsForDescribeBlock (C:\Users\ch\aszune\aszune-ai-bot\node_modules\jest-circus\build\run.js:121:9)
    at _runTestsForDescribeBlock (C:\Users\ch\aszune\aszune-ai-bot\node_modules\jest-circus\build\run.js:121:9)
    at run (C:\Users\ch\aszune\aszune-ai-bot\node_modules\jest-circus\build\run.js:71:3)
    at runAndTransformResultsToJestFormat (C:\Users\ch\aszune\aszune-ai-bot\node_modules\jest-circus\build\legacy-code-todo-rewrite\jestAdapterInit.js:122:21)
    at jestAdapter (C:\Users\ch\aszune\aszune-ai-bot\node_modules\jest-circus\build\legacy-code-todo-rewrite\jestAdapter.js:79:19)
    at runTestInternal (C:\Users\ch\aszune\aszune-ai-bot\node_modules\jest-runner\build\runTest.js:367:16)
    at runTest (C:\Users\ch\aszune\aszune-ai-bot\node_modules\jest-runner\build\runTest.js:444:34)
    at Object.worker (C:\Users\ch\aszune\aszune-ai-bot\node_modules\jest-runner\build\testWorker.js:106:12)</failure>
    </testcase>
    <testcase classname="Pi Detector - Config Generation generateOptimizedConfig should generate config for Pi 3" name="Pi Detector - Config Generation generateOptimizedConfig should generate config for Pi 3" time="0.004">
      <failure>Error: expect(received).toBe(expected) // Object.is equality

Expected: 5
Received: undefined
    at Object.toBe (C:\Users\ch\aszune\aszune-ai-bot\__tests__\unit\pi-detector-config.test.js:91:34)
    at Promise.then.completed (C:\Users\ch\aszune\aszune-ai-bot\node_modules\jest-circus\build\utils.js:298:28)
    at new Promise (&lt;anonymous&gt;)
    at callAsyncCircusFn (C:\Users\ch\aszune\aszune-ai-bot\node_modules\jest-circus\build\utils.js:231:10)
    at _callCircusTest (C:\Users\ch\aszune\aszune-ai-bot\node_modules\jest-circus\build\run.js:316:40)
    at processTicksAndRejections (node:internal/process/task_queues:95:5)
    at _runTest (C:\Users\ch\aszune\aszune-ai-bot\node_modules\jest-circus\build\run.js:252:3)
    at _runTestsForDescribeBlock (C:\Users\ch\aszune\aszune-ai-bot\node_modules\jest-circus\build\run.js:126:9)
    at _runTestsForDescribeBlock (C:\Users\ch\aszune\aszune-ai-bot\node_modules\jest-circus\build\run.js:121:9)
    at _runTestsForDescribeBlock (C:\Users\ch\aszune\aszune-ai-bot\node_modules\jest-circus\build\run.js:121:9)
    at run (C:\Users\ch\aszune\aszune-ai-bot\node_modules\jest-circus\build\run.js:71:3)
    at runAndTransformResultsToJestFormat (C:\Users\ch\aszune\aszune-ai-bot\node_modules\jest-circus\build\legacy-code-todo-rewrite\jestAdapterInit.js:122:21)
    at jestAdapter (C:\Users\ch\aszune\aszune-ai-bot\node_modules\jest-circus\build\legacy-code-todo-rewrite\jestAdapter.js:79:19)
    at runTestInternal (C:\Users\ch\aszune\aszune-ai-bot\node_modules\jest-runner\build\runTest.js:367:16)
    at runTest (C:\Users\ch\aszune\aszune-ai-bot\node_modules\jest-runner\build\runTest.js:444:34)
    at Object.worker (C:\Users\ch\aszune\aszune-ai-bot\node_modules\jest-runner\build\testWorker.js:106:12)</failure>
    </testcase>
    <testcase classname="Pi Detector - Config Generation generateOptimizedConfig should generate config for Pi 5 with 4GB" name="Pi Detector - Config Generation generateOptimizedConfig should generate config for Pi 5 with 4GB" time="0.012">
      <failure>Error: expect(received).toBe(expected) // Object.is equality

Expected: 6
Received: 10
    at Object.toBe (C:\Users\ch\aszune\aszune-ai-bot\__tests__\unit\pi-detector-config.test.js:107:38)
    at Promise.then.completed (C:\Users\ch\aszune\aszune-ai-bot\node_modules\jest-circus\build\utils.js:298:28)
    at new Promise (&lt;anonymous&gt;)
    at callAsyncCircusFn (C:\Users\ch\aszune\aszune-ai-bot\node_modules\jest-circus\build\utils.js:231:10)
    at _callCircusTest (C:\Users\ch\aszune\aszune-ai-bot\node_modules\jest-circus\build\run.js:316:40)
    at processTicksAndRejections (node:internal/process/task_queues:95:5)
    at _runTest (C:\Users\ch\aszune\aszune-ai-bot\node_modules\jest-circus\build\run.js:252:3)
    at _runTestsForDescribeBlock (C:\Users\ch\aszune\aszune-ai-bot\node_modules\jest-circus\build\run.js:126:9)
    at _runTestsForDescribeBlock (C:\Users\ch\aszune\aszune-ai-bot\node_modules\jest-circus\build\run.js:121:9)
    at _runTestsForDescribeBlock (C:\Users\ch\aszune\aszune-ai-bot\node_modules\jest-circus\build\run.js:121:9)
    at run (C:\Users\ch\aszune\aszune-ai-bot\node_modules\jest-circus\build\run.js:71:3)
    at runAndTransformResultsToJestFormat (C:\Users\ch\aszune\aszune-ai-bot\node_modules\jest-circus\build\legacy-code-todo-rewrite\jestAdapterInit.js:122:21)
    at jestAdapter (C:\Users\ch\aszune\aszune-ai-bot\node_modules\jest-circus\build\legacy-code-todo-rewrite\jestAdapter.js:79:19)
    at runTestInternal (C:\Users\ch\aszune\aszune-ai-bot\node_modules\jest-runner\build\runTest.js:367:16)
    at runTest (C:\Users\ch\aszune\aszune-ai-bot\node_modules\jest-runner\build\runTest.js:444:34)
    at Object.worker (C:\Users\ch\aszune\aszune-ai-bot\node_modules\jest-runner\build\testWorker.js:106:12)</failure>
    </testcase>
    <testcase classname="Pi Detector - Config Generation generateOptimizedConfig should generate config for Pi 5 with 8GB" name="Pi Detector - Config Generation generateOptimizedConfig should generate config for Pi 5 with 8GB" time="0.004">
      <failure>Error: expect(received).toBe(expected) // Object.is equality

Expected: 8
Received: 10
    at Object.toBe (C:\Users\ch\aszune\aszune-ai-bot\__tests__\unit\pi-detector-config.test.js:124:38)
    at Promise.then.completed (C:\Users\ch\aszune\aszune-ai-bot\node_modules\jest-circus\build\utils.js:298:28)
    at new Promise (&lt;anonymous&gt;)
    at callAsyncCircusFn (C:\Users\ch\aszune\aszune-ai-bot\node_modules\jest-circus\build\utils.js:231:10)
    at _callCircusTest (C:\Users\ch\aszune\aszune-ai-bot\node_modules\jest-circus\build\run.js:316:40)
    at processTicksAndRejections (node:internal/process/task_queues:95:5)
    at _runTest (C:\Users\ch\aszune\aszune-ai-bot\node_modules\jest-circus\build\run.js:252:3)
    at _runTestsForDescribeBlock (C:\Users\ch\aszune\aszune-ai-bot\node_modules\jest-circus\build\run.js:126:9)
    at _runTestsForDescribeBlock (C:\Users\ch\aszune\aszune-ai-bot\node_modules\jest-circus\build\run.js:121:9)
    at _runTestsForDescribeBlock (C:\Users\ch\aszune\aszune-ai-bot\node_modules\jest-circus\build\run.js:121:9)
    at run (C:\Users\ch\aszune\aszune-ai-bot\node_modules\jest-circus\build\run.js:71:3)
    at runAndTransformResultsToJestFormat (C:\Users\ch\aszune\aszune-ai-bot\node_modules\jest-circus\build\legacy-code-todo-rewrite\jestAdapterInit.js:122:21)
    at jestAdapter (C:\Users\ch\aszune\aszune-ai-bot\node_modules\jest-circus\build\legacy-code-todo-rewrite\jestAdapter.js:79:19)
    at runTestInternal (C:\Users\ch\aszune\aszune-ai-bot\node_modules\jest-runner\build\runTest.js:367:16)
    at runTest (C:\Users\ch\aszune\aszune-ai-bot\node_modules\jest-runner\build\runTest.js:444:34)
    at Object.worker (C:\Users\ch\aszune\aszune-ai-bot\node_modules\jest-runner\build\testWorker.js:106:12)</failure>
    </testcase>
    <testcase classname="Pi Detector - Config Generation generateOptimizedConfig should generate config for unknown Pi model" name="Pi Detector - Config Generation generateOptimizedConfig should generate config for unknown Pi model" time="0.002">
      <failure>Error: expect(received).toBe(expected) // Object.is equality

Expected: 10
Received: undefined
    at Object.toBe (C:\Users\ch\aszune\aszune-ai-bot\__tests__\unit\pi-detector-config.test.js:142:34)
    at Promise.then.completed (C:\Users\ch\aszune\aszune-ai-bot\node_modules\jest-circus\build\utils.js:298:28)
    at new Promise (&lt;anonymous&gt;)
    at callAsyncCircusFn (C:\Users\ch\aszune\aszune-ai-bot\node_modules\jest-circus\build\utils.js:231:10)
    at _callCircusTest (C:\Users\ch\aszune\aszune-ai-bot\node_modules\jest-circus\build\run.js:316:40)
    at processTicksAndRejections (node:internal/process/task_queues:95:5)
    at _runTest (C:\Users\ch\aszune\aszune-ai-bot\node_modules\jest-circus\build\run.js:252:3)
    at _runTestsForDescribeBlock (C:\Users\ch\aszune\aszune-ai-bot\node_modules\jest-circus\build\run.js:126:9)
    at _runTestsForDescribeBlock (C:\Users\ch\aszune\aszune-ai-bot\node_modules\jest-circus\build\run.js:121:9)
    at _runTestsForDescribeBlock (C:\Users\ch\aszune\aszune-ai-bot\node_modules\jest-circus\build\run.js:121:9)
    at run (C:\Users\ch\aszune\aszune-ai-bot\node_modules\jest-circus\build\run.js:71:3)
    at runAndTransformResultsToJestFormat (C:\Users\ch\aszune\aszune-ai-bot\node_modules\jest-circus\build\legacy-code-todo-rewrite\jestAdapterInit.js:122:21)
    at jestAdapter (C:\Users\ch\aszune\aszune-ai-bot\node_modules\jest-circus\build\legacy-code-todo-rewrite\jestAdapter.js:79:19)
    at runTestInternal (C:\Users\ch\aszune\aszune-ai-bot\node_modules\jest-runner\build\runTest.js:367:16)
    at runTest (C:\Users\ch\aszune\aszune-ai-bot\node_modules\jest-runner\build\runTest.js:444:34)
    at Object.worker (C:\Users\ch\aszune\aszune-ai-bot\node_modules\jest-runner\build\testWorker.js:106:12)</failure>
    </testcase>
    <testcase classname="Pi Detector - Config Generation generateOptimizedConfig should generate config for non-Pi systems" name="Pi Detector - Config Generation generateOptimizedConfig should generate config for non-Pi systems" time="0.001">
      <failure>Error: expect(received).toBe(expected) // Object.is equality

Expected: false
Received: true
    at Object.toBe (C:\Users\ch\aszune\aszune-ai-bot\__tests__\unit\pi-detector-config.test.js:156:30)
    at Promise.then.completed (C:\Users\ch\aszune\aszune-ai-bot\node_modules\jest-circus\build\utils.js:298:28)
    at new Promise (&lt;anonymous&gt;)
    at callAsyncCircusFn (C:\Users\ch\aszune\aszune-ai-bot\node_modules\jest-circus\build\utils.js:231:10)
    at _callCircusTest (C:\Users\ch\aszune\aszune-ai-bot\node_modules\jest-circus\build\run.js:316:40)
    at processTicksAndRejections (node:internal/process/task_queues:95:5)
    at _runTest (C:\Users\ch\aszune\aszune-ai-bot\node_modules\jest-circus\build\run.js:252:3)
    at _runTestsForDescribeBlock (C:\Users\ch\aszune\aszune-ai-bot\node_modules\jest-circus\build\run.js:126:9)
    at _runTestsForDescribeBlock (C:\Users\ch\aszune\aszune-ai-bot\node_modules\jest-circus\build\run.js:121:9)
    at _runTestsForDescribeBlock (C:\Users\ch\aszune\aszune-ai-bot\node_modules\jest-circus\build\run.js:121:9)
    at run (C:\Users\ch\aszune\aszune-ai-bot\node_modules\jest-circus\build\run.js:71:3)
    at runAndTransformResultsToJestFormat (C:\Users\ch\aszune\aszune-ai-bot\node_modules\jest-circus\build\legacy-code-todo-rewrite\jestAdapterInit.js:122:21)
    at jestAdapter (C:\Users\ch\aszune\aszune-ai-bot\node_modules\jest-circus\build\legacy-code-todo-rewrite\jestAdapter.js:79:19)
    at runTestInternal (C:\Users\ch\aszune\aszune-ai-bot\node_modules\jest-runner\build\runTest.js:367:16)
    at runTest (C:\Users\ch\aszune\aszune-ai-bot\node_modules\jest-runner\build\runTest.js:444:34)
    at Object.worker (C:\Users\ch\aszune\aszune-ai-bot\node_modules\jest-runner\build\testWorker.js:106:12)</failure>
    </testcase>
  </testsuite>
  <testsuite name="Pi Detector - Initialization" errors="0" failures="5" skipped="0" timestamp="2025-09-24T07:38:53" time="4.135" tests="5">
    <testcase classname="Pi Detector - Initialization initPiOptimizations should initialize and return optimized config" name="Pi Detector - Initialization initPiOptimizations should initialize and return optimized config" time="0.114">
      <failure>Error: expect(jest.fn()).toHaveBeenCalledWith(...expected)

Expected: StringContaining &quot;Pi optimizations&quot;
Received
       1: &quot;Detected pi4 with 4.0GB RAM and 3 cores&quot;
       2: &quot;Applied optimizations: {\&quot;ENABLED\&quot;:true,\&quot;COMPACT_MODE\&quot;:false,\&quot;CACHE_ENABLED\&quot;:true,\&quot;CACHE_MAX_ENTRIES\&quot;:100,\&quot;MAX_CONNECTIONS\&quot;:5,\&quot;DEBOUNCE_MS\&quot;:100,\&quot;LOW_CPU_MODE\&quot;:false,\&quot;STREAM_RESPONSES\&quot;:true,\&quot;REACTION_LIMIT\&quot;:3,\&quot;MEMORY_LIMITS\&quot;:{\&quot;RAM_THRESHOLD_MB\&quot;:1000,\&quot;RAM_CRITICAL_MB\&quot;:1500}}&quot;

Number of calls: 2
    at Object.toHaveBeenCalledWith (C:\Users\ch\aszune\aszune-ai-bot\__tests__\unit\pi-detector-init.test.js:46:27)
    at processTicksAndRejections (node:internal/process/task_queues:95:5)</failure>
    </testcase>
    <testcase classname="Pi Detector - Initialization initPiOptimizations should respect environment variable overrides" name="Pi Detector - Initialization initPiOptimizations should respect environment variable overrides" time="0.004">
      <failure>Error: expect(received).toBe(expected) // Object.is equality

Expected: false
Received: true
    at Object.toBe (C:\Users\ch\aszune\aszune-ai-bot\__tests__\unit\pi-detector-init.test.js:61:30)
    at processTicksAndRejections (node:internal/process/task_queues:95:5)</failure>
    </testcase>
    <testcase classname="Pi Detector - Initialization initPiOptimizations should handle errors and return safe defaults" name="Pi Detector - Initialization initPiOptimizations should handle errors and return safe defaults" time="0.003">
      <failure>Error: expect(received).toBe(expected) // Object.is equality

Expected: false
Received: true
    at Object.toBe (C:\Users\ch\aszune\aszune-ai-bot\__tests__\unit\pi-detector-init.test.js:78:30)
    at processTicksAndRejections (node:internal/process/task_queues:95:5)</failure>
    </testcase>
    <testcase classname="Pi Detector - Initialization initPiOptimizations should not initialize Pi optimizations when disabled by environment variable" name="Pi Detector - Initialization initPiOptimizations should not initialize Pi optimizations when disabled by environment variable" time="0.015">
      <failure>Error: expect(received).toBe(expected) // Object.is equality

Expected: false
Received: true
    at Object.toBe (C:\Users\ch\aszune\aszune-ai-bot\__tests__\unit\pi-detector-init.test.js:87:30)
    at processTicksAndRejections (node:internal/process/task_queues:95:5)</failure>
    </testcase>
    <testcase classname="Pi Detector - Initialization initPiOptimizations should use environment-provided values when initialization fails" name="Pi Detector - Initialization initPiOptimizations should use environment-provided values when initialization fails" time="0.015">
      <failure>Error: expect(received).toBe(expected) // Object.is equality

Expected: true
Received: false
    at Object.toBe (C:\Users\ch\aszune\aszune-ai-bot\__tests__\unit\pi-detector-init.test.js:105:35)
    at processTicksAndRejections (node:internal/process/task_queues:95:5)</failure>
    </testcase>
  </testsuite>
  <testsuite name="InputValidator - Sanitization" errors="0" failures="6" skipped="0" timestamp="2025-09-24T07:38:53" time="4.36" tests="9">
    <testcase classname="InputValidator - Sanitization validateAndSanitize should validate and sanitize clean input" name="InputValidator - Sanitization validateAndSanitize should validate and sanitize clean input" time="0.039">
    </testcase>
    <testcase classname="InputValidator - Sanitization validateAndSanitize should sanitize HTML content" name="InputValidator - Sanitization validateAndSanitize should sanitize HTML content" time="0.004">
    </testcase>
    <testcase classname="InputValidator - Sanitization validateAndSanitize should reject dangerous content" name="InputValidator - Sanitization validateAndSanitize should reject dangerous content" time="0.008">
      <failure>Error: expect(received).toBe(expected) // Object.is equality

Expected: false
Received: true
    at Object.toBe (C:\Users\ch\aszune\aszune-ai-bot\__tests__\unit\input-validator-sanitization.test.js:38:28)
    at Promise.then.completed (C:\Users\ch\aszune\aszune-ai-bot\node_modules\jest-circus\build\utils.js:298:28)
    at new Promise (&lt;anonymous&gt;)
    at callAsyncCircusFn (C:\Users\ch\aszune\aszune-ai-bot\node_modules\jest-circus\build\utils.js:231:10)
    at _callCircusTest (C:\Users\ch\aszune\aszune-ai-bot\node_modules\jest-circus\build\run.js:316:40)
    at processTicksAndRejections (node:internal/process/task_queues:95:5)
    at _runTest (C:\Users\ch\aszune\aszune-ai-bot\node_modules\jest-circus\build\run.js:252:3)
    at _runTestsForDescribeBlock (C:\Users\ch\aszune\aszune-ai-bot\node_modules\jest-circus\build\run.js:126:9)
    at _runTestsForDescribeBlock (C:\Users\ch\aszune\aszune-ai-bot\node_modules\jest-circus\build\run.js:121:9)
    at _runTestsForDescribeBlock (C:\Users\ch\aszune\aszune-ai-bot\node_modules\jest-circus\build\run.js:121:9)
    at run (C:\Users\ch\aszune\aszune-ai-bot\node_modules\jest-circus\build\run.js:71:3)
    at runAndTransformResultsToJestFormat (C:\Users\ch\aszune\aszune-ai-bot\node_modules\jest-circus\build\legacy-code-todo-rewrite\jestAdapterInit.js:122:21)
    at jestAdapter (C:\Users\ch\aszune\aszune-ai-bot\node_modules\jest-circus\build\legacy-code-todo-rewrite\jestAdapter.js:79:19)
    at runTestInternal (C:\Users\ch\aszune\aszune-ai-bot\node_modules\jest-runner\build\runTest.js:367:16)
    at runTest (C:\Users\ch\aszune\aszune-ai-bot\node_modules\jest-runner\build\runTest.js:444:34)
    at Object.worker (C:\Users\ch\aszune\aszune-ai-bot\node_modules\jest-runner\build\testWorker.js:106:12)</failure>
    </testcase>
    <testcase classname="InputValidator - Sanitization validateAndSanitize should handle empty input" name="InputValidator - Sanitization validateAndSanitize should handle empty input" time="0.004">
      <failure>Error: expect(received).toBe(expected) // Object.is equality

Expected: true
Received: false
    at Object.toBe (C:\Users\ch\aszune\aszune-ai-bot\__tests__\unit\input-validator-sanitization.test.js:45:28)
    at Promise.then.completed (C:\Users\ch\aszune\aszune-ai-bot\node_modules\jest-circus\build\utils.js:298:28)
    at new Promise (&lt;anonymous&gt;)
    at callAsyncCircusFn (C:\Users\ch\aszune\aszune-ai-bot\node_modules\jest-circus\build\utils.js:231:10)
    at _callCircusTest (C:\Users\ch\aszune\aszune-ai-bot\node_modules\jest-circus\build\run.js:316:40)
    at processTicksAndRejections (node:internal/process/task_queues:95:5)
    at _runTest (C:\Users\ch\aszune\aszune-ai-bot\node_modules\jest-circus\build\run.js:252:3)
    at _runTestsForDescribeBlock (C:\Users\ch\aszune\aszune-ai-bot\node_modules\jest-circus\build\run.js:126:9)
    at _runTestsForDescribeBlock (C:\Users\ch\aszune\aszune-ai-bot\node_modules\jest-circus\build\run.js:121:9)
    at _runTestsForDescribeBlock (C:\Users\ch\aszune\aszune-ai-bot\node_modules\jest-circus\build\run.js:121:9)
    at run (C:\Users\ch\aszune\aszune-ai-bot\node_modules\jest-circus\build\run.js:71:3)
    at runAndTransformResultsToJestFormat (C:\Users\ch\aszune\aszune-ai-bot\node_modules\jest-circus\build\legacy-code-todo-rewrite\jestAdapterInit.js:122:21)
    at jestAdapter (C:\Users\ch\aszune\aszune-ai-bot\node_modules\jest-circus\build\legacy-code-todo-rewrite\jestAdapter.js:79:19)
    at runTestInternal (C:\Users\ch\aszune\aszune-ai-bot\node_modules\jest-runner\build\runTest.js:367:16)
    at runTest (C:\Users\ch\aszune\aszune-ai-bot\node_modules\jest-runner\build\runTest.js:444:34)
    at Object.worker (C:\Users\ch\aszune\aszune-ai-bot\node_modules\jest-runner\build\testWorker.js:106:12)</failure>
    </testcase>
    <testcase classname="InputValidator - Sanitization validateAndSanitize should handle null input" name="InputValidator - Sanitization validateAndSanitize should handle null input" time="0.001">
    </testcase>
    <testcase classname="InputValidator - Sanitization validateAndSanitize should validate different input types" name="InputValidator - Sanitization validateAndSanitize should validate different input types" time="0.002">
      <failure>Error: expect(received).toBe(expected) // Object.is equality

Expected: false
Received: true
    at toBe (C:\Users\ch\aszune\aszune-ai-bot\__tests__\unit\input-validator-sanitization.test.js:68:30)
    at Array.forEach (&lt;anonymous&gt;)
    at Object.forEach (C:\Users\ch\aszune\aszune-ai-bot\__tests__\unit\input-validator-sanitization.test.js:66:17)
    at Promise.then.completed (C:\Users\ch\aszune\aszune-ai-bot\node_modules\jest-circus\build\utils.js:298:28)
    at new Promise (&lt;anonymous&gt;)
    at callAsyncCircusFn (C:\Users\ch\aszune\aszune-ai-bot\node_modules\jest-circus\build\utils.js:231:10)
    at _callCircusTest (C:\Users\ch\aszune\aszune-ai-bot\node_modules\jest-circus\build\run.js:316:40)
    at processTicksAndRejections (node:internal/process/task_queues:95:5)
    at _runTest (C:\Users\ch\aszune\aszune-ai-bot\node_modules\jest-circus\build\run.js:252:3)
    at _runTestsForDescribeBlock (C:\Users\ch\aszune\aszune-ai-bot\node_modules\jest-circus\build\run.js:126:9)
    at _runTestsForDescribeBlock (C:\Users\ch\aszune\aszune-ai-bot\node_modules\jest-circus\build\run.js:121:9)
    at _runTestsForDescribeBlock (C:\Users\ch\aszune\aszune-ai-bot\node_modules\jest-circus\build\run.js:121:9)
    at run (C:\Users\ch\aszune\aszune-ai-bot\node_modules\jest-circus\build\run.js:71:3)
    at runAndTransformResultsToJestFormat (C:\Users\ch\aszune\aszune-ai-bot\node_modules\jest-circus\build\legacy-code-todo-rewrite\jestAdapterInit.js:122:21)
    at jestAdapter (C:\Users\ch\aszune\aszune-ai-bot\node_modules\jest-circus\build\legacy-code-todo-rewrite\jestAdapter.js:79:19)
    at runTestInternal (C:\Users\ch\aszune\aszune-ai-bot\node_modules\jest-runner\build\runTest.js:367:16)
    at runTest (C:\Users\ch\aszune\aszune-ai-bot\node_modules\jest-runner\build\runTest.js:444:34)
    at Object.worker (C:\Users\ch\aszune\aszune-ai-bot\node_modules\jest-runner\build\testWorker.js:106:12)</failure>
    </testcase>
    <testcase classname="InputValidator - Sanitization validation patterns should have correct validation patterns" name="InputValidator - Sanitization validation patterns should have correct validation patterns" time="0.02">
      <failure>Error: expect(received).toHaveProperty(path)

Expected path: &quot;USER_ID&quot;
Received path: []

Received value: {&quot;ALPHANUMERIC&quot;: /^[a-zA-Z0-9]+$/, &quot;ALPHANUMERIC_WITH_SPACES&quot;: /^[a-zA-Z0-9\s]+$/, &quot;COMMAND_NAME&quot;: /^[a-zA-Z0-9_-]{1,32}$/, &quot;COMMAND_PREFIX&quot;: /^[!/]/, &quot;DISCORD_SNOWFLAKE&quot;: /^\d{17,19}$/, &quot;DISCORD_USER_ID&quot;: /^\d{17,19}$/, &quot;EMAIL_PATTERN&quot;: /^[^\s@]+@[^\s@]+\.[^\s@]+$/, &quot;FILENAME&quot;: /^[a-zA-Z0-9._-]{1,255}$/, &quot;FLOAT&quot;: /^-?\d+\.?\d*$/, &quot;INTEGER&quot;: /^-?\d+$/, &quot;MESSAGE_CONTENT&quot;: /^[\s\S]{1,4000}$/, &quot;PATH&quot;: /^[a-zA-Z0-9._\-/\\]{1,500}$/, &quot;POSITIVE_INTEGER&quot;: /^\d+$/, &quot;SAFE_TEXT&quot;: /^[a-zA-Z0-9\s.,!?@#$%^&amp;*()_+\-=[\]{};&apos;:&quot;\\|,.&lt;&gt;/~`]+$/, &quot;URL_PATTERN&quot;: /^https?:\/\/[^\s/$.?#].[^\s]*$/i}
    at Object.toHaveProperty (C:\Users\ch\aszune\aszune-ai-bot\__tests__\unit\input-validator-sanitization.test.js:75:35)
    at Promise.then.completed (C:\Users\ch\aszune\aszune-ai-bot\node_modules\jest-circus\build\utils.js:298:28)
    at new Promise (&lt;anonymous&gt;)
    at callAsyncCircusFn (C:\Users\ch\aszune\aszune-ai-bot\node_modules\jest-circus\build\utils.js:231:10)
    at _callCircusTest (C:\Users\ch\aszune\aszune-ai-bot\node_modules\jest-circus\build\run.js:316:40)
    at processTicksAndRejections (node:internal/process/task_queues:95:5)
    at _runTest (C:\Users\ch\aszune\aszune-ai-bot\node_modules\jest-circus\build\run.js:252:3)
    at _runTestsForDescribeBlock (C:\Users\ch\aszune\aszune-ai-bot\node_modules\jest-circus\build\run.js:126:9)
    at _runTestsForDescribeBlock (C:\Users\ch\aszune\aszune-ai-bot\node_modules\jest-circus\build\run.js:121:9)
    at _runTestsForDescribeBlock (C:\Users\ch\aszune\aszune-ai-bot\node_modules\jest-circus\build\run.js:121:9)
    at run (C:\Users\ch\aszune\aszune-ai-bot\node_modules\jest-circus\build\run.js:71:3)
    at runAndTransformResultsToJestFormat (C:\Users\ch\aszune\aszune-ai-bot\node_modules\jest-circus\build\legacy-code-todo-rewrite\jestAdapterInit.js:122:21)
    at jestAdapter (C:\Users\ch\aszune\aszune-ai-bot\node_modules\jest-circus\build\legacy-code-todo-rewrite\jestAdapter.js:79:19)
    at runTestInternal (C:\Users\ch\aszune\aszune-ai-bot\node_modules\jest-runner\build\runTest.js:367:16)
    at runTest (C:\Users\ch\aszune\aszune-ai-bot\node_modules\jest-runner\build\runTest.js:444:34)
    at Object.worker (C:\Users\ch\aszune\aszune-ai-bot\node_modules\jest-runner\build\testWorker.js:106:12)</failure>
    </testcase>
    <testcase classname="InputValidator - Sanitization validation patterns should have correct validation limits" name="InputValidator - Sanitization validation patterns should have correct validation limits" time="0.002">
      <failure>Error: expect(received).toHaveProperty(path)

Expected path: &quot;TEXT_MAX_LENGTH&quot;
Received path: []

Received value: {&quot;MAX_COMMAND_LENGTH&quot;: 100, &quot;MAX_FILENAME_LENGTH&quot;: 255, &quot;MAX_HISTORY_LENGTH&quot;: 50, &quot;MAX_MESSAGE_LENGTH&quot;: 4000, &quot;MAX_PASSWORD_LENGTH&quot;: 128, &quot;MAX_PATH_LENGTH&quot;: 500, &quot;MAX_URL_LENGTH&quot;: 2048, &quot;MAX_USERNAME_LENGTH&quot;: 32, &quot;MIN_PASSWORD_LENGTH&quot;: 8}
    at Object.toHaveProperty (C:\Users\ch\aszune\aszune-ai-bot\__tests__\unit\input-validator-sanitization.test.js:82:33)
    at Promise.then.completed (C:\Users\ch\aszune\aszune-ai-bot\node_modules\jest-circus\build\utils.js:298:28)
    at new Promise (&lt;anonymous&gt;)
    at callAsyncCircusFn (C:\Users\ch\aszune\aszune-ai-bot\node_modules\jest-circus\build\utils.js:231:10)
    at _callCircusTest (C:\Users\ch\aszune\aszune-ai-bot\node_modules\jest-circus\build\run.js:316:40)
    at processTicksAndRejections (node:internal/process/task_queues:95:5)
    at _runTest (C:\Users\ch\aszune\aszune-ai-bot\node_modules\jest-circus\build\run.js:252:3)
    at _runTestsForDescribeBlock (C:\Users\ch\aszune\aszune-ai-bot\node_modules\jest-circus\build\run.js:126:9)
    at _runTestsForDescribeBlock (C:\Users\ch\aszune\aszune-ai-bot\node_modules\jest-circus\build\run.js:121:9)
    at _runTestsForDescribeBlock (C:\Users\ch\aszune\aszune-ai-bot\node_modules\jest-circus\build\run.js:121:9)
    at run (C:\Users\ch\aszune\aszune-ai-bot\node_modules\jest-circus\build\run.js:71:3)
    at runAndTransformResultsToJestFormat (C:\Users\ch\aszune\aszune-ai-bot\node_modules\jest-circus\build\legacy-code-todo-rewrite\jestAdapterInit.js:122:21)
    at jestAdapter (C:\Users\ch\aszune\aszune-ai-bot\node_modules\jest-circus\build\legacy-code-todo-rewrite\jestAdapter.js:79:19)
    at runTestInternal (C:\Users\ch\aszune\aszune-ai-bot\node_modules\jest-runner\build\runTest.js:367:16)
    at runTest (C:\Users\ch\aszune\aszune-ai-bot\node_modules\jest-runner\build\runTest.js:444:34)
    at Object.worker (C:\Users\ch\aszune\aszune-ai-bot\node_modules\jest-runner\build\testWorker.js:106:12)</failure>
    </testcase>
    <testcase classname="InputValidator - Sanitization validation patterns should have dangerous patterns defined" name="InputValidator - Sanitization validation patterns should have dangerous patterns defined" time="0.001">
      <failure>Error: expect(received).toBe(expected) // Object.is equality

Expected: true
Received: false
    at Object.toBe (C:\Users\ch\aszune\aszune-ai-bot\__tests__\unit\input-validator-sanitization.test.js:90:49)
    at Promise.then.completed (C:\Users\ch\aszune\aszune-ai-bot\node_modules\jest-circus\build\utils.js:298:28)
    at new Promise (&lt;anonymous&gt;)
    at callAsyncCircusFn (C:\Users\ch\aszune\aszune-ai-bot\node_modules\jest-circus\build\utils.js:231:10)
    at _callCircusTest (C:\Users\ch\aszune\aszune-ai-bot\node_modules\jest-circus\build\run.js:316:40)
    at processTicksAndRejections (node:internal/process/task_queues:95:5)
    at _runTest (C:\Users\ch\aszune\aszune-ai-bot\node_modules\jest-circus\build\run.js:252:3)
    at _runTestsForDescribeBlock (C:\Users\ch\aszune\aszune-ai-bot\node_modules\jest-circus\build\run.js:126:9)
    at _runTestsForDescribeBlock (C:\Users\ch\aszune\aszune-ai-bot\node_modules\jest-circus\build\run.js:121:9)
    at _runTestsForDescribeBlock (C:\Users\ch\aszune\aszune-ai-bot\node_modules\jest-circus\build\run.js:121:9)
    at run (C:\Users\ch\aszune\aszune-ai-bot\node_modules\jest-circus\build\run.js:71:3)
    at runAndTransformResultsToJestFormat (C:\Users\ch\aszune\aszune-ai-bot\node_modules\jest-circus\build\legacy-code-todo-rewrite\jestAdapterInit.js:122:21)
    at jestAdapter (C:\Users\ch\aszune\aszune-ai-bot\node_modules\jest-circus\build\legacy-code-todo-rewrite\jestAdapter.js:79:19)
    at runTestInternal (C:\Users\ch\aszune\aszune-ai-bot\node_modules\jest-runner\build\runTest.js:367:16)
    at runTest (C:\Users\ch\aszune\aszune-ai-bot\node_modules\jest-runner\build\runTest.js:444:34)
    at Object.worker (C:\Users\ch\aszune\aszune-ai-bot\node_modules\jest-runner\build\testWorker.js:106:12)</failure>
    </testcase>
  </testsuite>
  <testsuite name="InputValidator - User ID" errors="0" failures="2" skipped="0" timestamp="2025-09-24T07:38:57" time="1.458" tests="4">
    <testcase classname="InputValidator - User ID validateUserId should validate correct Discord user IDs" name="InputValidator - User ID validateUserId should validate correct Discord user IDs" time="0.073">
    </testcase>
    <testcase classname="InputValidator - User ID validateUserId should reject invalid user IDs" name="InputValidator - User ID validateUserId should reject invalid user IDs" time="0.035">
      <failure>Error: expect(received).toBe(expected) // Object.is equality

Expected: false
Received: true
    at toBe (C:\Users\ch\aszune\aszune-ai-bot\__tests__\unit\input-validator-userid.test.js:34:30)
    at Array.forEach (&lt;anonymous&gt;)
    at Object.forEach (C:\Users\ch\aszune\aszune-ai-bot\__tests__\unit\input-validator-userid.test.js:32:18)
    at Promise.then.completed (C:\Users\ch\aszune\aszune-ai-bot\node_modules\jest-circus\build\utils.js:298:28)
    at new Promise (&lt;anonymous&gt;)
    at callAsyncCircusFn (C:\Users\ch\aszune\aszune-ai-bot\node_modules\jest-circus\build\utils.js:231:10)
    at _callCircusTest (C:\Users\ch\aszune\aszune-ai-bot\node_modules\jest-circus\build\run.js:316:40)
    at processTicksAndRejections (node:internal/process/task_queues:95:5)
    at _runTest (C:\Users\ch\aszune\aszune-ai-bot\node_modules\jest-circus\build\run.js:252:3)
    at _runTestsForDescribeBlock (C:\Users\ch\aszune\aszune-ai-bot\node_modules\jest-circus\build\run.js:126:9)
    at _runTestsForDescribeBlock (C:\Users\ch\aszune\aszune-ai-bot\node_modules\jest-circus\build\run.js:121:9)
    at _runTestsForDescribeBlock (C:\Users\ch\aszune\aszune-ai-bot\node_modules\jest-circus\build\run.js:121:9)
    at run (C:\Users\ch\aszune\aszune-ai-bot\node_modules\jest-circus\build\run.js:71:3)
    at runAndTransformResultsToJestFormat (C:\Users\ch\aszune\aszune-ai-bot\node_modules\jest-circus\build\legacy-code-todo-rewrite\jestAdapterInit.js:122:21)
    at jestAdapter (C:\Users\ch\aszune\aszune-ai-bot\node_modules\jest-circus\build\legacy-code-todo-rewrite\jestAdapter.js:79:19)
    at runTestInternal (C:\Users\ch\aszune\aszune-ai-bot\node_modules\jest-runner\build\runTest.js:367:16)
    at runTest (C:\Users\ch\aszune\aszune-ai-bot\node_modules\jest-runner\build\runTest.js:444:34)
    at Object.worker (C:\Users\ch\aszune\aszune-ai-bot\node_modules\jest-runner\build\testWorker.js:106:12)</failure>
    </testcase>
    <testcase classname="InputValidator - User ID validateUserId should accept valid user IDs" name="InputValidator - User ID validateUserId should accept valid user IDs" time="0.002">
    </testcase>
    <testcase classname="InputValidator - User ID validateUserId should handle edge cases" name="InputValidator - User ID validateUserId should handle edge cases" time="0.003">
      <failure>Error: expect(received).toBe(expected) // Object.is equality

Expected: false
Received: true
    at toBe (C:\Users\ch\aszune\aszune-ai-bot\__tests__\unit\input-validator-userid.test.js:60:30)
    at Array.forEach (&lt;anonymous&gt;)
    at Object.forEach (C:\Users\ch\aszune\aszune-ai-bot\__tests__\unit\input-validator-userid.test.js:58:17)
    at Promise.then.completed (C:\Users\ch\aszune\aszune-ai-bot\node_modules\jest-circus\build\utils.js:298:28)
    at new Promise (&lt;anonymous&gt;)
    at callAsyncCircusFn (C:\Users\ch\aszune\aszune-ai-bot\node_modules\jest-circus\build\utils.js:231:10)
    at _callCircusTest (C:\Users\ch\aszune\aszune-ai-bot\node_modules\jest-circus\build\run.js:316:40)
    at processTicksAndRejections (node:internal/process/task_queues:95:5)
    at _runTest (C:\Users\ch\aszune\aszune-ai-bot\node_modules\jest-circus\build\run.js:252:3)
    at _runTestsForDescribeBlock (C:\Users\ch\aszune\aszune-ai-bot\node_modules\jest-circus\build\run.js:126:9)
    at _runTestsForDescribeBlock (C:\Users\ch\aszune\aszune-ai-bot\node_modules\jest-circus\build\run.js:121:9)
    at _runTestsForDescribeBlock (C:\Users\ch\aszune\aszune-ai-bot\node_modules\jest-circus\build\run.js:121:9)
    at run (C:\Users\ch\aszune\aszune-ai-bot\node_modules\jest-circus\build\run.js:71:3)
    at runAndTransformResultsToJestFormat (C:\Users\ch\aszune\aszune-ai-bot\node_modules\jest-circus\build\legacy-code-todo-rewrite\jestAdapterInit.js:122:21)
    at jestAdapter (C:\Users\ch\aszune\aszune-ai-bot\node_modules\jest-circus\build\legacy-code-todo-rewrite\jestAdapter.js:79:19)
    at runTestInternal (C:\Users\ch\aszune\aszune-ai-bot\node_modules\jest-runner\build\runTest.js:367:16)
    at runTest (C:\Users\ch\aszune\aszune-ai-bot\node_modules\jest-runner\build\runTest.js:444:34)
    at Object.worker (C:\Users\ch\aszune\aszune-ai-bot\node_modules\jest-runner\build\testWorker.js:106:12)</failure>
    </testcase>
  </testsuite>
  <testsuite name="Memory Monitor - Utils" errors="0" failures="5" skipped="0" timestamp="2025-09-24T07:38:53" time="4.725" tests="6">
    <testcase classname="Memory Monitor - Utils should return memory usage information" name="Memory Monitor - Utils should return memory usage information" time="0.101">
      <failure>Error: expect(received).toHaveProperty(path)

Expected path: &quot;heapUsedPercent&quot;
Received path: []

Received value: {&quot;external&quot;: 10485760, &quot;heapTotal&quot;: 83886080, &quot;heapUsed&quot;: 52428800, &quot;isLowMemory&quot;: false, &quot;percentUsed&quot;: 25, &quot;rss&quot;: 104857600}
    at Object.toHaveProperty (C:\Users\ch\aszune\aszune-ai-bot\__tests__\unit\memory-monitor-utils.test.js:64:19)
    at Promise.then.completed (C:\Users\ch\aszune\aszune-ai-bot\node_modules\jest-circus\build\utils.js:298:28)
    at new Promise (&lt;anonymous&gt;)
    at callAsyncCircusFn (C:\Users\ch\aszune\aszune-ai-bot\node_modules\jest-circus\build\utils.js:231:10)
    at _callCircusTest (C:\Users\ch\aszune\aszune-ai-bot\node_modules\jest-circus\build\run.js:316:40)
    at processTicksAndRejections (node:internal/process/task_queues:95:5)
    at _runTest (C:\Users\ch\aszune\aszune-ai-bot\node_modules\jest-circus\build\run.js:252:3)
    at _runTestsForDescribeBlock (C:\Users\ch\aszune\aszune-ai-bot\node_modules\jest-circus\build\run.js:126:9)
    at _runTestsForDescribeBlock (C:\Users\ch\aszune\aszune-ai-bot\node_modules\jest-circus\build\run.js:121:9)
    at run (C:\Users\ch\aszune\aszune-ai-bot\node_modules\jest-circus\build\run.js:71:3)
    at runAndTransformResultsToJestFormat (C:\Users\ch\aszune\aszune-ai-bot\node_modules\jest-circus\build\legacy-code-todo-rewrite\jestAdapterInit.js:122:21)
    at jestAdapter (C:\Users\ch\aszune\aszune-ai-bot\node_modules\jest-circus\build\legacy-code-todo-rewrite\jestAdapter.js:79:19)
    at runTestInternal (C:\Users\ch\aszune\aszune-ai-bot\node_modules\jest-runner\build\runTest.js:367:16)
    at runTest (C:\Users\ch\aszune\aszune-ai-bot\node_modules\jest-runner\build\runTest.js:444:34)
    at Object.worker (C:\Users\ch\aszune\aszune-ai-bot\node_modules\jest-runner\build\testWorker.js:106:12)</failure>
    </testcase>
    <testcase classname="Memory Monitor - Utils should calculate memory usage percentage correctly" name="Memory Monitor - Utils should calculate memory usage percentage correctly" time="0.006">
      <failure>Error: expect(received).toBe(expected) // Object.is equality

Expected: 25
Received: undefined
    at Object.toBe (C:\Users\ch\aszune\aszune-ai-bot\__tests__\unit\memory-monitor-utils.test.js:71:35)
    at Promise.then.completed (C:\Users\ch\aszune\aszune-ai-bot\node_modules\jest-circus\build\utils.js:298:28)
    at new Promise (&lt;anonymous&gt;)
    at callAsyncCircusFn (C:\Users\ch\aszune\aszune-ai-bot\node_modules\jest-circus\build\utils.js:231:10)
    at _callCircusTest (C:\Users\ch\aszune\aszune-ai-bot\node_modules\jest-circus\build\run.js:316:40)
    at processTicksAndRejections (node:internal/process/task_queues:95:5)
    at _runTest (C:\Users\ch\aszune\aszune-ai-bot\node_modules\jest-circus\build\run.js:252:3)
    at _runTestsForDescribeBlock (C:\Users\ch\aszune\aszune-ai-bot\node_modules\jest-circus\build\run.js:126:9)
    at _runTestsForDescribeBlock (C:\Users\ch\aszune\aszune-ai-bot\node_modules\jest-circus\build\run.js:121:9)
    at run (C:\Users\ch\aszune\aszune-ai-bot\node_modules\jest-circus\build\run.js:71:3)
    at runAndTransformResultsToJestFormat (C:\Users\ch\aszune\aszune-ai-bot\node_modules\jest-circus\build\legacy-code-todo-rewrite\jestAdapterInit.js:122:21)
    at jestAdapter (C:\Users\ch\aszune\aszune-ai-bot\node_modules\jest-circus\build\legacy-code-todo-rewrite\jestAdapter.js:79:19)
    at runTestInternal (C:\Users\ch\aszune\aszune-ai-bot\node_modules\jest-runner\build\runTest.js:367:16)
    at runTest (C:\Users\ch\aszune\aszune-ai-bot\node_modules\jest-runner\build\runTest.js:444:34)
    at Object.worker (C:\Users\ch\aszune\aszune-ai-bot\node_modules\jest-runner\build\testWorker.js:106:12)</failure>
    </testcase>
    <testcase classname="Memory Monitor - Utils should handle memory usage errors" name="Memory Monitor - Utils should handle memory usage errors" time="0.017">
      <failure>TypeError: Cannot read properties of undefined (reading &apos;message&apos;)
    at MemoryMonitor.message [as getMemoryUsage] (C:\Users\ch\aszune\aszune-ai-bot\src\utils\memory-monitor.js:145:57)
    at Object.getMemoryUsage (C:\Users\ch\aszune\aszune-ai-bot\__tests__\unit\memory-monitor-utils.test.js:80:33)
    at Promise.then.completed (C:\Users\ch\aszune\aszune-ai-bot\node_modules\jest-circus\build\utils.js:298:28)
    at new Promise (&lt;anonymous&gt;)
    at callAsyncCircusFn (C:\Users\ch\aszune\aszune-ai-bot\node_modules\jest-circus\build\utils.js:231:10)
    at _callCircusTest (C:\Users\ch\aszune\aszune-ai-bot\node_modules\jest-circus\build\run.js:316:40)
    at processTicksAndRejections (node:internal/process/task_queues:95:5)
    at _runTest (C:\Users\ch\aszune\aszune-ai-bot\node_modules\jest-circus\build\run.js:252:3)
    at _runTestsForDescribeBlock (C:\Users\ch\aszune\aszune-ai-bot\node_modules\jest-circus\build\run.js:126:9)
    at _runTestsForDescribeBlock (C:\Users\ch\aszune\aszune-ai-bot\node_modules\jest-circus\build\run.js:121:9)
    at run (C:\Users\ch\aszune\aszune-ai-bot\node_modules\jest-circus\build\run.js:71:3)
    at runAndTransformResultsToJestFormat (C:\Users\ch\aszune\aszune-ai-bot\node_modules\jest-circus\build\legacy-code-todo-rewrite\jestAdapterInit.js:122:21)
    at jestAdapter (C:\Users\ch\aszune\aszune-ai-bot\node_modules\jest-circus\build\legacy-code-todo-rewrite\jestAdapter.js:79:19)
    at runTestInternal (C:\Users\ch\aszune\aszune-ai-bot\node_modules\jest-runner\build\runTest.js:367:16)
    at runTest (C:\Users\ch\aszune\aszune-ai-bot\node_modules\jest-runner\build\runTest.js:444:34)
    at Object.worker (C:\Users\ch\aszune\aszune-ai-bot\node_modules\jest-runner\build\testWorker.js:106:12)</failure>
    </testcase>
    <testcase classname="Memory Monitor - Utils should return status information" name="Memory Monitor - Utils should return status information" time="0.02">
      <failure>Error: expect(received).toHaveProperty(path)

Expected path: &quot;checkIntervalMs&quot;
Received path: []

Received value: {&quot;criticalMemory&quot;: 262144000, &quot;initialized&quot;: true, &quot;isLowMemory&quot;: true, &quot;lastGcTime&quot;: 1234567890, &quot;memoryLimit&quot;: 209715200, &quot;memoryUsage&quot;: {&quot;external&quot;: 10485760, &quot;heapTotal&quot;: 83886080, &quot;heapUsed&quot;: 52428800, &quot;isLowMemory&quot;: true, &quot;percentUsed&quot;: 25, &quot;rss&quot;: 104857600}}
    at Object.toHaveProperty (C:\Users\ch\aszune\aszune-ai-bot\__tests__\unit\memory-monitor-utils.test.js:107:20)
    at Promise.then.completed (C:\Users\ch\aszune\aszune-ai-bot\node_modules\jest-circus\build\utils.js:298:28)
    at new Promise (&lt;anonymous&gt;)
    at callAsyncCircusFn (C:\Users\ch\aszune\aszune-ai-bot\node_modules\jest-circus\build\utils.js:231:10)
    at _callCircusTest (C:\Users\ch\aszune\aszune-ai-bot\node_modules\jest-circus\build\run.js:316:40)
    at processTicksAndRejections (node:internal/process/task_queues:95:5)
    at _runTest (C:\Users\ch\aszune\aszune-ai-bot\node_modules\jest-circus\build\run.js:252:3)
    at _runTestsForDescribeBlock (C:\Users\ch\aszune\aszune-ai-bot\node_modules\jest-circus\build\run.js:126:9)
    at _runTestsForDescribeBlock (C:\Users\ch\aszune\aszune-ai-bot\node_modules\jest-circus\build\run.js:121:9)
    at run (C:\Users\ch\aszune\aszune-ai-bot\node_modules\jest-circus\build\run.js:71:3)
    at runAndTransformResultsToJestFormat (C:\Users\ch\aszune\aszune-ai-bot\node_modules\jest-circus\build\legacy-code-todo-rewrite\jestAdapterInit.js:122:21)
    at jestAdapter (C:\Users\ch\aszune\aszune-ai-bot\node_modules\jest-circus\build\legacy-code-todo-rewrite\jestAdapter.js:79:19)
    at runTestInternal (C:\Users\ch\aszune\aszune-ai-bot\node_modules\jest-runner\build\runTest.js:367:16)
    at runTest (C:\Users\ch\aszune\aszune-ai-bot\node_modules\jest-runner\build\runTest.js:444:34)
    at Object.worker (C:\Users\ch\aszune\aszune-ai-bot\node_modules\jest-runner\build\testWorker.js:106:12)</failure>
    </testcase>
    <testcase classname="Memory Monitor - Utils should handle configuration-based initialization" name="Memory Monitor - Utils should handle configuration-based initialization" time="0.003">
      <failure>Error: expect(jest.fn()).toHaveBeenCalledWith(...expected)

Expected: Any&lt;Function&gt;, 60000

Number of calls: 0
    at Object.toHaveBeenCalledWith (C:\Users\ch\aszune\aszune-ai-bot\__tests__\unit\memory-monitor-utils.test.js:113:25)
    at Promise.then.completed (C:\Users\ch\aszune\aszune-ai-bot\node_modules\jest-circus\build\utils.js:298:28)
    at new Promise (&lt;anonymous&gt;)
    at callAsyncCircusFn (C:\Users\ch\aszune\aszune-ai-bot\node_modules\jest-circus\build\utils.js:231:10)
    at _callCircusTest (C:\Users\ch\aszune\aszune-ai-bot\node_modules\jest-circus\build\run.js:316:40)
    at processTicksAndRejections (node:internal/process/task_queues:95:5)
    at _runTest (C:\Users\ch\aszune\aszune-ai-bot\node_modules\jest-circus\build\run.js:252:3)
    at _runTestsForDescribeBlock (C:\Users\ch\aszune\aszune-ai-bot\node_modules\jest-circus\build\run.js:126:9)
    at _runTestsForDescribeBlock (C:\Users\ch\aszune\aszune-ai-bot\node_modules\jest-circus\build\run.js:121:9)
    at run (C:\Users\ch\aszune\aszune-ai-bot\node_modules\jest-circus\build\run.js:71:3)
    at runAndTransformResultsToJestFormat (C:\Users\ch\aszune\aszune-ai-bot\node_modules\jest-circus\build\legacy-code-todo-rewrite\jestAdapterInit.js:122:21)
    at jestAdapter (C:\Users\ch\aszune\aszune-ai-bot\node_modules\jest-circus\build\legacy-code-todo-rewrite\jestAdapter.js:79:19)
    at runTestInternal (C:\Users\ch\aszune\aszune-ai-bot\node_modules\jest-runner\build\runTest.js:367:16)
    at runTest (C:\Users\ch\aszune\aszune-ai-bot\node_modules\jest-runner\build\runTest.js:444:34)
    at Object.worker (C:\Users\ch\aszune\aszune-ai-bot\node_modules\jest-runner\build\testWorker.js:106:12)</failure>
    </testcase>
    <testcase classname="Memory Monitor - Utils should handle memory threshold detection" name="Memory Monitor - Utils should handle memory threshold detection" time="0.413">
    </testcase>
  </testsuite>
  <testsuite name="Commands - Text Command Handler" errors="0" failures="14" skipped="0" timestamp="2025-09-24T07:38:53" time="5.723" tests="18">
    <testcase classname="Commands - Text Command Handler handleTextCommand should handle !help command" name="Commands - Text Command Handler handleTextCommand should handle !help command" time="0.037">
    </testcase>
    <testcase classname="Commands - Text Command Handler handleTextCommand should handle !clearhistory command" name="Commands - Text Command Handler handleTextCommand should handle !clearhistory command" time="0.043">
      <failure>Error: expect(jest.fn()).toHaveBeenCalledWith(...expected)

Expected: &quot;Conversation history cleared!&quot;
Received: &quot;Your conversation history has been cleared.&quot;

Number of calls: 1
    at Object.toHaveBeenCalledWith (C:\Users\ch\aszune\aszune-ai-bot\__tests__\unit\commands-text-handler.test.js:60:29)
    at processTicksAndRejections (node:internal/process/task_queues:95:5)</failure>
    </testcase>
    <testcase classname="Commands - Text Command Handler handleTextCommand should handle !summary command with history" name="Commands - Text Command Handler handleTextCommand should handle !summary command with history" time="0.024">
    </testcase>
    <testcase classname="Commands - Text Command Handler handleTextCommand should handle !summary command with no history" name="Commands - Text Command Handler handleTextCommand should handle !summary command with no history" time="0.003">
      <failure>Error: expect(jest.fn()).toHaveBeenCalledWith(...expected)

Expected: &quot;No conversation history to summarize.&quot;
Received: &quot;No conversation history to summarise.&quot;

Number of calls: 1
    at Object.toHaveBeenCalledWith (C:\Users\ch\aszune\aszune-ai-bot\__tests__\unit\commands-text-handler.test.js:82:29)
    at processTicksAndRejections (node:internal/process/task_queues:95:5)</failure>
    </testcase>
    <testcase classname="Commands - Text Command Handler handleTextCommand should handle !summary command with only assistant messages in history" name="Commands - Text Command Handler handleTextCommand should handle !summary command with only assistant messages in history" time="0.001">
      <failure>Error: expect(jest.fn()).toHaveBeenCalledWith(...expected)

Expected: &quot;No conversation history to summarize.&quot;
Received: &quot;No conversation history to summarise.&quot;

Number of calls: 1
    at Object.toHaveBeenCalledWith (C:\Users\ch\aszune\aszune-ai-bot\__tests__\unit\commands-text-handler.test.js:93:29)
    at processTicksAndRejections (node:internal/process/task_queues:95:5)</failure>
    </testcase>
    <testcase classname="Commands - Text Command Handler handleTextCommand should handle errors during text command execution" name="Commands - Text Command Handler handleTextCommand should handle errors during text command execution" time="0.021">
      <failure>Error: Reply failed
    at Object.&lt;anonymous&gt; (C:\Users\ch\aszune\aszune-ai-bot\__tests__\unit\commands-text-handler.test.js:98:39)
    at Promise.then.completed (C:\Users\ch\aszune\aszune-ai-bot\node_modules\jest-circus\build\utils.js:298:28)
    at new Promise (&lt;anonymous&gt;)
    at callAsyncCircusFn (C:\Users\ch\aszune\aszune-ai-bot\node_modules\jest-circus\build\utils.js:231:10)
    at _callCircusTest (C:\Users\ch\aszune\aszune-ai-bot\node_modules\jest-circus\build\run.js:316:40)
    at processTicksAndRejections (node:internal/process/task_queues:95:5)
    at _runTest (C:\Users\ch\aszune\aszune-ai-bot\node_modules\jest-circus\build\run.js:252:3)
    at _runTestsForDescribeBlock (C:\Users\ch\aszune\aszune-ai-bot\node_modules\jest-circus\build\run.js:126:9)
    at _runTestsForDescribeBlock (C:\Users\ch\aszune\aszune-ai-bot\node_modules\jest-circus\build\run.js:121:9)
    at _runTestsForDescribeBlock (C:\Users\ch\aszune\aszune-ai-bot\node_modules\jest-circus\build\run.js:121:9)
    at run (C:\Users\ch\aszune\aszune-ai-bot\node_modules\jest-circus\build\run.js:71:3)
    at runAndTransformResultsToJestFormat (C:\Users\ch\aszune\aszune-ai-bot\node_modules\jest-circus\build\legacy-code-todo-rewrite\jestAdapterInit.js:122:21)
    at jestAdapter (C:\Users\ch\aszune\aszune-ai-bot\node_modules\jest-circus\build\legacy-code-todo-rewrite\jestAdapter.js:79:19)
    at runTestInternal (C:\Users\ch\aszune\aszune-ai-bot\node_modules\jest-runner\build\runTest.js:367:16)
    at runTest (C:\Users\ch\aszune\aszune-ai-bot\node_modules\jest-runner\build\runTest.js:444:34)
    at Object.worker (C:\Users\ch\aszune\aszune-ai-bot\node_modules\jest-runner\build\testWorker.js:106:12)</failure>
    </testcase>
    <testcase classname="Commands - Text Command Handler handleTextCommand should handle !summary command API error" name="Commands - Text Command Handler handleTextCommand should handle !summary command API error" time="0.003">
      <failure>Error: expect(jest.fn()).toHaveBeenCalledWith(...expected)

Expected: StringContaining &quot;error&quot;
Received: &quot;The service is temporarily unavailable. Please try again later.&quot;

Number of calls: 1
    at Object.toHaveBeenCalledWith (C:\Users\ch\aszune\aszune-ai-bot\__tests__\unit\commands-text-handler.test.js:114:29)
    at processTicksAndRejections (node:internal/process/task_queues:95:5)</failure>
    </testcase>
    <testcase classname="Commands - Text Command Handler handleTextCommand should handle !stats command" name="Commands - Text Command Handler handleTextCommand should handle !stats command" time="0.002">
      <failure>Error: expect(jest.fn()).toHaveBeenCalledWith(...expected)

Expected: StringContaining &quot;messages&quot;
Received: &quot;**Your Aszai Bot Stats:**
Messages sent: 10
Summaries requested: 2&quot;

Number of calls: 1
    at Object.toHaveBeenCalledWith (C:\Users\ch\aszune\aszune-ai-bot\__tests__\unit\commands-text-handler.test.js:122:29)
    at processTicksAndRejections (node:internal/process/task_queues:95:5)</failure>
    </testcase>
    <testcase classname="Commands - Text Command Handler handleTextCommand should handle !summarise command with text" name="Commands - Text Command Handler handleTextCommand should handle !summarise command with text" time="0.003">
      <failure>Error: expect(jest.fn()).toHaveBeenCalledWith(...expected)

Expected: &quot;Hello world&quot;

Number of calls: 0
    at Object.toHaveBeenCalledWith (C:\Users\ch\aszune\aszune-ai-bot\__tests__\unit\commands-text-handler.test.js:129:49)
    at processTicksAndRejections (node:internal/process/task_queues:95:5)</failure>
    </testcase>
    <testcase classname="Commands - Text Command Handler handleTextCommand should handle !summerise command with text (alternative spelling)" name="Commands - Text Command Handler handleTextCommand should handle !summerise command with text (alternative spelling)" time="0.002">
      <failure>Error: expect(jest.fn()).toHaveBeenCalledWith(...expected)

Expected: &quot;Hello world&quot;

Number of calls: 0
    at Object.toHaveBeenCalledWith (C:\Users\ch\aszune\aszune-ai-bot\__tests__\unit\commands-text-handler.test.js:137:49)
    at processTicksAndRejections (node:internal/process/task_queues:95:5)</failure>
    </testcase>
    <testcase classname="Commands - Text Command Handler handleTextCommand should handle !summarise command without text" name="Commands - Text Command Handler handleTextCommand should handle !summarise command without text" time="0.001">
      <failure>Error: expect(jest.fn()).toHaveBeenCalledWith(...expected)

Expected: &quot;Please provide text to summarize.&quot;
Received: &quot;Please provide the text you want summarised. Usage: `!summarise &lt;text&gt;` or `!summerise &lt;text&gt;`&quot;

Number of calls: 1
    at Object.toHaveBeenCalledWith (C:\Users\ch\aszune\aszune-ai-bot\__tests__\unit\commands-text-handler.test.js:145:29)
    at processTicksAndRejections (node:internal/process/task_queues:95:5)</failure>
    </testcase>
    <testcase classname="Commands - Text Command Handler handleTextCommand should handle !summarise command with empty text" name="Commands - Text Command Handler handleTextCommand should handle !summarise command with empty text" time="0.001">
      <failure>Error: expect(jest.fn()).toHaveBeenCalledWith(...expected)

Expected: &quot;Please provide text to summarize.&quot;
Received: &quot;Please provide the text you want summarised. Usage: `!summarise &lt;text&gt;` or `!summerise &lt;text&gt;`&quot;

Number of calls: 1
    at Object.toHaveBeenCalledWith (C:\Users\ch\aszune\aszune-ai-bot\__tests__\unit\commands-text-handler.test.js:152:29)
    at processTicksAndRejections (node:internal/process/task_queues:95:5)</failure>
    </testcase>
    <testcase classname="Commands - Text Command Handler handleTextCommand should handle !summarise command with invalid text" name="Commands - Text Command Handler handleTextCommand should handle !summarise command with invalid text" time="0.002">
      <failure>Error: expect(jest.fn()).toHaveBeenCalledWith(...expected)

Expected: StringContaining &quot;invalid&quot;
Received: &quot;❌ Invalid text input: Message contains potentially dangerous content&quot;

Number of calls: 1
    at Object.toHaveBeenCalledWith (C:\Users\ch\aszune\aszune-ai-bot\__tests__\unit\commands-text-handler.test.js:159:29)
    at processTicksAndRejections (node:internal/process/task_queues:95:5)</failure>
    </testcase>
    <testcase classname="Commands - Text Command Handler handleTextCommand should handle !summarise command API error" name="Commands - Text Command Handler handleTextCommand should handle !summarise command API error" time="0.004">
      <failure>Error: expect(jest.fn()).toHaveBeenCalledWith(...expected)

Expected: StringContaining &quot;error&quot;
Received: {&quot;embeds&quot;: [{&quot;color&quot;: 39423, &quot;description&quot;: undefined, &quot;footer&quot;: {&quot;text&quot;: &quot;Aszai Bot&quot;}, &quot;title&quot;: &quot;Text Summary&quot;}]}

Number of calls: 1
    at Object.toHaveBeenCalledWith (C:\Users\ch\aszune\aszune-ai-bot\__tests__\unit\commands-text-handler.test.js:168:29)
    at processTicksAndRejections (node:internal/process/task_queues:95:5)</failure>
    </testcase>
    <testcase classname="Commands - Text Command Handler handleTextCommand should handle text command with invalid user ID" name="Commands - Text Command Handler handleTextCommand should handle text command with invalid user ID" time="0.002">
    </testcase>
    <testcase classname="Commands - Text Command Handler handleTextCommand should handle text command parsing for summarise" name="Commands - Text Command Handler handleTextCommand should handle text command parsing for summarise" time="0.013">
      <failure>Error: expect(jest.fn()).toHaveBeenCalledWith(...expected)

Expected: &quot;This is a test&quot;

Number of calls: 0
    at Object.toHaveBeenCalledWith (C:\Users\ch\aszune\aszune-ai-bot\__tests__\unit\commands-text-handler.test.js:182:49)
    at processTicksAndRejections (node:internal/process/task_queues:95:5)</failure>
    </testcase>
    <testcase classname="Commands - Text Command Handler handleTextCommand should handle text command parsing for summerise (alternative spelling)" name="Commands - Text Command Handler handleTextCommand should handle text command parsing for summerise (alternative spelling)" time="0.001">
      <failure>Error: expect(jest.fn()).toHaveBeenCalledWith(...expected)

Expected: &quot;This is a test&quot;

Number of calls: 0
    at Object.toHaveBeenCalledWith (C:\Users\ch\aszune\aszune-ai-bot\__tests__\unit\commands-text-handler.test.js:189:49)
    at processTicksAndRejections (node:internal/process/task_queues:95:5)</failure>
    </testcase>
    <testcase classname="Commands - Text Command Handler handleTextCommand should return null for unknown command" name="Commands - Text Command Handler handleTextCommand should return null for unknown command" time="0.014">
    </testcase>
  </testsuite>
  <testsuite name="InputValidator - General Validation" errors="0" failures="8" skipped="0" timestamp="2025-09-24T07:38:53" time="4.751" tests="8">
    <testcase classname="InputValidator - General Validation validateInput should validate text input correctly" name="InputValidator - General Validation validateInput should validate text input correctly" time="0.042">
      <failure>TypeError: InputValidator.validateInput is not a function
    at validateInput (C:\Users\ch\aszune\aszune-ai-bot\__tests__\unit\input-validator-validation.test.js:22:39)
    at Array.forEach (&lt;anonymous&gt;)
    at Object.forEach (C:\Users\ch\aszune\aszune-ai-bot\__tests__\unit\input-validator-validation.test.js:21:19)
    at Promise.then.completed (C:\Users\ch\aszune\aszune-ai-bot\node_modules\jest-circus\build\utils.js:298:28)
    at new Promise (&lt;anonymous&gt;)
    at callAsyncCircusFn (C:\Users\ch\aszune\aszune-ai-bot\node_modules\jest-circus\build\utils.js:231:10)
    at _callCircusTest (C:\Users\ch\aszune\aszune-ai-bot\node_modules\jest-circus\build\run.js:316:40)
    at processTicksAndRejections (node:internal/process/task_queues:95:5)
    at _runTest (C:\Users\ch\aszune\aszune-ai-bot\node_modules\jest-circus\build\run.js:252:3)
    at _runTestsForDescribeBlock (C:\Users\ch\aszune\aszune-ai-bot\node_modules\jest-circus\build\run.js:126:9)
    at _runTestsForDescribeBlock (C:\Users\ch\aszune\aszune-ai-bot\node_modules\jest-circus\build\run.js:121:9)
    at _runTestsForDescribeBlock (C:\Users\ch\aszune\aszune-ai-bot\node_modules\jest-circus\build\run.js:121:9)
    at run (C:\Users\ch\aszune\aszune-ai-bot\node_modules\jest-circus\build\run.js:71:3)
    at runAndTransformResultsToJestFormat (C:\Users\ch\aszune\aszune-ai-bot\node_modules\jest-circus\build\legacy-code-todo-rewrite\jestAdapterInit.js:122:21)
    at jestAdapter (C:\Users\ch\aszune\aszune-ai-bot\node_modules\jest-circus\build\legacy-code-todo-rewrite\jestAdapter.js:79:19)
    at runTestInternal (C:\Users\ch\aszune\aszune-ai-bot\node_modules\jest-runner\build\runTest.js:367:16)
    at runTest (C:\Users\ch\aszune\aszune-ai-bot\node_modules\jest-runner\build\runTest.js:444:34)
    at Object.worker (C:\Users\ch\aszune\aszune-ai-bot\node_modules\jest-runner\build\testWorker.js:106:12)</failure>
    </testcase>
    <testcase classname="InputValidator - General Validation validateInput should reject inputs that exceed length limits" name="InputValidator - General Validation validateInput should reject inputs that exceed length limits" time="0.001">
      <failure>TypeError: InputValidator.validateInput is not a function
    at Object.validateInput (C:\Users\ch\aszune\aszune-ai-bot\__tests__\unit\input-validator-validation.test.js:30:37)
    at Promise.then.completed (C:\Users\ch\aszune\aszune-ai-bot\node_modules\jest-circus\build\utils.js:298:28)
    at new Promise (&lt;anonymous&gt;)
    at callAsyncCircusFn (C:\Users\ch\aszune\aszune-ai-bot\node_modules\jest-circus\build\utils.js:231:10)
    at _callCircusTest (C:\Users\ch\aszune\aszune-ai-bot\node_modules\jest-circus\build\run.js:316:40)
    at processTicksAndRejections (node:internal/process/task_queues:95:5)
    at _runTest (C:\Users\ch\aszune\aszune-ai-bot\node_modules\jest-circus\build\run.js:252:3)
    at _runTestsForDescribeBlock (C:\Users\ch\aszune\aszune-ai-bot\node_modules\jest-circus\build\run.js:126:9)
    at _runTestsForDescribeBlock (C:\Users\ch\aszune\aszune-ai-bot\node_modules\jest-circus\build\run.js:121:9)
    at _runTestsForDescribeBlock (C:\Users\ch\aszune\aszune-ai-bot\node_modules\jest-circus\build\run.js:121:9)
    at run (C:\Users\ch\aszune\aszune-ai-bot\node_modules\jest-circus\build\run.js:71:3)
    at runAndTransformResultsToJestFormat (C:\Users\ch\aszune\aszune-ai-bot\node_modules\jest-circus\build\legacy-code-todo-rewrite\jestAdapterInit.js:122:21)
    at jestAdapter (C:\Users\ch\aszune\aszune-ai-bot\node_modules\jest-circus\build\legacy-code-todo-rewrite\jestAdapter.js:79:19)
    at runTestInternal (C:\Users\ch\aszune\aszune-ai-bot\node_modules\jest-runner\build\runTest.js:367:16)
    at runTest (C:\Users\ch\aszune\aszune-ai-bot\node_modules\jest-runner\build\runTest.js:444:34)
    at Object.worker (C:\Users\ch\aszune\aszune-ai-bot\node_modules\jest-runner\build\testWorker.js:106:12)</failure>
    </testcase>
    <testcase classname="InputValidator - General Validation validateInput should reject inputs with dangerous patterns" name="InputValidator - General Validation validateInput should reject inputs with dangerous patterns" time="0.001">
      <failure>TypeError: InputValidator.validateInput is not a function
    at validateInput (C:\Users\ch\aszune\aszune-ai-bot\__tests__\unit\input-validator-validation.test.js:45:39)
    at Array.forEach (&lt;anonymous&gt;)
    at Object.forEach (C:\Users\ch\aszune\aszune-ai-bot\__tests__\unit\input-validator-validation.test.js:44:23)
    at Promise.then.completed (C:\Users\ch\aszune\aszune-ai-bot\node_modules\jest-circus\build\utils.js:298:28)
    at new Promise (&lt;anonymous&gt;)
    at callAsyncCircusFn (C:\Users\ch\aszune\aszune-ai-bot\node_modules\jest-circus\build\utils.js:231:10)
    at _callCircusTest (C:\Users\ch\aszune\aszune-ai-bot\node_modules\jest-circus\build\run.js:316:40)
    at processTicksAndRejections (node:internal/process/task_queues:95:5)
    at _runTest (C:\Users\ch\aszune\aszune-ai-bot\node_modules\jest-circus\build\run.js:252:3)
    at _runTestsForDescribeBlock (C:\Users\ch\aszune\aszune-ai-bot\node_modules\jest-circus\build\run.js:126:9)
    at _runTestsForDescribeBlock (C:\Users\ch\aszune\aszune-ai-bot\node_modules\jest-circus\build\run.js:121:9)
    at _runTestsForDescribeBlock (C:\Users\ch\aszune\aszune-ai-bot\node_modules\jest-circus\build\run.js:121:9)
    at run (C:\Users\ch\aszune\aszune-ai-bot\node_modules\jest-circus\build\run.js:71:3)
    at runAndTransformResultsToJestFormat (C:\Users\ch\aszune\aszune-ai-bot\node_modules\jest-circus\build\legacy-code-todo-rewrite\jestAdapterInit.js:122:21)
    at jestAdapter (C:\Users\ch\aszune\aszune-ai-bot\node_modules\jest-circus\build\legacy-code-todo-rewrite\jestAdapter.js:79:19)
    at runTestInternal (C:\Users\ch\aszune\aszune-ai-bot\node_modules\jest-runner\build\runTest.js:367:16)
    at runTest (C:\Users\ch\aszune\aszune-ai-bot\node_modules\jest-runner\build\runTest.js:444:34)
    at Object.worker (C:\Users\ch\aszune\aszune-ai-bot\node_modules\jest-runner\build\testWorker.js:106:12)</failure>
    </testcase>
    <testcase classname="InputValidator - General Validation validateInput should validate email format" name="InputValidator - General Validation validateInput should validate email format" time="0.001">
      <failure>TypeError: InputValidator.validateInput is not a function
    at validateInput (C:\Users\ch\aszune\aszune-ai-bot\__tests__\unit\input-validator-validation.test.js:66:39)
    at Array.forEach (&lt;anonymous&gt;)
    at Object.forEach (C:\Users\ch\aszune\aszune-ai-bot\__tests__\unit\input-validator-validation.test.js:65:19)
    at Promise.then.completed (C:\Users\ch\aszune\aszune-ai-bot\node_modules\jest-circus\build\utils.js:298:28)
    at new Promise (&lt;anonymous&gt;)
    at callAsyncCircusFn (C:\Users\ch\aszune\aszune-ai-bot\node_modules\jest-circus\build\utils.js:231:10)
    at _callCircusTest (C:\Users\ch\aszune\aszune-ai-bot\node_modules\jest-circus\build\run.js:316:40)
    at processTicksAndRejections (node:internal/process/task_queues:95:5)
    at _runTest (C:\Users\ch\aszune\aszune-ai-bot\node_modules\jest-circus\build\run.js:252:3)
    at _runTestsForDescribeBlock (C:\Users\ch\aszune\aszune-ai-bot\node_modules\jest-circus\build\run.js:126:9)
    at _runTestsForDescribeBlock (C:\Users\ch\aszune\aszune-ai-bot\node_modules\jest-circus\build\run.js:121:9)
    at _runTestsForDescribeBlock (C:\Users\ch\aszune\aszune-ai-bot\node_modules\jest-circus\build\run.js:121:9)
    at run (C:\Users\ch\aszune\aszune-ai-bot\node_modules\jest-circus\build\run.js:71:3)
    at runAndTransformResultsToJestFormat (C:\Users\ch\aszune\aszune-ai-bot\node_modules\jest-circus\build\legacy-code-todo-rewrite\jestAdapterInit.js:122:21)
    at jestAdapter (C:\Users\ch\aszune\aszune-ai-bot\node_modules\jest-circus\build\legacy-code-todo-rewrite\jestAdapter.js:79:19)
    at runTestInternal (C:\Users\ch\aszune\aszune-ai-bot\node_modules\jest-runner\build\runTest.js:367:16)
    at runTest (C:\Users\ch\aszune\aszune-ai-bot\node_modules\jest-runner\build\runTest.js:444:34)
    at Object.worker (C:\Users\ch\aszune\aszune-ai-bot\node_modules\jest-runner\build\testWorker.js:106:12)</failure>
    </testcase>
    <testcase classname="InputValidator - General Validation validateInput should validate URL format" name="InputValidator - General Validation validateInput should validate URL format" time="0.021">
      <failure>TypeError: InputValidator.validateInput is not a function
    at validateInput (C:\Users\ch\aszune\aszune-ai-bot\__tests__\unit\input-validator-validation.test.js:90:39)
    at Array.forEach (&lt;anonymous&gt;)
    at Object.forEach (C:\Users\ch\aszune\aszune-ai-bot\__tests__\unit\input-validator-validation.test.js:89:17)
    at Promise.then.completed (C:\Users\ch\aszune\aszune-ai-bot\node_modules\jest-circus\build\utils.js:298:28)
    at new Promise (&lt;anonymous&gt;)
    at callAsyncCircusFn (C:\Users\ch\aszune\aszune-ai-bot\node_modules\jest-circus\build\utils.js:231:10)
    at _callCircusTest (C:\Users\ch\aszune\aszune-ai-bot\node_modules\jest-circus\build\run.js:316:40)
    at processTicksAndRejections (node:internal/process/task_queues:95:5)
    at _runTest (C:\Users\ch\aszune\aszune-ai-bot\node_modules\jest-circus\build\run.js:252:3)
    at _runTestsForDescribeBlock (C:\Users\ch\aszune\aszune-ai-bot\node_modules\jest-circus\build\run.js:126:9)
    at _runTestsForDescribeBlock (C:\Users\ch\aszune\aszune-ai-bot\node_modules\jest-circus\build\run.js:121:9)
    at _runTestsForDescribeBlock (C:\Users\ch\aszune\aszune-ai-bot\node_modules\jest-circus\build\run.js:121:9)
    at run (C:\Users\ch\aszune\aszune-ai-bot\node_modules\jest-circus\build\run.js:71:3)
    at runAndTransformResultsToJestFormat (C:\Users\ch\aszune\aszune-ai-bot\node_modules\jest-circus\build\legacy-code-todo-rewrite\jestAdapterInit.js:122:21)
    at jestAdapter (C:\Users\ch\aszune\aszune-ai-bot\node_modules\jest-circus\build\legacy-code-todo-rewrite\jestAdapter.js:79:19)
    at runTestInternal (C:\Users\ch\aszune\aszune-ai-bot\node_modules\jest-runner\build\runTest.js:367:16)
    at runTest (C:\Users\ch\aszune\aszune-ai-bot\node_modules\jest-runner\build\runTest.js:444:34)
    at Object.worker (C:\Users\ch\aszune\aszune-ai-bot\node_modules\jest-runner\build\testWorker.js:106:12)</failure>
    </testcase>
    <testcase classname="InputValidator - General Validation sanitizeInput should sanitize HTML content" name="InputValidator - General Validation sanitizeInput should sanitize HTML content" time="0.001">
      <failure>TypeError: InputValidator.sanitizeInput is not a function
    at Object.sanitizeInput (C:\Users\ch\aszune\aszune-ai-bot\__tests__\unit\input-validator-validation.test.js:104:37)
    at Promise.then.completed (C:\Users\ch\aszune\aszune-ai-bot\node_modules\jest-circus\build\utils.js:298:28)
    at new Promise (&lt;anonymous&gt;)
    at callAsyncCircusFn (C:\Users\ch\aszune\aszune-ai-bot\node_modules\jest-circus\build\utils.js:231:10)
    at _callCircusTest (C:\Users\ch\aszune\aszune-ai-bot\node_modules\jest-circus\build\run.js:316:40)
    at processTicksAndRejections (node:internal/process/task_queues:95:5)
    at _runTest (C:\Users\ch\aszune\aszune-ai-bot\node_modules\jest-circus\build\run.js:252:3)
    at _runTestsForDescribeBlock (C:\Users\ch\aszune\aszune-ai-bot\node_modules\jest-circus\build\run.js:126:9)
    at _runTestsForDescribeBlock (C:\Users\ch\aszune\aszune-ai-bot\node_modules\jest-circus\build\run.js:121:9)
    at _runTestsForDescribeBlock (C:\Users\ch\aszune\aszune-ai-bot\node_modules\jest-circus\build\run.js:121:9)
    at run (C:\Users\ch\aszune\aszune-ai-bot\node_modules\jest-circus\build\run.js:71:3)
    at runAndTransformResultsToJestFormat (C:\Users\ch\aszune\aszune-ai-bot\node_modules\jest-circus\build\legacy-code-todo-rewrite\jestAdapterInit.js:122:21)
    at jestAdapter (C:\Users\ch\aszune\aszune-ai-bot\node_modules\jest-circus\build\legacy-code-todo-rewrite\jestAdapter.js:79:19)
    at runTestInternal (C:\Users\ch\aszune\aszune-ai-bot\node_modules\jest-runner\build\runTest.js:367:16)
    at runTest (C:\Users\ch\aszune\aszune-ai-bot\node_modules\jest-runner\build\runTest.js:444:34)
    at Object.worker (C:\Users\ch\aszune\aszune-ai-bot\node_modules\jest-runner\build\testWorker.js:106:12)</failure>
    </testcase>
    <testcase classname="InputValidator - General Validation sanitizeInput should remove dangerous scripts" name="InputValidator - General Validation sanitizeInput should remove dangerous scripts" time="0.001">
      <failure>TypeError: InputValidator.sanitizeInput is not a function
    at Object.sanitizeInput (C:\Users\ch\aszune\aszune-ai-bot\__tests__\unit\input-validator-validation.test.js:113:37)
    at Promise.then.completed (C:\Users\ch\aszune\aszune-ai-bot\node_modules\jest-circus\build\utils.js:298:28)
    at new Promise (&lt;anonymous&gt;)
    at callAsyncCircusFn (C:\Users\ch\aszune\aszune-ai-bot\node_modules\jest-circus\build\utils.js:231:10)
    at _callCircusTest (C:\Users\ch\aszune\aszune-ai-bot\node_modules\jest-circus\build\run.js:316:40)
    at processTicksAndRejections (node:internal/process/task_queues:95:5)
    at _runTest (C:\Users\ch\aszune\aszune-ai-bot\node_modules\jest-circus\build\run.js:252:3)
    at _runTestsForDescribeBlock (C:\Users\ch\aszune\aszune-ai-bot\node_modules\jest-circus\build\run.js:126:9)
    at _runTestsForDescribeBlock (C:\Users\ch\aszune\aszune-ai-bot\node_modules\jest-circus\build\run.js:121:9)
    at _runTestsForDescribeBlock (C:\Users\ch\aszune\aszune-ai-bot\node_modules\jest-circus\build\run.js:121:9)
    at run (C:\Users\ch\aszune\aszune-ai-bot\node_modules\jest-circus\build\run.js:71:3)
    at runAndTransformResultsToJestFormat (C:\Users\ch\aszune\aszune-ai-bot\node_modules\jest-circus\build\legacy-code-todo-rewrite\jestAdapterInit.js:122:21)
    at jestAdapter (C:\Users\ch\aszune\aszune-ai-bot\node_modules\jest-circus\build\legacy-code-todo-rewrite\jestAdapter.js:79:19)
    at runTestInternal (C:\Users\ch\aszune\aszune-ai-bot\node_modules\jest-runner\build\runTest.js:367:16)
[...]
    </testcase>
  </testsuite>
  <testsuite name="Logger Mock" errors="0" failures="0" skipped="0" timestamp="2025-09-24T07:39:03" time="0.424" tests="4">
    <testcase classname="Logger Mock logger mock exists" name="Logger Mock logger mock exists" time="0.001">
    </testcase>
    <testcase classname="Logger Mock logger mock has required methods" name="Logger Mock logger mock has required methods" time="0.001">
    </testcase>
    <testcase classname="Logger Mock handleError returns a value" name="Logger Mock handleError returns a value" time="0.001">
    </testcase>
    <testcase classname="Logger Mock _formatMessage returns a formatted message" name="Logger Mock _formatMessage returns a formatted message" time="0.001">
    </testcase>
  </testsuite>
  <testsuite name="index.js - Function Branch Coverage" errors="0" failures="5" skipped="0" timestamp="2025-09-24T07:38:53" time="11.574" tests="5">
    <testcase classname="index.js - Function Branch Coverage bootWithOptimizations function should handle errors in Pi optimization initialization" name="index.js - Function Branch Coverage bootWithOptimizations function should handle errors in Pi optimization initialization" time="6.676">
      <failure>TypeError: Cannot read properties of undefined (reading &apos;PERPLEXITY&apos;)
    at new PERPLEXITY (C:\Users\ch\aszune\aszune-ai-bot\src\services\perplexity-secure.js:53:31)
    at Object.&lt;anonymous&gt; (C:\Users\ch\aszune\aszune-ai-bot\src\services\perplexity-secure.js:901:18)
    at Runtime._execModule (C:\Users\ch\aszune\aszune-ai-bot\node_modules\jest-runtime\build\index.js:1439:24)
    at Runtime._loadModule (C:\Users\ch\aszune\aszune-ai-bot\node_modules\jest-runtime\build\index.js:1022:12)
    at Runtime.requireModule (C:\Users\ch\aszune\aszune-ai-bot\node_modules\jest-runtime\build\index.js:882:12)
    at Runtime.requireModuleOrMock (C:\Users\ch\aszune\aszune-ai-bot\node_modules\jest-runtime\build\index.js:1048:21)
    at Object.require (C:\Users\ch\aszune\aszune-ai-bot\src\services\chat.js:5:27)
    at Runtime._execModule (C:\Users\ch\aszune\aszune-ai-bot\node_modules\jest-runtime\build\index.js:1439:24)
    at Runtime._loadModule (C:\Users\ch\aszune\aszune-ai-bot\node_modules\jest-runtime\build\index.js:1022:12)
    at Runtime.requireModule (C:\Users\ch\aszune\aszune-ai-bot\node_modules\jest-runtime\build\index.js:882:12)
    at Runtime.requireModuleOrMock (C:\Users\ch\aszune\aszune-ai-bot\node_modules\jest-runtime\build\index.js:1048:21)
    at Object.require (C:\Users\ch\aszune\aszune-ai-bot\src\index.js:35:27)
    at Runtime._execModule (C:\Users\ch\aszune\aszune-ai-bot\node_modules\jest-runtime\build\index.js:1439:24)
    at Runtime._loadModule (C:\Users\ch\aszune\aszune-ai-bot\node_modules\jest-runtime\build\index.js:1022:12)
    at Runtime.requireModule (C:\Users\ch\aszune\aszune-ai-bot\node_modules\jest-runtime\build\index.js:882:12)
    at Runtime.requireModuleOrMock (C:\Users\ch\aszune\aszune-ai-bot\node_modules\jest-runtime\build\index.js:1048:21)
    at Object.require (C:\Users\ch\aszune\aszune-ai-bot\__tests__\unit\index-branch-coverage-functions.test.js:33:15)
    at Promise.then.completed (C:\Users\ch\aszune\aszune-ai-bot\node_modules\jest-circus\build\utils.js:298:28)
    at new Promise (&lt;anonymous&gt;)
    at callAsyncCircusFn (C:\Users\ch\aszune\aszune-ai-bot\node_modules\jest-circus\build\utils.js:231:10)
    at _callCircusHook (C:\Users\ch\aszune\aszune-ai-bot\node_modules\jest-circus\build\run.js:281:40)
    at processTicksAndRejections (node:internal/process/task_queues:95:5)
    at _runTest (C:\Users\ch\aszune\aszune-ai-bot\node_modules\jest-circus\build\run.js:246:5)
    at _runTestsForDescribeBlock (C:\Users\ch\aszune\aszune-ai-bot\node_modules\jest-circus\build\run.js:126:9)
    at _runTestsForDescribeBlock (C:\Users\ch\aszune\aszune-ai-bot\node_modules\jest-circus\build\run.js:121:9)
    at _runTestsForDescribeBlock (C:\Users\ch\aszune\aszune-ai-bot\node_modules\jest-circus\build\run.js:121:9)
    at run (C:\Users\ch\aszune\aszune-ai-bot\node_modules\jest-circus\build\run.js:71:3)
    at runAndTransformResultsToJestFormat (C:\Users\ch\aszune\aszune-ai-bot\node_modules\jest-circus\build\legacy-code-todo-rewrite\jestAdapterInit.js:122:21)
    at jestAdapter (C:\Users\ch\aszune\aszune-ai-bot\node_modules\jest-circus\build\legacy-code-todo-rewrite\jestAdapter.js:79:19)
    at runTestInternal (C:\Users\ch\aszune\aszune-ai-bot\node_modules\jest-runner\build\runTest.js:367:16)
    at runTest (C:\Users\ch\aszune\aszune-ai-bot\node_modules\jest-runner\build\runTest.js:444:34)
    at Object.worker (C:\Users\ch\aszune\aszune-ai-bot\node_modules\jest-runner\build\testWorker.js:106:12)</failure>
    </testcase>
    <testcase classname="index.js - Function Branch Coverage bootWithOptimizations function should not call initialization when PI_OPTIMIZATIONS is disabled" name="index.js - Function Branch Coverage bootWithOptimizations function should not call initialization when PI_OPTIMIZATIONS is disabled" time="0.862">
      <failure>TypeError: Cannot read properties of undefined (reading &apos;PERPLEXITY&apos;)
    at new PERPLEXITY (C:\Users\ch\aszune\aszune-ai-bot\src\services\perplexity-secure.js:53:31)
    at Object.&lt;anonymous&gt; (C:\Users\ch\aszune\aszune-ai-bot\src\services\perplexity-secure.js:901:18)
    at Runtime._execModule (C:\Users\ch\aszune\aszune-ai-bot\node_modules\jest-runtime\build\index.js:1439:24)
    at Runtime._loadModule (C:\Users\ch\aszune\aszune-ai-bot\node_modules\jest-runtime\build\index.js:1022:12)
    at Runtime.requireModule (C:\Users\ch\aszune\aszune-ai-bot\node_modules\jest-runtime\build\index.js:882:12)
    at Runtime.requireModuleOrMock (C:\Users\ch\aszune\aszune-ai-bot\node_modules\jest-runtime\build\index.js:1048:21)
    at Object.require (C:\Users\ch\aszune\aszune-ai-bot\src\services\chat.js:5:27)
    at Runtime._execModule (C:\Users\ch\aszune\aszune-ai-bot\node_modules\jest-runtime\build\index.js:1439:24)
    at Runtime._loadModule (C:\Users\ch\aszune\aszune-ai-bot\node_modules\jest-runtime\build\index.js:1022:12)
    at Runtime.requireModule (C:\Users\ch\aszune\aszune-ai-bot\node_modules\jest-runtime\build\index.js:882:12)
    at Runtime.requireModuleOrMock (C:\Users\ch\aszune\aszune-ai-bot\node_modules\jest-runtime\build\index.js:1048:21)
    at Object.require (C:\Users\ch\aszune\aszune-ai-bot\src\index.js:35:27)
    at Runtime._execModule (C:\Users\ch\aszune\aszune-ai-bot\node_modules\jest-runtime\build\index.js:1439:24)
    at Runtime._loadModule (C:\Users\ch\aszune\aszune-ai-bot\node_modules\jest-runtime\build\index.js:1022:12)
    at Runtime.requireModule (C:\Users\ch\aszune\aszune-ai-bot\node_modules\jest-runtime\build\index.js:882:12)
    at Runtime.requireModuleOrMock (C:\Users\ch\aszune\aszune-ai-bot\node_modules\jest-runtime\build\index.js:1048:21)
    at Object.require (C:\Users\ch\aszune\aszune-ai-bot\__tests__\unit\index-branch-coverage-functions.test.js:33:15)
    at Promise.then.completed (C:\Users\ch\aszune\aszune-ai-bot\node_modules\jest-circus\build\utils.js:298:28)
    at new Promise (&lt;anonymous&gt;)
    at callAsyncCircusFn (C:\Users\ch\aszune\aszune-ai-bot\node_modules\jest-circus\build\utils.js:231:10)
    at _callCircusHook (C:\Users\ch\aszune\aszune-ai-bot\node_modules\jest-circus\build\run.js:281:40)
    at processTicksAndRejections (node:internal/process/task_queues:95:5)
    at _runTest (C:\Users\ch\aszune\aszune-ai-bot\node_modules\jest-circus\build\run.js:246:5)
    at _runTestsForDescribeBlock (C:\Users\ch\aszune\aszune-ai-bot\node_modules\jest-circus\build\run.js:126:9)
    at _runTestsForDescribeBlock (C:\Users\ch\aszune\aszune-ai-bot\node_modules\jest-circus\build\run.js:121:9)
    at _runTestsForDescribeBlock (C:\Users\ch\aszune\aszune-ai-bot\node_modules\jest-circus\build\run.js:121:9)
    at run (C:\Users\ch\aszune\aszune-ai-bot\node_modules\jest-circus\build\run.js:71:3)
    at runAndTransformResultsToJestFormat (C:\Users\ch\aszune\aszune-ai-bot\node_modules\jest-circus\build\legacy-code-todo-rewrite\jestAdapterInit.js:122:21)
    at jestAdapter (C:\Users\ch\aszune\aszune-ai-bot\node_modules\jest-circus\build\legacy-code-todo-rewrite\jestAdapter.js:79:19)
    at runTestInternal (C:\Users\ch\aszune\aszune-ai-bot\node_modules\jest-runner\build\runTest.js:367:16)
    at runTest (C:\Users\ch\aszune\aszune-ai-bot\node_modules\jest-runner\build\runTest.js:444:34)
    at Object.worker (C:\Users\ch\aszune\aszune-ai-bot\node_modules\jest-runner\build\testWorker.js:106:12)</failure>
    </testcase>
    <testcase classname="index.js - Function Branch Coverage registerSlashCommands function should handle client not being ready" name="index.js - Function Branch Coverage registerSlashCommands function should handle client not being ready" time="0.053">
      <failure>TypeError: Cannot read properties of undefined (reading &apos;PERPLEXITY&apos;)
    at new PERPLEXITY (C:\Users\ch\aszune\aszune-ai-bot\src\services\perplexity-secure.js:53:31)
    at Object.&lt;anonymous&gt; (C:\Users\ch\aszune\aszune-ai-bot\src\services\perplexity-secure.js:901:18)
    at Runtime._execModule (C:\Users\ch\aszune\aszune-ai-bot\node_modules\jest-runtime\build\index.js:1439:24)
    at Runtime._loadModule (C:\Users\ch\aszune\aszune-ai-bot\node_modules\jest-runtime\build\index.js:1022:12)
    at Runtime.requireModule (C:\Users\ch\aszune\aszune-ai-bot\node_modules\jest-runtime\build\index.js:882:12)
    at Runtime.requireModuleOrMock (C:\Users\ch\aszune\aszune-ai-bot\node_modules\jest-runtime\build\index.js:1048:21)
    at Object.require (C:\Users\ch\aszune\aszune-ai-bot\src\services\chat.js:5:27)
    at Runtime._execModule (C:\Users\ch\aszune\aszune-ai-bot\node_modules\jest-runtime\build\index.js:1439:24)
    at Runtime._loadModule (C:\Users\ch\aszune\aszune-ai-bot\node_modules\jest-runtime\build\index.js:1022:12)
    at Runtime.requireModule (C:\Users\ch\aszune\aszune-ai-bot\node_modules\jest-runtime\build\index.js:882:12)
    at Runtime.requireModuleOrMock (C:\Users\ch\aszune\aszune-ai-bot\node_modules\jest-runtime\build\index.js:1048:21)
    at Object.require (C:\Users\ch\aszune\aszune-ai-bot\src\index.js:35:27)
    at Runtime._execModule (C:\Users\ch\aszune\aszune-ai-bot\node_modules\jest-runtime\build\index.js:1439:24)
    at Runtime._loadModule (C:\Users\ch\aszune\aszune-ai-bot\node_modules\jest-runtime\build\index.js:1022:12)
    at Runtime.requireModule (C:\Users\ch\aszune\aszune-ai-bot\node_modules\jest-runtime\build\index.js:882:12)
    at Runtime.requireModuleOrMock (C:\Users\ch\aszune\aszune-ai-bot\node_modules\jest-runtime\build\index.js:1048:21)
    at Object.require (C:\Users\ch\aszune\aszune-ai-bot\__tests__\unit\index-branch-coverage-functions.test.js:100:15)
    at Promise.then.completed (C:\Users\ch\aszune\aszune-ai-bot\node_modules\jest-circus\build\utils.js:298:28)
    at new Promise (&lt;anonymous&gt;)
    at callAsyncCircusFn (C:\Users\ch\aszune\aszune-ai-bot\node_modules\jest-circus\build\utils.js:231:10)
    at _callCircusHook (C:\Users\ch\aszune\aszune-ai-bot\node_modules\jest-circus\build\run.js:281:40)
    at processTicksAndRejections (node:internal/process/task_queues:95:5)
    at _runTest (C:\Users\ch\aszune\aszune-ai-bot\node_modules\jest-circus\build\run.js:246:5)
    at _runTestsForDescribeBlock (C:\Users\ch\aszune\aszune-ai-bot\node_modules\jest-circus\build\run.js:126:9)
    at _runTestsForDescribeBlock (C:\Users\ch\aszune\aszune-ai-bot\node_modules\jest-circus\build\run.js:121:9)
    at _runTestsForDescribeBlock (C:\Users\ch\aszune\aszune-ai-bot\node_modules\jest-circus\build\run.js:121:9)
    at run (C:\Users\ch\aszune\aszune-ai-bot\node_modules\jest-circus\build\run.js:71:3)
    at runAndTransformResultsToJestFormat (C:\Users\ch\aszune\aszune-ai-bot\node_modules\jest-circus\build\legacy-code-todo-rewrite\jestAdapterInit.js:122:21)
    at jestAdapter (C:\Users\ch\aszune\aszune-ai-bot\node_modules\jest-circus\build\legacy-code-todo-rewrite\jestAdapter.js:79:19)
    at runTestInternal (C:\Users\ch\aszune\aszune-ai-bot\node_modules\jest-runner\build\runTest.js:367:16)
    at runTest (C:\Users\ch\aszune\aszune-ai-bot\node_modules\jest-runner\build\runTest.js:444:34)
    at Object.worker (C:\Users\ch\aszune\aszune-ai-bot\node_modules\jest-runner\build\testWorker.js:106:12)</failure>
    </testcase>
    <testcase classname="index.js - Function Branch Coverage registerSlashCommands function should handle errors during slash command registration" name="index.js - Function Branch Coverage registerSlashCommands function should handle errors during slash command registration" time="0.047">
      <failure>TypeError: Cannot read properties of undefined (reading &apos;PERPLEXITY&apos;)
    at new PERPLEXITY (C:\Users\ch\aszune\aszune-ai-bot\src\services\perplexity-secure.js:53:31)
    at Object.&lt;anonymous&gt; (C:\Users\ch\aszune\aszune-ai-bot\src\services\perplexity-secure.js:901:18)
    at Runtime._execModule (C:\Users\ch\aszune\aszune-ai-bot\node_modules\jest-runtime\build\index.js:1439:24)
    at Runtime._loadModule (C:\Users\ch\aszune\aszune-ai-bot\node_modules\jest-runtime\build\index.js:1022:12)
    at Runtime.requireModule (C:\Users\ch\aszune\aszune-ai-bot\node_modules\jest-runtime\build\index.js:882:12)
    at Runtime.requireModuleOrMock (C:\Users\ch\aszune\aszune-ai-bot\node_modules\jest-runtime\build\index.js:1048:21)
    at Object.require (C:\Users\ch\aszune\aszune-ai-bot\src\services\chat.js:5:27)
    at Runtime._execModule (C:\Users\ch\aszune\aszune-ai-bot\node_modules\jest-runtime\build\index.js:1439:24)
    at Runtime._loadModule (C:\Users\ch\aszune\aszune-ai-bot\node_modules\jest-runtime\build\index.js:1022:12)
    at Runtime.requireModule (C:\Users\ch\aszune\aszune-ai-bot\node_modules\jest-runtime\build\index.js:882:12)
    at Runtime.requireModuleOrMock (C:\Users\ch\aszune\aszune-ai-bot\node_modules\jest-runtime\build\index.js:1048:21)
    at Object.require (C:\Users\ch\aszune\aszune-ai-bot\src\index.js:35:27)
    at Runtime._execModule (C:\Users\ch\aszune\aszune-ai-bot\node_modules\jest-runtime\build\index.js:1439:24)
    at Runtime._loadModule (C:\Users\ch\aszune\aszune-ai-bot\node_modules\jest-runtime\build\index.js:1022:12)
    at Runtime.requireModule (C:\Users\ch\aszune\aszune-ai-bot\node_modules\jest-runtime\build\index.js:882:12)
    at Runtime.requireModuleOrMock (C:\Users\ch\aszune\aszune-ai-bot\node_modules\jest-runtime\build\index.js:1048:21)
    at Object.require (C:\Users\ch\aszune\aszune-ai-bot\__tests__\unit\index-branch-coverage-functions.test.js:100:15)
    at Promise.then.completed (C:\Users\ch\aszune\aszune-ai-bot\node_modules\jest-circus\build\utils.js:298:28)
    at new Promise (&lt;anonymous&gt;)
    at callAsyncCircusFn (C:\Users\ch\aszune\aszune-ai-bot\node_modules\jest-circus\build\utils.js:231:10)
    at _callCircusHook (C:\Users\ch\aszune\aszune-ai-bot\node_modules\jest-circus\build\run.js:281:40)
    at processTicksAndRejections (node:internal/process/task_queues:95:5)
    at _runTest (C:\Users\ch\aszune\aszune-ai-bot\node_modules\jest-circus\build\run.js:246:5)
    at _runTestsForDescribeBlock (C:\Users\ch\aszune\aszune-ai-bot\node_modules\jest-circus\build\run.js:126:9)
    at _runTestsForDescribeBlock (C:\Users\ch\aszune\aszune-ai-bot\node_modules\jest-circus\build\run.js:121:9)
    at _runTestsForDescribeBlock (C:\Users\ch\aszune\aszune-ai-bot\node_modules\jest-circus\build\run.js:121:9)
    at run (C:\Users\ch\aszune\aszune-ai-bot\node_modules\jest-circus\build\run.js:71:3)
    at runAndTransformResultsToJestFormat (C:\Users\ch\aszune\aszune-ai-bot\node_modules\jest-circus\build\legacy-code-todo-rewrite\jestAdapterInit.js:122:21)
    at jestAdapter (C:\Users\ch\aszune\aszune-ai-bot\node_modules\jest-circus\build\legacy-code-todo-rewrite\jestAdapter.js:79:19)
    at runTestInternal (C:\Users\ch\aszune\aszune-ai-bot\node_modules\jest-runner\build\runTest.js:367:16)
    at runTest (C:\Users\ch\aszune\aszune-ai-bot\node_modules\jest-runner\build\runTest.js:444:34)
    at Object.worker (C:\Users\ch\aszune\aszune-ai-bot\node_modules\jest-runner\build\testWorker.js:106:12)</failure>
    </testcase>
    <testcase classname="index.js - Function Branch Coverage Multiple shutdown attempts should prevent multiple simultaneous shutdown attempts" name="index.js - Function Branch Coverage Multiple shutdown attempts should prevent multiple simultaneous shutdown attempts" time="0.062">
      <failure>TypeError: Cannot read properties of undefined (reading &apos;PERPLEXITY&apos;)
    at new PERPLEXITY (C:\Users\ch\aszune\aszune-ai-bot\src\services\perplexity-secure.js:53:31)
    at Object.&lt;anonymous&gt; (C:\Users\ch\aszune\aszune-ai-bot\src\services\perplexity-secure.js:901:18)
    at Runtime._execModule (C:\Users\ch\aszune\aszune-ai-bot\node_modules\jest-runtime\build\index.js:1439:24)
    at Runtime._loadModule (C:\Users\ch\aszune\aszune-ai-bot\node_modules\jest-runtime\build\index.js:1022:12)
    at Runtime.requireModule (C:\Users\ch\aszune\aszune-ai-bot\node_modules\jest-runtime\build\index.js:882:12)
    at Runtime.requireModuleOrMock (C:\Users\ch\aszune\aszune-ai-bot\node_modules\jest-runtime\build\index.js:1048:21)
    at Object.require (C:\Users\ch\aszune\aszune-ai-bot\src\services\chat.js:5:27)
    at Runtime._execModule (C:\Users\ch\aszune\aszune-ai-bot\node_modules\jest-runtime\build\index.js:1439:24)
    at Runtime._loadModule (C:\Users\ch\aszune\aszune-ai-bot\node_modules\jest-runtime\build\index.js:1022:12)
    at Runtime.requireModule (C:\Users\ch\aszune\aszune-ai-bot\node_modules\jest-runtime\build\index.js:882:12)
    at Runtime.requireModuleOrMock (C:\Users\ch\aszune\aszune-ai-bot\node_modules\jest-runtime\build\index.js:1048:21)
    at Object.require (C:\Users\ch\aszune\aszune-ai-bot\src\index.js:35:27)
    at Runtime._execModule (C:\Users\ch\aszune\aszune-ai-bot\node_modules\jest-runtime\build\index.js:1439:24)
    at Runtime._loadModule (C:\Users\ch\aszune\aszune-ai-bot\node_modules\jest-runtime\build\index.js:1022:12)
    at Runtime.requireModule (C:\Users\ch\aszune\aszune-ai-bot\node_modules\jest-runtime\build\index.js:882:12)
    at Runtime.requireModuleOrMock (C:\Users\ch\aszune\aszune-ai-bot\node_modules\jest-runtime\build\index.js:1048:21)
    at Object.require (C:\Users\ch\aszune\aszune-ai-bot\__tests__\unit\index-branch-coverage-functions.test.js:151:15)
    at Promise.then.completed (C:\Users\ch\aszune\aszune-ai-bot\node_modules\jest-circus\build\utils.js:298:28)
    at new Promise (&lt;anonymous&gt;)
    at callAsyncCircusFn (C:\Users\ch\aszune\aszune-ai-bot\node_modules\jest-circus\build\utils.js:231:10)
    at _callCircusHook (C:\Users\ch\aszune\aszune-ai-bot\node_modules\jest-circus\build\run.js:281:40)
    at processTicksAndRejections (node:internal/process/task_queues:95:5)
    at _runTest (C:\Users\ch\aszune\aszune-ai-bot\node_modules\jest-circus\build\run.js:246:5)
    at _runTestsForDescribeBlock (C:\Users\ch\aszune\aszune-ai-bot\node_modules\jest-circus\build\run.js:126:9)
    at _runTestsForDescribeBlock (C:\Users\ch\aszune\aszune-ai-bot\node_modules\jest-circus\build\run.js:121:9)
    at _runTestsForDescribeBlock (C:\Users\ch\aszune\aszune-ai-bot\node_modules\jest-circus\build\run.js:121:9)
    at run (C:\Users\ch\aszune\aszune-ai-bot\node_modules\jest-circus\build\run.js:71:3)
    at runAndTransformResultsToJestFormat (C:\Users\ch\aszune\aszune-ai-bot\node_modules\jest-circus\build\legacy-code-todo-rewrite\jestAdapterInit.js:122:21)
    at jestAdapter (C:\Users\ch\aszune\aszune-ai-bot\node_modules\jest-circus\build\legacy-code-todo-rewrite\jestAdapter.js:79:19)
    at runTestInternal (C:\Users\ch\aszune\aszune-ai-bot\node_modules\jest-runner\build\runTest.js:367:16)
    at runTest (C:\Users\ch\aszune\aszune-ai-bot\node_modules\jest-runner\build\runTest.js:444:34)
    at Object.worker (C:\Users\ch\aszune\aszune-ai-bot\node_modules\jest-runner\build\testWorker.js:106:12)</failure>
    </testcase>
  </testsuite>
</testsuites>