<?xml version="1.0" encoding="UTF-8"?>
<testsuites name="jest tests" tests="7" failures="1" errors="0" time="0.98">
  <testsuite name="EmojiManager" errors="0" failures="1" skipped="0" timestamp="2025-09-22T12:16:43" time="0.848" tests="7">
    <testcase classname="EmojiManager adds emojis to response based on keywords" name="EmojiManager adds emojis to response based on keywords" time="0.004">
    </testcase>
    <testcase classname="EmojiManager adds multiple emojis when multiple keywords are found" name="EmojiManager adds multiple emojis when multiple keywords are found" time="0.002">
      <failure>Error: expect(received).toContain(expected) // indexOf

Expected substring: &quot;👋&quot;
Received string:    &quot;I love to help, welcome! ❤️&quot;
    at Object.toContain (C:\Users\ch\aszune\aszune-ai-bot\__tests__\unit\emoji-manager.test.js:18:20)
    at Promise.then.completed (C:\Users\ch\aszune\aszune-ai-bot\node_modules\jest-circus\build\utils.js:298:28)
    at new Promise (&lt;anonymous&gt;)
    at callAsyncCircusFn (C:\Users\ch\aszune\aszune-ai-bot\node_modules\jest-circus\build\utils.js:231:10)
    at _callCircusTest (C:\Users\ch\aszune\aszune-ai-bot\node_modules\jest-circus\build\run.js:316:40)
    at processTicksAndRejections (node:internal/process/task_queues:95:5)
    at _runTest (C:\Users\ch\aszune\aszune-ai-bot\node_modules\jest-circus\build\run.js:252:3)
    at _runTestsForDescribeBlock (C:\Users\ch\aszune\aszune-ai-bot\node_modules\jest-circus\build\run.js:126:9)
    at _runTestsForDescribeBlock (C:\Users\ch\aszune\aszune-ai-bot\node_modules\jest-circus\build\run.js:121:9)
    at run (C:\Users\ch\aszune\aszune-ai-bot\node_modules\jest-circus\build\run.js:71:3)
    at runAndTransformResultsToJestFormat (C:\Users\ch\aszune\aszune-ai-bot\node_modules\jest-circus\build\legacy-code-todo-rewrite\jestAdapterInit.js:122:21)
    at jestAdapter (C:\Users\ch\aszune\aszune-ai-bot\node_modules\jest-circus\build\legacy-code-todo-rewrite\jestAdapter.js:79:19)
    at runTestInternal (C:\Users\ch\aszune\aszune-ai-bot\node_modules\jest-runner\build\runTest.js:367:16)
    at runTest (C:\Users\ch\aszune\aszune-ai-bot\node_modules\jest-runner\build\runTest.js:444:34)</failure>
    </testcase>
    <testcase classname="EmojiManager does not add emojis when no keywords are found" name="EmojiManager does not add emojis when no keywords are found" time="0">
    </testcase>
    <testcase classname="EmojiManager gets reactions for a message based on keywords" name="EmojiManager gets reactions for a message based on keywords" time="0.001">
    </testcase>
    <testcase classname="EmojiManager returns empty array when no reaction keywords are found" name="EmojiManager returns empty array when no reaction keywords are found" time="0.002">
    </testcase>
    <testcase classname="EmojiManager adds reactions to a message" name="EmojiManager adds reactions to a message" time="0.001">
    </testcase>
    <testcase classname="EmojiManager handles errors when adding reactions" name="EmojiManager handles errors when adding reactions" time="0.001">
    </testcase>
  </testsuite>
</testsuites>