<?xml version="1.0" encoding="UTF-8"?>
<testsuites name="jest tests" tests="536" failures="0" errors="0" time="43.663">
  <testsuite name="index.js - Function Branch Coverage" errors="0" failures="0" skipped="0" timestamp="2025-09-26T12:01:05" time="0.981" tests="5">
    <testcase classname="index.js - Function Branch Coverage bootWithOptimizations function should handle errors in Pi optimization initialization" name="index.js - Function Branch Coverage bootWithOptimizations function should handle errors in Pi optimization initialization" time="0.259">
    </testcase>
    <testcase classname="index.js - Function Branch Coverage bootWithOptimizations function should not call initialization when PI_OPTIMIZATIONS is disabled" name="index.js - Function Branch Coverage bootWithOptimizations function should not call initialization when PI_OPTIMIZATIONS is disabled" time="0.058">
    </testcase>
    <testcase classname="index.js - Function Branch Coverage registerSlashCommands function should handle client not being ready" name="index.js - Function Branch Coverage registerSlashCommands function should handle client not being ready" time="0.112">
    </testcase>
    <testcase classname="index.js - Function Branch Coverage registerSlashCommands function should handle errors during slash command registration" name="index.js - Function Branch Coverage registerSlashCommands function should handle errors during slash command registration" time="0.049">
    </testcase>
    <testcase classname="index.js - Function Branch Coverage Multiple shutdown attempts should prevent multiple simultaneous shutdown attempts" name="index.js - Function Branch Coverage Multiple shutdown attempts should prevent multiple simultaneous shutdown attempts" time="0.071">
    </testcase>
  </testsuite>
  <testsuite name="Commands - Slash Commands Data" errors="0" failures="0" skipped="0" timestamp="2025-09-26T12:01:06" time="1.43" tests="1">
    <testcase classname="Commands - Slash Commands Data getSlashCommandsData should return an array of slash command data" name="Commands - Slash Commands Data getSlashCommandsData should return an array of slash command data" time="0.003">
    </testcase>
  </testsuite>
  <testsuite name="PerplexitySecure Service - Advanced" errors="0" failures="0" skipped="0" timestamp="2025-09-26T12:01:07" time="2.736" tests="10">
    <testcase classname="PerplexitySecure Service - Advanced question caching should cache questions and return cached responses" name="PerplexitySecure Service - Advanced question caching should cache questions and return cached responses" time="0.101">
    </testcase>
    <testcase classname="PerplexitySecure Service - Advanced question caching should not cache when caching is disabled" name="PerplexitySecure Service - Advanced question caching should not cache when caching is disabled" time="0.001">
    </testcase>
    <testcase classname="PerplexitySecure Service - Advanced question caching should handle cache file read errors gracefully" name="PerplexitySecure Service - Advanced question caching should handle cache file read errors gracefully" time="0.027">
    </testcase>
    <testcase classname="PerplexitySecure Service - Advanced question caching should handle cache file write errors gracefully" name="PerplexitySecure Service - Advanced question caching should handle cache file write errors gracefully" time="0.044">
    </testcase>
    <testcase classname="PerplexitySecure Service - Advanced question caching should handle corrupted cache data" name="PerplexitySecure Service - Advanced question caching should handle corrupted cache data" time="0.085">
    </testcase>
    <testcase classname="PerplexitySecure Service - Advanced file permission security should handle file permission errors gracefully" name="PerplexitySecure Service - Advanced file permission security should handle file permission errors gracefully" time="0.085">
    </testcase>
    <testcase classname="PerplexitySecure Service - Advanced file permission security should create cache directory with proper permissions" name="PerplexitySecure Service - Advanced file permission security should create cache directory with proper permissions" time="0.048">
    </testcase>
    <testcase classname="PerplexitySecure Service - Advanced retry mechanism should retry on temporary failures" name="PerplexitySecure Service - Advanced retry mechanism should retry on temporary failures" time="1.083">
    </testcase>
    <testcase classname="PerplexitySecure Service - Advanced retry mechanism should not retry on permanent failures" name="PerplexitySecure Service - Advanced retry mechanism should not retry on permanent failures" time="0.049">
    </testcase>
    <testcase classname="PerplexitySecure Service - Advanced retry mechanism should handle timeout errors" name="PerplexitySecure Service - Advanced retry mechanism should handle timeout errors" time="1.06">
    </testcase>
  </testsuite>
  <testsuite name="Commands - Slash Command Handler" errors="0" failures="0" skipped="0" timestamp="2025-09-26T12:01:10" time="0.577" tests="18">
    <testcase classname="Commands - Slash Command Handler handleSlashCommand should handle /help command" name="Commands - Slash Command Handler handleSlashCommand should handle /help command" time="0.002">
    </testcase>
    <testcase classname="Commands - Slash Command Handler handleSlashCommand should handle /clearhistory command" name="Commands - Slash Command Handler handleSlashCommand should handle /clearhistory command" time="0.002">
    </testcase>
    <testcase classname="Commands - Slash Command Handler handleSlashCommand should handle /summary command with history" name="Commands - Slash Command Handler handleSlashCommand should handle /summary command with history" time="0.004">
    </testcase>
    <testcase classname="Commands - Slash Command Handler handleSlashCommand should handle /summary command API error" name="Commands - Slash Command Handler handleSlashCommand should handle /summary command API error" time="0.011">
    </testcase>
    <testcase classname="Commands - Slash Command Handler handleSlashCommand should handle /summary command with only assistant messages in history" name="Commands - Slash Command Handler handleSlashCommand should handle /summary command with only assistant messages in history" time="0.001">
    </testcase>
    <testcase classname="Commands - Slash Command Handler handleSlashCommand should handle /summary command with no history" name="Commands - Slash Command Handler handleSlashCommand should handle /summary command with no history" time="0.002">
    </testcase>
    <testcase classname="Commands - Slash Command Handler handleSlashCommand should handle /stats command" name="Commands - Slash Command Handler handleSlashCommand should handle /stats command" time="0.005">
    </testcase>
    <testcase classname="Commands - Slash Command Handler handleSlashCommand should handle /summarise command with text" name="Commands - Slash Command Handler handleSlashCommand should handle /summarise command with text" time="0.002">
    </testcase>
    <testcase classname="Commands - Slash Command Handler handleSlashCommand should handle /summarise command without text" name="Commands - Slash Command Handler handleSlashCommand should handle /summarise command without text" time="0.001">
    </testcase>
    <testcase classname="Commands - Slash Command Handler handleSlashCommand should handle /summarise command with empty text" name="Commands - Slash Command Handler handleSlashCommand should handle /summarise command with empty text" time="0.001">
    </testcase>
    <testcase classname="Commands - Slash Command Handler handleSlashCommand should handle /summarise command with invalid text" name="Commands - Slash Command Handler handleSlashCommand should handle /summarise command with invalid text" time="0.001">
    </testcase>
    <testcase classname="Commands - Slash Command Handler handleSlashCommand should handle /summarise command API error" name="Commands - Slash Command Handler handleSlashCommand should handle /summarise command API error" time="0.001">
    </testcase>
    <testcase classname="Commands - Slash Command Handler handleSlashCommand should handle command execution error when not deferred" name="Commands - Slash Command Handler handleSlashCommand should handle command execution error when not deferred" time="0.002">
    </testcase>
    <testcase classname="Commands - Slash Command Handler handleSlashCommand should handle unknown command" name="Commands - Slash Command Handler handleSlashCommand should handle unknown command" time="0.002">
    </testcase>
    <testcase classname="Commands - Slash Command Handler handleSlashCommand should handle command execution error" name="Commands - Slash Command Handler handleSlashCommand should handle command execution error" time="0.002">
    </testcase>
    <testcase classname="Commands - Slash Command Handler handleSlashCommand should handle slash command with invalid user ID" name="Commands - Slash Command Handler handleSlashCommand should handle slash command with invalid user ID" time="0.001">
    </testcase>
    <testcase classname="Commands - Slash Command Handler handleSlashCommand should handle slash command when already replied" name="Commands - Slash Command Handler handleSlashCommand should handle slash command when already replied" time="0.001">
    </testcase>
    <testcase classname="Commands - Slash Command Handler handleSlashCommand should handle slash command when already deferred and replied" name="Commands - Slash Command Handler handleSlashCommand should handle slash command when already deferred and replied" time="0.006">
    </testcase>
  </testsuite>
  <testsuite name="PerplexitySecure Service - Core" errors="0" failures="0" skipped="0" timestamp="2025-09-26T12:01:11" time="0.466" tests="11">
    <testcase classname="PerplexitySecure Service - Core generateChatResponse should handle rate limiting with 429 status code" name="PerplexitySecure Service - Core generateChatResponse should handle rate limiting with 429 status code" time="0.067">
    </testcase>
    <testcase classname="PerplexitySecure Service - Core generateChatResponse should handle API errors gracefully" name="PerplexitySecure Service - Core generateChatResponse should handle API errors gracefully" time="0.043">
    </testcase>
    <testcase classname="PerplexitySecure Service - Core generateChatResponse should handle network errors" name="PerplexitySecure Service - Core generateChatResponse should handle network errors" time="0.037">
    </testcase>
    <testcase classname="PerplexitySecure Service - Core generateChatResponse should handle invalid response format" name="PerplexitySecure Service - Core generateChatResponse should handle invalid response format" time="0.033">
    </testcase>
    <testcase classname="PerplexitySecure Service - Core generateChatResponse should handle empty response" name="PerplexitySecure Service - Core generateChatResponse should handle empty response" time="0.035">
    </testcase>
    <testcase classname="PerplexitySecure Service - Core generateChatResponse should handle successful response" name="PerplexitySecure Service - Core generateChatResponse should handle successful response" time="0.024">
    </testcase>
    <testcase classname="PerplexitySecure Service - Core generateChatResponse should handle backward compatibility with boolean caching parameter" name="PerplexitySecure Service - Core generateChatResponse should handle backward compatibility with boolean caching parameter" time="0.001">
    </testcase>
    <testcase classname="PerplexitySecure Service - Core generateChatResponse should handle object options parameter" name="PerplexitySecure Service - Core generateChatResponse should handle object options parameter" time="0.001">
    </testcase>
    <testcase classname="PerplexitySecure Service - Core generateSummary should generate summary for conversation history" name="PerplexitySecure Service - Core generateSummary should generate summary for conversation history" time="0.001">
    </testcase>
    <testcase classname="PerplexitySecure Service - Core generateSummary should handle empty conversation history" name="PerplexitySecure Service - Core generateSummary should handle empty conversation history" time="0.021">
    </testcase>
    <testcase classname="PerplexitySecure Service - Core generateSummary should handle summary generation errors" name="PerplexitySecure Service - Core generateSummary should handle summary generation errors" time="0.022">
    </testcase>
  </testsuite>
  <testsuite name="Commands - Text Command Handler" errors="0" failures="0" skipped="0" timestamp="2025-09-26T12:01:11" time="0.59" tests="18">
    <testcase classname="Commands - Text Command Handler handleTextCommand should handle !help command" name="Commands - Text Command Handler handleTextCommand should handle !help command" time="0.003">
    </testcase>
    <testcase classname="Commands - Text Command Handler handleTextCommand should handle !clearhistory command" name="Commands - Text Command Handler handleTextCommand should handle !clearhistory command" time="0.002">
    </testcase>
    <testcase classname="Commands - Text Command Handler handleTextCommand should handle !summary command with history" name="Commands - Text Command Handler handleTextCommand should handle !summary command with history" time="0.007">
    </testcase>
    <testcase classname="Commands - Text Command Handler handleTextCommand should handle !summary command with no history" name="Commands - Text Command Handler handleTextCommand should handle !summary command with no history" time="0.003">
    </testcase>
    <testcase classname="Commands - Text Command Handler handleTextCommand should handle !summary command with only assistant messages in history" name="Commands - Text Command Handler handleTextCommand should handle !summary command with only assistant messages in history" time="0.002">
    </testcase>
    <testcase classname="Commands - Text Command Handler handleTextCommand should handle errors during text command execution" name="Commands - Text Command Handler handleTextCommand should handle errors during text command execution" time="0.033">
    </testcase>
    <testcase classname="Commands - Text Command Handler handleTextCommand should handle !summary command API error" name="Commands - Text Command Handler handleTextCommand should handle !summary command API error" time="0.004">
    </testcase>
    <testcase classname="Commands - Text Command Handler handleTextCommand should handle !stats command" name="Commands - Text Command Handler handleTextCommand should handle !stats command" time="0.003">
    </testcase>
    <testcase classname="Commands - Text Command Handler handleTextCommand should handle !summarise command with text" name="Commands - Text Command Handler handleTextCommand should handle !summarise command with text" time="0.002">
    </testcase>
    <testcase classname="Commands - Text Command Handler handleTextCommand should handle !summerise command with text (alternative spelling)" name="Commands - Text Command Handler handleTextCommand should handle !summerise command with text (alternative spelling)" time="0.002">
    </testcase>
    <testcase classname="Commands - Text Command Handler handleTextCommand should handle !summarise command without text" name="Commands - Text Command Handler handleTextCommand should handle !summarise command without text" time="0.003">
    </testcase>
    <testcase classname="Commands - Text Command Handler handleTextCommand should handle !summarise command with empty text" name="Commands - Text Command Handler handleTextCommand should handle !summarise command with empty text" time="0.002">
    </testcase>
    <testcase classname="Commands - Text Command Handler handleTextCommand should handle !summarise command with invalid text" name="Commands - Text Command Handler handleTextCommand should handle !summarise command with invalid text" time="0.001">
    </testcase>
    <testcase classname="Commands - Text Command Handler handleTextCommand should handle !summarise command API error" name="Commands - Text Command Handler handleTextCommand should handle !summarise command API error" time="0.001">
    </testcase>
    <testcase classname="Commands - Text Command Handler handleTextCommand should handle text command with invalid user ID" name="Commands - Text Command Handler handleTextCommand should handle text command with invalid user ID" time="0.001">
    </testcase>
    <testcase classname="Commands - Text Command Handler handleTextCommand should handle text command parsing for summarise" name="Commands - Text Command Handler handleTextCommand should handle text command parsing for summarise" time="0.002">
    </testcase>
    <testcase classname="Commands - Text Command Handler handleTextCommand should handle text command parsing for summerise (alternative spelling)" name="Commands - Text Command Handler handleTextCommand should handle text command parsing for summerise (alternative spelling)" time="0.002">
    </testcase>
    <testcase classname="Commands - Text Command Handler handleTextCommand should return null for unknown command" name="Commands - Text Command Handler handleTextCommand should return null for unknown command" time="0.003">
    </testcase>
  </testsuite>
  <testsuite name="Memory Monitor - Checking" errors="0" failures="0" skipped="0" timestamp="2025-09-26T12:01:12" time="0.654" tests="8">
    <testcase classname="Memory Monitor - Checking should trigger garbage collection when memory exceeds limit" name="Memory Monitor - Checking should trigger garbage collection when memory exceeds limit" time="0.088">
    </testcase>
    <testcase classname="Memory Monitor - Checking should clear low memory flag when memory usage drops" name="Memory Monitor - Checking should clear low memory flag when memory usage drops" time="0.004">
    </testcase>
    <testcase classname="Memory Monitor - Checking should handle critical memory threshold" name="Memory Monitor - Checking should handle critical memory threshold" time="0.003">
    </testcase>
    <testcase classname="Memory Monitor - Checking should handle memory check errors gracefully" name="Memory Monitor - Checking should handle memory check errors gracefully" time="0.002">
    </testcase>
    <testcase classname="Memory Monitor - Checking should force garbage collection when not recently called" name="Memory Monitor - Checking should force garbage collection when not recently called" time="0.117">
    </testcase>
    <testcase classname="Memory Monitor - Checking should not force garbage collection if recently called" name="Memory Monitor - Checking should not force garbage collection if recently called" time="0.002">
    </testcase>
    <testcase classname="Memory Monitor - Checking should handle garbage collection when gc is not available" name="Memory Monitor - Checking should handle garbage collection when gc is not available" time="0.13">
    </testcase>
    <testcase classname="Memory Monitor - Checking should handle garbage collection errors" name="Memory Monitor - Checking should handle garbage collection errors" time="0.009">
    </testcase>
  </testsuite>
  <testsuite name="index.js - Event Handler Branch Coverage" errors="0" failures="0" skipped="0" timestamp="2025-09-26T12:01:13" time="1.006" tests="5">
    <testcase classname="index.js - Event Handler Branch Coverage Discord client event handlers should handle error events" name="index.js - Event Handler Branch Coverage Discord client event handlers should handle error events" time="0.17">
    </testcase>
    <testcase classname="index.js - Event Handler Branch Coverage Discord client event handlers should handle warning events" name="index.js - Event Handler Branch Coverage Discord client event handlers should handle warning events" time="0.153">
    </testcase>
    <testcase classname="index.js - Event Handler Branch Coverage Discord client event handlers should handle non-command interactions" name="index.js - Event Handler Branch Coverage Discord client event handlers should handle non-command interactions" time="0.135">
    </testcase>
    <testcase classname="index.js - Event Handler Branch Coverage Discord client event handlers should handle command interactions" name="index.js - Event Handler Branch Coverage Discord client event handlers should handle command interactions" time="0.134">
    </testcase>
    <testcase classname="index.js - Event Handler Branch Coverage Login process should handle login failure in production mode" name="index.js - Event Handler Branch Coverage Login process should handle login failure in production mode" time="0.151">
    </testcase>
  </testsuite>
  <testsuite name="Performance Monitor - Functions" errors="0" failures="0" skipped="0" timestamp="2025-09-26T12:01:14" time="0.802" tests="6">
    <testcase classname="Performance Monitor - Functions throttle functions should throttle function calls based on interval" name="Performance Monitor - Functions throttle functions should throttle function calls based on interval" time="0.187">
    </testcase>
    <testcase classname="Performance Monitor - Functions throttle functions should allow function calls after throttle interval" name="Performance Monitor - Functions throttle functions should allow function calls after throttle interval" time="0.112">
    </testcase>
    <testcase classname="Performance Monitor - Functions throttle functions should debounce function calls" name="Performance Monitor - Functions throttle functions should debounce function calls" time="0.17">
    </testcase>
    <testcase classname="Performance Monitor - Functions _getCpuInfo should return CPU information" name="Performance Monitor - Functions _getCpuInfo should return CPU information" time="0.005">
    </testcase>
    <testcase classname="Performance Monitor - Functions _checkPerformance should log performance metrics" name="Performance Monitor - Functions _checkPerformance should log performance metrics" time="0.048">
    </testcase>
    <testcase classname="Performance Monitor - Functions _checkPerformance should handle errors gracefully" name="Performance Monitor - Functions _checkPerformance should handle errors gracefully" time="0.007">
    </testcase>
  </testsuite>
  <testsuite name="Bot Shutdown" errors="0" failures="0" skipped="0" timestamp="2025-09-26T12:01:15" time="0.502" tests="2">
    <testcase classname="Bot Shutdown should handle SIGINT and shut down gracefully" name="Bot Shutdown should handle SIGINT and shut down gracefully" time="0.211">
    </testcase>
    <testcase classname="Bot Shutdown should handle errors during shutdown and exit with code 1" name="Bot Shutdown should handle errors during shutdown and exit with code 1" time="0.017">
    </testcase>
  </testsuite>
  <testsuite name="Pi Detector - Detection" errors="0" failures="0" skipped="0" timestamp="2025-09-26T12:01:15" time="0.434" tests="8">
    <testcase classname="Pi Detector - Detection detectPiModel should detect Raspberry Pi 4" name="Pi Detector - Detection detectPiModel should detect Raspberry Pi 4" time="0.005">
    </testcase>
    <testcase classname="Pi Detector - Detection detectPiModel should detect Raspberry Pi 3" name="Pi Detector - Detection detectPiModel should detect Raspberry Pi 3" time="0.015">
    </testcase>
    <testcase classname="Pi Detector - Detection detectPiModel should detect Raspberry Pi 5" name="Pi Detector - Detection detectPiModel should detect Raspberry Pi 5" time="0.003">
    </testcase>
    <testcase classname="Pi Detector - Detection detectPiModel should handle CPU frequency detection" name="Pi Detector - Detection detectPiModel should handle CPU frequency detection" time="0.003">
    </testcase>
    <testcase classname="Pi Detector - Detection detectPiModel should handle temperature reading failure" name="Pi Detector - Detection detectPiModel should handle temperature reading failure" time="0.004">
    </testcase>
    <testcase classname="Pi Detector - Detection detectPiModel should handle non-Pi systems" name="Pi Detector - Detection detectPiModel should handle non-Pi systems" time="0.002">
    </testcase>
    <testcase classname="Pi Detector - Detection detectPiModel should handle non-Linux systems" name="Pi Detector - Detection detectPiModel should handle non-Linux systems" time="0.005">
    </testcase>
    <testcase classname="Pi Detector - Detection detectPiModel should handle errors gracefully" name="Pi Detector - Detection detectPiModel should handle errors gracefully" time="0.003">
    </testcase>
  </testsuite>
  <testsuite name="Bot Main Entry Point (index.js)" errors="0" failures="0" skipped="0" timestamp="2025-09-26T12:01:16" time="0.483" tests="7">
    <testcase classname="Bot Main Entry Point (index.js) should create a Discord client and log in" name="Bot Main Entry Point (index.js) should create a Discord client and log in" time="0.021">
    </testcase>
    <testcase classname="Bot Main Entry Point (index.js) Graceful Shutdown should register handler for SIGINT signal" name="Bot Main Entry Point (index.js) Graceful Shutdown should register handler for SIGINT signal" time="0.008">
    </testcase>
    <testcase classname="Bot Main Entry Point (index.js) Graceful Shutdown should register handler for SIGTERM signal" name="Bot Main Entry Point (index.js) Graceful Shutdown should register handler for SIGTERM signal" time="0.011">
    </testcase>
    <testcase classname="Bot Main Entry Point (index.js) Graceful Shutdown should register handler for uncaughtException" name="Bot Main Entry Point (index.js) Graceful Shutdown should register handler for uncaughtException" time="0.011">
    </testcase>
    <testcase classname="Bot Main Entry Point (index.js) Graceful Shutdown should call shutdown when uncaught exception occurs" name="Bot Main Entry Point (index.js) Graceful Shutdown should call shutdown when uncaught exception occurs" time="0.01">
    </testcase>
    <testcase classname="Bot Main Entry Point (index.js) Graceful Shutdown should log an error and exit if shutdown fails" name="Bot Main Entry Point (index.js) Graceful Shutdown should log an error and exit if shutdown fails" time="0.031">
    </testcase>
    <testcase classname="Bot Main Entry Point (index.js) Graceful Shutdown should register handler for unhandled promise rejections" name="Bot Main Entry Point (index.js) Graceful Shutdown should register handler for unhandled promise rejections" time="0.01">
    </testcase>
  </testsuite>
  <testsuite name="EnhancedCache - Statistics" errors="0" failures="0" skipped="0" timestamp="2025-09-26T12:01:16" time="0.514" tests="13">
    <testcase classname="EnhancedCache - Statistics Statistics and Metrics should track hit and miss statistics" name="EnhancedCache - Statistics Statistics and Metrics should track hit and miss statistics" time="0.005">
    </testcase>
    <testcase classname="EnhancedCache - Statistics Statistics and Metrics should track memory usage" name="EnhancedCache - Statistics Statistics and Metrics should track memory usage" time="0.007">
    </testcase>
    <testcase classname="EnhancedCache - Statistics Statistics and Metrics should track eviction count" name="EnhancedCache - Statistics Statistics and Metrics should track eviction count" time="0.005">
    </testcase>
    <testcase classname="EnhancedCache - Statistics Statistics and Metrics should provide detailed cache information" name="EnhancedCache - Statistics Statistics and Metrics should provide detailed cache information" time="0.008">
    </testcase>
    <testcase classname="EnhancedCache - Statistics Error Handling should handle invalid keys gracefully" name="EnhancedCache - Statistics Error Handling should handle invalid keys gracefully" time="0.008">
    </testcase>
    <testcase classname="EnhancedCache - Statistics Error Handling should handle invalid values gracefully" name="EnhancedCache - Statistics Error Handling should handle invalid values gracefully" time="0.009">
    </testcase>
    <testcase classname="EnhancedCache - Statistics Error Handling should handle cache operations during shutdown" name="EnhancedCache - Statistics Error Handling should handle cache operations during shutdown" time="0.007">
    </testcase>
    <testcase classname="EnhancedCache - Statistics Cache Entry should create cache entries with correct properties" name="EnhancedCache - Statistics Cache Entry should create cache entries with correct properties" time="0.009">
    </testcase>
    <testcase classname="EnhancedCache - Statistics Cache Entry should track access count correctly" name="EnhancedCache - Statistics Cache Entry should track access count correctly" time="0.005">
    </testcase>
    <testcase classname="EnhancedCache - Statistics Cache Entry should update last accessed time on get" name="EnhancedCache - Statistics Cache Entry should update last accessed time on get" time="0.038">
    </testcase>
    <testcase classname="EnhancedCache - Statistics Configuration should accept custom configuration" name="EnhancedCache - Statistics Configuration should accept custom configuration" time="0.004">
    </testcase>
    <testcase classname="EnhancedCache - Statistics Configuration should use default configuration when none provided" name="EnhancedCache - Statistics Configuration should use default configuration when none provided" time="0.004">
    </testcase>
    <testcase classname="EnhancedCache - Statistics Configuration should handle invalid configuration gracefully" name="EnhancedCache - Statistics Configuration should handle invalid configuration gracefully" time="0.006">
    </testcase>
  </testsuite>
  <testsuite name="Chat Service - Advanced" errors="0" failures="0" skipped="0" timestamp="2025-09-26T12:01:17" time="0.653" tests="11">
    <testcase classname="Chat Service - Advanced should handle AI response generation errors" name="Chat Service - Advanced should handle AI response generation errors" time="0.055">
    </testcase>
    <testcase classname="Chat Service - Advanced should add emojis to responses when not in low CPU mode" name="Chat Service - Advanced should add emojis to responses when not in low CPU mode" time="0.043">
    </testcase>
    <testcase classname="Chat Service - Advanced should handle long responses with chunking" name="Chat Service - Advanced should handle long responses with chunking" time="0.04">
    </testcase>
    <testcase classname="Chat Service - Advanced should handle special characters in messages" name="Chat Service - Advanced should handle special characters in messages" time="0.028">
    </testcase>
    <testcase classname="Chat Service - Advanced should handle multiline messages" name="Chat Service - Advanced should handle multiline messages" time="0.02">
    </testcase>
    <testcase classname="Chat Service - Advanced should handle messages with URLs" name="Chat Service - Advanced should handle messages with URLs" time="0.022">
    </testcase>
    <testcase classname="Chat Service - Advanced should handle messages with emojis" name="Chat Service - Advanced should handle messages with emojis" time="0.024">
    </testcase>
    <testcase classname="Chat Service - Advanced should handle empty conversation history" name="Chat Service - Advanced should handle empty conversation history" time="0.014">
    </testcase>
    <testcase classname="Chat Service - Advanced should handle conversation history with multiple messages" name="Chat Service - Advanced should handle conversation history with multiple messages" time="0.018">
    </testcase>
    <testcase classname="Chat Service - Advanced should handle network timeouts gracefully" name="Chat Service - Advanced should handle network timeouts gracefully" time="0.014">
    </testcase>
    <testcase classname="Chat Service - Advanced should handle rate limit errors from API" name="Chat Service - Advanced should handle rate limit errors from API" time="0.016">
    </testcase>
  </testsuite>
  <testsuite name="EnhancedCache - TTL" errors="0" failures="0" skipped="0" timestamp="2025-09-26T12:01:17" time="0.329" tests="4">
    <testcase classname="EnhancedCache - TTL TTL (Time To Live) should respect default TTL" name="EnhancedCache - TTL TTL (Time To Live) should respect default TTL" time="0.005">
    </testcase>
    <testcase classname="EnhancedCache - TTL TTL (Time To Live) should respect custom TTL" name="EnhancedCache - TTL TTL (Time To Live) should respect custom TTL" time="0.005">
    </testcase>
    <testcase classname="EnhancedCache - TTL TTL (Time To Live) should not expire before TTL" name="EnhancedCache - TTL TTL (Time To Live) should not expire before TTL" time="0.007">
    </testcase>
    <testcase classname="EnhancedCache - TTL TTL (Time To Live) should handle zero TTL (immediate expiration)" name="EnhancedCache - TTL TTL (Time To Live) should handle zero TTL (immediate expiration)" time="0.002">
    </testcase>
  </testsuite>
  <testsuite name="Logger - Branch Coverage Tests" errors="0" failures="0" skipped="0" timestamp="2025-09-26T12:01:18" time="0.378" tests="12">
    <testcase classname="Logger - Branch Coverage Tests skips debug logs when log level is higher" name="Logger - Branch Coverage Tests skips debug logs when log level is higher" time="0.012">
    </testcase>
    <testcase classname="Logger - Branch Coverage Tests skips info logs when log level is higher" name="Logger - Branch Coverage Tests skips info logs when log level is higher" time="0.006">
    </testcase>
    <testcase classname="Logger - Branch Coverage Tests skips warning logs when log level is higher" name="Logger - Branch Coverage Tests skips warning logs when log level is higher" time="0.007">
    </testcase>
    <testcase classname="Logger - Branch Coverage Tests handles directory creation failure" name="Logger - Branch Coverage Tests handles directory creation failure" time="0.007">
    </testcase>
    <testcase classname="Logger - Branch Coverage Tests tests log file rotation" name="Logger - Branch Coverage Tests tests log file rotation" time="0.011">
    </testcase>
    <testcase classname="Logger - Branch Coverage Tests handles custom log size limit" name="Logger - Branch Coverage Tests handles custom log size limit" time="0.007">
    </testcase>
    <testcase classname="Logger - Branch Coverage Tests handles file stat errors during log rotation" name="Logger - Branch Coverage Tests handles file stat errors during log rotation" time="0.007">
    </testcase>
    <testcase classname="Logger - Branch Coverage Tests handles request errors in error method" name="Logger - Branch Coverage Tests handles request errors in error method" time="0.005">
    </testcase>
    <testcase classname="Logger - Branch Coverage Tests handles invalid log levels" name="Logger - Branch Coverage Tests handles invalid log levels" time="0.008">
    </testcase>
    <testcase classname="Logger - Branch Coverage Tests handles file write errors" name="Logger - Branch Coverage Tests handles file write errors" time="0.005">
    </testcase>
    <testcase classname="Logger - Branch Coverage Tests handles errors during log rotation" name="Logger - Branch Coverage Tests handles errors during log rotation" time="0.006">
    </testcase>
    <testcase classname="Logger - Branch Coverage Tests handles unlink errors during log cleanup" name="Logger - Branch Coverage Tests handles unlink errors during log cleanup" time="0.004">
    </testcase>
  </testsuite>
  <testsuite name="Discord.js mock" errors="0" failures="0" skipped="0" timestamp="2025-09-26T12:01:18" time="0.368" tests="3">
    <testcase classname="Discord.js mock Client mock exists" name="Discord.js mock Client mock exists" time="0.004">
    </testcase>
    <testcase classname="Discord.js mock Client mock has required methods" name="Discord.js mock Client mock has required methods" time="0.004">
    </testcase>
    <testcase classname="Discord.js mock SlashCommandBuilder mock exists" name="Discord.js mock SlashCommandBuilder mock exists" time="0.002">
    </testcase>
  </testsuite>
  <testsuite name="Bot Edge Cases - Advanced" errors="0" failures="0" skipped="0" timestamp="2025-09-26T12:01:19" time="0.477" tests="14">
    <testcase classname="Bot Edge Cases - Advanced should handle messages with mixed content types" name="Bot Edge Cases - Advanced should handle messages with mixed content types" time="0.004">
    </testcase>
    <testcase classname="Bot Edge Cases - Advanced should handle messages with URLs" name="Bot Edge Cases - Advanced should handle messages with URLs" time="0.004">
    </testcase>
    <testcase classname="Bot Edge Cases - Advanced should handle messages with email addresses" name="Bot Edge Cases - Advanced should handle messages with email addresses" time="0.004">
    </testcase>
    <testcase classname="Bot Edge Cases - Advanced should handle messages with mentions" name="Bot Edge Cases - Advanced should handle messages with mentions" time="0.006">
    </testcase>
    <testcase classname="Bot Edge Cases - Advanced should handle messages with channel mentions" name="Bot Edge Cases - Advanced should handle messages with channel mentions" time="0.002">
    </testcase>
    <testcase classname="Bot Edge Cases - Advanced should handle messages with role mentions" name="Bot Edge Cases - Advanced should handle messages with role mentions" time="0.007">
    </testcase>
    <testcase classname="Bot Edge Cases - Advanced should handle messages with custom emojis" name="Bot Edge Cases - Advanced should handle messages with custom emojis" time="0.003">
    </testcase>
    <testcase classname="Bot Edge Cases - Advanced should handle messages with animated emojis" name="Bot Edge Cases - Advanced should handle messages with animated emojis" time="0.002">
    </testcase>
    <testcase classname="Bot Edge Cases - Advanced should handle messages with timestamps" name="Bot Edge Cases - Advanced should handle messages with timestamps" time="0.006">
    </testcase>
    <testcase classname="Bot Edge Cases - Advanced should handle messages with spoilers" name="Bot Edge Cases - Advanced should handle messages with spoilers" time="0.006">
    </testcase>
    <testcase classname="Bot Edge Cases - Advanced should handle messages with strikethrough" name="Bot Edge Cases - Advanced should handle messages with strikethrough" time="0.003">
    </testcase>
    <testcase classname="Bot Edge Cases - Advanced should handle messages with underlines" name="Bot Edge Cases - Advanced should handle messages with underlines" time="0.002">
    </testcase>
    <testcase classname="Bot Edge Cases - Advanced should handle messages with quotes" name="Bot Edge Cases - Advanced should handle messages with quotes" time="0.004">
    </testcase>
    <testcase classname="Bot Edge Cases - Advanced should handle messages with code blocks" name="Bot Edge Cases - Advanced should handle messages with code blocks" time="0.005">
    </testcase>
  </testsuite>
  <testsuite name="Perplexity Service - Advanced" errors="0" failures="0" skipped="0" timestamp="2025-09-26T12:01:19" time="0.706" tests="12">
    <testcase classname="Perplexity Service - Advanced sendChatRequest advanced scenarios handles rate limiting errors" name="Perplexity Service - Advanced sendChatRequest advanced scenarios handles rate limiting errors" time="0.065">
    </testcase>
    <testcase classname="Perplexity Service - Advanced sendChatRequest advanced scenarios handles server errors" name="Perplexity Service - Advanced sendChatRequest advanced scenarios handles server errors" time="0.035">
    </testcase>
    <testcase classname="Perplexity Service - Advanced sendChatRequest advanced scenarios handles unauthorized errors" name="Perplexity Service - Advanced sendChatRequest advanced scenarios handles unauthorized errors" time="0.037">
    </testcase>
    <testcase classname="Perplexity Service - Advanced sendChatRequest advanced scenarios handles forbidden errors" name="Perplexity Service - Advanced sendChatRequest advanced scenarios handles forbidden errors" time="0.025">
    </testcase>
    <testcase classname="Perplexity Service - Advanced sendChatRequest advanced scenarios handles timeout errors" name="Perplexity Service - Advanced sendChatRequest advanced scenarios handles timeout errors" time="0.043">
    </testcase>
    <testcase classname="Perplexity Service - Advanced sendChatRequest advanced scenarios handles malformed response" name="Perplexity Service - Advanced sendChatRequest advanced scenarios handles malformed response" time="0.025">
    </testcase>
    <testcase classname="Perplexity Service - Advanced sendChatRequest advanced scenarios handles empty response" name="Perplexity Service - Advanced sendChatRequest advanced scenarios handles empty response" time="0.029">
    </testcase>
    <testcase classname="Perplexity Service - Advanced sendChatRequest advanced scenarios handles response with no choices" name="Perplexity Service - Advanced sendChatRequest advanced scenarios handles response with no choices" time="0.04">
    </testcase>
    <testcase classname="Perplexity Service - Advanced sendChatRequest advanced scenarios handles response with invalid choice structure" name="Perplexity Service - Advanced sendChatRequest advanced scenarios handles response with invalid choice structure" time="0.028">
    </testcase>
    <testcase classname="Perplexity Service - Advanced sendChatRequest advanced scenarios handles very long messages" name="Perplexity Service - Advanced sendChatRequest advanced scenarios handles very long messages" time="0.005">
    </testcase>
    <testcase classname="Perplexity Service - Advanced sendChatRequest advanced scenarios handles messages with special characters" name="Perplexity Service - Advanced sendChatRequest advanced scenarios handles messages with special characters" time="0.004">
    </testcase>
    <testcase classname="Perplexity Service - Advanced sendChatRequest advanced scenarios handles messages with unicode characters" name="Perplexity Service - Advanced sendChatRequest advanced scenarios handles messages with unicode characters" time="0.005">
    </testcase>
  </testsuite>
  <testsuite name="Bot Integration - Core" errors="0" failures="0" skipped="0" timestamp="2025-09-26T12:01:20" time="1.031" tests="8">
    <testcase classname="Bot Integration - Core should have attached the messageCreate handler" name="Bot Integration - Core should have attached the messageCreate handler" time="0.181">
    </testcase>
    <testcase classname="Bot Integration - Core handles a normal message and replies" name="Bot Integration - Core handles a normal message and replies" time="0.025">
    </testcase>
    <testcase classname="Bot Integration - Core replies to !help command" name="Bot Integration - Core replies to !help command" time="0.022">
    </testcase>
    <testcase classname="Bot Integration - Core replies to !clearhistory command" name="Bot Integration - Core replies to !clearhistory command" time="0.031">
    </testcase>
    <testcase classname="Bot Integration - Core replies to !summary with history" name="Bot Integration - Core replies to !summary with history" time="0.054">
    </testcase>
    <testcase classname="Bot Integration - Core replies to !summary with no history" name="Bot Integration - Core replies to !summary with no history" time="0.062">
    </testcase>
    <testcase classname="Bot Integration - Core ignores unknown command" name="Bot Integration - Core ignores unknown command" time="0.042">
    </testcase>
    <testcase classname="Bot Integration - Core ignores messages from bots" name="Bot Integration - Core ignores messages from bots" time="0.077">
    </testcase>
  </testsuite>
  <testsuite name="Config" errors="0" failures="0" skipped="0" timestamp="2025-09-26T12:01:21" time="0.574" tests="7">
    <testcase classname="Config basic configuration exports required configuration settings" name="Config basic configuration exports required configuration settings" time="0.015">
    </testcase>
    <testcase classname="Config basic configuration should have required environment variables available" name="Config basic configuration should have required environment variables available" time="0.013">
    </testcase>
    <testcase classname="Config nested configuration should have API configuration" name="Config nested configuration should have API configuration" time="0.019">
    </testcase>
    <testcase classname="Config nested configuration should have system messages defined" name="Config nested configuration should have system messages defined" time="0.007">
    </testcase>
    <testcase classname="Config nested configuration should have emoji reactions defined" name="Config nested configuration should have emoji reactions defined" time="0.008">
    </testcase>
    <testcase classname="Config initializePiOptimizations should have initializePiOptimizations function available" name="Config initializePiOptimizations should have initializePiOptimizations function available" time="0.008">
    </testcase>
    <testcase classname="Config initializePiOptimizations should return a promise when initializePiOptimizations is called" name="Config initializePiOptimizations should return a promise when initializePiOptimizations is called" time="0.007">
    </testcase>
  </testsuite>
  <testsuite name="index.js - Core Branch Coverage" errors="0" failures="0" skipped="0" timestamp="2025-09-26T12:01:22" time="0.75" tests="9">
    <testcase classname="index.js - Core Branch Coverage normal initialization - no PI optimizations" name="index.js - Core Branch Coverage normal initialization - no PI optimizations" time="0.028">
    </testcase>
    <testcase classname="index.js - Core Branch Coverage handles error events" name="index.js - Core Branch Coverage handles error events" time="0.033">
    </testcase>
    <testcase classname="index.js - Core Branch Coverage handles warn events" name="index.js - Core Branch Coverage handles warn events" time="0.014">
    </testcase>
    <testcase classname="index.js - Core Branch Coverage handles interaction events" name="index.js - Core Branch Coverage handles interaction events" time="0.018">
    </testcase>
    <testcase classname="index.js - Core Branch Coverage handles ready event with slash command registration failure" name="index.js - Core Branch Coverage handles ready event with slash command registration failure" time="0.017">
    </testcase>
    <testcase classname="index.js - Core Branch Coverage handles PI optimizations" name="index.js - Core Branch Coverage handles PI optimizations" time="0.016">
    </testcase>
    <testcase classname="index.js - Core Branch Coverage handles PI optimization failures" name="index.js - Core Branch Coverage handles PI optimization failures" time="0.018">
    </testcase>
    <testcase classname="index.js - Core Branch Coverage handles login failures in production mode" name="index.js - Core Branch Coverage handles login failures in production mode" time="0.143">
    </testcase>
    <testcase classname="index.js - Core Branch Coverage handles shutdown process" name="index.js - Core Branch Coverage handles shutdown process" time="0.007">
    </testcase>
  </testsuite>
  <testsuite name="EmojiManager" errors="0" failures="0" skipped="0" timestamp="2025-09-26T12:01:22" time="0.435" tests="7">
    <testcase classname="EmojiManager adds emojis to response based on keywords" name="EmojiManager adds emojis to response based on keywords" time="0.007">
    </testcase>
    <testcase classname="EmojiManager adds multiple emojis when multiple keywords are found" name="EmojiManager adds multiple emojis when multiple keywords are found" time="0.004">
    </testcase>
    <testcase classname="EmojiManager does not add emojis when no keywords are found" name="EmojiManager does not add emojis when no keywords are found" time="0.002">
    </testcase>
    <testcase classname="EmojiManager gets reactions for a message based on keywords" name="EmojiManager gets reactions for a message based on keywords" time="0.002">
    </testcase>
    <testcase classname="EmojiManager returns empty array when no reaction keywords are found" name="EmojiManager returns empty array when no reaction keywords are found" time="0.002">
    </testcase>
    <testcase classname="EmojiManager adds reactions to a message" name="EmojiManager adds reactions to a message" time="0.002">
    </testcase>
    <testcase classname="EmojiManager handles errors when adding reactions" name="EmojiManager handles errors when adding reactions" time="0.002">
    </testcase>
  </testsuite>
  <testsuite name="Error handling" errors="0" failures="0" skipped="0" timestamp="2025-09-26T12:01:23" time="0.475" tests="2">
    <testcase classname="Error handling handles failed Perplexity API response during chat" name="Error handling handles failed Perplexity API response during chat" time="0.023">
    </testcase>
    <testcase classname="Error handling handles failed summary API response" name="Error handling handles failed summary API response" time="0.004">
    </testcase>
  </testsuite>
  <testsuite name="EnhancedCache - Basic Operations" errors="0" failures="0" skipped="0" timestamp="2025-09-26T12:01:23" time="0.573" tests="7">
    <testcase classname="EnhancedCache - Basic Operations Basic Operations should set and get values" name="EnhancedCache - Basic Operations Basic Operations should set and get values" time="0.006">
    </testcase>
    <testcase classname="EnhancedCache - Basic Operations Basic Operations should return null for non-existent keys" name="EnhancedCache - Basic Operations Basic Operations should return null for non-existent keys" time="0.009">
    </testcase>
    <testcase classname="EnhancedCache - Basic Operations Basic Operations should check if key exists by getting it" name="EnhancedCache - Basic Operations Basic Operations should check if key exists by getting it" time="0.011">
    </testcase>
    <testcase classname="EnhancedCache - Basic Operations Basic Operations should delete keys" name="EnhancedCache - Basic Operations Basic Operations should delete keys" time="0.01">
    </testcase>
    <testcase classname="EnhancedCache - Basic Operations Basic Operations should clear all entries" name="EnhancedCache - Basic Operations Basic Operations should clear all entries" time="0.005">
    </testcase>
    <testcase classname="EnhancedCache - Basic Operations Basic Operations should handle different value types" name="EnhancedCache - Basic Operations Basic Operations should handle different value types" time="0.008">
    </testcase>
    <testcase classname="EnhancedCache - Basic Operations Basic Operations should update existing keys" name="EnhancedCache - Basic Operations Basic Operations should update existing keys" time="0.004">
    </testcase>
  </testsuite>
  <testsuite name="Memory Monitor - Core" errors="0" failures="0" skipped="0" timestamp="2025-09-26T12:01:24" time="0.464" tests="7">
    <testcase classname="Memory Monitor - Core should have correct default values" name="Memory Monitor - Core should have correct default values" time="0.011">
    </testcase>
    <testcase classname="Memory Monitor - Core should initialize successfully" name="Memory Monitor - Core should initialize successfully" time="0.003">
    </testcase>
    <testcase classname="Memory Monitor - Core should not initialize if already initialized" name="Memory Monitor - Core should not initialize if already initialized" time="0.003">
    </testcase>
    <testcase classname="Memory Monitor - Core should setup memory check interval on initialization" name="Memory Monitor - Core should setup memory check interval on initialization" time="0.002">
    </testcase>
    <testcase classname="Memory Monitor - Core should shutdown successfully when initialized" name="Memory Monitor - Core should shutdown successfully when initialized" time="0.003">
    </testcase>
    <testcase classname="Memory Monitor - Core should handle shutdown when not initialized" name="Memory Monitor - Core should handle shutdown when not initialized" time="0.004">
    </testcase>
    <testcase classname="Memory Monitor - Core should clear interval on shutdown" name="Memory Monitor - Core should clear interval on shutdown" time="0.002">
    </testcase>
  </testsuite>
  <testsuite name="Message Chunker - Advanced" errors="0" failures="0" skipped="0" timestamp="2025-09-26T12:01:25" time="0.548" tests="10">
    <testcase classname="Message Chunker - Advanced should not cut off sentences at chunk boundaries" name="Message Chunker - Advanced should not cut off sentences at chunk boundaries" time="0.005">
    </testcase>
    <testcase classname="Message Chunker - Advanced should handle messages with special characters" name="Message Chunker - Advanced should handle messages with special characters" time="0.003">
    </testcase>
    <testcase classname="Message Chunker - Advanced should handle messages with unicode characters" name="Message Chunker - Advanced should handle messages with unicode characters" time="0.003">
    </testcase>
    <testcase classname="Message Chunker - Advanced should handle messages with URLs" name="Message Chunker - Advanced should handle messages with URLs" time="0.005">
    </testcase>
    <testcase classname="Message Chunker - Advanced should handle messages with markdown formatting" name="Message Chunker - Advanced should handle messages with markdown formatting" time="0.003">
    </testcase>
    <testcase classname="Message Chunker - Advanced should handle messages with line breaks" name="Message Chunker - Advanced should handle messages with line breaks" time="0.007">
    </testcase>
    <testcase classname="Message Chunker - Advanced should handle very long single word" name="Message Chunker - Advanced should handle very long single word" time="0.004">
    </testcase>
    <testcase classname="Message Chunker - Advanced should handle mixed content types" name="Message Chunker - Advanced should handle mixed content types" time="0.019">
    </testcase>
    <testcase classname="Message Chunker - Advanced should maintain chunk order" name="Message Chunker - Advanced should maintain chunk order" time="0.005">
    </testcase>
    <testcase classname="Message Chunker - Advanced should handle edge case with exact chunk size" name="Message Chunker - Advanced should handle edge case with exact chunk size" time="0.003">
    </testcase>
  </testsuite>
  <testsuite name="Discord mock" errors="0" failures="0" skipped="0" timestamp="2025-09-26T12:01:25" time="0.555" tests="1">
    <testcase classname="Discord mock Mock is valid" name="Discord mock Mock is valid" time="0.008">
    </testcase>
  </testsuite>
  <testsuite name="Main Index - Advanced" errors="0" failures="0" skipped="0" timestamp="2025-09-26T12:01:26" time="0.67" tests="9">
    <testcase classname="Main Index - Advanced should handle bootWithOptimizations function" name="Main Index - Advanced should handle bootWithOptimizations function" time="0.047">
    </testcase>
    <testcase classname="Main Index - Advanced should handle registerSlashCommands function" name="Main Index - Advanced should handle registerSlashCommands function" time="0.041">
    </testcase>
    <testcase classname="Main Index - Advanced should handle Pi optimization detection" name="Main Index - Advanced should handle Pi optimization detection" time="0.006">
    </testcase>
    <testcase classname="Main Index - Advanced should handle enhanced cache initialization" name="Main Index - Advanced should handle enhanced cache initialization" time="0.008">
    </testcase>
    <testcase classname="Main Index - Advanced should handle perplexity service initialization" name="Main Index - Advanced should handle perplexity service initialization" time="0.007">
    </testcase>
    <testcase classname="Main Index - Advanced should handle error scenarios gracefully" name="Main Index - Advanced should handle error scenarios gracefully" time="0.044">
    </testcase>
    <testcase classname="Main Index - Advanced should handle multiple imports without conflicts" name="Main Index - Advanced should handle multiple imports without conflicts" time="0.043">
    </testcase>
    <testcase classname="Main Index - Advanced should handle environment variable changes" name="Main Index - Advanced should handle environment variable changes" time="0.043">
    </testcase>
    <testcase classname="Main Index - Advanced should handle missing dependencies gracefully" name="Main Index - Advanced should handle missing dependencies gracefully" time="0.044">
    </testcase>
  </testsuite>
  <testsuite name="Config - Branch Coverage" errors="0" failures="0" skipped="0" timestamp="2025-09-26T12:01:27" time="0.628" tests="10">
    <testcase classname="Config - Branch Coverage Environment variable handling should handle missing DISCORD_BOT_TOKEN" name="Config - Branch Coverage Environment variable handling should handle missing DISCORD_BOT_TOKEN" time="0.025">
    </testcase>
    <testcase classname="Config - Branch Coverage Environment variable handling should handle missing PERPLEXITY_API_KEY" name="Config - Branch Coverage Environment variable handling should handle missing PERPLEXITY_API_KEY" time="0.008">
    </testcase>
    <testcase classname="Config - Branch Coverage Environment variable handling should handle different NODE_ENV values" name="Config - Branch Coverage Environment variable handling should handle different NODE_ENV values" time="0.005">
    </testcase>
    <testcase classname="Config - Branch Coverage Environment variable handling should handle different LOG_LEVEL values" name="Config - Branch Coverage Environment variable handling should handle different LOG_LEVEL values" time="0.009">
    </testcase>
    <testcase classname="Config - Branch Coverage Environment variable handling should handle PI_OPTIMIZATIONS_ENABLED environment variable" name="Config - Branch Coverage Environment variable handling should handle PI_OPTIMIZATIONS_ENABLED environment variable" time="0.007">
    </testcase>
    <testcase classname="Config - Branch Coverage Configuration object structure should have all required configuration sections" name="Config - Branch Coverage Configuration object structure should have all required configuration sections" time="0.01">
    </testcase>
    <testcase classname="Config - Branch Coverage Configuration object structure should handle nested configuration objects" name="Config - Branch Coverage Configuration object structure should handle nested configuration objects" time="0.011">
    </testcase>
    <testcase classname="Config - Branch Coverage Edge cases should handle empty string environment variables" name="Config - Branch Coverage Edge cases should handle empty string environment variables" time="0.008">
    </testcase>
    <testcase classname="Config - Branch Coverage Edge cases should handle undefined environment variables" name="Config - Branch Coverage Edge cases should handle undefined environment variables" time="0.008">
    </testcase>
    <testcase classname="Config - Branch Coverage Edge cases should handle null environment variables" name="Config - Branch Coverage Edge cases should handle null environment variables" time="0.01">
    </testcase>
  </testsuite>
  <testsuite name="Pi Detector - Config Generation" errors="0" failures="0" skipped="0" timestamp="2025-09-26T12:01:27" time="0.469" tests="8">
    <testcase classname="Pi Detector - Config Generation generateOptimizedConfig should generate config for Pi 4 with 2GB" name="Pi Detector - Config Generation generateOptimizedConfig should generate config for Pi 4 with 2GB" time="0.005">
    </testcase>
    <testcase classname="Pi Detector - Config Generation generateOptimizedConfig should generate config for Pi 4 with 1GB" name="Pi Detector - Config Generation generateOptimizedConfig should generate config for Pi 4 with 1GB" time="0.011">
    </testcase>
    <testcase classname="Pi Detector - Config Generation generateOptimizedConfig should generate config for Pi 4 with 4GB" name="Pi Detector - Config Generation generateOptimizedConfig should generate config for Pi 4 with 4GB" time="0.005">
    </testcase>
    <testcase classname="Pi Detector - Config Generation generateOptimizedConfig should generate config for Pi 3" name="Pi Detector - Config Generation generateOptimizedConfig should generate config for Pi 3" time="0.003">
    </testcase>
    <testcase classname="Pi Detector - Config Generation generateOptimizedConfig should generate config for Pi 5 with 4GB" name="Pi Detector - Config Generation generateOptimizedConfig should generate config for Pi 5 with 4GB" time="0.004">
    </testcase>
    <testcase classname="Pi Detector - Config Generation generateOptimizedConfig should generate config for Pi 5 with 8GB" name="Pi Detector - Config Generation generateOptimizedConfig should generate config for Pi 5 with 8GB" time="0.003">
    </testcase>
    <testcase classname="Pi Detector - Config Generation generateOptimizedConfig should generate config for unknown Pi model" name="Pi Detector - Config Generation generateOptimizedConfig should generate config for unknown Pi model" time="0.003">
    </testcase>
    <testcase classname="Pi Detector - Config Generation generateOptimizedConfig should generate config for non-Pi systems" name="Pi Detector - Config Generation generateOptimizedConfig should generate config for non-Pi systems" time="0.004">
    </testcase>
  </testsuite>
  <testsuite name="Memory Monitor - Utils" errors="0" failures="0" skipped="0" timestamp="2025-09-26T12:01:28" time="0.607" tests="6">
    <testcase classname="Memory Monitor - Utils should return memory usage information" name="Memory Monitor - Utils should return memory usage information" time="0.006">
    </testcase>
    <testcase classname="Memory Monitor - Utils should calculate memory usage percentage correctly" name="Memory Monitor - Utils should calculate memory usage percentage correctly" time="0.005">
    </testcase>
    <testcase classname="Memory Monitor - Utils should handle memory usage errors" name="Memory Monitor - Utils should handle memory usage errors" time="0.005">
    </testcase>
    <testcase classname="Memory Monitor - Utils should return status information" name="Memory Monitor - Utils should return status information" time="0.007">
    </testcase>
    <testcase classname="Memory Monitor - Utils should handle configuration-based initialization" name="Memory Monitor - Utils should handle configuration-based initialization" time="0.004">
    </testcase>
    <testcase classname="Memory Monitor - Utils should handle memory threshold detection" name="Memory Monitor - Utils should handle memory threshold detection" time="0.136">
    </testcase>
  </testsuite>
  <testsuite name="Bot Initialization" errors="0" failures="0" skipped="0" timestamp="2025-09-26T12:01:28" time="0.627" tests="2">
    <testcase classname="Bot Initialization should create a Discord client and log in" name="Bot Initialization should create a Discord client and log in" time="0.151">
    </testcase>
    <testcase classname="Bot Initialization should register event handlers" name="Bot Initialization should register event handlers" time="0.019">
    </testcase>
  </testsuite>
  <testsuite name="InputValidator - General Validation" errors="0" failures="0" skipped="0" timestamp="2025-09-26T12:01:29" time="0.441" tests="8">
    <testcase classname="InputValidator - General Validation validateInput should validate text input correctly" name="InputValidator - General Validation validateInput should validate text input correctly" time="0.008">
    </testcase>
    <testcase classname="InputValidator - General Validation validateInput should reject inputs that exceed length limits" name="InputValidator - General Validation validateInput should reject inputs that exceed length limits" time="0.005">
    </testcase>
    <testcase classname="InputValidator - General Validation validateInput should reject inputs with dangerous patterns" name="InputValidator - General Validation validateInput should reject inputs with dangerous patterns" time="0.003">
    </testcase>
    <testcase classname="InputValidator - General Validation validateInput should validate email format" name="InputValidator - General Validation validateInput should validate email format" time="0.003">
    </testcase>
    <testcase classname="InputValidator - General Validation validateInput should validate URL format" name="InputValidator - General Validation validateInput should validate URL format" time="0.003">
    </testcase>
    <testcase classname="InputValidator - General Validation sanitizeInput should sanitize HTML content" name="InputValidator - General Validation sanitizeInput should sanitize HTML content" time="0.003">
    </testcase>
    <testcase classname="InputValidator - General Validation sanitizeInput should remove dangerous scripts" name="InputValidator - General Validation sanitizeInput should remove dangerous scripts" time="0.003">
    </testcase>
    <testcase classname="InputValidator - General Validation sanitizeInput should preserve safe content" name="InputValidator - General Validation sanitizeInput should preserve safe content" time="0.003">
    </testcase>
  </testsuite>
  <testsuite name="Message Formatter - Basic" errors="0" failures="0" skipped="0" timestamp="2025-09-26T12:01:30" time="0.617" tests="8">
    <testcase classname="Message Formatter - Basic formatResponse should format a response message with default options" name="Message Formatter - Basic formatResponse should format a response message with default options" time="0.004">
    </testcase>
    <testcase classname="Message Formatter - Basic formatResponse should remove excessive whitespace" name="Message Formatter - Basic formatResponse should remove excessive whitespace" time="0.007">
    </testcase>
    <testcase classname="Message Formatter - Basic formatResponse should truncate long messages" name="Message Formatter - Basic formatResponse should truncate long messages" time="0.01">
    </testcase>
    <testcase classname="Message Formatter - Basic formatResponse should handle empty messages" name="Message Formatter - Basic formatResponse should handle empty messages" time="0.003">
    </testcase>
    <testcase classname="Message Formatter - Basic formatResponse should handle null or undefined messages" name="Message Formatter - Basic formatResponse should handle null or undefined messages" time="0.005">
    </testcase>
    <testcase classname="Message Formatter - Basic formatResponse should handle messages with only whitespace" name="Message Formatter - Basic formatResponse should handle messages with only whitespace" time="0.004">
    </testcase>
    <testcase classname="Message Formatter - Basic formatResponse should preserve single line breaks" name="Message Formatter - Basic formatResponse should preserve single line breaks" time="0.004">
    </testcase>
    <testcase classname="Message Formatter - Basic formatResponse should handle messages with tabs" name="Message Formatter - Basic formatResponse should handle messages with tabs" time="0.002">
    </testcase>
  </testsuite>
  <testsuite name="InputValidator - User ID" errors="0" failures="0" skipped="0" timestamp="2025-09-26T12:01:30" time="0.539" tests="4">
    <testcase classname="InputValidator - User ID validateUserId should validate correct Discord user IDs" name="InputValidator - User ID validateUserId should validate correct Discord user IDs" time="0.006">
    </testcase>
    <testcase classname="InputValidator - User ID validateUserId should reject invalid user IDs" name="InputValidator - User ID validateUserId should reject invalid user IDs" time="0.004">
    </testcase>
    <testcase classname="InputValidator - User ID validateUserId should accept valid user IDs" name="InputValidator - User ID validateUserId should accept valid user IDs" time="0.002">
    </testcase>
    <testcase classname="InputValidator - User ID validateUserId should handle edge cases" name="InputValidator - User ID validateUserId should handle edge cases" time="0.009">
    </testcase>
  </testsuite>
  <testsuite name="Perplexity Service - Basic" errors="0" failures="0" skipped="0" timestamp="2025-09-26T12:01:31" time="0.617" tests="6">
    <testcase classname="Perplexity Service - Basic sendChatRequest sends a request to the API with correct parameters" name="Perplexity Service - Basic sendChatRequest sends a request to the API with correct parameters" time="0.004">
    </testcase>
    <testcase classname="Perplexity Service - Basic sendChatRequest throws an error when API request fails" name="Perplexity Service - Basic sendChatRequest throws an error when API request fails" time="0.079">
    </testcase>
    <testcase classname="Perplexity Service - Basic sendChatRequest handles network errors gracefully" name="Perplexity Service - Basic sendChatRequest handles network errors gracefully" time="0.034">
    </testcase>
    <testcase classname="Perplexity Service - Basic sendChatRequest handles empty messages array" name="Perplexity Service - Basic sendChatRequest handles empty messages array" time="0.002">
    </testcase>
    <testcase classname="Perplexity Service - Basic sendChatRequest handles single message" name="Perplexity Service - Basic sendChatRequest handles single message" time="0.003">
    </testcase>
    <testcase classname="Perplexity Service - Basic sendChatRequest handles multiple messages" name="Perplexity Service - Basic sendChatRequest handles multiple messages" time="0.009">
    </testcase>
  </testsuite>
  <testsuite name="Performance Monitor - Core" errors="0" failures="0" skipped="0" timestamp="2025-09-26T12:01:31" time="0.633" tests="5">
    <testcase classname="Performance Monitor - Core initialize should start monitoring in production environment" name="Performance Monitor - Core initialize should start monitoring in production environment" time="0.007">
    </testcase>
    <testcase classname="Performance Monitor - Core initialize should not start monitoring in test environment" name="Performance Monitor - Core initialize should not start monitoring in test environment" time="0.007">
    </testcase>
    <testcase classname="Performance Monitor - Core initialize should not start monitoring if already initialized" name="Performance Monitor - Core initialize should not start monitoring if already initialized" time="0.019">
    </testcase>
    <testcase classname="Performance Monitor - Core shutdown should clear interval and reset state" name="Performance Monitor - Core shutdown should clear interval and reset state" time="0.004">
    </testcase>
    <testcase classname="Performance Monitor - Core shutdown should handle shutdown when not initialized" name="Performance Monitor - Core shutdown should handle shutdown when not initialized" time="0.003">
    </testcase>
  </testsuite>
  <testsuite name="Bot Integration - Features" errors="0" failures="0" skipped="0" timestamp="2025-09-26T12:01:32" time="0.644" tests="8">
    <testcase classname="Bot Integration - Features adds emoji reactions for keywords" name="Bot Integration - Features adds emoji reactions for keywords" time="0.013">
    </testcase>
    <testcase classname="Bot Integration - Features adds multiple emoji reactions for multiple keywords" name="Bot Integration - Features adds multiple emoji reactions for multiple keywords" time="0.01">
    </testcase>
    <testcase classname="Bot Integration - Features rate limits user messages" name="Bot Integration - Features rate limits user messages" time="0.008">
    </testcase>
    <testcase classname="Bot Integration - Features handles API error when replying" name="Bot Integration - Features handles API error when replying" time="0.011">
    </testcase>
    <testcase classname="Bot Integration - Features handles API error when summarising" name="Bot Integration - Features handles API error when summarising" time="0.008">
    </testcase>
    <testcase classname="Bot Integration - Features handles empty message gracefully" name="Bot Integration - Features handles empty message gracefully" time="0.007">
    </testcase>
    <testcase classname="Bot Integration - Features truncates very long conversation history" name="Bot Integration - Features truncates very long conversation history" time="0.009">
    </testcase>
    <testcase classname="Bot Integration - Features handles missing environment variables gracefully" name="Bot Integration - Features handles missing environment variables gracefully" time="0.008">
    </testcase>
  </testsuite>
  <testsuite name="Main Index - Basic" errors="0" failures="0" skipped="0" timestamp="2025-09-26T12:01:33" time="0.693" tests="6">
    <testcase classname="Main Index - Basic should export required functions" name="Main Index - Basic should export required functions" time="0.024">
    </testcase>
    <testcase classname="Main Index - Basic should initialize client properly" name="Main Index - Basic should initialize client properly" time="0.02">
    </testcase>
    <testcase classname="Main Index - Basic should have handleChatMessage function" name="Main Index - Basic should have handleChatMessage function" time="0.029">
    </testcase>
    <testcase classname="Main Index - Basic should have shutdown function" name="Main Index - Basic should have shutdown function" time="0.042">
    </testcase>
    <testcase classname="Main Index - Basic should have error handler functions" name="Main Index - Basic should have error handler functions" time="0.072">
    </testcase>
    <testcase classname="Main Index - Basic should handle module loading without errors" name="Main Index - Basic should handle module loading without errors" time="0.038">
    </testcase>
  </testsuite>
  <testsuite name="Conversation Manager - Advanced Features" errors="0" failures="0" skipped="0" timestamp="2025-09-26T12:01:34" time="0.666" tests="11">
    <testcase classname="Conversation Manager - Advanced Features isRateLimited returns false for new users" name="Conversation Manager - Advanced Features isRateLimited returns false for new users" time="0.013">
    </testcase>
    <testcase classname="Conversation Manager - Advanced Features isRateLimited returns true for users within rate limit window" name="Conversation Manager - Advanced Features isRateLimited returns true for users within rate limit window" time="0.01">
    </testcase>
    <testcase classname="Conversation Manager - Advanced Features isRateLimited returns false for users outside rate limit window" name="Conversation Manager - Advanced Features isRateLimited returns false for users outside rate limit window" time="0.004">
    </testcase>
    <testcase classname="Conversation Manager - Advanced Features getUserStats returns default stats for new users" name="Conversation Manager - Advanced Features getUserStats returns default stats for new users" time="0.007">
    </testcase>
    <testcase classname="Conversation Manager - Advanced Features getUserStats returns existing stats for users with history" name="Conversation Manager - Advanced Features getUserStats returns existing stats for users with history" time="0.007">
    </testcase>
    <testcase classname="Conversation Manager - Advanced Features updateUserStats updates message count" name="Conversation Manager - Advanced Features updateUserStats updates message count" time="0.006">
    </testcase>
    <testcase classname="Conversation Manager - Advanced Features updateUserStats updates summary count" name="Conversation Manager - Advanced Features updateUserStats updates summary count" time="0.008">
    </testcase>
    <testcase classname="Conversation Manager - Advanced Features updateUserStats increments existing counts" name="Conversation Manager - Advanced Features updateUserStats increments existing counts" time="0.005">
    </testcase>
    <testcase classname="Conversation Manager - Advanced Features updateUserStats updates last active timestamp" name="Conversation Manager - Advanced Features updateUserStats updates last active timestamp" time="0.012">
    </testcase>
    <testcase classname="Conversation Manager - Advanced Features destroy clears all intervals" name="Conversation Manager - Advanced Features destroy clears all intervals" time="0.023">
    </testcase>
    <testcase classname="Conversation Manager - Advanced Features destroy clears all conversation data" name="Conversation Manager - Advanced Features destroy clears all conversation data" time="0.01">
    </testcase>
  </testsuite>
  <testsuite name="Lazy Loader" errors="0" failures="0" skipped="0" timestamp="2025-09-26T12:01:34" time="0.37" tests="4">
    <testcase classname="Lazy Loader basic functionality should return a function that loads a module when called" name="Lazy Loader basic functionality should return a function that loads a module when called" time="0.003">
    </testcase>
    <testcase classname="Lazy Loader basic functionality should handle modules with methods" name="Lazy Loader basic functionality should handle modules with methods" time="0.003">
    </testcase>
    <testcase classname="Lazy Loader memoization should memoize the loaded module" name="Lazy Loader memoization should memoize the loaded module" time="0.002">
    </testcase>
    <testcase classname="Lazy Loader error handling should handle errors in the loader function" name="Lazy Loader error handling should handle errors in the loader function" time="0.012">
    </testcase>
  </testsuite>
  <testsuite name="Logger - Basic" errors="0" failures="0" skipped="0" timestamp="2025-09-26T12:01:35" time="0.434" tests="11">
    <testcase classname="Logger - Basic logs debug messages" name="Logger - Basic logs debug messages" time="0.004">
    </testcase>
    <testcase classname="Logger - Basic logs debug messages with data" name="Logger - Basic logs debug messages with data" time="0.007">
    </testcase>
    <testcase classname="Logger - Basic logs info messages" name="Logger - Basic logs info messages" time="0.003">
    </testcase>
    <testcase classname="Logger - Basic logs warning messages" name="Logger - Basic logs warning messages" time="0.003">
    </testcase>
    <testcase classname="Logger - Basic logs error messages" name="Logger - Basic logs error messages" time="0.004">
    </testcase>
    <testcase classname="Logger - Basic logs error messages with data" name="Logger - Basic logs error messages with data" time="0.003">
    </testcase>
    <testcase classname="Logger - Basic handles empty messages" name="Logger - Basic handles empty messages" time="0.003">
    </testcase>
    <testcase classname="Logger - Basic handles null messages" name="Logger - Basic handles null messages" time="0.003">
    </testcase>
    <testcase classname="Logger - Basic handles undefined messages" name="Logger - Basic handles undefined messages" time="0.008">
    </testcase>
    <testcase classname="Logger - Basic handles messages with special characters" name="Logger - Basic handles messages with special characters" time="0.002">
    </testcase>
    <testcase classname="Logger - Basic handles messages with unicode characters" name="Logger - Basic handles messages with unicode characters" time="0.003">
    </testcase>
  </testsuite>
  <testsuite name="Chat Service - Basic" errors="0" failures="0" skipped="0" timestamp="2025-09-26T12:01:35" time="0.432" tests="5">
    <testcase classname="Chat Service - Basic should ignore bot messages" name="Chat Service - Basic should ignore bot messages" time="0.005">
    </testcase>
    <testcase classname="Chat Service - Basic should ignore empty messages" name="Chat Service - Basic should ignore empty messages" time="0.005">
    </testcase>
[...]
    </testcase>
    <testcase classname="InputValidator - Sanitization validateAndSanitize should handle null input" name="InputValidator - Sanitization validateAndSanitize should handle null input" time="0.002">
    </testcase>
    <testcase classname="InputValidator - Sanitization validateAndSanitize should validate different input types" name="InputValidator - Sanitization validateAndSanitize should validate different input types" time="0.004">
    </testcase>
    <testcase classname="InputValidator - Sanitization validation patterns should have correct validation patterns" name="InputValidator - Sanitization validation patterns should have correct validation patterns" time="0.002">
    </testcase>
    <testcase classname="InputValidator - Sanitization validation patterns should have correct validation limits" name="InputValidator - Sanitization validation patterns should have correct validation limits" time="0.002">
    </testcase>
    <testcase classname="InputValidator - Sanitization validation patterns should have dangerous patterns defined" name="InputValidator - Sanitization validation patterns should have dangerous patterns defined" time="0.002">
    </testcase>
  </testsuite>
  <testsuite name="DataStorage" errors="0" failures="0" skipped="0" timestamp="2025-09-26T12:01:43" time="0.465" tests="9">
    <testcase classname="DataStorage init should create data directory if it does not exist" name="DataStorage init should create data directory if it does not exist" time="0.004">
    </testcase>
    <testcase classname="DataStorage init should not create directory if already initialized" name="DataStorage init should not create directory if already initialized" time="0.003">
    </testcase>
    <testcase classname="DataStorage init should throw and log error if mkdir fails" name="DataStorage init should throw and log error if mkdir fails" time="0.019">
    </testcase>
    <testcase classname="DataStorage saveUserStats should save user stats to file" name="DataStorage saveUserStats should save user stats to file" time="0.005">
    </testcase>
    <testcase classname="DataStorage saveUserStats should log error if writeFile fails" name="DataStorage saveUserStats should log error if writeFile fails" time="0.003">
    </testcase>
    <testcase classname="DataStorage loadUserStats should load user stats from file" name="DataStorage loadUserStats should load user stats from file" time="0.005">
    </testcase>
    <testcase classname="DataStorage loadUserStats should return empty object if file does not exist" name="DataStorage loadUserStats should return empty object if file does not exist" time="0.004">
    </testcase>
    <testcase classname="DataStorage loadUserStats should return empty object and log error if readFile fails for other reasons" name="DataStorage loadUserStats should return empty object and log error if readFile fails for other reasons" time="0.005">
    </testcase>
    <testcase classname="DataStorage loadUserStats should return empty object and log error if JSON parsing fails" name="DataStorage loadUserStats should return empty object and log error if JSON parsing fails" time="0.003">
    </testcase>
  </testsuite>
  <testsuite name="Undici mock helpers" errors="0" failures="0" skipped="0" timestamp="2025-09-26T12:01:43" time="0.395" tests="3">
    <testcase classname="Undici mock helpers should create a success response with expected structure" name="Undici mock helpers should create a success response with expected structure" time="0.005">
    </testcase>
    <testcase classname="Undici mock helpers should create an error response with expected structure" name="Undici mock helpers should create an error response with expected structure" time="0.004">
    </testcase>
    <testcase classname="Undici mock helpers should use default status code for error responses" name="Undici mock helpers should use default status code for error responses" time="0.002">
    </testcase>
  </testsuite>
  <testsuite name="Debouncer" errors="0" failures="0" skipped="0" timestamp="2025-09-26T12:01:44" time="0.41" tests="4">
    <testcase classname="Debouncer debounce should delay function execution" name="Debouncer debounce should delay function execution" time="0.006">
    </testcase>
    <testcase classname="Debouncer debounce should only execute once for multiple rapid calls" name="Debouncer debounce should only execute once for multiple rapid calls" time="0.005">
    </testcase>
    <testcase classname="Debouncer debounce should reset the timer when called again during wait time" name="Debouncer debounce should reset the timer when called again during wait time" time="0.004">
    </testcase>
    <testcase classname="Debouncer debounce should pass arguments to the debounced function" name="Debouncer debounce should pass arguments to the debounced function" time="0.003">
    </testcase>
  </testsuite>
  <testsuite name="Logger - Advanced" errors="0" failures="0" skipped="0" timestamp="2025-09-26T12:01:44" time="0.479" tests="13">
    <testcase classname="Logger - Advanced respects log level filtering" name="Logger - Advanced respects log level filtering" time="0.008">
    </testcase>
    <testcase classname="Logger - Advanced handles log level ERROR only" name="Logger - Advanced handles log level ERROR only" time="0.006">
    </testcase>
    <testcase classname="Logger - Advanced handles log level WARN and above" name="Logger - Advanced handles log level WARN and above" time="0.006">
    </testcase>
    <testcase classname="Logger - Advanced handles log level INFO and above" name="Logger - Advanced handles log level INFO and above" time="0.007">
    </testcase>
    <testcase classname="Logger - Advanced handles log level DEBUG (all messages)" name="Logger - Advanced handles log level DEBUG (all messages)" time="0.014">
    </testcase>
    <testcase classname="Logger - Advanced handles invalid log level gracefully" name="Logger - Advanced handles invalid log level gracefully" time="0.005">
    </testcase>
    <testcase classname="Logger - Advanced handles complex data objects" name="Logger - Advanced handles complex data objects" time="0.006">
    </testcase>
    <testcase classname="Logger - Advanced handles circular references in data" name="Logger - Advanced handles circular references in data" time="0.003">
    </testcase>
    <testcase classname="Logger - Advanced handles very long messages" name="Logger - Advanced handles very long messages" time="0.003">
    </testcase>
    <testcase classname="Logger - Advanced handles messages with newlines" name="Logger - Advanced handles messages with newlines" time="0.003">
    </testcase>
    <testcase classname="Logger - Advanced handles messages with tabs" name="Logger - Advanced handles messages with tabs" time="0.002">
    </testcase>
    <testcase classname="Logger - Advanced handles messages with carriage returns" name="Logger - Advanced handles messages with carriage returns" time="0.002">
    </testcase>
    <testcase classname="Logger - Advanced handles multiple data arguments" name="Logger - Advanced handles multiple data arguments" time="0.002">
    </testcase>
  </testsuite>
  <testsuite name="EnhancedCache - Eviction" errors="0" failures="0" skipped="0" timestamp="2025-09-26T12:01:44" time="0.384" tests="6">
    <testcase classname="EnhancedCache - Eviction Size Management should enforce max entries limit" name="EnhancedCache - Eviction Size Management should enforce max entries limit" time="0.004">
    </testcase>
    <testcase classname="EnhancedCache - Eviction Size Management should enforce max size limit" name="EnhancedCache - Eviction Size Management should enforce max size limit" time="0.004">
    </testcase>
    <testcase classname="EnhancedCache - Eviction Size Management should calculate entry size correctly" name="EnhancedCache - Eviction Size Management should calculate entry size correctly" time="0.004">
    </testcase>
    <testcase classname="EnhancedCache - Eviction Eviction Strategies should use LRU eviction strategy" name="EnhancedCache - Eviction Eviction Strategies should use LRU eviction strategy" time="0.006">
    </testcase>
    <testcase classname="EnhancedCache - Eviction Eviction Strategies should use LFU eviction strategy" name="EnhancedCache - Eviction Eviction Strategies should use LFU eviction strategy" time="0.005">
    </testcase>
    <testcase classname="EnhancedCache - Eviction Eviction Strategies should use TTL eviction strategy" name="EnhancedCache - Eviction Eviction Strategies should use TTL eviction strategy" time="0.008">
    </testcase>
  </testsuite>
  <testsuite name="Logger Mock" errors="0" failures="0" skipped="0" timestamp="2025-09-26T12:01:45" time="0.465" tests="4">
    <testcase classname="Logger Mock logger mock exists" name="Logger Mock logger mock exists" time="0.004">
    </testcase>
    <testcase classname="Logger Mock logger mock has required methods" name="Logger Mock logger mock has required methods" time="0.003">
    </testcase>
    <testcase classname="Logger Mock handleError returns a value" name="Logger Mock handleError returns a value" time="0.004">
    </testcase>
    <testcase classname="Logger Mock _formatMessage returns a formatted message" name="Logger Mock _formatMessage returns a formatted message" time="0.004">
    </testcase>
  </testsuite>
  <testsuite name="Message flow" errors="0" failures="0" skipped="0" timestamp="2025-09-26T12:01:45" time="0.328" tests="1">
    <testcase classname="Message flow adds user and assistant messages to conversationHistory" name="Message flow adds user and assistant messages to conversationHistory" time="0.003">
    </testcase>
  </testsuite>
  <testsuite name="Bot Edge Cases - Basic" errors="0" failures="0" skipped="0" timestamp="2025-09-26T12:01:46" time="0.342" tests="8">
    <testcase classname="Bot Edge Cases - Basic should handle empty messages" name="Bot Edge Cases - Basic should handle empty messages" time="0.004">
    </testcase>
    <testcase classname="Bot Edge Cases - Basic should handle messages with only whitespace" name="Bot Edge Cases - Basic should handle messages with only whitespace" time="0.002">
    </testcase>
    <testcase classname="Bot Edge Cases - Basic should handle very long messages" name="Bot Edge Cases - Basic should handle very long messages" time="0.002">
    </testcase>
    <testcase classname="Bot Edge Cases - Basic should handle messages with special characters" name="Bot Edge Cases - Basic should handle messages with special characters" time="0.002">
    </testcase>
    <testcase classname="Bot Edge Cases - Basic should handle messages with unicode characters" name="Bot Edge Cases - Basic should handle messages with unicode characters" time="0.003">
    </testcase>
    <testcase classname="Bot Edge Cases - Basic should handle messages with newlines" name="Bot Edge Cases - Basic should handle messages with newlines" time="0.005">
    </testcase>
    <testcase classname="Bot Edge Cases - Basic should handle messages with tabs" name="Bot Edge Cases - Basic should handle messages with tabs" time="0.002">
    </testcase>
    <testcase classname="Bot Edge Cases - Basic should handle messages with carriage returns" name="Bot Edge Cases - Basic should handle messages with carriage returns" time="0.002">
    </testcase>
  </testsuite>
  <testsuite name="Message Formatter - Advanced" errors="0" failures="0" skipped="0" timestamp="2025-09-26T12:01:46" time="0.396" tests="15">
    <testcase classname="Message Formatter - Advanced createCompactEmbed should return original embed when not in compact mode" name="Message Formatter - Advanced createCompactEmbed should return original embed when not in compact mode" time="0.003">
    </testcase>
    <testcase classname="Message Formatter - Advanced createCompactEmbed should create compact embed when in compact mode" name="Message Formatter - Advanced createCompactEmbed should create compact embed when in compact mode" time="0.003">
    </testcase>
    <testcase classname="Message Formatter - Advanced createCompactEmbed should handle embeds without fields" name="Message Formatter - Advanced createCompactEmbed should handle embeds without fields" time="0.004">
    </testcase>
    <testcase classname="Message Formatter - Advanced createCompactEmbed should handle embeds without description" name="Message Formatter - Advanced createCompactEmbed should handle embeds without description" time="0.002">
    </testcase>
    <testcase classname="Message Formatter - Advanced formatResponse with special content should handle messages with markdown formatting" name="Message Formatter - Advanced formatResponse with special content should handle messages with markdown formatting" time="0.004">
    </testcase>
    <testcase classname="Message Formatter - Advanced formatResponse with special content should handle messages with URLs" name="Message Formatter - Advanced formatResponse with special content should handle messages with URLs" time="0.004">
    </testcase>
    <testcase classname="Message Formatter - Advanced formatResponse with special content should handle messages with emojis" name="Message Formatter - Advanced formatResponse with special content should handle messages with emojis" time="0.003">
    </testcase>
    <testcase classname="Message Formatter - Advanced formatResponse with special content should handle messages with unicode characters" name="Message Formatter - Advanced formatResponse with special content should handle messages with unicode characters" time="0.003">
    </testcase>
    <testcase classname="Message Formatter - Advanced formatResponse with special content should handle messages with special characters" name="Message Formatter - Advanced formatResponse with special content should handle messages with special characters" time="0.003">
    </testcase>
    <testcase classname="Message Formatter - Advanced formatResponse with special content should handle messages with code blocks" name="Message Formatter - Advanced formatResponse with special content should handle messages with code blocks" time="0.002">
    </testcase>
    <testcase classname="Message Formatter - Advanced formatResponse with special content should handle messages with quotes" name="Message Formatter - Advanced formatResponse with special content should handle messages with quotes" time="0.002">
    </testcase>
    <testcase classname="Message Formatter - Advanced formatResponse with special content should handle messages with spoilers" name="Message Formatter - Advanced formatResponse with special content should handle messages with spoilers" time="0.002">
    </testcase>
    <testcase classname="Message Formatter - Advanced edge cases should handle very long single word" name="Message Formatter - Advanced edge cases should handle very long single word" time="0.001">
    </testcase>
    <testcase classname="Message Formatter - Advanced edge cases should handle messages with mixed content types" name="Message Formatter - Advanced edge cases should handle messages with mixed content types" time="0.004">
    </testcase>
    <testcase classname="Message Formatter - Advanced edge cases should handle messages with carriage returns" name="Message Formatter - Advanced edge cases should handle messages with carriage returns" time="0.003">
    </testcase>
  </testsuite>
  <testsuite name="Cache Pruner" errors="0" failures="0" skipped="0" timestamp="2025-09-26T12:01:47" time="0.466" tests="8">
    <testcase classname="Cache Pruner _initializePruningSchedule should set up interval based on config" name="Cache Pruner _initializePruningSchedule should set up interval based on config" time="0.004">
    </testcase>
    <testcase classname="Cache Pruner _initializePruningSchedule should execute pruneCache on interval" name="Cache Pruner _initializePruningSchedule should execute pruneCache on interval" time="0.004">
    </testcase>
    <testcase classname="Cache Pruner pruneCache should call both pruning methods" name="Cache Pruner pruneCache should call both pruning methods" time="0.004">
    </testcase>
    <testcase classname="Cache Pruner pruneCache should handle errors" name="Cache Pruner pruneCache should handle errors" time="0.024">
    </testcase>
    <testcase classname="Cache Pruner _pruneQuestionCache should prune when over max entries" name="Cache Pruner _pruneQuestionCache should prune when over max entries" time="0.003">
    </testcase>
    <testcase classname="Cache Pruner _pruneQuestionCache should not prune when under max entries" name="Cache Pruner _pruneQuestionCache should not prune when under max entries" time="0.003">
    </testcase>
    <testcase classname="Cache Pruner _pruneQuestionCache should handle missing file gracefully" name="Cache Pruner _pruneQuestionCache should handle missing file gracefully" time="0.004">
    </testcase>
    <testcase classname="Cache Pruner getStatus should return correct status information" name="Cache Pruner getStatus should return correct status information" time="0.003">
    </testcase>
  </testsuite>
  <testsuite name="Message Chunker - Basic" errors="0" failures="0" skipped="0" timestamp="2025-09-26T12:01:47" time="0.41" tests="7">
    <testcase classname="Message Chunker - Basic should not chunk message that fits within max length" name="Message Chunker - Basic should not chunk message that fits within max length" time="0.004">
    </testcase>
    <testcase classname="Message Chunker - Basic should chunk a message that exceeds max length" name="Message Chunker - Basic should chunk a message that exceeds max length" time="0.005">
    </testcase>
    <testcase classname="Message Chunker - Basic should preserve paragraph breaks when possible" name="Message Chunker - Basic should preserve paragraph breaks when possible" time="0.002">
    </testcase>
    <testcase classname="Message Chunker - Basic should add correct chunk numbering" name="Message Chunker - Basic should add correct chunk numbering" time="0.004">
    </testcase>
    <testcase classname="Message Chunker - Basic should handle empty message" name="Message Chunker - Basic should handle empty message" time="0.003">
    </testcase>
    <testcase classname="Message Chunker - Basic should handle null or undefined input" name="Message Chunker - Basic should handle null or undefined input" time="0.002">
    </testcase>
    <testcase classname="Message Chunker - Basic should handle very small chunk size" name="Message Chunker - Basic should handle very small chunk size" time="0.005">
    </testcase>
  </testsuite>
  <testsuite name="Test Utilities" errors="0" failures="0" skipped="0" timestamp="2025-09-26T12:01:48" time="0.393" tests="5">
    <testcase classname="Test Utilities createMockMessage creates a default mock message with expected properties" name="Test Utilities createMockMessage creates a default mock message with expected properties" time="0.004">
    </testcase>
    <testcase classname="Test Utilities createMockMessage allows custom options" name="Test Utilities createMockMessage allows custom options" time="0.002">
    </testcase>
    <testcase classname="Test Utilities createMockInteraction creates a default mock interaction with expected properties" name="Test Utilities createMockInteraction creates a default mock interaction with expected properties" time="0.005">
    </testcase>
    <testcase classname="Test Utilities createMockInteraction allows custom options" name="Test Utilities createMockInteraction allows custom options" time="0.003">
    </testcase>
    <testcase classname="Test Utilities resetMocks resets all mocks" name="Test Utilities resetMocks resets all mocks" time="0.007">
    </testcase>
  </testsuite>
  <testsuite name="Undici Mock" errors="0" failures="0" skipped="0" timestamp="2025-09-26T12:01:48" time="0.439" tests="1">
    <testcase classname="Undici Mock should exist" name="Undici Mock should exist" time="0.005">
    </testcase>
  </testsuite>
</testsuites>