{
  "numFailedTestSuites": 0,
  "numFailedTests": 0,
  "numPassedTestSuites": 174,
  "numPassedTests": 1584,
  "numPendingTestSuites": 5,
  "numPendingTests": 14,
  "numRuntimeErrorTestSuites": 0,
  "numTodoTests": 0,
  "numTotalTestSuites": 179,
  "numTotalTests": 1598,
  "openHandles": [],
  "snapshot": {
    "added": 0,
    "didUpdate": false,
    "failure": false,
    "filesAdded": 0,
    "filesRemoved": 0,
    "filesRemovedList": [],
    "filesUnmatched": 0,
    "filesUpdated": 0,
    "matched": 0,
    "total": 0,
    "unchecked": 0,
    "uncheckedKeysByFile": [],
    "unmatched": 0,
    "updated": 0
  },
  "startTime": 1764679238476,
  "success": true,
  "testResults": [
    {
      "assertionResults": [
        {
          "ancestorTitles": ["WebDashboardService"],
          "duration": null,
          "failureDetails": [],
          "failureMessages": [],
          "fullName": "WebDashboardService should have restart endpoint handling",
          "invocations": 1,
          "location": null,
          "numPassingAsserts": 0,
          "retryReasons": [],
          "status": "pending",
          "title": "should have restart endpoint handling"
        },
        {
          "ancestorTitles": ["WebDashboardService"],
          "duration": null,
          "failureDetails": [],
          "failureMessages": [],
          "fullName": "WebDashboardService should destroy discord client and try PM2 restart first",
          "invocations": 1,
          "location": null,
          "numPassingAsserts": 0,
          "retryReasons": [],
          "status": "pending",
          "title": "should destroy discord client and try PM2 restart first"
        },
        {
          "ancestorTitles": ["WebDashboardService"],
          "duration": null,
          "failureDetails": [],
          "failureMessages": [],
          "fullName": "WebDashboardService should fallback to systemctl if PM2 fails",
          "invocations": 1,
          "location": null,
          "numPassingAsserts": 0,
          "retryReasons": [],
          "status": "pending",
          "title": "should fallback to systemctl if PM2 fails"
        },
        {
          "ancestorTitles": ["WebDashboardService"],
          "duration": null,
          "failureDetails": [],
          "failureMessages": [],
          "fullName": "WebDashboardService should fallback to process.exit if all else fails",
          "invocations": 1,
          "location": null,
          "numPassingAsserts": 0,
          "retryReasons": [],
          "status": "pending",
          "title": "should fallback to process.exit if all else fails"
        }
      ],
      "coverage": {},
      "endTime": 1764679287073,
      "message": "",
      "name": "C:\\Users\\chris\\aszune-ai\\aszune-ai-bot\\__tests__\\unit\\services\\web-dashboard.test.js",
      "startTime": 1764679287073,
      "status": "skipped",
      "summary": ""
    },
    {
      "assertionResults": [
        {
          "ancestorTitles": ["DatabaseService - Errors", "logError"],
          "duration": 269,
          "failureDetails": [],
          "failureMessages": [],
          "fullName": "DatabaseService - Errors logError should log errors without throwing",
          "invocations": 1,
          "location": null,
          "numPassingAsserts": 1,
          "retryReasons": [],
          "status": "passed",
          "title": "should log errors without throwing"
        },
        {
          "ancestorTitles": ["DatabaseService - Errors", "logError"],
          "duration": 251,
          "failureDetails": [],
          "failureMessages": [],
          "fullName": "DatabaseService - Errors logError should handle database errors gracefully",
          "invocations": 1,
          "location": null,
          "numPassingAsserts": 1,
          "retryReasons": [],
          "status": "passed",
          "title": "should handle database errors gracefully"
        },
        {
          "ancestorTitles": ["DatabaseService - Errors", "logError"],
          "duration": 264,
          "failureDetails": [],
          "failureMessages": [],
          "fullName": "DatabaseService - Errors logError should handle null parameters",
          "invocations": 1,
          "location": null,
          "numPassingAsserts": 1,
          "retryReasons": [],
          "status": "passed",
          "title": "should handle null parameters"
        },
        {
          "ancestorTitles": ["DatabaseService - Errors", "logError"],
          "duration": 249,
          "failureDetails": [],
          "failureMessages": [],
          "fullName": "DatabaseService - Errors logError should handle empty context",
          "invocations": 1,
          "location": null,
          "numPassingAsserts": 1,
          "retryReasons": [],
          "status": "passed",
          "title": "should handle empty context"
        },
        {
          "ancestorTitles": ["DatabaseService - Errors", "getErrorStats"],
          "duration": 247,
          "failureDetails": [],
          "failureMessages": [],
          "fullName": "DatabaseService - Errors getErrorStats should return default stats when no errors logged",
          "invocations": 1,
          "location": null,
          "numPassingAsserts": 1,
          "retryReasons": [],
          "status": "passed",
          "title": "should return default stats when no errors logged"
        },
        {
          "ancestorTitles": ["DatabaseService - Errors", "getErrorStats"],
          "duration": 277,
          "failureDetails": [],
          "failureMessages": [],
          "fullName": "DatabaseService - Errors getErrorStats should aggregate error statistics correctly",
          "invocations": 1,
          "location": null,
          "numPassingAsserts": 3,
          "retryReasons": [],
          "status": "passed",
          "title": "should aggregate error statistics correctly"
        },
        {
          "ancestorTitles": ["DatabaseService - Errors", "getErrorStats"],
          "duration": 244,
          "failureDetails": [],
          "failureMessages": [],
          "fullName": "DatabaseService - Errors getErrorStats should handle database errors gracefully",
          "invocations": 1,
          "location": null,
          "numPassingAsserts": 1,
          "retryReasons": [],
          "status": "passed",
          "title": "should handle database errors gracefully"
        }
      ],
      "endTime": 1764679241013,
      "message": "",
      "name": "C:\\Users\\chris\\aszune-ai\\aszune-ai-bot\\__tests__\\unit\\services\\database-errors.test.js",
      "startTime": 1764679239105,
      "status": "passed",
      "summary": ""
    },
    {
      "assertionResults": [
        {
          "ancestorTitles": ["Message flow"],
          "duration": 1,
          "failureDetails": [],
          "failureMessages": [],
          "fullName": "Message flow adds user and assistant messages to conversationHistory",
          "invocations": 1,
          "location": null,
          "numPassingAsserts": 3,
          "retryReasons": [],
          "status": "passed",
          "title": "adds user and assistant messages to conversationHistory"
        }
      ],
      "endTime": 1764679241084,
      "message": "",
      "name": "C:\\Users\\chris\\aszune-ai\\aszune-ai-bot\\__tests__\\integration\\messageFlow.test.js",
      "startTime": 1764679241017,
      "status": "passed",
      "summary": ""
    },
    {
      "assertionResults": [
        {
          "ancestorTitles": ["Logger Mock"],
          "duration": 1,
          "failureDetails": [],
          "failureMessages": [],
          "fullName": "Logger Mock logger mock exists",
          "invocations": 1,
          "location": null,
          "numPassingAsserts": 1,
          "retryReasons": [],
          "status": "passed",
          "title": "logger mock exists"
        },
        {
          "ancestorTitles": ["Logger Mock"],
          "duration": 1,
          "failureDetails": [],
          "failureMessages": [],
          "fullName": "Logger Mock logger mock has required methods",
          "invocations": 1,
          "location": null,
          "numPassingAsserts": 5,
          "retryReasons": [],
          "status": "passed",
          "title": "logger mock has required methods"
        },
        {
          "ancestorTitles": ["Logger Mock"],
          "duration": 0,
          "failureDetails": [],
          "failureMessages": [],
          "fullName": "Logger Mock handleError returns a value",
          "invocations": 1,
          "location": null,
          "numPassingAsserts": 1,
          "retryReasons": [],
          "status": "passed",
          "title": "handleError returns a value"
        },
        {
          "ancestorTitles": ["Logger Mock"],
          "duration": 1,
          "failureDetails": [],
          "failureMessages": [],
          "fullName": "Logger Mock _formatMessage returns a formatted message",
          "invocations": 1,
          "location": null,
          "numPassingAsserts": 1,
          "retryReasons": [],
          "status": "passed",
          "title": "_formatMessage returns a formatted message"
        }
      ],
      "endTime": 1764679241160,
      "message": "",
      "name": "C:\\Users\\chris\\aszune-ai\\aszune-ai-bot\\__tests__\\__mocks__\\loggerMock.test.js",
      "startTime": 1764679241086,
      "status": "passed",
      "summary": ""
    },
    {
      "assertionResults": [
        {
          "ancestorTitles": ["Undici mock helpers"],
          "duration": 2,
          "failureDetails": [],
          "failureMessages": [],
          "fullName": "Undici mock helpers should create a success response with expected structure",
          "invocations": 1,
          "location": null,
          "numPassingAsserts": 7,
          "retryReasons": [],
          "status": "passed",
          "title": "should create a success response with expected structure"
        },
        {
          "ancestorTitles": ["Undici mock helpers"],
          "duration": 0,
          "failureDetails": [],
          "failureMessages": [],
          "fullName": "Undici mock helpers should create an error response with expected structure",
          "invocations": 1,
          "location": null,
          "numPassingAsserts": 7,
          "retryReasons": [],
          "status": "passed",
          "title": "should create an error response with expected structure"
        },
        {
          "ancestorTitles": ["Undici mock helpers"],
          "duration": 0,
          "failureDetails": [],
          "failureMessages": [],
          "fullName": "Undici mock helpers should use default status code for error responses",
          "invocations": 1,
          "location": null,
          "numPassingAsserts": 1,
          "retryReasons": [],
          "status": "passed",
          "title": "should use default status code for error responses"
        }
      ],
      "endTime": 1764679241242,
      "message": "",
      "name": "C:\\Users\\chris\\aszune-ai\\aszune-ai-bot\\__tests__\\utils\\undici-mock-helpers.test.js",
      "startTime": 1764679241165,
      "status": "passed",
      "summary": ""
    },
    {
      "assertionResults": [
        {
          "ancestorTitles": ["Bot Edge Cases - Basic"],
          "duration": 1,
          "failureDetails": [],
          "failureMessages": [],
          "fullName": "Bot Edge Cases - Basic should handle empty messages",
          "invocations": 1,
          "location": null,
          "numPassingAsserts": 1,
          "retryReasons": [],
          "status": "passed",
          "title": "should handle empty messages"
        },
        {
          "ancestorTitles": ["Bot Edge Cases - Basic"],
          "duration": 0,
          "failureDetails": [],
          "failureMessages": [],
          "fullName": "Bot Edge Cases - Basic should handle messages with only whitespace",
          "invocations": 1,
          "location": null,
          "numPassingAsserts": 1,
          "retryReasons": [],
          "status": "passed",
          "title": "should handle messages with only whitespace"
        },
        {
          "ancestorTitles": ["Bot Edge Cases - Basic"],
          "duration": 0,
          "failureDetails": [],
          "failureMessages": [],
          "fullName": "Bot Edge Cases - Basic should handle very long messages",
          "invocations": 1,
          "location": null,
          "numPassingAsserts": 1,
          "retryReasons": [],
          "status": "passed",
          "title": "should handle very long messages"
        },
        {
          "ancestorTitles": ["Bot Edge Cases - Basic"],
          "duration": 0,
          "failureDetails": [],
          "failureMessages": [],
          "fullName": "Bot Edge Cases - Basic should handle messages with special characters",
          "invocations": 1,
          "location": null,
          "numPassingAsserts": 1,
          "retryReasons": [],
          "status": "passed",
          "title": "should handle messages with special characters"
        },
        {
          "ancestorTitles": ["Bot Edge Cases - Basic"],
          "duration": 0,
          "failureDetails": [],
          "failureMessages": [],
          "fullName": "Bot Edge Cases - Basic should handle messages with unicode characters",
          "invocations": 1,
          "location": null,
          "numPassingAsserts": 2,
          "retryReasons": [],
          "status": "passed",
          "title": "should handle messages with unicode characters"
        },
        {
          "ancestorTitles": ["Bot Edge Cases - Basic"],
          "duration": 1,
          "failureDetails": [],
          "failureMessages": [],
          "fullName": "Bot Edge Cases - Basic should handle messages with newlines",
          "invocations": 1,
          "location": null,
          "numPassingAsserts": 1,
          "retryReasons": [],
          "status": "passed",
          "title": "should handle messages with newlines"
        },
        {
          "ancestorTitles": ["Bot Edge Cases - Basic"],
          "duration": 0,
          "failureDetails": [],
          "failureMessages": [],
          "fullName": "Bot Edge Cases - Basic should handle messages with tabs",
          "invocations": 1,
          "location": null,
          "numPassingAsserts": 1,
          "retryReasons": [],
          "status": "passed",
          "title": "should handle messages with tabs"
        },
        {
          "ancestorTitles": ["Bot Edge Cases - Basic"],
          "duration": 0,
          "failureDetails": [],
          "failureMessages": [],
          "fullName": "Bot Edge Cases - Basic should handle messages with carriage returns",
          "invocations": 1,
          "location": null,
          "numPassingAsserts": 1,
          "retryReasons": [],
          "status": "passed",
          "title": "should handle messages with carriage returns"
        }
      ],
      "endTime": 1764679241315,
      "message": "",
      "name": "C:\\Users\\chris\\aszune-ai\\aszune-ai-bot\\__tests__\\integration\\bot-edge-cases-basic.test.js",
      "startTime": 1764679241245,
      "status": "passed",
      "summary": ""
    },
    {
      "assertionResults": [
        {
          "ancestorTitles": ["Discord mock"],
          "duration": 1,
          "failureDetails": [],
          "failureMessages": [],
          "fullName": "Discord mock Mock is valid",
          "invocations": 1,
          "location": null,
          "numPassingAsserts": 1,
          "retryReasons": [],
          "status": "passed",
          "title": "Mock is valid"
        }
      ],
      "endTime": 1764679241385,
      "message": "",
      "name": "C:\\Users\\chris\\aszune-ai\\aszune-ai-bot\\__tests__\\__mocks__\\discord.mock.js.test.js",
      "startTime": 1764679241318,
      "status": "passed",
      "summary": ""
    },
    {
      "assertionResults": [
        {
          "ancestorTitles": ["index.js - Core Branch Coverage (Archived)"],
          "duration": null,
          "failureDetails": [],
          "failureMessages": [],
          "fullName": "index.js - Core Branch Coverage (Archived) placeholder test - see index-critical-coverage.test.js for coverage",
          "invocations": 1,
          "location": null,
          "numPassingAsserts": 0,
          "retryReasons": [],
          "status": "pending",
          "title": "placeholder test - see index-critical-coverage.test.js for coverage"
        }
      ],
      "coverage": {},
      "endTime": 1764679287073,
      "message": "",
      "name": "C:\\Users\\chris\\aszune-ai\\aszune-ai-bot\\__tests__\\unit\\index-branch-coverage-core.test.js",
      "startTime": 1764679287073,
      "status": "skipped",
      "summary": ""
    },
    {
      "assertionResults": [
        {
          "ancestorTitles": ["Undici Mock"],
          "duration": 0,
          "failureDetails": [],
          "failureMessages": [],
          "fullName": "Undici Mock should exist",
          "invocations": 1,
          "location": null,
          "numPassingAsserts": 1,
          "retryReasons": [],
          "status": "passed",
          "title": "should exist"
        }
      ],
      "endTime": 1764679241539,
      "message": "",
      "name": "C:\\Users\\chris\\aszune-ai\\aszune-ai-bot\\__tests__\\utils\\undici-mock.js",
      "startTime": 1764679241468,
      "status": "passed",
      "summary": ""
    },
    {
      "assertionResults": [
        {
          "ancestorTitles": ["Command Handling - Basic"],
          "duration": 1,
          "failureDetails": [],
          "failureMessages": [],
          "fullName": "Command Handling - Basic responds to !clearhistory and clears the conversation history",
          "invocations": 1,
          "location": null,
          "numPassingAsserts": 3,
          "retryReasons": [],
          "status": "passed",
          "title": "responds to !clearhistory and clears the conversation history"
        },
        {
          "ancestorTitles": ["Command Handling - Basic"],
          "duration": 0,
          "failureDetails": [],
          "failureMessages": [],
          "fullName": "Command Handling - Basic !help command replies with help message",
          "invocations": 1,
          "location": null,
          "numPassingAsserts": 1,
          "retryReasons": [],
          "status": "passed",
          "title": "!help command replies with help message"
        },
        {
          "ancestorTitles": ["Command Handling - Basic"],
          "duration": 1,
          "failureDetails": [],
          "failureMessages": [],
          "fullName": "Command Handling - Basic !summary command replies with summary message",
          "invocations": 1,
          "location": null,
          "numPassingAsserts": 1,
          "retryReasons": [],
          "status": "passed",
          "title": "!summary command replies with summary message"
        },
        {
          "ancestorTitles": ["Command Handling - Basic"],
          "duration": 0,
          "failureDetails": [],
          "failureMessages": [],
          "fullName": "Command Handling - Basic !stats command replies with stats message",
          "invocations": 1,
          "location": null,
          "numPassingAsserts": 1,
          "retryReasons": [],
          "status": "passed",
          "title": "!stats command replies with stats message"
        },
        {
          "ancestorTitles": ["Command Handling - Basic"],
          "duration": 0,
          "failureDetails": [],
          "failureMessages": [],
          "fullName": "Command Handling - Basic handles unknown commands gracefully",
          "invocations": 1,
          "location": null,
          "numPassingAsserts": 2,
          "retryReasons": [],
          "status": "passed",
          "title": "handles unknown commands gracefully"
        },
        {
          "ancestorTitles": ["Command Handling - Basic"],
          "duration": 1,
          "failureDetails": [],
          "failureMessages": [],
          "fullName": "Command Handling - Basic ignores messages that do not start with !",
          "invocations": 1,
          "location": null,
          "numPassingAsserts": 1,
          "retryReasons": [],
          "status": "passed",
          "title": "ignores messages that do not start with !"
        }
      ],
      "endTime": 1764679241609,
      "message": "",
      "name": "C:\\Users\\chris\\aszune-ai\\aszune-ai-bot\\__tests__\\integration\\command-basic.test.js",
      "startTime": 1764679241544,
      "status": "passed",
      "summary": ""
    },
    {
      "assertionResults": [
        {
          "ancestorTitles": ["Discord.js mock"],
          "duration": 0,
          "failureDetails": [],
          "failureMessages": [],
          "fullName": "Discord.js mock Client mock exists",
          "invocations": 1,
          "location": null,
          "numPassingAsserts": 1,
          "retryReasons": [],
          "status": "passed",
          "title": "Client mock exists"
        },
        {
          "ancestorTitles": ["Discord.js mock"],
          "duration": 1,
          "failureDetails": [],
          "failureMessages": [],
          "fullName": "Discord.js mock Client mock has required methods",
          "invocations": 1,
          "location": null,
          "numPassingAsserts": 4,
          "retryReasons": [],
          "status": "passed",
          "title": "Client mock has required methods"
        },
        {
          "ancestorTitles": ["Discord.js mock"],
          "duration": 0,
          "failureDetails": [],
          "failureMessages": [],
          "fullName": "Discord.js mock SlashCommandBuilder mock exists",
          "invocations": 1,
          "location": null,
          "numPassingAsserts": 1,
          "retryReasons": [],
          "status": "passed",
          "title": "SlashCommandBuilder mock exists"
        }
      ],
      "endTime": 1764679241677,
      "message": "",
      "name": "C:\\Users\\chris\\aszune-ai\\aszune-ai-bot\\__tests__\\__mocks__\\discord.test.js",
      "startTime": 1764679241612,
      "status": "passed",
      "summary": ""
    },
    {
      "assertionResults": [
        {
          "ancestorTitles": ["DatabaseService - Reminders", "createReminder"],
          "duration": 256,
          "failureDetails": [],
          "failureMessages": [],
          "fullName": "DatabaseService - Reminders createReminder should create a reminder and return reminder object",
          "invocations": 1,
          "location": null,
          "numPassingAsserts": 6,
          "retryReasons": [],
          "status": "passed",
          "title": "should create a reminder and return reminder object"
        },
        {
          "ancestorTitles": ["DatabaseService - Reminders", "createReminder"],
          "duration": 0,
          "failureDetails": [],
          "failureMessages": [],
          "fullName": "DatabaseService - Reminders createReminder should handle database errors gracefully",
          "invocations": 1,
          "location": null,
          "numPassingAsserts": 1,
          "retryReasons": [],
          "status": "passed",
          "title": "should handle database errors gracefully"
        },
        {
          "ancestorTitles": ["DatabaseService - Reminders", "getActiveReminders"],
          "duration": 192,
          "failureDetails": [],
          "failureMessages": [],
          "fullName": "DatabaseService - Reminders getActiveReminders should return empty array when no reminders exist",
          "invocations": 1,
          "location": null,
          "numPassingAsserts": 1,
          "retryReasons": [],
          "status": "passed",
          "title": "should return empty array when no reminders exist"
        },
        {
          "ancestorTitles": ["DatabaseService - Reminders", "getActiveReminders"],
          "duration": 224,
          "failureDetails": [],
          "failureMessages": [],
          "fullName": "DatabaseService - Reminders getActiveReminders should return active reminders for user",
          "invocations": 1,
          "location": null,
          "numPassingAsserts": 2,
          "retryReasons": [],
          "status": "passed",
          "title": "should return active reminders for user"
        },
        {
          "ancestorTitles": ["DatabaseService - Reminders", "getActiveReminders"],
          "duration": 165,
          "failureDetails": [],
          "failureMessages": [],
          "fullName": "DatabaseService - Reminders getActiveReminders should not return completed reminders",
          "invocations": 1,
          "location": null,
          "numPassingAsserts": 1,
          "retryReasons": [],
          "status": "passed",
          "title": "should not return completed reminders"
        },
        {
          "ancestorTitles": ["DatabaseService - Reminders", "getActiveReminders"],
          "duration": 1,
          "failureDetails": [],
          "failureMessages": [],
          "fullName": "DatabaseService - Reminders getActiveReminders should handle database errors gracefully",
          "invocations": 1,
          "location": null,
          "numPassingAsserts": 1,
          "retryReasons": [],
          "status": "passed",
          "title": "should handle database errors gracefully"
        },
        {
          "ancestorTitles": ["DatabaseService - Reminders", "getDueReminders"],
          "duration": 132,
          "failureDetails": [],
          "failureMessages": [],
          "fullName": "DatabaseService - Reminders getDueReminders should return empty array when no due reminders",
          "invocations": 1,
          "location": null,
          "numPassingAsserts": 1,
          "retryReasons": [],
          "status": "passed",
          "title": "should return empty array when no due reminders"
        },
        {
          "ancestorTitles": ["DatabaseService - Reminders", "getDueReminders"],
          "duration": 151,
          "failureDetails": [],
          "failureMessages": [],
          "fullName": "DatabaseService - Reminders getDueReminders should return reminders that are due",
          "invocations": 1,
          "location": null,
          "numPassingAsserts": 2,
          "retryReasons": [],
          "status": "passed",
          "title": "should return reminders that are due"
        },
        {
          "ancestorTitles": ["DatabaseService - Reminders", "getDueReminders"],
          "duration": 0,
          "failureDetails": [],
          "failureMessages": [],
          "fullName": "DatabaseService - Reminders getDueReminders should handle database errors gracefully",
          "invocations": 1,
          "location": null,
          "numPassingAsserts": 1,
          "retryReasons": [],
          "status": "passed",
          "title": "should handle database errors gracefully"
        },
        {
          "ancestorTitles": ["DatabaseService - Reminders", "completeReminder"],
          "duration": 151,
          "failureDetails": [],
          "failureMessages": [],
          "fullName": "DatabaseService - Reminders completeReminder should mark reminder as completed",
          "invocations": 1,
          "location": null,
          "numPassingAsserts": 2,
          "retryReasons": [],
          "status": "passed",
          "title": "should mark reminder as completed"
        },
        {
          "ancestorTitles": ["DatabaseService - Reminders", "completeReminder"],
          "duration": 130,
          "failureDetails": [],
          "failureMessages": [],
          "fullName": "DatabaseService - Reminders completeReminder should return false for non-existent reminder",
          "invocations": 1,
          "location": null,
          "numPassingAsserts": 1,
          "retryReasons": [],
          "status": "passed",
          "title": "should return false for non-existent reminder"
        },
        {
          "ancestorTitles": ["DatabaseService - Reminders", "completeReminder"],
          "duration": 1,
          "failureDetails": [],
          "failureMessages": [],
          "fullName": "DatabaseService - Reminders completeReminder should handle database errors gracefully",
          "invocations": 1,
          "location": null,
          "numPassingAsserts": 1,
          "retryReasons": [],
          "status": "passed",
          "title": "should handle database errors gracefully"
        },
        {
          "ancestorTitles": ["DatabaseService - Reminders", "cancelReminder"],
          "duration": 147,
          "failureDetails": [],
          "failureMessages": [],
          "fullName": "DatabaseService - Reminders cancelReminder should mark reminder as cancelled",
          "invocations": 1,
          "location": null,
          "numPassingAsserts": 2,
          "retryReasons": [],
          "status": "passed",
          "title": "should mark reminder as cancelled"
        },
        {
          "ancestorTitles": ["DatabaseService - Reminders", "cancelReminder"],
          "duration": 127,
          "failureDetails": [],
          "failureMessages": [],
          "fullName": "DatabaseService - Reminders cancelReminder should return false for non-existent reminder",
          "invocations": 1,
          "location": null,
          "numPassingAsserts": 1,
          "retryReasons": [],
          "status": "passed",
          "title": "should return false for non-existent reminder"
        },
        {
          "ancestorTitles": ["DatabaseService - Reminders", "cancelReminder"],
          "duration": 1,
          "failureDetails": [],
          "failureMessages": [],
          "fullName": "DatabaseService - Reminders cancelReminder should handle database errors gracefully",
          "invocations": 1,
          "location": null,
          "numPassingAsserts": 1,
          "retryReasons": [],
          "status": "passed",
          "title": "should handle database errors gracefully"
        },
        {
          "ancestorTitles": ["DatabaseService - Reminders", "getUserReminders"],
          "duration": 151,
          "failureDetails": [],
          "failureMessages": [],
          "fullName": "DatabaseService - Reminders getUserReminders should return all reminders for user regardless of status",
          "invocations": 1,
          "location": null,
          "numPassingAsserts": 2,
          "retryReasons": [],
          "status": "passed",
          "title": "should return all reminders for user regardless of status"
        },
        {
          "ancestorTitles": ["DatabaseService - Reminders", "getUserReminders"],
          "duration": 131,
          "failureDetails": [],
          "failureMessages": [],
          "fullName": "DatabaseService - Reminders getUserReminders should return empty array for user with no reminders",
          "invocations": 1,
          "location": null,
          "numPassingAsserts": 1,
          "retryReasons": [],
          "status": "passed",
          "title": "should return empty array for user with no reminders"
        },
        {
          "ancestorTitles": ["DatabaseService - Reminders", "getUserReminders"],
          "duration": 0,
          "failureDetails": [],
          "failureMessages": [],
          "fullName": "DatabaseService - Reminders getUserReminders should handle database errors gracefully",
          "invocations": 1,
          "location": null,
          "numPassingAsserts": 1,
          "retryReasons": [],
          "status": "passed",
          "title": "should handle database errors gracefully"
        },
        {
          "ancestorTitles": ["DatabaseService - Reminders", "deleteReminder"],
          "duration": 148,
          "failureDetails": [],
          "failureMessages": [],
          "fullName": "DatabaseService - Reminders deleteReminder should permanently delete reminder",
          "invocations": 1,
          "location": null,
          "numPassingAsserts": 2,
          "retryReasons": [],
          "status": "passed",
          "title": "should permanently delete reminder"
        },
        {
          "ancestorTitles": ["DatabaseService - Reminders", "deleteReminder"],
          "duration": 130,
          "failureDetails": [],
          "failureMessages": [],
          "fullName": "DatabaseService - Reminders deleteReminder should return false for non-existent reminder",
          "invocations": 1,
          "location": null,
          "numPassingAsserts": 1,
          "retryReasons": [],
          "status": "passed",
          "title": "should return false for non-existent reminder"
        },
        {
          "ancestorTitles": ["DatabaseService - Reminders", "deleteReminder"],
          "duration": 1,
          "failureDetails": [],
          "failureMessages": [],
          "fullName": "DatabaseService - Reminders deleteReminder should handle database errors gracefully",
          "invocations": 1,
          "location": null,
          "numPassingAsserts": 1,
          "retryReasons": [],
          "status": "passed",
          "title": "should handle database errors gracefully"
        }
      ],
      "endTime": 1764679243989,
      "message": "",
      "name": "C:\\Users\\chris\\aszune-ai\\aszune-ai-bot\\__tests__\\unit\\services\\database-reminders.test.js",
      "startTime": 1764679241679,
      "status": "passed",
      "summary": ""
    },
    {
      "assertionResults": [
        {
          "ancestorTitles": ["Bot Edge Cases - Advanced"],
          "duration": 1,
          "failureDetails": [],
          "failureMessages": [],
          "fullName": "Bot Edge Cases - Advanced should handle messages with mixed content types",
          "invocations": 1,
          "location": null,
          "numPassingAsserts": 3,
          "retryReasons": [],
          "status": "passed",
          "title": "should handle messages with mixed content types"
        },
        {
          "ancestorTitles": ["Bot Edge Cases - Advanced"],
          "duration": 0,
          "failureDetails": [],
          "failureMessages": [],
          "fullName": "Bot Edge Cases - Advanced should handle messages with URLs",
          "invocations": 1,
          "location": null,
          "numPassingAsserts": 2,
          "retryReasons": [],
          "status": "passed",
          "title": "should handle messages with URLs"
        },
        {
          "ancestorTitles": ["Bot Edge Cases - Advanced"],
          "duration": 0,
          "failureDetails": [],
          "failureMessages": [],
          "fullName": "Bot Edge Cases - Advanced should handle messages with email addresses",
          "invocations": 1,
          "location": null,
          "numPassingAsserts": 1,
          "retryReasons": [],
          "status": "passed",
          "title": "should handle messages with email addresses"
        },
        {
          "ancestorTitles": ["Bot Edge Cases - Advanced"],
          "duration": 1,
          "failureDetails": [],
          "failureMessages": [],
          "fullName": "Bot Edge Cases - Advanced should handle messages with mentions",
          "invocations": 1,
          "location": null,
          "numPassingAsserts": 2,
          "retryReasons": [],
          "status": "passed",
          "title": "should handle messages with mentions"
        },
        {
          "ancestorTitles": ["Bot Edge Cases - Advanced"],
          "duration": 0,
          "failureDetails": [],
          "failureMessages": [],
          "fullName": "Bot Edge Cases - Advanced should handle messages with channel mentions",
          "invocations": 1,
          "location": null,
          "numPassingAsserts": 1,
          "retryReasons": [],
          "status": "passed",
          "title": "should handle messages with channel mentions"
        },
        {
          "ancestorTitles": ["Bot Edge Cases - Advanced"],
          "duration": 0,
          "failureDetails": [],
          "failureMessages": [],
          "fullName": "Bot Edge Cases - Advanced should handle messages with role mentions",
          "invocations": 1,
          "location": null,
          "numPassingAsserts": 1,
          "retryReasons": [],
          "status": "passed",
          "title": "should handle messages with role mentions"
        },
        {
          "ancestorTitles": ["Bot Edge Cases - Advanced"],
          "duration": 1,
          "failureDetails": [],
          "failureMessages": [],
          "fullName": "Bot Edge Cases - Advanced should handle messages with custom emojis",
          "invocations": 1,
          "location": null,
          "numPassingAsserts": 1,
          "retryReasons": [],
          "status": "passed",
          "title": "should handle messages with custom emojis"
        },
        {
          "ancestorTitles": ["Bot Edge Cases - Advanced"],
          "duration": 0,
          "failureDetails": [],
          "failureMessages": [],
          "fullName": "Bot Edge Cases - Advanced should handle messages with animated emojis",
          "invocations": 1,
          "location": null,
          "numPassingAsserts": 1,
          "retryReasons": [],
          "status": "passed",
          "title": "should handle messages with animated emojis"
        },
        {
          "ancestorTitles": ["Bot Edge Cases - Advanced"],
          "duration": 1,
          "failureDetails": [],
          "failureMessages": [],
          "fullName": "Bot Edge Cases - Advanced should handle messages with timestamps",
          "invocations": 1,
          "location": null,
          "numPassingAsserts": 1,
          "retryReasons": [],
          "status": "passed",
          "title": "should handle messages with timestamps"
        },
        {
          "ancestorTitles": ["Bot Edge Cases - Advanced"],
          "duration": 0,
          "failureDetails": [],
          "failureMessages": [],
          "fullName": "Bot Edge Cases - Advanced should handle messages with spoilers",
          "invocations": 1,
          "location": null,
          "numPassingAsserts": 1,
          "retryReasons": [],
          "status": "passed",
          "title": "should handle messages with spoilers"
        },
        {
          "ancestorTitles": ["Bot Edge Cases - Advanced"],
          "duration": 1,
          "failureDetails": [],
          "failureMessages": [],
          "fullName": "Bot Edge Cases - Advanced should handle messages with strikethrough",
          "invocations": 1,
          "location": null,
          "numPassingAsserts": 1,
          "retryReasons": [],
          "status": "passed",
          "title": "should handle messages with strikethrough"
        },
        {
          "ancestorTitles": ["Bot Edge Cases - Advanced"],
          "duration": 1,
          "failureDetails": [],
          "failureMessages": [],
          "fullName": "Bot Edge Cases - Advanced should handle messages with underlines",
          "invocations": 1,
          "location": null,
          "numPassingAsserts": 1,
          "retryReasons": [],
          "status": "passed",
          "title": "should handle messages with underlines"
        },
        {
          "ancestorTitles": ["Bot Edge Cases - Advanced"],
          "duration": 0,
          "failureDetails": [],
          "failureMessages": [],
          "fullName": "Bot Edge Cases - Advanced should handle messages with quotes",
          "invocations": 1,
          "location": null,
          "numPassingAsserts": 1,
          "retryReasons": [],
          "status": "passed",
          "title": "should handle messages with quotes"
        },
        {
          "ancestorTitles": ["Bot Edge Cases - Advanced"],
          "duration": 1,
          "failureDetails": [],
          "failureMessages": [],
          "fullName": "Bot Edge Cases - Advanced should handle messages with code blocks",
          "invocations": 1,
          "location": null,
          "numPassingAsserts": 2,
          "retryReasons": [],
          "status": "passed",
          "title": "should handle messages with code blocks"
        }
      ],
      "endTime": 1764679244077,
      "message": "",
      "name": "C:\\Users\\chris\\aszune-ai\\aszune-ai-bot\\__tests__\\integration\\bot-edge-cases-advanced.test.js",
      "startTime": 1764679243993,
      "status": "passed",
      "summary": ""
    },
    {
      "assertionResults": [
        {
          "ancestorTitles": ["PerplexitySecure Service - Advanced", "question caching"],
          "duration": 47,
          "failureDetails": [],
          "failureMessages": [],
          "fullName": "PerplexitySecure Service - Advanced question caching should cache questions and return cached responses",
          "invocations": 1,
          "location": null,
          "numPassingAsserts": 4,
          "retryReasons": [],
          "status": "passed",
          "title": "should cache questions and return cached responses"
        },
        {
          "ancestorTitles": ["PerplexitySecure Service - Advanced", "question caching"],
          "duration": 14,
          "failureDetails": [],
          "failureMessages": [],
          "fullName": "PerplexitySecure Service - Advanced question caching should not cache when caching is disabled",
          "invocations": 1,
          "location": null,
          "numPassingAsserts": 1,
          "retryReasons": [],
          "status": "passed",
          "title": "should not cache when caching is disabled"
        },
        {
          "ancestorTitles": ["PerplexitySecure Service - Advanced", "question caching"],
          "duration": 9,
          "failureDetails": [],
          "failureMessages": [],
          "fullName": "PerplexitySecure Service - Advanced question caching should handle cache file read errors gracefully",
          "invocations": 1,
          "location": null,
          "numPassingAsserts": 1,
          "retryReasons": [],
          "status": "passed",
          "title": "should handle cache file read errors gracefully"
        },
        {
          "ancestorTitles": ["PerplexitySecure Service - Advanced", "question caching"],
          "duration": 8,
          "failureDetails": [],
          "failureMessages": [],
          "fullName": "PerplexitySecure Service - Advanced question caching should handle cache file write errors gracefully",
          "invocations": 1,
          "location": null,
          "numPassingAsserts": 1,
          "retryReasons": [],
          "status": "passed",
          "title": "should handle cache file write errors gracefully"
        },
        {
          "ancestorTitles": ["PerplexitySecure Service - Advanced", "question caching"],
          "duration": 8,
          "failureDetails": [],
          "failureMessages": [],
          "fullName": "PerplexitySecure Service - Advanced question caching should handle corrupted cache data",
          "invocations": 1,
          "location": null,
          "numPassingAsserts": 1,
          "retryReasons": [],
          "status": "passed",
          "title": "should handle corrupted cache data"
        },
        {
          "ancestorTitles": ["PerplexitySecure Service - Advanced", "file permission security"],
          "duration": 13,
          "failureDetails": [],
          "failureMessages": [],
          "fullName": "PerplexitySecure Service - Advanced file permission security should handle file permission errors gracefully",
          "invocations": 1,
          "location": null,
          "numPassingAsserts": 1,
          "retryReasons": [],
          "status": "passed",
          "title": "should handle file permission errors gracefully"
        },
        {
          "ancestorTitles": ["PerplexitySecure Service - Advanced", "file permission security"],
          "duration": 47,
          "failureDetails": [],
          "failureMessages": [],
          "fullName": "PerplexitySecure Service - Advanced file permission security should create cache directory with proper permissions",
          "invocations": 1,
          "location": null,
          "numPassingAsserts": 1,
          "retryReasons": [],
          "status": "passed",
          "title": "should create cache directory with proper permissions"
        },
        {
          "ancestorTitles": ["PerplexitySecure Service - Advanced", "retry mechanism"],
          "duration": 1053,
          "failureDetails": [],
          "failureMessages": [],
          "fullName": "PerplexitySecure Service - Advanced retry mechanism should retry on temporary failures",
          "invocations": 1,
          "location": null,
          "numPassingAsserts": 2,
          "retryReasons": [],
          "status": "passed",
          "title": "should retry on temporary failures"
        },
        {
          "ancestorTitles": ["PerplexitySecure Service - Advanced", "retry mechanism"],
          "duration": 25,
          "failureDetails": [],
          "failureMessages": [],
          "fullName": "PerplexitySecure Service - Advanced retry mechanism should not retry on permanent failures",
          "invocations": 1,
          "location": null,
          "numPassingAsserts": 2,
          "retryReasons": [],
          "status": "passed",
          "title": "should not retry on permanent failures"
        },
        {
          "ancestorTitles": ["PerplexitySecure Service - Advanced", "retry mechanism"],
          "duration": 1034,
          "failureDetails": [],
          "failureMessages": [],
          "fullName": "PerplexitySecure Service - Advanced retry mechanism should handle timeout errors",
          "invocations": 1,
          "location": null,
          "numPassingAsserts": 2,
          "retryReasons": [],
          "status": "passed",
          "title": "should handle timeout errors"
        }
      ],
      "endTime": 1764679246455,
      "message": "",
      "name": "C:\\Users\\chris\\aszune-ai\\aszune-ai-bot\\__tests__\\unit\\services\\perplexity-secure-advanced.test.js",
      "startTime": 1764679244081,
      "status": "passed",
      "summary": ""
    },
    {
      "assertionResults": [
        {
          "ancestorTitles": ["Discord.js mock"],
          "duration": 1,
          "failureDetails": [],
          "failureMessages": [],
          "fullName": "Discord.js mock Client mock exists",
          "invocations": 1,
          "location": null,
          "numPassingAsserts": 1,
          "retryReasons": [],
          "status": "passed",
          "title": "Client mock exists"
        },
        {
          "ancestorTitles": ["Discord.js mock"],
          "duration": 0,
          "failureDetails": [],
          "failureMessages": [],
          "fullName": "Discord.js mock Client mock has required methods",
          "invocations": 1,
          "location": null,
          "numPassingAsserts": 4,
          "retryReasons": [],
          "status": "passed",
          "title": "Client mock has required methods"
        },
        {
          "ancestorTitles": ["Discord.js mock"],
          "duration": 1,
          "failureDetails": [],
          "failureMessages": [],
          "fullName": "Discord.js mock SlashCommandBuilder mock exists",
          "invocations": 1,
          "location": null,
          "numPassingAsserts": 1,
          "retryReasons": [],
          "status": "passed",
          "title": "SlashCommandBuilder mock exists"
        }
      ],
      "endTime": 1764679246517,
      "message": "",
      "name": "C:\\Users\\chris\\aszune-ai\\aszune-ai-bot\\__tests__\\__mocks__\\discord.mock.test.js",
      "startTime": 1764679246458,
      "status": "passed",
      "summary": ""
    },
    {
      "assertionResults": [
        {
          "ancestorTitles": ["DatabaseService - Performance", "getPerformanceMetrics"],
          "duration": 134,
          "failureDetails": [],
          "failureMessages": [],
          "fullName": "DatabaseService - Performance getPerformanceMetrics should return empty array when no performance metrics exist",
          "invocations": 1,
          "location": null,
          "numPassingAsserts": 1,
          "retryReasons": [],
          "status": "passed",
          "title": "should return empty array when no performance metrics exist"
        },
        {
          "ancestorTitles": ["DatabaseService - Performance", "getPerformanceMetrics"],
          "duration": 155,
          "failureDetails": [],
          "failureMessages": [],
          "fullName": "DatabaseService - Performance getPerformanceMetrics should return performance metrics correctly",
          "invocations": 1,
          "location": null,
          "numPassingAsserts": 2,
          "retryReasons": [],
          "status": "passed",
          "title": "should return performance metrics correctly"
        },
        {
          "ancestorTitles": ["DatabaseService - Performance", "getPerformanceMetrics"],
          "duration": 141,
          "failureDetails": [],
          "failureMessages": [],
          "fullName": "DatabaseService - Performance getPerformanceMetrics should handle database errors gracefully",
          "invocations": 1,
          "location": null,
          "numPassingAsserts": 1,
          "retryReasons": [],
          "status": "passed",
          "title": "should handle database errors gracefully"
        },
        {
          "ancestorTitles": ["DatabaseService - Performance", "logPerformanceMetric"],
          "duration": 136,
          "failureDetails": [],
          "failureMessages": [],
          "fullName": "DatabaseService - Performance logPerformanceMetric should log performance metrics without throwing",
          "invocations": 1,
          "location": null,
          "numPassingAsserts": 1,
          "retryReasons": [],
          "status": "passed",
          "title": "should log performance metrics without throwing"
        },
        {
          "ancestorTitles": ["DatabaseService - Performance", "logPerformanceMetric"],
          "duration": 141,
          "failureDetails": [],
          "failureMessages": [],
          "fullName": "DatabaseService - Performance logPerformanceMetric should handle database errors gracefully",
          "invocations": 1,
          "location": null,
          "numPassingAsserts": 1,
          "retryReasons": [],
          "status": "passed",
          "title": "should handle database errors gracefully"
        },
        {
          "ancestorTitles": ["DatabaseService - Performance", "logPerformanceMetric"],
          "duration": 137,
          "failureDetails": [],
          "failureMessages": [],
          "fullName": "DatabaseService - Performance logPerformanceMetric should handle null metadata",
          "invocations": 1,
          "location": null,
          "numPassingAsserts": 1,
          "retryReasons": [],
          "status": "passed",
          "title": "should handle null metadata"
        },
        {
          "ancestorTitles": ["DatabaseService - Performance", "logPerformanceMetric"],
          "duration": 137,
          "failureDetails": [],
          "failureMessages": [],
          "fullName": "DatabaseService - Performance logPerformanceMetric should handle empty metadata",
          "invocations": 1,
          "location": null,
          "numPassingAsserts": 1,
          "retryReasons": [],
          "status": "passed",
          "title": "should handle empty metadata"
        }
      ],
      "endTime": 1764679247564,
      "message": "",
      "name": "C:\\Users\\chris\\aszune-ai\\aszune-ai-bot\\__tests__\\unit\\services\\database-performance.test.js",
      "startTime": 1764679246520,
      "status": "passed",
      "summary": ""
    },
    {
      "assertionResults": [
        {
          "ancestorTitles": ["Bot Integration - Features"],
          "duration": 499,
          "failureDetails": [],
          "failureMessages": [],
          "fullName": "Bot Integration - Features adds emoji reactions for keywords",
          "invocations": 1,
          "location": null,
          "numPassingAsserts": 1,
          "retryReasons": [],
          "status": "passed",
          "title": "adds emoji reactions for keywords"
        },
        {
          "ancestorTitles": ["Bot Integration - Features"],
          "duration": 7,
          "failureDetails": [],
          "failureMessages": [],
          "fullName": "Bot Integration - Features adds multiple emoji reactions for multiple keywords",
          "invocations": 1,
          "location": null,
          "numPassingAsserts": 2,
          "retryReasons": [],
          "status": "passed",
          "title": "adds multiple emoji reactions for multiple keywords"
        },
        {
          "ancestorTitles": ["Bot Integration - Features"],
          "duration": 7,
          "failureDetails": [],
          "failureMessages": [],
          "fullName": "Bot Integration - Features rate limits user messages",
          "invocations": 1,
          "location": null,
          "numPassingAsserts": 1,
          "retryReasons": [],
          "status": "passed",
          "title": "rate limits user messages"
        },
        {
          "ancestorTitles": ["Bot Integration - Features"],
          "duration": 7,
          "failureDetails": [],
          "failureMessages": [],
          "fullName": "Bot Integration - Features handles API error when replying",
          "invocations": 1,
          "location": null,
          "numPassingAsserts": 2,
          "retryReasons": [],
          "status": "passed",
          "title": "handles API error when replying"
        },
        {
          "ancestorTitles": ["Bot Integration - Features"],
          "duration": 9,
          "failureDetails": [],
          "failureMessages": [],
          "fullName": "Bot Integration - Features handles API error when summarising",
          "invocations": 1,
          "location": null,
          "numPassingAsserts": 1,
          "retryReasons": [],
          "status": "passed",
          "title": "handles API error when summarising"
        },
        {
          "ancestorTitles": ["Bot Integration - Features"],
          "duration": 7,
          "failureDetails": [],
          "failureMessages": [],
          "fullName": "Bot Integration - Features handles empty message gracefully",
          "invocations": 1,
          "location": null,
          "numPassingAsserts": 1,
          "retryReasons": [],
          "status": "passed",
          "title": "handles empty message gracefully"
        },
        {
          "ancestorTitles": ["Bot Integration - Features"],
          "duration": 8,
          "failureDetails": [],
          "failureMessages": [],
          "fullName": "Bot Integration - Features truncates very long conversation history",
          "invocations": 1,
          "location": null,
          "numPassingAsserts": 1,
          "retryReasons": [],
          "status": "passed",
          "title": "truncates very long conversation history"
        },
        {
          "ancestorTitles": ["Bot Integration - Features"],
          "duration": 7,
          "failureDetails": [],
          "failureMessages": [],
          "fullName": "Bot Integration - Features handles missing environment variables gracefully",
          "invocations": 1,
          "location": null,
          "numPassingAsserts": 1,
          "retryReasons": [],
          "status": "passed",
          "title": "handles missing environment variables gracefully"
        }
      ],
      "endTime": 1764679248188,
      "message": "",
      "name": "C:\\Users\\chris\\aszune-ai\\aszune-ai-bot\\__tests__\\integration\\bot-features.test.js",
      "startTime": 1764679247567,
      "status": "passed",
      "summary": ""
    },
    {
      "assertionResults": [
        {
          "ancestorTitles": ["Command Handling - Advanced"],
          "duration": 1,
          "failureDetails": [],
          "failureMessages": [],
          "fullName": "Command Handling - Advanced !summarise command with text parameter",
          "invocations": 1,
          "location": null,
          "numPassingAsserts": 1,
          "retryReasons": [],
          "status": "passed",
          "title": "!summarise command with text parameter"
        },
        {
          "ancestorTitles": ["Command Handling - Advanced"],
          "duration": 0,
          "failureDetails": [],
          "failureMessages": [],
          "fullName": "Command Handling - Advanced !summerise command with text parameter (alternative spelling)",
          "invocations": 1,
          "location": null,
          "numPassingAsserts": 1,
          "retryReasons": [],
          "status": "passed",
          "title": "!summerise command with text parameter (alternative spelling)"
        },
        {
          "ancestorTitles": ["Command Handling - Advanced"],
          "duration": 0,
          "failureDetails": [],
          "failureMessages": [],
          "fullName": "Command Handling - Advanced handles empty summarise command",
          "invocations": 1,
          "location": null,
          "numPassingAsserts": 1,
          "retryReasons": [],
          "status": "passed",
          "title": "handles empty summarise command"
        },
        {
          "ancestorTitles": ["Command Handling - Advanced"],
          "duration": 0,
          "failureDetails": [],
          "failureMessages": [],
          "fullName": "Command Handling - Advanced handles summarise command with only whitespace",
          "invocations": 1,
          "location": null,
          "numPassingAsserts": 1,
          "retryReasons": [],
          "status": "passed",
          "title": "handles summarise command with only whitespace"
        },
        {
          "ancestorTitles": ["Command Handling - Advanced"],
          "duration": 0,
          "failureDetails": [],
          "failureMessages": [],
          "fullName": "Command Handling - Advanced handles very long text in summarise command",
          "invocations": 1,
          "location": null,
          "numPassingAsserts": 1,
          "retryReasons": [],
          "status": "passed",
          "title": "handles very long text in summarise command"
        },
        {
          "ancestorTitles": ["Command Handling - Advanced"],
          "duration": 0,
          "failureDetails": [],
          "failureMessages": [],
          "fullName": "Command Handling - Advanced handles special characters in summarise command",
          "invocations": 1,
          "location": null,
          "numPassingAsserts": 1,
          "retryReasons": [],
          "status": "passed",
          "title": "handles special characters in summarise command"
        },
        {
          "ancestorTitles": ["Command Handling - Advanced"],
          "duration": 0,
          "failureDetails": [],
          "failureMessages": [],
          "fullName": "Command Handling - Advanced handles multiline text in summarise command",
          "invocations": 1,
          "location": null,
          "numPassingAsserts": 1,
          "retryReasons": [],
          "status": "passed",
          "title": "handles multiline text in summarise command"
        },
        {
          "ancestorTitles": ["Command Handling - Advanced"],
          "duration": 1,
          "failureDetails": [],
          "failureMessages": [],
          "fullName": "Command Handling - Advanced handles command with extra parameters",
          "invocations": 1,
          "location": null,
          "numPassingAsserts": 1,
          "retryReasons": [],
          "status": "passed",
          "title": "handles command with extra parameters"
        },
        {
          "ancestorTitles": ["Command Handling - Advanced"],
          "duration": 0,
          "failureDetails": [],
          "failureMessages": [],
          "fullName": "Command Handling - Advanced handles case insensitive commands",
          "invocations": 1,
          "location": null,
          "numPassingAsserts": 3,
          "retryReasons": [],
          "status": "passed",
          "title": "handles case insensitive commands"
        },
        {
          "ancestorTitles": ["Command Handling - Advanced"],
          "duration": 0,
          "failureDetails": [],
          "failureMessages": [],
          "fullName": "Command Handling - Advanced handles command with markdown formatting",
          "invocations": 1,
          "location": null,
          "numPassingAsserts": 2,
          "retryReasons": [],
          "status": "passed",
          "title": "handles command with markdown formatting"
        },
        {
          "ancestorTitles": ["Command Handling - Advanced"],
          "duration": 1,
          "failureDetails": [],
          "failureMessages": [],
          "fullName": "Command Handling - Advanced handles command with URLs",
          "invocations": 1,
          "location": null,
          "numPassingAsserts": 1,
          "retryReasons": [],
          "status": "passed",
          "title": "handles command with URLs"
        },
        {
          "ancestorTitles": ["Command Handling - Advanced"],
          "duration": 0,
          "failureDetails": [],
          "failureMessages": [],
          "fullName": "Command Handling - Advanced handles command with emojis",
          "invocations": 1,
          "location": null,
          "numPassingAsserts": 2,
          "retryReasons": [],
          "status": "passed",
          "title": "handles command with emojis"
        }
      ],
      "endTime": 1764679248284,
      "message": "",
      "name": "C:\\Users\\chris\\aszune-ai\\aszune-ai-bot\\__tests__\\integration\\command-advanced.test.js",
      "startTime": 1764679248211,
      "status": "passed",
      "summary": ""
    },
    {
      "assertionResults": [
        {
          "ancestorTitles": ["Text Commands Removal", "Migration to Slash Commands Only"],
          "duration": 900,
          "failureDetails": [],
          "failureMessages": [],
          "fullName": "Text Commands Removal Migration to Slash Commands Only should verify that both handleTextCommand and handleSlashCommand exist",
          "invocations": 1,
          "location": null,
          "numPassingAsserts": 3,
          "retryReasons": [],
          "status": "passed",
          "title": "should verify that both handleTextCommand and handleSlashCommand exist"
        },
        {
          "ancestorTitles": ["Text Commands Removal", "Migration to Slash Commands Only"],
          "duration": 281,
          "failureDetails": [],
          "failureMessages": [],
          "fullName": "Text Commands Removal Migration to Slash Commands Only should confirm all text commands have been migrated to slash commands",
          "invocations": 1,
          "location": null,
          "numPassingAsserts": 4,
          "retryReasons": [],
          "status": "passed",
          "title": "should confirm all text commands have been migrated to slash commands"
        },
        {
          "ancestorTitles": ["Text Commands Removal", "Migration to Slash Commands Only"],
          "duration": 280,
          "failureDetails": [],
          "failureMessages": [],
          "fullName": "Text Commands Removal Migration to Slash Commands Only should confirm reminder functionality exists as separate slash commands",
          "invocations": 1,
          "location": null,
          "numPassingAsserts": 6,
          "retryReasons": [],
          "status": "passed",
          "title": "should confirm reminder functionality exists as separate slash commands"
        },
        {
          "ancestorTitles": ["Text Commands Removal", "Migration to Slash Commands Only"],
          "duration": 282,
          "failureDetails": [],
          "failureMessages": [],
          "fullName": "Text Commands Removal Migration to Slash Commands Only should verify help command shows updated syntax without text commands",
          "invocations": 1,
          "location": null,
          "numPassingAsserts": 3,
          "retryReasons": [],
          "status": "passed",
          "title": "should verify help command shows updated syntax without text commands"
        }
      ],
      "endTime": 1764679250086,
      "message": "",
      "name": "C:\\Users\\chris\\aszune-ai\\aszune-ai-bot\\__tests__\\unit\\text-commands-removal.test.js",
      "startTime": 1764679248286,
      "status": "passed",
      "summary": ""
    },
    {
      "assertionResults": [
        {
          "ancestorTitles": ["DatabaseService - Uptime", "logBotEvent"],
          "duration": 138,
          "failureDetails": [],
          "failureMessages": [],
          "fullName": "DatabaseService - Uptime logBotEvent should record uptime without throwing",
          "invocations": 1,
          "location": null,
          "numPassingAsserts": 1,
          "retryReasons": [],
          "status": "passed",
          "title": "should record uptime without throwing"
        },
        {
          "ancestorTitles": ["DatabaseService - Uptime", "logBotEvent"],
          "duration": 132,
          "failureDetails": [],
          "failureMessages": [],
          "fullName": "DatabaseService - Uptime logBotEvent should handle database errors gracefully",
          "invocations": 1,
          "location": null,
          "numPassingAsserts": 1,
          "retryReasons": [],
          "status": "passed",
          "title": "should handle database errors gracefully"
        },
        {
          "ancestorTitles": ["DatabaseService - Uptime", "logBotEvent"],
          "duration": 133,
          "failureDetails": [],
          "failureMessages": [],
          "fullName": "DatabaseService - Uptime logBotEvent should handle zero uptime",
          "invocations": 1,
          "location": null,
          "numPassingAsserts": 1,
          "retryReasons": [],
          "status": "passed",
          "title": "should handle zero uptime"
        },
        {
          "ancestorTitles": ["DatabaseService - Uptime", "logBotEvent"],
          "duration": 149,
          "failureDetails": [],
          "failureMessages": [],
          "fullName": "DatabaseService - Uptime logBotEvent should handle negative uptime",
          "invocations": 1,
          "location": null,
          "numPassingAsserts": 1,
          "retryReasons": [],
          "status": "passed",
          "title": "should handle negative uptime"
        },
        {
          "ancestorTitles": ["DatabaseService - Uptime", "getUptimeStats"],
          "duration": 141,
          "failureDetails": [],
          "failureMessages": [],
          "fullName": "DatabaseService - Uptime getUptimeStats should return default uptime stats when no data exists",
          "invocations": 1,
          "location": null,
          "numPassingAsserts": 1,
          "retryReasons": [],
          "status": "passed",
          "title": "should return default uptime stats when no data exists"
        },
        {
          "ancestorTitles": ["DatabaseService - Uptime", "getUptimeStats"],
          "duration": 222,
          "failureDetails": [],
          "failureMessages": [],
          "fullName": "DatabaseService - Uptime getUptimeStats should calculate uptime statistics correctly",
          "invocations": 1,
          "location": null,
          "numPassingAsserts": 2,
          "retryReasons": [],
          "status": "passed",
          "title": "should calculate uptime statistics correctly"
        },
        {
          "ancestorTitles": ["DatabaseService - Uptime", "getUptimeStats"],
          "duration": 135,
          "failureDetails": [],
          "failureMessages": [],
          "fullName": "DatabaseService - Uptime getUptimeStats should handle database errors gracefully",
          "invocations": 1,
          "location": null,
          "numPassingAsserts": 1,
          "retryReasons": [],
          "status": "passed",
          "title": "should handle database errors gracefully"
        }
      ],
      "endTime": 1764679251203,
      "message": "",
      "name": "C:\\Users\\chris\\aszune-ai\\aszune-ai-bot\\__tests__\\unit\\services\\database-uptime.test.js",
      "startTime": 1764679250090,
      "status": "passed",
      "summary": ""
    },
    {
      "assertionResults": [
        {
          "ancestorTitles": ["DatabaseService - User Stats", "getUserStats"],
          "duration": 130,
          "failureDetails": [],
          "failureMessages": [],
          "fullName": "DatabaseService - User Stats getUserStats should return default stats for non-existing user",
          "invocations": 1,
          "location": null,
          "numPassingAsserts": 1,
          "retryReasons": [],
          "status": "passed",
          "title": "should return default stats for non-existing user"
        },
        {
          "ancestorTitles": ["DatabaseService - User Stats", "getUserStats"],
          "duration": 142,
          "failureDetails": [],
          "failureMessages": [],
          "fullName": "DatabaseService - User Stats getUserStats should return actual stats after user activity",
          "invocations": 1,
          "location": null,
          "numPassingAsserts": 3,
          "retryReasons": [],
          "status": "passed",
          "title": "should return actual stats after user activity"
        },
        {
          "ancestorTitles": ["DatabaseService - User Stats", "updateUserStats"],
          "duration": 136,
          "failureDetails": [],
          "failureMessages": [],
          "fullName": "DatabaseService - User Stats updateUserStats should update user stats correctly",
          "invocations": 1,
          "location": null,
          "numPassingAsserts": 3,
          "retryReasons": [],
          "status": "passed",
          "title": "should update user stats correctly"
        },
        {
          "ancestorTitles": ["DatabaseService - User Stats", "updateUserStats"],
          "duration": 144,
          "failureDetails": [],
          "failureMessages": [],
          "fullName": "DatabaseService - User Stats updateUserStats should handle empty updates gracefully",
          "invocations": 1,
          "location": null,
          "numPassingAsserts": 1,
          "retryReasons": [],
          "status": "passed",
          "title": "should handle empty updates gracefully"
        },
        {
          "ancestorTitles": ["DatabaseService - User Stats", "ensureUserExists"],
          "duration": 146,
          "failureDetails": [],
          "failureMessages": [],
          "fullName": "DatabaseService - User Stats ensureUserExists should create user if they do not exist",
          "invocations": 1,
          "location": null,
          "numPassingAsserts": 8,
          "retryReasons": [],
          "status": "passed",
          "title": "should create user if they do not exist"
        },
        {
          "ancestorTitles": ["DatabaseService - User Stats", "ensureUserExists"],
          "duration": 136,
          "failureDetails": [],
          "failureMessages": [],
          "fullName": "DatabaseService - User Stats ensureUserExists should not modify existing user",
          "invocations": 1,
          "location": null,
          "numPassingAsserts": 3,
          "retryReasons": [],
          "status": "passed",
          "title": "should not modify existing user"
        },
        {
          "ancestorTitles": ["DatabaseService - User Stats", "ensureUserExists"],
          "duration": 1,
          "failureDetails": [],
          "failureMessages": [],
          "fullName": "DatabaseService - User Stats ensureUserExists should handle database errors gracefully",
          "invocations": 1,
          "location": null,
          "numPassingAsserts": 1,
          "retryReasons": [],
          "status": "passed",
          "title": "should handle database errors gracefully"
        },
        {
          "ancestorTitles": ["DatabaseService - User Stats", "clearUserData"],
          "duration": 168,
          "failureDetails": [],
          "failureMessages": [],
          "fullName": "DatabaseService - User Stats clearUserData should delete all user data",
          "invocations": 1,
          "location": null,
          "numPassingAsserts": 2,
          "retryReasons": [],
          "status": "passed",
          "title": "should delete all user data"
        },
        {
          "ancestorTitles": ["DatabaseService - User Stats", "clearUserConversationData"],
          "duration": 199,
          "failureDetails": [],
          "failureMessages": [],
          "fullName": "DatabaseService - User Stats clearUserConversationData should clear conversation data but preserve user stats",
          "invocations": 1,
          "location": null,
          "numPassingAsserts": 11,
          "retryReasons": [],
          "status": "passed",
          "title": "should clear conversation data but preserve user stats"
        },
        {
          "ancestorTitles": ["DatabaseService - User Stats", "exportUserData"],
          "duration": 174,
          "failureDetails": [],
          "failureMessages": [],
          "fullName": "DatabaseService - User Stats exportUserData should export user data successfully",
          "invocations": 1,
          "location": null,
          "numPassingAsserts": 6,
          "retryReasons": [],
          "status": "passed",
          "title": "should export user data successfully"
        },
        {
          "ancestorTitles": ["DatabaseService - User Stats", "exportUserData"],
          "duration": 1,
          "failureDetails": [],
          "failureMessages": [],
          "fullName": "DatabaseService - User Stats exportUserData should return null for database errors",
          "invocations": 1,
          "location": null,
          "numPassingAsserts": 1,
          "retryReasons": [],
          "status": "passed",
          "title": "should return null for database errors"
        }
      ],
      "endTime": 1764679252652,
      "message": "",
      "name": "C:\\Users\\chris\\aszune-ai\\aszune-ai-bot\\__tests__\\unit\\services\\database-user-stats.test.js",
      "startTime": 1764679251207,
      "status": "passed",
      "summary": ""
    },
    {
      "assertionResults": [
        {
          "ancestorTitles": ["Error handling"],
          "duration": 16,
          "failureDetails": [],
          "failureMessages": [],
          "fullName": "Error handling handles failed Perplexity API response during chat",
          "invocations": 1,
          "location": null,
          "numPassingAsserts": 2,
          "retryReasons": [],
          "status": "passed",
          "title": "handles failed Perplexity API response during chat"
        },
        {
          "ancestorTitles": ["Error handling"],
          "duration": 1,
          "failureDetails": [],
          "failureMessages": [],
          "fullName": "Error handling handles failed summary API response",
          "invocations": 1,
          "location": null,
          "numPassingAsserts": 2,
          "retryReasons": [],
          "status": "passed",
          "title": "handles failed summary API response"
        }
      ],
      "endTime": 1764679252971,
      "message": "",
      "name": "C:\\Users\\chris\\aszune-ai\\aszune-ai-bot\\__tests__\\integration\\error.test.js",
      "startTime": 1764679252655,
      "status": "passed",
      "summary": ""
    },
    {
      "assertionResults": [
        {
          "ancestorTitles": ["DatabaseService - User Management", "getUserStats"],
          "duration": 132,
          "failureDetails": [],
          "failureMessages": [],
          "fullName": "DatabaseService - User Management getUserStats should return default stats for non-existent user",
          "invocations": 1,
          "location": null,
          "numPassingAsserts": 1,
          "retryReasons": [],
          "status": "passed",
          "title": "should return default stats for non-existent user"
        },
        {
          "ancestorTitles": ["DatabaseService - User Management", "getUserStats"],
          "duration": 137,
          "failureDetails": [],
          "failureMessages": [],
          "fullName": "DatabaseService - User Management getUserStats should return user stats when user exists",
          "invocations": 1,
          "location": null,
          "numPassingAsserts": 2,
          "retryReasons": [],
          "status": "passed",
          "title": "should return user stats when user exists"
        },
        {
          "ancestorTitles": ["DatabaseService - User Management", "getUserStats"],
          "duration": 1,
          "failureDetails": [],
          "failureMessages": [],
          "fullName": "DatabaseService - User Management getUserStats should handle database errors gracefully",
          "invocations": 1,
          "location": null,
          "numPassingAsserts": 1,
          "retryReasons": [],
          "status": "passed",
          "title": "should handle database errors gracefully"
        },
        {
          "ancestorTitles": ["DatabaseService - User Management", "updateUserStats"],
          "duration": 139,
          "failureDetails": [],
          "failureMessages": [],
          "fullName": "DatabaseService - User Management updateUserStats should create user and update stats",
          "invocations": 1,
          "location": null,
          "numPassingAsserts": 2,
          "retryReasons": [],
          "status": "passed",
          "title": "should create user and update stats"
        },
        {
          "ancestorTitles": ["DatabaseService - User Management", "updateUserStats"],
          "duration": 148,
          "failureDetails": [],
          "failureMessages": [],
          "fullName": "DatabaseService - User Management updateUserStats should update existing user stats",
          "invocations": 1,
          "location": null,
          "numPassingAsserts": 2,
          "retryReasons": [],
          "status": "passed",
          "title": "should update existing user stats"
        },
        {
          "ancestorTitles": ["DatabaseService - User Management", "updateUserStats"],
          "duration": 1,
          "failureDetails": [],
          "failureMessages": [],
          "fullName": "DatabaseService - User Management updateUserStats should handle database errors gracefully",
          "invocations": 1,
          "location": null,
          "numPassingAsserts": 1,
          "retryReasons": [],
          "status": "passed",
          "title": "should handle database errors gracefully"
        },
        {
          "ancestorTitles": ["DatabaseService - User Management", "getUserMessages"],
          "duration": 137,
          "failureDetails": [],
          "failureMessages": [],
          "fullName": "DatabaseService - User Management getUserMessages should return empty array for non-existent user",
          "invocations": 1,
          "location": null,
          "numPassingAsserts": 1,
          "retryReasons": [],
          "status": "passed",
          "title": "should return empty array for non-existent user"
        },
        {
          "ancestorTitles": ["DatabaseService - User Management", "getUserMessages"],
          "duration": 205,
          "failureDetails": [],
          "failureMessages": [],
          "fullName": "DatabaseService - User Management getUserMessages should return user messages in chronological order",
          "invocations": 1,
          "location": null,
          "numPassingAsserts": 7,
          "retryReasons": [],
          "status": "passed",
          "title": "should return user messages in chronological order"
        },
        {
          "ancestorTitles": ["DatabaseService - User Management", "getUserMessages"],
          "duration": 258,
          "failureDetails": [],
          "failureMessages": [],
          "fullName": "DatabaseService - User Management getUserMessages should limit results when limit is specified",
          "invocations": 1,
          "location": null,
          "numPassingAsserts": 1,
          "retryReasons": [],
          "status": "passed",
[...]
        },
        {
          "ancestorTitles": ["database schema helper", "runMigrations"],
          "duration": 0,
          "failureDetails": [],
          "failureMessages": [],
          "fullName": "database schema helper runMigrations is no-op when username already exists",
          "invocations": 1,
          "location": null,
          "numPassingAsserts": 1,
          "retryReasons": [],
          "status": "passed",
          "title": "is no-op when username already exists"
        }
      ],
      "endTime": 1764679286445,
      "message": "",
      "name": "C:\\Users\\chris\\aszune-ai\\aszune-ai-bot\\__tests__\\unit\\services\\database-schema.test.js",
      "startTime": 1764679286386,
      "status": "passed",
      "summary": ""
    },
    {
      "assertionResults": [
        {
          "ancestorTitles": [
            "MessageFormatter - Compact mode disabled",
            "formatResponse without compact mode"
          ],
          "duration": 0,
          "failureDetails": [],
          "failureMessages": [],
          "fullName": "MessageFormatter - Compact mode disabled formatResponse without compact mode should return content unchanged when compact is disabled",
          "invocations": 1,
          "location": null,
          "numPassingAsserts": 1,
          "retryReasons": [],
          "status": "passed",
          "title": "should return content unchanged when compact is disabled"
        },
        {
          "ancestorTitles": [
            "MessageFormatter - Compact mode disabled",
            "formatResponse without compact mode"
          ],
          "duration": 0,
          "failureDetails": [],
          "failureMessages": [],
          "fullName": "MessageFormatter - Compact mode disabled formatResponse without compact mode should not process URLs when compact is disabled",
          "invocations": 1,
          "location": null,
          "numPassingAsserts": 1,
          "retryReasons": [],
          "status": "passed",
          "title": "should not process URLs when compact is disabled"
        },
        {
          "ancestorTitles": [
            "MessageFormatter - Compact mode disabled",
            "formatResponse without compact mode"
          ],
          "duration": 0,
          "failureDetails": [],
          "failureMessages": [],
          "fullName": "MessageFormatter - Compact mode disabled formatResponse without compact mode should not break paragraphs when compact is disabled",
          "invocations": 1,
          "location": null,
          "numPassingAsserts": 1,
          "retryReasons": [],
          "status": "passed",
          "title": "should not break paragraphs when compact is disabled"
        },
        {
          "ancestorTitles": [
            "MessageFormatter - Compact mode disabled",
            "createCompactEmbed without compact mode"
          ],
          "duration": 0,
          "failureDetails": [],
          "failureMessages": [],
          "fullName": "MessageFormatter - Compact mode disabled createCompactEmbed without compact mode should return embed unchanged when compact is disabled",
          "invocations": 1,
          "location": null,
          "numPassingAsserts": 2,
          "retryReasons": [],
          "status": "passed",
          "title": "should return embed unchanged when compact is disabled"
        },
        {
          "ancestorTitles": [
            "MessageFormatter - Compact mode disabled",
            "createCompactEmbed without compact mode"
          ],
          "duration": 1,
          "failureDetails": [],
          "failureMessages": [],
          "fullName": "MessageFormatter - Compact mode disabled createCompactEmbed without compact mode should preserve long descriptions when compact is disabled",
          "invocations": 1,
          "location": null,
          "numPassingAsserts": 1,
          "retryReasons": [],
          "status": "passed",
          "title": "should preserve long descriptions when compact is disabled"
        }
      ],
      "endTime": 1764679286506,
      "message": "",
      "name": "C:\\Users\\chris\\aszune-ai\\aszune-ai-bot\\__tests__\\unit\\message-formatter-no-compact.test.js",
      "startTime": 1764679286447,
      "status": "passed",
      "summary": ""
    },
    {
      "assertionResults": [
        {
          "ancestorTitles": [
            "MessageFormatter - LOW_CPU_MODE enabled",
            "createCompactEmbed with LOW_CPU_MODE"
          ],
          "duration": 0,
          "failureDetails": [],
          "failureMessages": [],
          "fullName": "MessageFormatter - LOW_CPU_MODE enabled createCompactEmbed with LOW_CPU_MODE should remove footer when LOW_CPU_MODE is enabled",
          "invocations": 1,
          "location": null,
          "numPassingAsserts": 1,
          "retryReasons": [],
          "status": "passed",
          "title": "should remove footer when LOW_CPU_MODE is enabled"
        },
        {
          "ancestorTitles": [
            "MessageFormatter - LOW_CPU_MODE enabled",
            "createCompactEmbed with LOW_CPU_MODE"
          ],
          "duration": 0,
          "failureDetails": [],
          "failureMessages": [],
          "fullName": "MessageFormatter - LOW_CPU_MODE enabled createCompactEmbed with LOW_CPU_MODE should handle embed without footer in LOW_CPU_MODE",
          "invocations": 1,
          "location": null,
          "numPassingAsserts": 2,
          "retryReasons": [],
          "status": "passed",
          "title": "should handle embed without footer in LOW_CPU_MODE"
        },
        {
          "ancestorTitles": [
            "MessageFormatter - LOW_CPU_MODE enabled",
            "createCompactEmbed with LOW_CPU_MODE"
          ],
          "duration": 0,
          "failureDetails": [],
          "failureMessages": [],
          "fullName": "MessageFormatter - LOW_CPU_MODE enabled createCompactEmbed with LOW_CPU_MODE should still limit fields in LOW_CPU_MODE",
          "invocations": 1,
          "location": null,
          "numPassingAsserts": 2,
          "retryReasons": [],
          "status": "passed",
          "title": "should still limit fields in LOW_CPU_MODE"
        }
      ],
      "endTime": 1764679286571,
      "message": "",
      "name": "C:\\Users\\chris\\aszune-ai\\aszune-ai-bot\\__tests__\\unit\\message-formatter-low-cpu.test.js",
      "startTime": 1764679286508,
      "status": "passed",
      "summary": ""
    },
    {
      "assertionResults": [
        {
          "ancestorTitles": ["Message Chunker - Basic"],
          "duration": 1,
          "failureDetails": [],
          "failureMessages": [],
          "fullName": "Message Chunker - Basic should not chunk message that fits within max length",
          "invocations": 1,
          "location": null,
          "numPassingAsserts": 2,
          "retryReasons": [],
          "status": "passed",
          "title": "should not chunk message that fits within max length"
        },
        {
          "ancestorTitles": ["Message Chunker - Basic"],
          "duration": 0,
          "failureDetails": [],
          "failureMessages": [],
          "fullName": "Message Chunker - Basic should chunk a message that exceeds max length",
          "invocations": 1,
          "location": null,
          "numPassingAsserts": 2,
          "retryReasons": [],
          "status": "passed",
          "title": "should chunk a message that exceeds max length"
        },
        {
          "ancestorTitles": ["Message Chunker - Basic"],
          "duration": 1,
          "failureDetails": [],
          "failureMessages": [],
          "fullName": "Message Chunker - Basic should preserve paragraph breaks when possible",
          "invocations": 1,
          "location": null,
          "numPassingAsserts": 4,
          "retryReasons": [],
          "status": "passed",
          "title": "should preserve paragraph breaks when possible"
        },
        {
          "ancestorTitles": ["Message Chunker - Basic"],
          "duration": 1,
          "failureDetails": [],
          "failureMessages": [],
          "fullName": "Message Chunker - Basic should add correct chunk numbering",
          "invocations": 1,
          "location": null,
          "numPassingAsserts": 10,
          "retryReasons": [],
          "status": "passed",
          "title": "should add correct chunk numbering"
        },
        {
          "ancestorTitles": ["Message Chunker - Basic"],
          "duration": 1,
          "failureDetails": [],
          "failureMessages": [],
          "fullName": "Message Chunker - Basic should handle empty message",
          "invocations": 1,
          "location": null,
          "numPassingAsserts": 2,
          "retryReasons": [],
          "status": "passed",
          "title": "should handle empty message"
        },
        {
          "ancestorTitles": ["Message Chunker - Basic"],
          "duration": 0,
          "failureDetails": [],
          "failureMessages": [],
          "fullName": "Message Chunker - Basic should handle null or undefined input",
          "invocations": 1,
          "location": null,
          "numPassingAsserts": 2,
          "retryReasons": [],
          "status": "passed",
          "title": "should handle null or undefined input"
        },
        {
          "ancestorTitles": ["Message Chunker - Basic"],
          "duration": 1,
          "failureDetails": [],
          "failureMessages": [],
          "fullName": "Message Chunker - Basic should handle very small chunk size",
          "invocations": 1,
          "location": null,
          "numPassingAsserts": 19,
          "retryReasons": [],
          "status": "passed",
          "title": "should handle very small chunk size"
        }
      ],
      "endTime": 1764679286661,
      "message": "",
      "name": "C:\\Users\\chris\\aszune-ai\\aszune-ai-bot\\__tests__\\unit\\message-chunker-basic.test.js",
      "startTime": 1764679286576,
      "status": "passed",
      "summary": ""
    },
    {
      "assertionResults": [
        {
          "ancestorTitles": ["Logger critical coverage setup"],
          "duration": 0,
          "failureDetails": [],
          "failureMessages": [],
          "fullName": "Logger critical coverage setup exports the logger preparation helper",
          "invocations": 1,
          "location": null,
          "numPassingAsserts": 1,
          "retryReasons": [],
          "status": "passed",
          "title": "exports the logger preparation helper"
        },
        {
          "ancestorTitles": ["File Write Error Handling"],
          "duration": 2,
          "failureDetails": [],
          "failureMessages": [],
          "fullName": "File Write Error Handling should handle file write errors gracefully",
          "invocations": 1,
          "location": null,
          "numPassingAsserts": 1,
          "retryReasons": [],
          "status": "passed",
          "title": "should handle file write errors gracefully"
        },
        {
          "ancestorTitles": ["File Write Error Handling"],
          "duration": 1,
          "failureDetails": [],
          "failureMessages": [],
          "fullName": "File Write Error Handling should continue logging to console when file write fails",
          "invocations": 1,
          "location": null,
          "numPassingAsserts": 1,
          "retryReasons": [],
          "status": "passed",
          "title": "should continue logging to console when file write fails"
        },
        {
          "ancestorTitles": ["File Write Error Handling"],
          "duration": 1,
          "failureDetails": [],
          "failureMessages": [],
          "fullName": "File Write Error Handling should handle directory creation failure",
          "invocations": 1,
          "location": null,
          "numPassingAsserts": 1,
          "retryReasons": [],
          "status": "passed",
          "title": "should handle directory creation failure"
        }
      ],
      "endTime": 1764679286727,
      "message": "",
      "name": "C:\\Users\\chris\\aszune-ai\\aszune-ai-bot\\__tests__\\unit\\logger-critical-coverage.file-handling.test.js",
      "startTime": 1764679286664,
      "status": "passed",
      "summary": ""
    },
    {
      "assertionResults": [
        {
          "ancestorTitles": ["Reminder Command - ID Display Fix"],
          "duration": 2,
          "failureDetails": [],
          "failureMessages": [],
          "fullName": "Reminder Command - ID Display Fix should display numeric reminder ID instead of [object Object]",
          "invocations": 1,
          "location": null,
          "numPassingAsserts": 10,
          "retryReasons": [],
          "status": "passed",
          "title": "should display numeric reminder ID instead of [object Object]"
        },
        {
          "ancestorTitles": ["Reminder Command - ID Display Fix"],
          "duration": 0,
          "failureDetails": [],
          "failureMessages": [],
          "fullName": "Reminder Command - ID Display Fix should handle reminder creation with correct ID extraction",
          "invocations": 1,
          "location": null,
          "numPassingAsserts": 2,
          "retryReasons": [],
          "status": "passed",
          "title": "should handle reminder creation with correct ID extraction"
        },
        {
          "ancestorTitles": ["Reminder Command - ID Display Fix"],
          "duration": 0,
          "failureDetails": [],
          "failureMessages": [],
          "fullName": "Reminder Command - ID Display Fix should include all reminder details in success message",
          "invocations": 1,
          "location": null,
          "numPassingAsserts": 6,
          "retryReasons": [],
          "status": "passed",
          "title": "should include all reminder details in success message"
        }
      ],
      "endTime": 1764679286802,
      "message": "",
      "name": "C:\\Users\\chris\\aszune-ai\\aszune-ai-bot\\__tests__\\unit\\commands\\reminder-id-fix.test.js",
      "startTime": 1764679286732,
      "status": "passed",
      "summary": ""
    },
    {
      "assertionResults": [
        {
          "ancestorTitles": ["InputValidator - User ID", "validateUserId"],
          "duration": 1,
          "failureDetails": [],
          "failureMessages": [],
          "fullName": "InputValidator - User ID validateUserId should validate correct Discord user IDs",
          "invocations": 1,
          "location": null,
          "numPassingAsserts": 6,
          "retryReasons": [],
          "status": "passed",
          "title": "should validate correct Discord user IDs"
        },
        {
          "ancestorTitles": ["InputValidator - User ID", "validateUserId"],
          "duration": 1,
          "failureDetails": [],
          "failureMessages": [],
          "fullName": "InputValidator - User ID validateUserId should reject invalid user IDs",
          "invocations": 1,
          "location": null,
          "numPassingAsserts": 14,
          "retryReasons": [],
          "status": "passed",
          "title": "should reject invalid user IDs"
        },
        {
          "ancestorTitles": ["InputValidator - User ID", "validateUserId"],
          "duration": 0,
          "failureDetails": [],
          "failureMessages": [],
          "fullName": "InputValidator - User ID validateUserId should accept valid user IDs",
          "invocations": 1,
          "location": null,
          "numPassingAsserts": 6,
          "retryReasons": [],
          "status": "passed",
          "title": "should accept valid user IDs"
        },
        {
          "ancestorTitles": ["InputValidator - User ID", "validateUserId"],
          "duration": 1,
          "failureDetails": [],
          "failureMessages": [],
          "fullName": "InputValidator - User ID validateUserId should handle edge cases",
          "invocations": 1,
          "location": null,
          "numPassingAsserts": 7,
          "retryReasons": [],
          "status": "passed",
          "title": "should handle edge cases"
        }
      ],
      "endTime": 1764679286866,
      "message": "",
      "name": "C:\\Users\\chris\\aszune-ai\\aszune-ai-bot\\__tests__\\unit\\input-validator-userid.test.js",
      "startTime": 1764679286805,
      "status": "passed",
      "summary": ""
    },
    {
      "assertionResults": [
        {
          "ancestorTitles": ["Logger critical coverage setup"],
          "duration": 1,
          "failureDetails": [],
          "failureMessages": [],
          "fullName": "Logger critical coverage setup exports the logger preparation helper",
          "invocations": 1,
          "location": null,
          "numPassingAsserts": 1,
          "retryReasons": [],
          "status": "passed",
          "title": "exports the logger preparation helper"
        },
        {
          "ancestorTitles": ["Test Environment Handling"],
          "duration": 1,
          "failureDetails": [],
          "failureMessages": [],
          "fullName": "Test Environment Handling should not write to file in test environment",
          "invocations": 1,
          "location": null,
          "numPassingAsserts": 1,
          "retryReasons": [],
          "status": "passed",
          "title": "should not write to file in test environment"
        },
        {
          "ancestorTitles": ["Test Environment Handling"],
          "duration": 1,
          "failureDetails": [],
          "failureMessages": [],
          "fullName": "Test Environment Handling should not create directory in test environment",
          "invocations": 1,
          "location": null,
          "numPassingAsserts": 1,
          "retryReasons": [],
          "status": "passed",
          "title": "should not create directory in test environment"
        }
      ],
      "endTime": 1764679286925,
      "message": "",
      "name": "C:\\Users\\chris\\aszune-ai\\aszune-ai-bot\\__tests__\\unit\\logger-critical-coverage.test-environment.test.js",
      "startTime": 1764679286869,
      "status": "passed",
      "summary": ""
    },
    {
      "assertionResults": [
        {
          "ancestorTitles": ["index.js - Event Handler Branch Coverage (Archived)"],
          "duration": null,
          "failureDetails": [],
          "failureMessages": [],
          "fullName": "index.js - Event Handler Branch Coverage (Archived) placeholder test - see index-critical-coverage.test.js for coverage",
          "invocations": 1,
          "location": null,
          "numPassingAsserts": 0,
          "retryReasons": [],
          "status": "pending",
          "title": "placeholder test - see index-critical-coverage.test.js for coverage"
        }
      ],
      "coverage": {},
      "endTime": 1764679287073,
      "message": "",
      "name": "C:\\Users\\chris\\aszune-ai\\aszune-ai-bot\\__tests__\\unit\\index-branch-coverage-events.test.js",
      "startTime": 1764679287073,
      "status": "skipped",
      "summary": ""
    },
    {
      "assertionResults": [
        {
          "ancestorTitles": ["index.js - Function Branch Coverage (Archived)"],
          "duration": null,
          "failureDetails": [],
          "failureMessages": [],
          "fullName": "index.js - Function Branch Coverage (Archived) placeholder test - see index-critical-coverage.test.js for coverage",
          "invocations": 1,
          "location": null,
          "numPassingAsserts": 0,
          "retryReasons": [],
          "status": "pending",
          "title": "placeholder test - see index-critical-coverage.test.js for coverage"
        }
      ],
      "coverage": {},
      "endTime": 1764679287073,
      "message": "",
      "name": "C:\\Users\\chris\\aszune-ai\\aszune-ai-bot\\__tests__\\unit\\index-branch-coverage-functions.test.js",
      "startTime": 1764679287073,
      "status": "skipped",
      "summary": ""
    }
  ],
  "wasInterrupted": false
}
