{"/root/discord-bot/aszuneai/utils.js": {"path":"/root/discord-bot/aszuneai/utils.js","statementMap":{"0":{"start":{"line":5,"column":2},"end":{"line":5,"column":42}},"1":{"start":{"line":10,"column":2},"end":{"line":10,"column":21}},"2":{"start":{"line":13,"column":0},"end":{"line":16,"column":2}}},"fnMap":{"0":{"name":"cleanText","decl":{"start":{"line":4,"column":9},"end":{"line":4,"column":18}},"loc":{"start":{"line":4,"column":25},"end":{"line":6,"column":1}},"line":4},"1":{"name":"formatReply","decl":{"start":{"line":9,"column":9},"end":{"line":9,"column":20}},"loc":{"start":{"line":9,"column":27},"end":{"line":11,"column":1}},"line":9}},"branchMap":{},"s":{"0":2,"1":2,"2":1},"f":{"0":2,"1":2},"b":{},"_coverageSchema":"1a1c01bbd47fc00a2c39e90264f33305004495a9","hash":"ffc5573e7021d4a3d91f26dfa844ade4a1ff0021"}
,"/root/discord-bot/aszuneai/utils/emoji.js": {"path":"/root/discord-bot/aszuneai/utils/emoji.js","statementMap":{"0":{"start":{"line":2,"column":17},"end":{"line":11,"column":1}},"1":{"start":{"line":14,"column":15},"end":{"line":14,"column":19}},"2":{"start":{"line":15,"column":2},"end":{"line":19,"column":3}},"3":{"start":{"line":16,"column":4},"end":{"line":18,"column":5}},"4":{"start":{"line":17,"column":6},"end":{"line":17,"column":28}},"5":{"start":{"line":20,"column":2},"end":{"line":20,"column":16}},"6":{"start":{"line":23,"column":0},"end":{"line":23,"column":29}}},"fnMap":{"0":{"name":"appendEmoji","decl":{"start":{"line":13,"column":9},"end":{"line":13,"column":20}},"loc":{"start":{"line":13,"column":27},"end":{"line":21,"column":1}},"line":13}},"branchMap":{"0":{"loc":{"start":{"line":16,"column":4},"end":{"line":18,"column":5}},"type":"if","locations":[{"start":{"line":16,"column":4},"end":{"line":18,"column":5}},{"start":{},"end":{}}],"line":16}},"s":{"0":1,"1":6,"2":6,"3":48,"4":6,"5":6,"6":1},"f":{"0":6},"b":{"0":[6,42]},"_coverageSchema":"1a1c01bbd47fc00a2c39e90264f33305004495a9","hash":"c66545346b103e06785367c648fe83a6cb2fece2"}
}
